
  EPA STORM WATER MANAGEMENT MODEL - VERSION 5.2 (Build 5.2.4)
  PYSWMM TOOLKIT API - VERSION v1.0 (2023-11-27)
  ------------------------------------------------------------

  Gievenbeck_e2_T3D90 
  
  ****************
  Analysis Options
  ****************
  Flow Units ............... CMS
  Process Models:
    Rainfall/Runoff ........ YES
    RDII ................... NO
    Snowmelt ............... NO
    Groundwater ............ NO
    Flow Routing ........... YES
    Ponding Allowed ........ NO
    Water Quality .......... NO
  Infiltration Method ...... HORTON
  Flow Routing Method ...... DYNWAVE
  Surcharge Method ......... SLOT
  Starting Date ............ 01/01/2024 00:00:00
  Ending Date .............. 01/04/2024 04:00:00
  Antecedent Dry Days ...... 14.0
  Report Time Step ......... 00:01:00
  Wet Time Step ............ 00:01:00
  Dry Time Step ............ 00:01:00
  Routing Time Step ........ 1.00 sec
  Variable Time Step ....... YES
  Maximum Trials ........... 8
  Number of Threads ........ 1
  Head Tolerance ........... 0.001500 m
  
  
  **************************        Volume         Depth
  Runoff Quantity Continuity     hectare-m            mm
  **************************     ---------       -------
  Total Precipitation ......         0.234        23.080
  Evaporation Loss .........         0.010         0.954
  Infiltration Loss ........         0.128        12.687
  Surface Runoff ...........         0.096         9.467
  Final Storage ............         0.000         0.000
  Continuity Error (%) .....        -0.125
  
  
  **************************        Volume        Volume
  Flow Routing Continuity        hectare-m      10^6 ltr
  **************************     ---------     ---------
  Dry Weather Inflow .......         0.000         0.000
  Wet Weather Inflow .......         0.096         0.958
  Groundwater Inflow .......         0.000         0.000
  RDII Inflow ..............         0.000         0.000
  External Inflow ..........         0.000         0.000
  External Outflow .........         0.096         0.959
  Flooding Loss ............         0.000         0.000
  Evaporation Loss .........         0.000         0.000
  Exfiltration Loss ........         0.000         0.000
  Initial Stored Volume ....         0.000         0.000
  Final Stored Volume ......         0.000         0.000
  Continuity Error (%) .....        -0.078
  
  
  *************************
  Highest Continuity Errors
  *************************
  Node R0019373 (1.68%)
  Node R0019718 (-1.47%)
  
  
  ***************************
  Time-Step Critical Elements
  ***************************
  None
  
  
  ********************************
  Highest Flow Instability Indexes
  ********************************
  All links are stable.
  
  
  *********************************
  Most Frequent Nonconverging Nodes
  *********************************
  Convergence obtained at all time steps.
  
  
  *************************
  Routing Time Step Summary
  *************************
  Minimum Time Step           :     0.39 sec
  Average Time Step           :     1.00 sec
  Maximum Time Step           :     1.00 sec
  % of Time in Steady State   :     0.00
  Average Iterations per Step :     2.00
  % of Steps Not Converging   :     0.00
  Time Step Frequencies       :
      1.000 -  0.871 sec      :   100.00 %
      0.871 -  0.758 sec      :     0.00 %
      0.758 -  0.660 sec      :     0.00 %
      0.660 -  0.574 sec      :     0.00 %
      0.574 -  0.500 sec      :     0.00 %
  
  
  ***************************
  Subcatchment Runoff Summary
  ***************************
  
  ------------------------------------------------------------------------------------------------------------------------------
                            Total      Total      Total      Total     Imperv       Perv      Total       Total     Peak  Runoff
                           Precip      Runon       Evap      Infil     Runoff     Runoff     Runoff      Runoff   Runoff   Coeff
  Subcatchment                 mm         mm         mm         mm         mm         mm         mm    10^6 ltr      CMS
  ------------------------------------------------------------------------------------------------------------------------------
  EZG_368                   23.08       0.00       0.95      12.77      10.61       0.37       9.39        0.04     0.06   0.407
  EZG_392                   23.08       0.00       0.95      12.73      10.62       0.41       9.43        0.03     0.05   0.409
  EZG_352                   23.08       0.00       0.95      12.82      10.61       0.31       9.33        0.06     0.08   0.404
  EZG_372                   23.08       0.00       0.93      12.58      10.63       0.57       9.61        0.01     0.02   0.416
  EZG_416                   23.08       0.00       0.94      12.71      10.62       0.43       9.45        0.03     0.04   0.410
  EZG_388                   23.08       0.00       0.95      12.79      10.61       0.35       9.37        0.04     0.07   0.406
  EZG_394                   23.08       0.00       0.94      12.71      10.62       0.43       9.46        0.03     0.04   0.410
  EZG_400                   23.08       0.00       0.94      12.69      10.62       0.45       9.48        0.02     0.04   0.411
  EZG_390                   23.08       0.00       0.94      12.73      10.62       0.41       9.44        0.03     0.05   0.409
  EZG_350                   23.08       0.00       0.95      12.79      10.61       0.35       9.37        0.04     0.07   0.406
  EZG_370                   23.08       0.00       0.95      12.75      10.62       0.39       9.41        0.03     0.05   0.408
  EZG_398                   23.08       0.00       0.93      12.51      10.64       0.63       9.68        0.01     0.02   0.419
  EZG_382                   23.08       0.00       0.93      12.49      10.64       0.66       9.70        0.01     0.01   0.420
  EZG_374                   23.08       0.00       1.14      10.64      12.73       0.51      11.33        0.04     0.06   0.491
  EZG_412                   23.08       0.00       0.92      12.32      10.65       0.84       9.89        0.00     0.01   0.429
  EZG_344                   23.08       0.00       0.94      12.69      10.62       0.45       9.48        0.02     0.04   0.411
  EZG_376                   23.08       0.00       0.94      12.65      10.63       0.49       9.53        0.02     0.03   0.413
  EZG_356                   23.08       0.00       0.96      12.83      10.60       0.30       9.32        0.06     0.09   0.404
  EZG_386                   23.08       0.00       0.96      12.86      10.60       0.27       9.28        0.07     0.11   0.402
  EZG_380                   23.08       0.00       0.95      12.76      10.61       0.38       9.40        0.04     0.06   0.407
  EZG_378                   23.08       0.00       0.95      12.74      10.62       0.40       9.42        0.03     0.05   0.408
  EZG_414                   23.08       0.00       0.93      12.49      10.64       0.66       9.71        0.01     0.01   0.421
  EZG_402                   23.08       0.00       0.95      12.73      10.62       0.41       9.43        0.03     0.05   0.409
  EZG_358                   23.08       0.00       0.96      12.83      10.60       0.30       9.32        0.06     0.09   0.404
  EZG_364                   23.08       0.00       0.96      12.83      10.60       0.30       9.32        0.06     0.09   0.404
  EZG_410                   23.08       0.00       0.94      12.66      10.63       0.48       9.52        0.02     0.03   0.412
  EZG_366                   23.08       0.00       0.94      12.68      10.62       0.46       9.49        0.02     0.04   0.411
  EZG_18259                 23.08       0.00       0.94      12.68      10.62       0.46       9.49        0.02     0.04   0.411
  EZG_18258                 23.08       0.00       0.93      12.41      10.65       0.74       9.79        0.01     0.01   0.424
  EZG_346                   23.08       0.00       0.93      12.96      10.40       0.38       9.22        0.03     0.05   0.400
  EZG_348                   23.08       0.00       0.92      12.88      10.41       0.46       9.31        0.02     0.03   0.404
  
  
  ******************
  Node Depth Summary
  ******************
  
  ---------------------------------------------------------------------------------
                                 Average  Maximum  Maximum  Time of Max    Reported
                                   Depth    Depth      HGL   Occurrence   Max Depth
  Node                 Type       Meters   Meters   Meters  days hr:min      Meters
  ---------------------------------------------------------------------------------
  R0019466             JUNCTION     0.00     0.62    70.07     0  02:35        0.62
  R0019468             JUNCTION     0.00     0.55    69.86     0  02:35        0.55
  R0019831             JUNCTION     0.00     0.47    69.64     0  02:35        0.40
  R0019825             JUNCTION     0.00     0.70    69.54     0  02:35        0.63
  R0019843             JUNCTION     0.00     0.45    68.08     0  02:35        0.45
  R0019368             JUNCTION     0.00     0.68    67.47     0  02:36        0.67
  R0019369             JUNCTION     0.00     0.49    67.08     0  02:36        0.47
  R0019370             JUNCTION     0.00     0.41    66.31     0  02:36        0.40
  R0019345             JUNCTION     0.00     0.36    70.26     0  02:35        0.35
  R0019346             JUNCTION     0.00     0.29    70.09     0  02:35        0.29
  R0043600             JUNCTION     0.00     0.35    70.02     0  02:35        0.34
  R0019203             JUNCTION     0.00     0.39    69.93     0  02:35        0.39
  R0043594             JUNCTION     0.00     0.26    69.99     0  02:35        0.26
  R0021458             JUNCTION     0.00     0.32    69.97     0  02:35        0.32
  R0019202             JUNCTION     0.00     0.36    69.94     0  02:35        0.36
  R0019373             JUNCTION     0.00     0.41    70.08     0  02:35        0.40
  R0019254             JUNCTION     0.00     0.57    70.61     0  02:35        0.56
  R0019716             JUNCTION     0.00     0.42    69.43     0  02:36        0.42
  R0019946             JUNCTION     0.01     0.59    69.21     0  02:36        0.59
  R0013935             JUNCTION     0.00     0.40    69.23     0  02:35        0.40
  R0019939             JUNCTION     0.00     0.60    69.17     0  02:35        0.55
  R0019944             JUNCTION     0.00     0.37    68.65     0  02:36        0.36
  R0043703             JUNCTION     0.00     0.46    69.06     0  02:36        0.45
  R0019945             JUNCTION     0.00     0.46    68.86     0  02:36        0.46
  R0039621             JUNCTION     0.00     0.17    69.74     0  02:35        0.16
  R0019838             JUNCTION     0.00     0.27    69.73     0  02:35        0.27
  R0039606             JUNCTION     0.00     0.35    69.94     0  02:35        0.35
  R0019204             JUNCTION     0.00     0.00    69.91     0  00:00        0.00
  R0019205             JUNCTION     0.00     0.00    69.62     0  00:00        0.00
  R0019849             JUNCTION     0.00     0.60    69.12     0  02:35        0.56
  R0019371             JUNCTION     0.00     0.00    70.41     0  00:00        0.00
  R0019718             JUNCTION     0.00     0.47    69.89     0  02:35        0.47
  R0021442             JUNCTION     0.00     1.29    71.34     0  02:35        1.22
  R0019247             JUNCTION     0.00     0.56    70.44     0  02:35        0.50
  R0019719             JUNCTION     0.00     0.30    69.98     0  02:35        0.30
  R0019767             JUNCTION     0.00     0.43    65.16     0  02:36        0.43
  R0019768             JUNCTION     0.00     0.37    64.14     0  02:36        0.36
  R0021453             JUNCTION     0.00     0.11    70.06     0  02:35        0.10
  R0019839             JUNCTION     0.00     0.25    69.64     0  02:35        0.25
  R0019717             JUNCTION     0.00     0.41    69.75     0  02:35        0.41
  R0019252             JUNCTION     0.00     0.57    70.76     0  02:35        0.55
  R0019721             JUNCTION     0.00     0.26    70.13     0  02:35        0.25
  R0019942             JUNCTION     0.00     0.55    69.20     0  02:35        0.50
  R0019206             JUNCTION     0.00     0.00    69.07     0  00:00        0.00
  R0019840             JUNCTION     0.00     0.22    69.19     0  02:35        0.22
  R0043702             JUNCTION     0.00     0.34    69.04     0  02:35        0.33
  R0019723             JUNCTION     0.00     0.16    70.24     0  02:35        0.16
  R0019724             JUNCTION     0.00     0.09    70.25     0  02:35        0.09
  R0021433             JUNCTION     0.00     1.26    71.65     0  02:35        1.20
  R0021435             JUNCTION     0.00     1.37    71.55     0  02:35        1.30
  R0019769             OUTFALL      0.00     0.37    63.75     0  02:36        0.37
  
  
  *******************
  Node Inflow Summary
  *******************
  
  -------------------------------------------------------------------------------------------------
                                  Maximum  Maximum                  Lateral       Total        Flow
                                  Lateral    Total  Time of Max      Inflow      Inflow     Balance
                                   Inflow   Inflow   Occurrence      Volume      Volume       Error
  Node                 Type           CMS      CMS  days hr:min    10^6 ltr    10^6 ltr     Percent
  -------------------------------------------------------------------------------------------------
  R0019466             JUNCTION     0.060    0.081     0  02:32      0.0388      0.0671       0.164
  R0019468             JUNCTION     0.036    0.103     0  02:35      0.0227      0.0897      -0.042
  R0019831             JUNCTION     0.048    0.048     0  02:35      0.0305      0.0305       0.124
  R0019825             JUNCTION     0.048    0.090     0  02:35      0.0306      0.0612       0.275
  R0019843             JUNCTION     0.000    1.172     0  02:36           0       0.959      -0.007
  R0019368             JUNCTION     0.000    1.180     0  02:36           0       0.959       0.011
  R0019369             JUNCTION     0.000    1.250     0  02:36           0       0.959      -0.009
  R0019370             JUNCTION     0.000    1.197     0  02:36           0       0.959       0.005
  R0019345             JUNCTION     0.000    0.089     0  02:35           0      0.0598      -0.018
  R0019346             JUNCTION     0.007    0.144     0  02:35     0.00395       0.101       0.025
  R0043600             JUNCTION     0.000    0.159     0  02:35           0       0.116      -0.062
  R0019203             JUNCTION     0.015    0.368     0  02:35     0.00858       0.265      -0.002
  R0043594             JUNCTION     0.082    0.120     0  02:35      0.0551      0.0791      -0.063
  R0021458             JUNCTION     0.066    0.173     0  02:35       0.043       0.122      -0.015
  R0019202             JUNCTION     0.022    0.202     0  02:35       0.013        0.14      -0.342
  R0019373             JUNCTION     0.052    0.052     0  02:35      0.0338      0.0339       1.712
  R0019254             JUNCTION     0.043    0.091     0  02:35      0.0275      0.0599       0.061
  R0019716             JUNCTION     0.065    0.703     0  02:35      0.0427        0.54      -0.025
  R0019946             JUNCTION     0.000    0.706     0  02:36           0       0.541       0.011
  R0013935             JUNCTION     0.042    0.042     0  02:35      0.0262      0.0262       0.080
  R0019939             JUNCTION     0.016    0.056     0  02:35     0.00958      0.0358      -0.074
  R0019944             JUNCTION     0.039    0.866     0  02:36      0.0244       0.692       0.012
  R0043703             JUNCTION     0.047    0.740     0  02:36      0.0299        0.57       0.017
  R0019945             JUNCTION     0.000    0.847     0  02:36           0       0.667      -0.014
  R0039621             JUNCTION     0.000    0.005     0  02:31           0    0.000972       0.772
  R0019838             JUNCTION     0.089    0.089     0  02:35      0.0597      0.0607      -0.014
  R0039606             JUNCTION     0.000    0.153     0  02:35           0       0.122       0.086
  R0019204             JUNCTION     0.000    0.000     0  00:00           0           0       0.000 ltr
  R0019205             JUNCTION     0.000    0.000     0  00:00           0           0       0.000 ltr
  R0019849             JUNCTION     0.000    0.132     0  02:35           0       0.097       0.027
  R0019371             JUNCTION     0.000    0.000     0  00:00           0           0       0.000 ltr
  R0019718             JUNCTION     0.057    0.407     0  02:35      0.0366       0.302      -1.453
  R0021442             JUNCTION     0.065    0.137     0  02:35      0.0429      0.0973       0.068
  R0019247             JUNCTION     0.031    0.161     0  02:35       0.019       0.116       0.033
  R0019719             JUNCTION     0.032    0.173     0  02:35        0.02       0.121      -0.016
  R0019767             JUNCTION     0.000    1.188     0  02:36           0       0.959      -0.011
  R0019768             JUNCTION     0.000    1.188     0  02:36           0       0.959       0.015
  R0021453             JUNCTION     0.038    0.038     0  02:35       0.024       0.024      -0.079
  R0019839             JUNCTION     0.088    0.168     0  02:35       0.059       0.119      -0.007
  R0019717             JUNCTION     0.108    0.657     0  02:35      0.0741       0.501       0.714
  R0019252             JUNCTION     0.050    0.050     0  02:35      0.0323      0.0323      -0.098
  R0019721             JUNCTION     0.014    0.059     0  02:35     0.00845       0.037       0.036
  R0019942             JUNCTION     0.000    0.083     0  02:35           0       0.061      -0.334
  R0019206             JUNCTION     0.000    0.000     0  00:00           0           0       0.000 ltr
  R0019840             JUNCTION     0.000    0.268     0  02:35           0       0.208       0.008
  R0043702             JUNCTION     0.088    0.348     0  02:35       0.059       0.267      -0.004
  R0019723             JUNCTION     0.036    0.046     0  02:35      0.0226      0.0285      -0.097
  R0019724             JUNCTION     0.010    0.010     0  02:35     0.00599     0.00599      -0.095
  R0021433             JUNCTION     0.052    0.052     0  02:35      0.0336      0.0336      -0.332
  R0021435             JUNCTION     0.033    0.079     0  02:35      0.0207      0.0544       0.022
  R0019769             OUTFALL      0.000    1.194     0  02:36           0       0.959       0.000
  
  
  **********************
  Node Surcharge Summary
  **********************
  
  Surcharging occurs when water rises above the top of the highest conduit.
  ---------------------------------------------------------------------
                                               Max. Height   Min. Depth
                                   Hours       Above Crown    Below Rim
  Node                 Type      Surcharged         Meters       Meters
  ---------------------------------------------------------------------
  R0019466             JUNCTION        0.09          0.325        2.185
  R0019468             JUNCTION        0.09          0.253        2.177
  R0019831             JUNCTION        0.02          0.167        1.193
  R0019825             JUNCTION        0.06          0.404        0.796
  R0019345             JUNCTION        0.03          0.060        1.690
  R0019373             JUNCTION        0.03          0.105        2.395
  R0019254             JUNCTION        0.05          0.271        1.559
  R0013935             JUNCTION        0.02          0.103        1.217
  R0019939             JUNCTION        0.09          0.303        1.317
  R0019849             JUNCTION        0.11          0.295        1.635
  R0021442             JUNCTION        0.11          0.985        0.765
  R0019247             JUNCTION        0.04          0.160        1.700
  R0019252             JUNCTION        0.03          0.265        1.375
  R0019942             JUNCTION        0.07          0.253        1.397
  R0021433             JUNCTION        0.07          0.965        0.885
  R0021435             JUNCTION        0.09          1.071        0.739
  
  
  *********************
  Node Flooding Summary
  *********************
  
  No nodes were flooded.
  
  
  ***********************
  Outfall Loading Summary
  ***********************
  
  -----------------------------------------------------------
                         Flow       Avg       Max       Total
                         Freq      Flow      Flow      Volume
  Outfall Node           Pcnt       CMS       CMS    10^6 ltr
  -----------------------------------------------------------
  R0019769               5.11     0.069     1.194       0.959
  -----------------------------------------------------------
  System                 5.11     0.069     1.194       0.959
  
  
  ********************
  Link Flow Summary
  ********************
  
  -----------------------------------------------------------------------------
                                 Maximum  Time of Max   Maximum    Max/    Max/
                                  |Flow|   Occurrence   |Veloc|    Full    Full
  Link                 Type          CMS  days hr:min     m/sec    Flow   Depth
  -----------------------------------------------------------------------------
  H0014431             CONDUIT     0.070     0  02:33      0.99    1.30    1.00
  H0014433             CONDUIT     0.043     0  02:34      0.72    0.55    1.00
  H0014352             CONDUIT     1.180     0  02:36      2.90    0.48    0.62
  H0014373             CONDUIT     1.197     0  02:36      3.84    0.55    0.50
  H0017981             CONDUIT     0.089     0  02:35      1.26    2.50    0.99
  H0017755             CONDUIT     0.158     0  02:35      1.42    1.28    0.83
  H0017791             CONDUIT     0.109     0  02:35      0.62    0.16    0.32
  H0017357             CONDUIT     0.042     0  02:35      0.61    0.68    0.94
  H0018216             CONDUIT     0.089     0  02:35      1.26    1.62    1.00
  H0016792             CONDUIT     0.706     0  02:36      1.92    0.41    0.56
  H0019507             CONDUIT     0.041     0  02:35      0.70    0.56    1.00
  H0019998             CONDUIT     0.867     0  02:36      3.17    0.35    0.45
  H0019576             CONDUIT     0.745     0  02:36      2.29    0.50    0.51
  H0020087             CONDUIT     0.007     0  02:36      0.14    0.03    0.43
  H0020211             CONDUIT     0.716     0  02:36      1.90    1.78    0.58
  H0018982             CONDUIT     0.153     0  02:35      0.80    0.25    0.37
  H0018753             CONDUIT     0.036     0  02:32      0.62    0.51    1.00
  H0018845             CONDUIT     0.000     0  00:00      0.00    0.00    0.00
  H0018863             CONDUIT     0.053     0  02:35      0.75    1.24    1.00
  H0019156             CONDUIT     0.000     0  00:00      0.00    0.00    0.00
  H0018929             CONDUIT     0.368     0  02:35      1.23    0.32    0.48
  H0018440             CONDUIT     0.132     0  02:35      1.86    2.36    1.00
  H0018456             CONDUIT     0.144     0  02:35      1.43    0.88    0.75
  H0018968             CONDUIT     1.188     0  02:36      4.37    0.46    0.45
  H0022036             CONDUIT     0.037     0  02:35      0.48    0.03    0.19
  H0021806             CONDUIT     0.159     0  02:35      1.27    1.41    1.00
  H0022111             CONDUIT     0.082     0  02:35      0.80    0.59    0.52
  H0021440             CONDUIT     0.662     0  02:36      2.29    0.43    0.47
  H0021704             CONDUIT     0.415     0  02:36      1.43    0.79    0.47
  H0020521             CONDUIT     0.048     0  02:35      0.68    0.98    1.00
  H0020755             CONDUIT     0.051     0  02:35      0.60    0.57    0.69
  H0020530             CONDUIT     1.250     0  02:36      2.93    1.07    0.64
  H0020618             CONDUIT     0.847     0  02:36      2.96    0.52    0.46
  H0021163             CONDUIT     0.083     0  02:35      1.17    1.39    1.00
  H0020497             CONDUIT     0.000     0  00:00      0.00    0.00    0.75
  H0024325             CONDUIT     0.165     0  02:35      1.82    0.49    0.47
  H0023585             CONDUIT     0.347     0  02:35      2.47    0.80    0.68
  H0024098             CONDUIT     0.132     0  02:35      1.87    1.54    1.00
  H0024235             CONDUIT     0.170     0  02:35      1.43    0.69    0.58
  H0024282             CONDUIT     0.000     0  00:00      0.00    0.00    0.00
  H0024308             CONDUIT     1.194     0  02:36      4.89    0.35    0.41
  H0024498             CONDUIT     0.103     0  02:35      1.45    1.59    1.00
  H0026990             CONDUIT     0.044     0  02:35      0.72    0.34    0.51
  H0041650             CONDUIT     0.200     0  02:35      0.80    0.23    0.42
  H0041011             CONDUIT     0.083     0  02:35      1.17    0.82    1.00
  H0045103             CONDUIT     0.157     0  02:36      0.74    0.20    0.39
  H0045104             CONDUIT     1.188     0  02:36      4.10    0.42    0.47
  H0045105             CONDUIT     0.010     0  02:35      0.36    0.17    0.41
  H0045106             CONDUIT     0.268     0  02:35      2.37    0.36    0.56
  H0045107             CONDUIT     0.046     0  02:35      0.72    0.75    1.00
  H0045108             CONDUIT     0.075     0  02:35      1.06    1.35    1.00
  
  
  ***************************
  Flow Classification Summary
  ***************************
  
  -------------------------------------------------------------------------------------
                      Adjusted    ---------- Fraction of Time in Flow Class ---------- 
                       /Actual         Up    Down  Sub   Sup   Up    Down  Norm  Inlet 
  Conduit               Length    Dry  Dry   Dry   Crit  Crit  Crit  Crit  Ltd   Ctrl  
  -------------------------------------------------------------------------------------
  H0014431                1.00   0.03  0.00  0.00  0.97  0.00  0.00  0.00  0.97  0.00
  H0014433                1.00   0.03  0.00  0.00  0.97  0.00  0.00  0.00  0.97  0.00
  H0014352                1.00   0.03  0.00  0.00  0.94  0.03  0.00  0.00  0.97  0.00
  H0014373                1.00   0.03  0.00  0.00  0.93  0.05  0.00  0.00  0.91  0.00
  H0017981                1.00   0.03  0.00  0.00  0.00  0.00  0.00  0.97  0.00  0.00
  H0017755                1.00   0.03  0.00  0.00  0.00  0.00  0.00  0.97  0.00  0.00
  H0017791                1.00   0.03  0.00  0.00  0.97  0.00  0.00  0.00  0.97  0.00
  H0017357                1.00   0.03  0.97  0.00  0.00  0.00  0.00  0.00  0.97  0.00
  H0018216                1.00   0.03  0.92  0.00  0.05  0.00  0.00  0.00  0.97  0.00
  H0016792                1.00   0.03  0.91  0.00  0.06  0.00  0.00  0.00  0.97  0.00
  H0019507                1.00   0.03  0.00  0.00  0.97  0.00  0.00  0.00  0.97  0.00
  H0019998                1.00   0.03  0.00  0.00  0.93  0.04  0.00  0.00  0.06  0.00
  H0019576                1.00   0.03  0.00  0.00  0.95  0.02  0.00  0.00  0.06  0.00
  H0020087                1.00   0.03  0.96  0.00  0.01  0.00  0.00  0.00  0.96  0.00
  H0020211                1.00   0.03  0.00  0.00  0.97  0.00  0.00  0.00  0.91  0.00
  H0018982                1.00   0.03  0.00  0.00  0.97  0.00  0.00  0.00  0.93  0.00
  H0018753                1.00   0.03  0.00  0.00  0.97  0.00  0.00  0.00  0.97  0.00
  H0018845                1.00   1.00  0.00  0.00  0.00  0.00  0.00  0.00  0.00  0.00
  H0018863                1.00   0.03  0.00  0.00  0.97  0.00  0.00  0.00  0.97  0.00
  H0019156                1.00   1.00  0.00  0.00  0.00  0.00  0.00  0.00  0.00  0.00
  H0018929                1.00   0.03  0.92  0.00  0.05  0.00  0.00  0.00  0.97  0.00
  H0018440                1.00   0.03  0.00  0.00  0.97  0.00  0.00  0.00  0.96  0.00
  H0018456                1.00   0.03  0.00  0.00  0.97  0.00  0.00  0.00  0.97  0.00
  H0018968                1.00   0.03  0.00  0.00  0.92  0.05  0.00  0.00  0.93  0.00
  H0022036                1.00   0.03  0.00  0.00  0.02  0.00  0.00  0.95  0.02  0.00
  H0021806                1.00   0.03  0.92  0.00  0.05  0.00  0.00  0.00  0.95  0.00
  H0022111                1.00   0.03  0.00  0.00  0.97  0.00  0.00  0.00  0.00  0.00
  H0021440                1.00   0.03  0.00  0.00  0.94  0.03  0.00  0.00  0.02  0.00
  H0021704                1.00   0.03  0.00  0.00  0.00  0.00  0.00  0.97  0.00  0.00
  H0020521                1.00   0.03  0.00  0.00  0.97  0.00  0.00  0.00  0.97  0.00
  H0020755                1.00   0.03  0.92  0.00  0.05  0.00  0.00  0.00  0.97  0.00
  H0020530                1.00   0.03  0.00  0.00  0.94  0.03  0.00  0.00  0.01  0.00
  H0020618                1.00   0.03  0.00  0.00  0.93  0.04  0.00  0.00  0.92  0.00
  H0021163                1.00   0.03  0.00  0.00  0.96  0.01  0.00  0.00  0.93  0.00
  H0020497                1.20   0.03  0.97  0.00  0.00  0.00  0.00  0.00  0.00  0.00
  H0024325                1.00   0.03  0.00  0.00  0.94  0.03  0.00  0.00  0.93  0.00
  H0023585                1.00   0.03  0.00  0.00  0.00  0.00  0.00  0.97  0.00  0.00
  H0024098                1.00   0.03  0.92  0.00  0.05  0.00  0.00  0.00  0.97  0.00
  H0024235                1.00   0.03  0.00  0.00  0.00  0.00  0.00  0.97  0.00  0.00
  H0024282                1.00   1.00  0.00  0.00  0.00  0.00  0.00  0.00  0.00  0.00
  H0024308                1.00   0.03  0.00  0.00  0.91  0.06  0.00  0.00  0.01  0.00
  H0024498                1.00   0.03  0.00  0.00  0.00  0.00  0.00  0.97  0.00  0.00
  H0026990                1.00   0.03  0.00  0.00  0.97  0.00  0.00  0.00  0.97  0.00
  H0041650                1.00   0.95  0.01  0.00  0.04  0.00  0.00  0.00  0.96  0.00
  H0041011                1.00   0.03  0.00  0.00  0.97  0.00  0.00  0.00  0.97  0.00
  H0045103                1.00   0.03  0.00  0.00  0.97  0.00  0.00  0.00  0.94  0.00
  H0045104                1.00   0.03  0.00  0.00  0.92  0.05  0.00  0.00  0.06  0.00
  H0045105                1.00   0.03  0.00  0.00  0.97  0.00  0.00  0.00  0.97  0.00
  H0045106                1.00   0.03  0.00  0.00  0.94  0.03  0.00  0.00  0.97  0.00
  H0045107                1.00   0.03  0.00  0.00  0.97  0.00  0.00  0.00  0.97  0.00
  H0045108                1.00   0.03  0.00  0.00  0.97  0.00  0.00  0.00  0.97  0.00
  
  
  *************************
  Conduit Surcharge Summary
  *************************
  
  ----------------------------------------------------------------------------
                                                           Hours        Hours 
                         --------- Hours Full --------   Above Full   Capacity
  Conduit                Both Ends  Upstream  Dnstream   Normal Flow   Limited
  ----------------------------------------------------------------------------
  H0014431                    0.09      0.09      0.09      0.11         0.09
  H0014433                    0.02      0.02      0.06      0.01         0.01
  H0017981                    0.01      0.03      0.01      0.12         0.01
  H0017755                    0.01      0.01      0.01      0.05         0.01
  H0017357                    0.01      0.01      0.03      0.01         0.01
  H0018216                    0.03      0.05      0.03      0.08         0.04
  H0019507                    0.02      0.02      0.09      0.01         0.01
  H0020211                    0.01      0.01      0.01      0.10         0.01
  H0018753                    0.03      0.03      0.09      0.01         0.01
  H0018863                    0.09      0.09      0.11      0.03         0.03
  H0018440                    0.07      0.11      0.07      0.14         0.10
  H0021806                    0.01      0.04      0.01      0.06         0.02
  H0020521                    0.03      0.03      0.05      0.01         0.01
  H0020530                    0.01      0.01      0.01      0.01         0.01
  H0021163                    0.06      0.06      0.07      0.07         0.05
  H0024098                    0.11      0.11      0.13      0.07         0.07
  H0024498                    0.01      0.09      0.01      0.12         0.06
  H0041011                    0.07      0.07      0.11      0.01         0.01
  H0045107                    0.07      0.07      0.09      0.01         0.01
  H0045108                    0.09      0.09      0.11      0.06         0.06
  

  Analysis begun on:  Fri Mar 22 15:57:02 2024
  Analysis ended on:  Fri Mar 22 15:57:09 2024
  Total elapsed time: 00:00:07