
  EPA STORM WATER MANAGEMENT MODEL - VERSION 5.2 (Build 5.2.4)
  PYSWMM TOOLKIT API - VERSION v1.0 (2023-11-27)
  ------------------------------------------------------------

  Gievenbeck_e2_T10D45 
  
  ****************
  Analysis Options
  ****************
  Flow Units ............... CMS
  Process Models:
    Rainfall/Runoff ........ YES
    RDII ................... NO
    Snowmelt ............... NO
    Groundwater ............ NO
    Flow Routing ........... YES
    Ponding Allowed ........ NO
    Water Quality .......... NO
  Infiltration Method ...... HORTON
  Flow Routing Method ...... DYNWAVE
  Surcharge Method ......... SLOT
  Starting Date ............ 01/01/2024 00:00:00
  Ending Date .............. 01/04/2024 04:00:00
  Antecedent Dry Days ...... 14.0
  Report Time Step ......... 00:01:00
  Wet Time Step ............ 00:01:00
  Dry Time Step ............ 00:01:00
  Routing Time Step ........ 1.00 sec
  Variable Time Step ....... YES
  Maximum Trials ........... 8
  Number of Threads ........ 1
  Head Tolerance ........... 0.001500 m
  
  
  **************************        Volume         Depth
  Runoff Quantity Continuity     hectare-m            mm
  **************************     ---------       -------
  Total Precipitation ......         0.264        26.090
  Evaporation Loss .........         0.010         0.962
  Infiltration Loss ........         0.132        13.065
  Surface Runoff ...........         0.123        12.112
  Final Storage ............         0.000         0.000
  Continuity Error (%) .....        -0.187
  
  
  **************************        Volume        Volume
  Flow Routing Continuity        hectare-m      10^6 ltr
  **************************     ---------     ---------
  Dry Weather Inflow .......         0.000         0.000
  Wet Weather Inflow .......         0.123         1.226
  Groundwater Inflow .......         0.000         0.000
  RDII Inflow ..............         0.000         0.000
  External Inflow ..........         0.000         0.000
  External Outflow .........         0.122         1.222
  Flooding Loss ............         0.001         0.006
  Evaporation Loss .........         0.000         0.000
  Exfiltration Loss ........         0.000         0.000
  Initial Stored Volume ....         0.000         0.000
  Final Stored Volume ......         0.000         0.000
  Continuity Error (%) .....        -0.104
  
  
  *************************
  Highest Continuity Errors
  *************************
  Node R0019373 (2.38%)
  Node R0019718 (-1.84%)
  
  
  ***************************
  Time-Step Critical Elements
  ***************************
  None
  
  
  ********************************
  Highest Flow Instability Indexes
  ********************************
  All links are stable.
  
  
  *********************************
  Most Frequent Nonconverging Nodes
  *********************************
  Convergence obtained at all time steps.
  
  
  *************************
  Routing Time Step Summary
  *************************
  Minimum Time Step           :     0.43 sec
  Average Time Step           :     1.00 sec
  Maximum Time Step           :     1.00 sec
  % of Time in Steady State   :     0.00
  Average Iterations per Step :     2.00
  % of Steps Not Converging   :     0.00
  Time Step Frequencies       :
      1.000 -  0.871 sec      :   100.00 %
      0.871 -  0.758 sec      :     0.00 %
      0.758 -  0.660 sec      :     0.00 %
      0.660 -  0.574 sec      :     0.00 %
      0.574 -  0.500 sec      :     0.00 %
  
  
  ***************************
  Subcatchment Runoff Summary
  ***************************
  
  ------------------------------------------------------------------------------------------------------------------------------
                            Total      Total      Total      Total     Imperv       Perv      Total       Total     Peak  Runoff
                           Precip      Runon       Evap      Infil     Runoff     Runoff     Runoff      Runoff   Runoff   Coeff
  Subcatchment                 mm         mm         mm         mm         mm         mm         mm    10^6 ltr      CMS
  ------------------------------------------------------------------------------------------------------------------------------
  EZG_368                   26.09       0.00       0.96      13.17      12.13       1.70      12.01        0.05     0.09   0.460
  EZG_392                   26.09       0.00       0.95      13.08      12.14       1.80      12.11        0.04     0.07   0.464
  EZG_352                   26.09       0.00       0.96      13.30      12.12       1.56      11.87        0.07     0.12   0.455
  EZG_372                   26.09       0.00       0.94      12.75      12.15       2.13      12.46        0.02     0.03   0.478
  EZG_416                   26.09       0.00       0.95      13.04      12.14       1.84      12.15        0.04     0.07   0.466
  EZG_388                   26.09       0.00       0.96      13.21      12.13       1.66      11.97        0.05     0.10   0.459
  EZG_394                   26.09       0.00       0.95      13.02      12.14       1.86      12.17        0.03     0.06   0.467
  EZG_400                   26.09       0.00       0.95      12.99      12.14       1.88      12.20        0.03     0.06   0.468
  EZG_390                   26.09       0.00       0.95      13.07      12.14       1.80      12.12        0.04     0.07   0.465
  EZG_350                   26.09       0.00       0.96      13.21      12.13       1.66      11.97        0.05     0.10   0.459
  EZG_370                   26.09       0.00       0.95      13.12      12.13       1.76      12.07        0.04     0.08   0.463
  EZG_398                   26.09       0.00       0.94      12.64      12.16       2.25      12.58        0.01     0.03   0.482
  EZG_382                   26.09       0.00       0.94      12.60      12.16       2.29      12.63        0.01     0.02   0.484
  EZG_374                   26.09       0.00       1.15      10.70      14.55       1.93      14.30        0.05     0.10   0.548
  EZG_412                   26.09       0.00       0.93      12.33      12.18       2.57      12.92        0.01     0.01   0.495
  EZG_344                   26.09       0.00       0.95      12.98      12.14       1.89      12.21        0.03     0.06   0.468
  EZG_376                   26.09       0.00       0.95      12.89      12.15       1.98      12.31        0.02     0.05   0.472
  EZG_356                   26.09       0.00       0.96      13.33      12.12       1.53      11.83        0.08     0.13   0.454
  EZG_386                   26.09       0.00       0.97      13.42      12.11       1.45      11.74        0.09     0.16   0.450
  EZG_380                   26.09       0.00       0.96      13.15      12.13       1.72      12.04        0.05     0.08   0.461
  EZG_378                   26.09       0.00       0.95      13.10      12.13       1.77      12.09        0.04     0.08   0.463
  EZG_414                   26.09       0.00       0.93      12.60      12.16       2.29      12.63        0.01     0.02   0.484
  EZG_402                   26.09       0.00       0.95      13.08      12.14       1.79      12.11        0.04     0.07   0.464
  EZG_358                   26.09       0.00       0.96      13.33      12.12       1.54      11.84        0.07     0.13   0.454
  EZG_364                   26.09       0.00       0.96      13.33      12.12       1.54      11.84        0.08     0.13   0.454
  EZG_410                   26.09       0.00       0.95      12.91      12.15       1.96      12.29        0.03     0.05   0.471
  EZG_366                   26.09       0.00       0.95      12.96      12.14       1.91      12.23        0.03     0.05   0.469
  EZG_18259                 26.09       0.00       0.95      12.96      12.14       1.92      12.24        0.03     0.05   0.469
  EZG_18258                 26.09       0.00       0.93      12.48      12.17       2.42      12.76        0.01     0.02   0.489
  EZG_346                   26.09       0.00       0.93      13.36      11.89       1.73      11.84        0.04     0.08   0.454
  EZG_348                   26.09       0.00       0.93      13.18      11.90       1.93      12.04        0.03     0.05   0.462
  
  
  ******************
  Node Depth Summary
  ******************
  
  ---------------------------------------------------------------------------------
                                 Average  Maximum  Maximum  Time of Max    Reported
                                   Depth    Depth      HGL   Occurrence   Max Depth
  Node                 Type       Meters   Meters   Meters  days hr:min      Meters
  ---------------------------------------------------------------------------------
  R0019466             JUNCTION     0.00     0.98    70.43     0  02:20        0.97
  R0019468             JUNCTION     0.00     0.87    70.18     0  02:20        0.86
  R0019831             JUNCTION     0.00     1.45    70.62     0  02:20        1.45
  R0019825             JUNCTION     0.00     1.50    70.34     0  02:19        1.50
  R0019843             JUNCTION     0.00     0.62    68.25     0  02:21        0.62
  R0019368             JUNCTION     0.00     0.94    67.73     0  02:21        0.89
  R0019369             JUNCTION     0.00     0.62    67.21     0  02:21        0.62
  R0019370             JUNCTION     0.00     0.52    66.42     0  02:21        0.52
  R0019345             JUNCTION     0.00     0.65    70.55     0  02:20        0.60
  R0019346             JUNCTION     0.00     0.48    70.28     0  02:20        0.46
  R0043600             JUNCTION     0.00     0.50    70.17     0  02:20        0.49
  R0019203             JUNCTION     0.00     0.51    70.05     0  02:20        0.50
  R0043594             JUNCTION     0.00     0.36    70.09     0  02:20        0.36
  R0021458             JUNCTION     0.00     0.44    70.09     0  02:20        0.43
  R0019202             JUNCTION     0.00     0.48    70.06     0  02:20        0.47
  R0019373             JUNCTION     0.00     0.75    70.42     0  02:20        0.74
  R0019254             JUNCTION     0.00     1.24    71.28     0  02:20        1.20
  R0019716             JUNCTION     0.00     0.55    69.56     0  02:20        0.55
  R0019946             JUNCTION     0.00     0.78    69.40     0  02:20        0.78
  R0013935             JUNCTION     0.00     1.04    69.87     0  02:20        1.01
  R0019939             JUNCTION     0.00     1.14    69.71     0  02:20        1.11
  R0019944             JUNCTION     0.00     0.48    68.76     0  02:20        0.48
  R0043703             JUNCTION     0.00     0.60    69.20     0  02:20        0.60
  R0019945             JUNCTION     0.00     0.61    69.01     0  02:21        0.61
  R0039621             JUNCTION     0.00     0.24    69.81     0  02:20        0.23
  R0019838             JUNCTION     0.00     0.34    69.80     0  02:20        0.34
  R0039606             JUNCTION     0.00     0.47    70.06     0  02:20        0.46
  R0019204             JUNCTION     0.00     0.00    69.91     0  00:00        0.00
  R0019205             JUNCTION     0.00     0.00    69.62     0  00:00        0.00
  R0019849             JUNCTION     0.00     1.04    69.56     0  02:20        1.00
  R0019371             JUNCTION     0.00     0.00    70.41     0  00:00        0.00
  R0019718             JUNCTION     0.00     0.59    70.01     0  02:20        0.59
  R0021442             JUNCTION     0.00     2.05    72.10     0  02:19        2.05
  R0019247             JUNCTION     0.00     0.97    70.85     0  02:20        0.96
  R0019719             JUNCTION     0.00     0.42    70.10     0  02:20        0.40
  R0019767             JUNCTION     0.00     0.55    65.28     0  02:21        0.55
  R0019768             JUNCTION     0.00     0.47    64.24     0  02:21        0.46
  R0021453             JUNCTION     0.00     0.13    70.08     0  02:21        0.13
  R0019839             JUNCTION     0.00     0.32    69.71     0  02:20        0.31
  R0019717             JUNCTION     0.00     0.53    69.87     0  02:20        0.52
  R0019252             JUNCTION     0.00     1.37    71.56     0  02:20        1.33
  R0019721             JUNCTION     0.00     0.46    70.33     0  02:20        0.44
  R0019942             JUNCTION     0.00     1.06    69.71     0  02:20        1.02
  R0019206             JUNCTION     0.00     0.00    69.07     0  00:00        0.00
  R0019840             JUNCTION     0.00     0.31    69.28     0  02:20        0.30
  R0043702             JUNCTION     0.00     0.48    69.18     0  02:20        0.46
  R0019723             JUNCTION     0.00     0.25    70.33     0  02:20        0.24
  R0019724             JUNCTION     0.00     0.19    70.35     0  02:21        0.19
  R0021433             JUNCTION     0.00     2.15    72.54     0  02:19        2.15
  R0021435             JUNCTION     0.00     2.11    72.29     0  02:19        2.11
  R0019769             OUTFALL      0.00     0.46    63.84     0  02:21        0.46
  
  
  *******************
  Node Inflow Summary
  *******************
  
  -------------------------------------------------------------------------------------------------
                                  Maximum  Maximum                  Lateral       Total        Flow
                                  Lateral    Total  Time of Max      Inflow      Inflow     Balance
                                   Inflow   Inflow   Occurrence      Volume      Volume       Error
  Node                 Type           CMS      CMS  days hr:min    10^6 ltr    10^6 ltr     Percent
  -------------------------------------------------------------------------------------------------
  R0019466             JUNCTION     0.089    0.093     0  02:16      0.0496      0.0766       0.148
  R0019468             JUNCTION     0.055    0.129     0  02:20      0.0293       0.104      -0.059
  R0019831             JUNCTION     0.072    0.072     0  02:20      0.0392      0.0392       0.134
  R0019825             JUNCTION     0.072    0.143     0  02:20      0.0393      0.0785       0.304
  R0019843             JUNCTION     0.000    1.809     0  02:21           0        1.22      -0.003
  R0019368             JUNCTION     0.000    1.804     0  02:21           0        1.22       0.020
  R0019369             JUNCTION     0.000    1.792     0  02:21           0        1.22      -0.026
  R0019370             JUNCTION     0.000    1.785     0  02:21           0        1.22       0.005
  R0019345             JUNCTION     0.000    0.130     0  02:20           0      0.0768       0.088
  R0019346             JUNCTION     0.011    0.210     0  02:20     0.00515        0.13       0.006
  R0043600             JUNCTION     0.000    0.206     0  02:19           0       0.144      -0.066
  R0019203             JUNCTION     0.023    0.532     0  02:20      0.0112       0.345      -0.013
  R0043594             JUNCTION     0.122    0.178     0  02:20      0.0701       0.101      -0.121
  R0021458             JUNCTION     0.098    0.240     0  02:20      0.0549       0.156      -0.008
  R0019202             JUNCTION     0.033    0.314     0  02:20      0.0169        0.19      -0.571
  R0019373             JUNCTION     0.079    0.091     0  02:20      0.0433      0.0449       2.433
  R0019254             JUNCTION     0.065    0.134     0  02:20      0.0354      0.0769       0.066
  R0019716             JUNCTION     0.097    1.057     0  02:20      0.0546       0.698      -0.030
  R0019946             JUNCTION     0.000    1.061     0  02:20           0       0.698       0.018
  R0013935             JUNCTION     0.063    0.063     0  02:20      0.0338      0.0338       0.095
  R0019939             JUNCTION     0.025    0.082     0  02:20      0.0125      0.0462      -0.102
  R0019944             JUNCTION     0.059    1.338     0  02:21      0.0314       0.891       0.012
  R0043703             JUNCTION     0.070    1.117     0  02:20      0.0384       0.736       0.014
  R0019945             JUNCTION     0.000    1.304     0  02:20           0        0.86      -0.011
  R0039621             JUNCTION     0.000    0.008     0  02:16           0     0.00151       0.608
  R0019838             JUNCTION     0.131    0.131     0  02:20      0.0758      0.0773      -0.013
  R0039606             JUNCTION     0.000    0.213     0  02:21           0       0.156       0.095
  R0019204             JUNCTION     0.000    0.000     0  00:00           0           0       0.000 ltr
  R0019205             JUNCTION     0.000    0.000     0  00:00           0           0       0.000 ltr
  R0019849             JUNCTION     0.000    0.194     0  02:20           0       0.124       0.032
  R0019371             JUNCTION     0.000    0.000     0  00:00           0           0       0.000 ltr
  R0019718             JUNCTION     0.085    0.598     0  02:20      0.0469       0.392      -1.809
  R0021442             JUNCTION     0.096    0.172     0  02:19      0.0542        0.12       0.062
  R0019247             JUNCTION     0.047    0.206     0  02:20      0.0245       0.144       0.087
  R0019719             JUNCTION     0.049    0.253     0  02:20      0.0258       0.156       0.743
  R0019767             JUNCTION     0.000    1.783     0  02:21           0        1.22      -0.009
  R0019768             JUNCTION     0.000    1.787     0  02:21           0        1.22       0.016
  R0021453             JUNCTION     0.058    0.058     0  02:20      0.0309      0.0309      -0.036
  R0019839             JUNCTION     0.130    0.248     0  02:20      0.0749       0.151      -0.010
  R0019717             JUNCTION     0.159    0.977     0  02:20      0.0938       0.648       0.736
  R0019252             JUNCTION     0.076    0.076     0  02:20      0.0414      0.0414      -0.082
  R0019721             JUNCTION     0.022    0.087     0  02:19       0.011      0.0479      -0.025
  R0019942             JUNCTION     0.000    0.121     0  02:19           0      0.0773      -0.392
  R0019206             JUNCTION     0.000    0.000     0  00:00           0           0       0.000 ltr
  R0019840             JUNCTION     0.000    0.371     0  02:20           0       0.255       0.010
  R0043702             JUNCTION     0.130    0.484     0  02:20       0.075        0.33       0.014
  R0019723             JUNCTION     0.055    0.070     0  02:20      0.0291      0.0369      -0.142
  R0019724             JUNCTION     0.016    0.016     0  02:20     0.00781     0.00781      -0.122
  R0021433             JUNCTION     0.078    0.078     0  02:20      0.0431      0.0431      -0.188
  R0021435             JUNCTION     0.051    0.122     0  02:20      0.0268      0.0696      -0.118
  R0019769             OUTFALL      0.000    1.794     0  02:21           0        1.22       0.000
  
  
  **********************
  Node Surcharge Summary
  **********************
  
  Surcharging occurs when water rises above the top of the highest conduit.
  ---------------------------------------------------------------------
                                               Max. Height   Min. Depth
                                   Hours       Above Crown    Below Rim
  Node                 Type      Surcharged         Meters       Meters
  ---------------------------------------------------------------------
  R0019466             JUNCTION        0.15          0.680        1.830
  R0019468             JUNCTION        0.14          0.566        1.864
  R0019831             JUNCTION        0.08          1.152        0.208
  R0019825             JUNCTION        0.12          1.200        0.000
  R0019368             JUNCTION        0.01          0.036        1.014
  R0019345             JUNCTION        0.08          0.348        1.402
  R0019346             JUNCTION        0.03          0.085        1.655
  R0043600             JUNCTION        0.06          0.099        2.481
  R0019373             JUNCTION        0.08          0.449        2.051
  R0019254             JUNCTION        0.10          0.939        0.891
  R0013935             JUNCTION        0.08          0.741        0.579
  R0019939             JUNCTION        0.15          0.843        0.777
  R0019849             JUNCTION        0.16          0.738        1.192
  R0021442             JUNCTION        0.17          1.750        0.000
  R0019247             JUNCTION        0.09          0.566        1.294
  R0019252             JUNCTION        0.08          1.070        0.570
  R0019721             JUNCTION        0.02          0.061        1.499
  R0019942             JUNCTION        0.13          0.763        0.887
  R0021433             JUNCTION        0.12          1.850        0.000
  R0021435             JUNCTION        0.15          1.810        0.000
  
  
  *********************
  Node Flooding Summary
  *********************
  
  Flooding refers to all water that overflows a node, whether it ponds or not.
  --------------------------------------------------------------------------
                                                             Total   Maximum
                                 Maximum   Time of Max       Flood    Ponded
                        Hours       Rate    Occurrence      Volume     Depth
  Node                 Flooded       CMS   days hr:min    10^6 ltr    Meters
  --------------------------------------------------------------------------
  R0019825                0.02     0.026      0  02:20       0.001     0.000
  R0021442                0.02     0.009      0  02:20       0.000     0.000
  R0021433                0.02     0.012      0  02:19       0.000     0.000
  R0021435                0.03     0.050      0  02:20       0.004     0.000
  
  
  ***********************
  Outfall Loading Summary
  ***********************
  
  -----------------------------------------------------------
                         Flow       Avg       Max       Total
                         Freq      Flow      Flow      Volume
  Outfall Node           Pcnt       CMS       CMS    10^6 ltr
  -----------------------------------------------------------
  R0019769               4.36     0.102     1.794       1.222
  -----------------------------------------------------------
  System                 4.36     0.102     1.794       1.222
  
  
  ********************
  Link Flow Summary
  ********************
  
  -----------------------------------------------------------------------------
                                 Maximum  Time of Max   Maximum    Max/    Max/
                                  |Flow|   Occurrence   |Veloc|    Full    Full
  Link                 Type          CMS  days hr:min     m/sec    Flow   Depth
  -----------------------------------------------------------------------------
  H0014431             CONDUIT     0.077     0  02:17      1.09    1.43    1.00
  H0014433             CONDUIT     0.073     0  02:20      1.04    0.94    1.00
  H0014352             CONDUIT     1.804     0  02:21      3.18    0.74    0.86
  H0014373             CONDUIT     1.785     0  02:21      4.20    0.82    0.63
  H0017981             CONDUIT     0.130     0  02:20      1.84    3.67    1.00
  H0017755             CONDUIT     0.206     0  02:19      1.64    1.67    1.00
  H0017791             CONDUIT     0.143     0  02:19      0.67    0.21    0.44
  H0017357             CONDUIT     0.090     0  02:20      1.27    1.44    1.00
  H0018216             CONDUIT     0.130     0  02:20      1.84    2.36    1.00
  H0016792             CONDUIT     1.061     0  02:20      2.11    0.61    0.74
  H0019507             CONDUIT     0.058     0  02:20      0.82    0.81    1.00
  H0019998             CONDUIT     1.342     0  02:21      3.42    0.54    0.61
  H0019576             CONDUIT     1.123     0  02:21      2.48    0.75    0.67
  H0020087             CONDUIT     0.008     0  02:16      0.18    0.04    0.58
  H0020211             CONDUIT     1.071     0  02:21      2.07    2.67    0.77
  H0018982             CONDUIT     0.213     0  02:21      0.84    0.34    0.50
  H0018753             CONDUIT     0.039     0  02:16      0.64    0.56    1.00
  H0018845             CONDUIT     0.000     0  00:00      0.00    0.00    0.00
  H0018863             CONDUIT     0.080     0  02:20      1.13    1.88    1.00
  H0019156             CONDUIT     0.000     0  00:00      0.00    0.00    0.00
  H0018929             CONDUIT     0.533     0  02:20      1.34    0.46    0.61
  H0018440             CONDUIT     0.162     0  02:19      2.29    2.90    1.00
  H0018456             CONDUIT     0.210     0  02:20      1.67    1.28    1.00
  H0018968             CONDUIT     1.787     0  02:21      4.85    0.69    0.57
  H0022036             CONDUIT     0.056     0  02:20      0.53    0.04    0.25
  H0021806             CONDUIT     0.206     0  02:19      1.64    1.82    1.00
  H0022111             CONDUIT     0.121     0  02:20      0.89    0.86    0.66
  H0021440             CONDUIT     0.983     0  02:20      2.49    0.63    0.60
  H0021704             CONDUIT     0.603     0  02:20      1.58    1.15    0.60
  H0020521             CONDUIT     0.070     0  02:20      0.99    1.42    1.00
  H0020755             CONDUIT     0.083     0  02:21      0.72    0.91    1.00
  H0020530             CONDUIT     1.792     0  02:21      3.21    1.53    0.86
  H0020618             CONDUIT     1.302     0  02:21      3.23    0.81    0.61
  H0021163             CONDUIT     0.121     0  02:19      1.71    2.02    1.00
  H0020497             CONDUIT     0.000     0  00:00      0.00    0.00    1.00
  H0024325             CONDUIT     0.244     0  02:20      1.89    0.73    0.63
  H0023585             CONDUIT     0.470     0  02:20      2.58    1.08    0.94
  H0024098             CONDUIT     0.192     0  02:20      2.71    2.24    1.00
  H0024235             CONDUIT     0.251     0  02:20      1.48    1.03    0.81
  H0024282             CONDUIT     0.000     0  00:00      0.00    0.00    0.00
  H0024308             CONDUIT     1.794     0  02:21      5.43    0.53    0.52
  H0024498             CONDUIT     0.128     0  02:20      1.81    1.98    1.00
  H0026990             CONDUIT     0.065     0  02:19      0.78    0.49    0.85
  H0041650             CONDUIT     0.313     0  02:20      0.90    0.36    0.55
  H0041011             CONDUIT     0.116     0  02:19      1.65    1.15    1.00
  H0045103             CONDUIT     0.235     0  02:21      0.83    0.29    0.52
  H0045104             CONDUIT     1.783     0  02:21      4.54    0.63    0.60
  H0045105             CONDUIT     0.016     0  02:20      0.39    0.27    0.71
  H0045106             CONDUIT     0.366     0  02:20      2.39    0.49    0.80
  H0045107             CONDUIT     0.071     0  02:20      1.01    1.18    1.00
  H0045108             CONDUIT     0.091     0  02:21      1.28    1.63    1.00
  
  
  ***************************
  Flow Classification Summary
  ***************************
  
  -------------------------------------------------------------------------------------
                      Adjusted    ---------- Fraction of Time in Flow Class ---------- 
                       /Actual         Up    Down  Sub   Sup   Up    Down  Norm  Inlet 
  Conduit               Length    Dry  Dry   Dry   Crit  Crit  Crit  Crit  Ltd   Ctrl  
  -------------------------------------------------------------------------------------
  H0014431                1.00   0.03  0.93  0.00  0.04  0.00  0.00  0.00  0.97  0.00
  H0014433                1.00   0.03  0.00  0.00  0.97  0.00  0.00  0.00  0.97  0.00
  H0014352                1.00   0.03  0.00  0.00  0.95  0.02  0.00  0.00  0.97  0.00
  H0014373                1.00   0.03  0.00  0.00  0.93  0.04  0.00  0.00  0.92  0.00
  H0017981                1.00   0.03  0.00  0.00  0.00  0.00  0.00  0.97  0.00  0.00
  H0017755                1.00   0.03  0.00  0.00  0.00  0.00  0.00  0.97  0.00  0.00
  H0017791                1.00   0.03  0.00  0.00  0.97  0.00  0.00  0.00  0.97  0.00
  H0017357                1.00   0.03  0.97  0.00  0.00  0.00  0.00  0.00  0.97  0.00
  H0018216                1.00   0.03  0.93  0.00  0.04  0.00  0.00  0.00  0.97  0.00
  H0016792                1.00   0.03  0.92  0.00  0.05  0.00  0.00  0.00  0.97  0.00
  H0019507                1.00   0.03  0.00  0.00  0.97  0.00  0.00  0.00  0.97  0.00
  H0019998                1.00   0.03  0.00  0.00  0.93  0.04  0.00  0.00  0.05  0.00
  H0019576                1.00   0.03  0.00  0.00  0.95  0.02  0.00  0.00  0.05  0.00
  H0020087                1.00   0.03  0.96  0.00  0.01  0.00  0.00  0.00  0.97  0.00
  H0020211                1.00   0.03  0.00  0.00  0.97  0.00  0.00  0.00  0.92  0.00
  H0018982                1.00   0.03  0.00  0.00  0.97  0.00  0.00  0.00  0.94  0.00
  H0018753                1.00   0.03  0.00  0.00  0.97  0.00  0.00  0.00  0.97  0.00
  H0018845                1.00   1.00  0.00  0.00  0.00  0.00  0.00  0.00  0.00  0.00
  H0018863                1.00   0.03  0.00  0.00  0.97  0.00  0.00  0.00  0.97  0.00
  H0019156                1.00   1.00  0.00  0.00  0.00  0.00  0.00  0.00  0.00  0.00
  H0018929                1.00   0.03  0.93  0.00  0.05  0.00  0.00  0.00  0.97  0.00
  H0018440                1.00   0.03  0.00  0.00  0.97  0.00  0.00  0.00  0.97  0.00
  H0018456                1.00   0.03  0.00  0.00  0.97  0.00  0.00  0.00  0.97  0.00
  H0018968                1.00   0.03  0.00  0.00  0.93  0.04  0.00  0.00  0.94  0.00
  H0022036                1.00   0.03  0.00  0.00  0.01  0.00  0.00  0.96  0.01  0.00
  H0021806                1.00   0.03  0.93  0.00  0.04  0.00  0.00  0.00  0.96  0.00
  H0022111                1.00   0.03  0.00  0.00  0.97  0.00  0.00  0.00  0.00  0.00
  H0021440                1.00   0.03  0.00  0.00  0.95  0.02  0.00  0.00  0.02  0.00
  H0021704                1.00   0.03  0.00  0.00  0.00  0.00  0.00  0.97  0.00  0.00
  H0020521                1.00   0.03  0.00  0.00  0.97  0.00  0.00  0.00  0.97  0.00
  H0020755                1.00   0.03  0.93  0.00  0.04  0.00  0.00  0.00  0.97  0.00
  H0020530                1.00   0.03  0.00  0.00  0.95  0.02  0.00  0.00  0.01  0.00
  H0020618                1.00   0.03  0.00  0.00  0.94  0.03  0.00  0.00  0.93  0.00
  H0021163                1.00   0.03  0.00  0.00  0.97  0.01  0.00  0.00  0.94  0.00
  H0020497                1.20   0.03  0.97  0.00  0.00  0.00  0.00  0.00  0.00  0.00
  H0024325                1.00   0.03  0.00  0.00  0.95  0.02  0.00  0.00  0.94  0.00
  H0023585                1.00   0.03  0.00  0.00  0.00  0.00  0.00  0.97  0.00  0.00
  H0024098                1.00   0.03  0.93  0.00  0.04  0.00  0.00  0.00  0.97  0.00
  H0024235                1.00   0.03  0.00  0.00  0.00  0.00  0.00  0.97  0.00  0.00
  H0024282                1.00   1.00  0.00  0.00  0.00  0.00  0.00  0.00  0.00  0.00
  H0024308                1.00   0.03  0.00  0.00  0.92  0.05  0.00  0.00  0.01  0.00
  H0024498                1.00   0.03  0.00  0.00  0.00  0.00  0.00  0.97  0.00  0.00
  H0026990                1.00   0.03  0.00  0.00  0.97  0.00  0.00  0.00  0.97  0.00
  H0041650                1.00   0.95  0.01  0.00  0.04  0.00  0.00  0.00  0.96  0.00
  H0041011                1.00   0.03  0.00  0.00  0.97  0.00  0.00  0.00  0.97  0.00
  H0045103                1.00   0.03  0.00  0.00  0.97  0.00  0.00  0.00  0.95  0.00
  H0045104                1.00   0.03  0.00  0.00  0.93  0.04  0.00  0.00  0.05  0.00
  H0045105                1.00   0.03  0.00  0.00  0.97  0.00  0.00  0.00  0.97  0.00
  H0045106                1.00   0.03  0.00  0.00  0.95  0.03  0.00  0.00  0.97  0.00
  H0045107                1.00   0.03  0.00  0.00  0.97  0.00  0.00  0.00  0.97  0.00
  H0045108                1.00   0.03  0.00  0.00  0.97  0.00  0.00  0.00  0.97  0.00
  
  
  *************************
  Conduit Surcharge Summary
  *************************
  
  ----------------------------------------------------------------------------
                                                           Hours        Hours 
                         --------- Hours Full --------   Above Full   Capacity
  Conduit                Both Ends  Upstream  Dnstream   Normal Flow   Limited
  ----------------------------------------------------------------------------
  H0014431                    0.14      0.15      0.14      0.16         0.14
  H0014433                    0.08      0.08      0.12      0.01         0.01
  H0014352                    0.01      0.01      0.01      0.01         0.01
  H0017981                    0.04      0.08      0.04      0.17         0.07
  H0017755                    0.03      0.06      0.03      0.10         0.05
  H0017357                    0.01      0.01      0.08      0.04         0.01
  H0018216                    0.08      0.10      0.08      0.12         0.09
  H0019507                    0.08      0.08      0.15      0.01         0.01
  H0020211                    0.01      0.01      0.01      0.15         0.01
  H0018753                    0.08      0.08      0.15      0.01         0.01
  H0018863                    0.15      0.15      0.16      0.08         0.07
  H0018440                    0.12      0.17      0.12      0.19         0.15
  H0018456                    0.01      0.03      0.01      0.06         0.03
  H0021806                    0.06      0.09      0.06      0.11         0.08
  H0021704                    0.01      0.01      0.01      0.04         0.01
  H0020521                    0.08      0.08      0.10      0.06         0.06
  H0020755                    0.02      0.02      0.03      0.01         0.01
  H0020530                    0.01      0.01      0.01      0.08         0.01
  H0021163                    0.11      0.12      0.13      0.12         0.10
  H0023585                    0.01      0.01      0.01      0.03         0.01
  H0024098                    0.16      0.16      0.19      0.13         0.12
  H0024235                    0.01      0.01      0.01      0.01         0.01
  H0024498                    0.01      0.14      0.01      0.17         0.11
  H0026990                    0.01      0.01      0.02      0.01         0.01
  H0041011                    0.13      0.13      0.16      0.04         0.04
  H0045107                    0.12      0.12      0.15      0.03         0.03
  H0045108                    0.15      0.15      0.17      0.10         0.10
  

  Analysis begun on:  Fri Mar 22 15:55:52 2024
  Analysis ended on:  Fri Mar 22 15:56:01 2024
  Total elapsed time: 00:00:09