
  EPA STORM WATER MANAGEMENT MODEL - VERSION 5.2 (Build 5.2.4)
  PYSWMM TOOLKIT API - VERSION v1.0 (2023-11-27)
  ------------------------------------------------------------

  Gievenbeck_e2_T100D1440 
  
  ****************
  Analysis Options
  ****************
  Flow Units ............... CMS
  Process Models:
    Rainfall/Runoff ........ YES
    RDII ................... NO
    Snowmelt ............... NO
    Groundwater ............ NO
    Flow Routing ........... YES
    Ponding Allowed ........ NO
    Water Quality .......... NO
  Infiltration Method ...... HORTON
  Flow Routing Method ...... DYNWAVE
  Surcharge Method ......... SLOT
  Starting Date ............ 01/01/2024 00:00:00
  Ending Date .............. 01/04/2024 04:00:00
  Antecedent Dry Days ...... 14.0
  Report Time Step ......... 00:01:00
  Wet Time Step ............ 00:01:00
  Dry Time Step ............ 00:01:00
  Routing Time Step ........ 1.00 sec
  Variable Time Step ....... YES
  Maximum Trials ........... 8
  Number of Threads ........ 1
  Head Tolerance ........... 0.001500 m
  
  
  **************************        Volume         Depth
  Runoff Quantity Continuity     hectare-m            mm
  **************************     ---------       -------
  Total Precipitation ......         1.027       101.500
  Evaporation Loss .........         0.010         0.949
  Infiltration Loss ........         0.435        42.968
  Surface Runoff ...........         0.584        57.671
  Final Storage ............         0.000         0.000
  Continuity Error (%) .....        -0.086
  
  
  **************************        Volume        Volume
  Flow Routing Continuity        hectare-m      10^6 ltr
  **************************     ---------     ---------
  Dry Weather Inflow .......         0.000         0.000
  Wet Weather Inflow .......         0.584         5.838
  Groundwater Inflow .......         0.000         0.000
  RDII Inflow ..............         0.000         0.000
  External Inflow ..........         0.000         0.000
  External Outflow .........         0.535         5.345
  Flooding Loss ............         0.050         0.501
  Evaporation Loss .........         0.000         0.000
  Exfiltration Loss ........         0.000         0.000
  Initial Stored Volume ....         0.000         0.000
  Final Stored Volume ......         0.000         0.000
  Continuity Error (%) .....        -0.151
  
  
  *************************
  Highest Continuity Errors
  *************************
  Node R0019205 (-13.54%)
  Node R0019206 (1.99%)
  
  
  ***************************
  Time-Step Critical Elements
  ***************************
  None
  
  
  ********************************
  Highest Flow Instability Indexes
  ********************************
  All links are stable.
  
  
  *********************************
  Most Frequent Nonconverging Nodes
  *********************************
  Node R0019769 (0.01%)
  Node R0021458 (0.00%)
  Node R0019945 (0.00%)
  Node R0019843 (0.00%)
  Node R0021453 (0.00%)
  
  
  *************************
  Routing Time Step Summary
  *************************
  Minimum Time Step           :     0.50 sec
  Average Time Step           :     1.00 sec
  Maximum Time Step           :     1.00 sec
  % of Time in Steady State   :     0.00
  Average Iterations per Step :     2.00
  % of Steps Not Converging   :     0.01
  Time Step Frequencies       :
      1.000 -  0.871 sec      :    99.98 %
      0.871 -  0.758 sec      :     0.01 %
      0.758 -  0.660 sec      :     0.00 %
      0.660 -  0.574 sec      :     0.00 %
      0.574 -  0.500 sec      :     0.00 %
  
  
  ***************************
  Subcatchment Runoff Summary
  ***************************
  
  ------------------------------------------------------------------------------------------------------------------------------
                            Total      Total      Total      Total     Imperv       Perv      Total       Total     Peak  Runoff
                           Precip      Runon       Evap      Infil     Runoff     Runoff     Runoff      Runoff   Runoff   Coeff
  Subcatchment                 mm         mm         mm         mm         mm         mm         mm    10^6 ltr      CMS
  ------------------------------------------------------------------------------------------------------------------------------
  EZG_368                  101.50       0.00       0.94      43.23      49.87      15.02      57.41        0.24     0.22   0.566
  EZG_392                  101.50       0.00       0.94      43.04      49.87      15.21      57.61        0.19     0.18   0.568
  EZG_352                  101.50       0.00       0.95      43.52      49.86      14.73      57.11        0.34     0.31   0.563
  EZG_372                  101.50       0.00       0.93      42.46      49.90      15.81      58.22        0.08     0.08   0.574
  EZG_416                  101.50       0.00       0.94      42.97      49.88      15.29      57.69        0.17     0.16   0.568
  EZG_388                  101.50       0.00       0.94      43.31      49.87      14.95      57.33        0.26     0.24   0.565
  EZG_394                  101.50       0.00       0.94      42.93      49.88      15.33      57.73        0.16     0.16   0.569
  EZG_400                  101.50       0.00       0.94      42.88      49.88      15.38      57.78        0.15     0.15   0.569
  EZG_390                  101.50       0.00       0.94      43.03      49.88      15.23      57.63        0.18     0.18   0.568
  EZG_350                  101.50       0.00       0.94      43.31      49.86      14.94      57.32        0.26     0.25   0.565
  EZG_370                  101.50       0.00       0.94      43.12      49.87      15.14      57.53        0.21     0.20   0.567
  EZG_398                  101.50       0.00       0.93      42.28      49.91      15.99      58.41        0.06     0.06   0.575
  EZG_382                  101.50       0.00       0.93      42.22      49.91      16.05      58.48        0.05     0.05   0.576
  EZG_374                  101.50       0.00       1.14      35.91      59.83      13.69      64.54        0.24     0.22   0.636
  EZG_412                  101.50       0.00       0.92      41.84      49.93      16.45      58.88        0.02     0.03   0.580
  EZG_344                  101.50       0.00       0.94      42.87      49.88      15.40      57.79        0.15     0.14   0.569
  EZG_376                  101.50       0.00       0.93      42.70      49.89      15.56      57.96        0.12     0.12   0.571
  EZG_356                  101.50       0.00       0.95      43.59      49.86      14.66      57.03        0.37     0.33   0.562
  EZG_386                  101.50       0.00       0.95      43.79      49.85      14.46      56.83        0.45     0.40   0.560
  EZG_380                  101.50       0.00       0.94      43.18      49.87      15.07      57.46        0.22     0.21   0.566
  EZG_378                  101.50       0.00       0.94      43.09      49.87      15.17      57.56        0.20     0.19   0.567
  EZG_414                  101.50       0.00       0.93      42.21      49.91      16.06      58.49        0.05     0.05   0.576
  EZG_402                  101.50       0.00       0.94      43.05      49.87      15.21      57.61        0.19     0.18   0.568
  EZG_358                  101.50       0.00       0.95      43.58      49.86      14.67      57.04        0.36     0.33   0.562
  EZG_364                  101.50       0.00       0.95      43.58      49.86      14.67      57.04        0.36     0.33   0.562
  EZG_410                  101.50       0.00       0.94      42.74      49.89      15.52      57.93        0.12     0.12   0.571
  EZG_366                  101.50       0.00       0.94      42.83      49.88      15.43      57.83        0.14     0.14   0.570
  EZG_18259                101.50       0.00       0.94      42.82      49.88      15.44      57.84        0.14     0.14   0.570
  EZG_18258                101.50       0.00       0.92      42.04      49.92      16.24      58.68        0.04     0.04   0.578
  EZG_346                  101.50       0.00       0.92      43.86      48.88      15.26      56.81        0.21     0.20   0.560
  EZG_348                  101.50       0.00       0.92      43.50      48.89      15.63      57.19        0.13     0.13   0.563
  
  
  ******************
  Node Depth Summary
  ******************
  
  ---------------------------------------------------------------------------------
                                 Average  Maximum  Maximum  Time of Max    Reported
                                   Depth    Depth      HGL   Occurrence   Max Depth
  Node                 Type       Meters   Meters   Meters  days hr:min      Meters
  ---------------------------------------------------------------------------------
  R0019466             JUNCTION     0.02     2.81    72.26     0  10:02        2.81
  R0019468             JUNCTION     0.02     2.73    72.04     0  10:02        2.73
  R0019831             JUNCTION     0.01     1.66    70.83     0  10:01        1.66
  R0019825             JUNCTION     0.02     1.50    70.34     0  10:00        1.50
  R0019843             JUNCTION     0.03     2.17    69.80     0  10:04        2.13
  R0019368             JUNCTION     0.04     1.95    68.74     0  10:04        1.95
  R0019369             JUNCTION     0.03     1.31    67.90     0  10:04        1.25
  R0019370             JUNCTION     0.02     0.69    66.59     0  10:04        0.68
  R0019345             JUNCTION     0.02     2.05    71.95     0  10:04        2.05
  R0019346             JUNCTION     0.02     2.14    71.94     0  10:04        2.08
  R0043600             JUNCTION     0.02     2.91    72.58     0  10:04        2.38
  R0019203             JUNCTION     0.02     2.83    72.37     0  10:04        2.64
  R0043594             JUNCTION     0.02     2.75    72.48     0  10:03        2.69
  R0021458             JUNCTION     0.02     2.86    72.51     0  10:04        2.73
  R0019202             JUNCTION     0.02     2.88    72.46     0  10:04        2.66
  R0019373             JUNCTION     0.01     2.80    72.47     0  10:04        2.80
  R0019254             JUNCTION     0.02     2.13    72.17     0  10:02        2.13
  R0019716             JUNCTION     0.02     2.58    71.59     0  10:04        2.53
  R0019946             JUNCTION     0.04     2.42    71.04     0  10:04        2.42
  R0013935             JUNCTION     0.01     1.62    70.45     0  10:01        1.62
  R0019939             JUNCTION     0.02     1.92    70.49     0  10:04        1.91
  R0019944             JUNCTION     0.02     1.98    70.26     0  10:04        1.95
  R0043703             JUNCTION     0.03     2.16    70.76     0  10:04        2.11
  R0019945             JUNCTION     0.03     2.05    70.45     0  10:04        2.00
  R0039621             JUNCTION     0.00     1.56    71.13     0  10:02        1.56
  R0019838             JUNCTION     0.02     1.80    71.26     0  10:02        1.80
  R0039606             JUNCTION     0.02     2.89    72.48     0  10:04        2.67
  R0019204             JUNCTION     0.00     0.00    69.91     0  00:00        0.00
  R0019205             JUNCTION     0.00     0.15    69.77     0  10:05        0.14
  R0019849             JUNCTION     0.02     1.96    70.48     0  10:04        1.88
  R0019371             JUNCTION     0.00     0.00    70.41     0  00:00        0.00
  R0019718             JUNCTION     0.03     2.87    72.29     0  10:04        2.71
  R0021442             JUNCTION     0.02     2.05    72.10     0  10:00        2.05
  R0019247             JUNCTION     0.02     2.26    72.14     0  10:04        2.26
  R0019719             JUNCTION     0.02     2.30    71.98     0  10:04        2.22
  R0019767             JUNCTION     0.02     0.73    65.46     0  10:04        0.73
  R0019768             JUNCTION     0.02     0.59    64.36     0  10:04        0.58
  R0021453             JUNCTION     0.01     2.40    72.35     0  10:03        2.40
  R0019839             JUNCTION     0.02     2.05    71.44     0  10:02        1.97
  R0019717             JUNCTION     0.02     2.67    72.01     0  10:04        2.61
  R0019252             JUNCTION     0.01     1.94    72.13     0  10:01        1.94
  R0019721             JUNCTION     0.01     1.96    71.83     0  10:04        1.96
  R0019942             JUNCTION     0.01     1.89    70.54     0  10:04        1.68
  R0019206             JUNCTION     0.00     0.88    69.95     0  10:04        0.63
  R0019840             JUNCTION     0.01     2.34    71.31     0  10:04        2.28
  R0043702             JUNCTION     0.02     2.57    71.27     0  10:04        2.51
  R0019723             JUNCTION     0.01     1.72    71.80     0  10:03        1.72
  R0019724             JUNCTION     0.01     1.71    71.87     0  10:03        1.68
  R0021433             JUNCTION     0.01     2.15    72.54     0  10:00        2.15
  R0021435             JUNCTION     0.02     2.11    72.29     0  10:00        2.11
  R0019769             OUTFALL      0.02     0.59    63.97     0  10:04        0.58
  
  
  *******************
  Node Inflow Summary
  *******************
  
  -------------------------------------------------------------------------------------------------
                                  Maximum  Maximum                  Lateral       Total        Flow
                                  Lateral    Total  Time of Max      Inflow      Inflow     Balance
                                   Inflow   Inflow   Occurrence      Volume      Volume       Error
  Node                 Type           CMS      CMS  days hr:min    10^6 ltr    10^6 ltr     Percent
  -------------------------------------------------------------------------------------------------
  R0019466             JUNCTION     0.224    0.300     0  10:05       0.237       0.375       0.006
  R0019468             JUNCTION     0.137    0.212     0  10:05       0.138       0.471      -0.004
  R0019831             JUNCTION     0.180    0.180     0  10:05       0.187       0.187       0.020
  R0019825             JUNCTION     0.181    0.286     0  10:05       0.187        0.36       0.014
  R0019843             JUNCTION     0.000    2.781     0  10:04           0        5.36      -0.027
  R0019368             JUNCTION     0.000    2.740     0  10:04           0        5.36      -0.018
  R0019369             JUNCTION     0.000    2.699     0  10:04           0        5.34      -0.011
  R0019370             JUNCTION     0.000    2.625     0  10:04           0        5.35       0.003
  R0019345             JUNCTION     0.000    0.163     0  10:01           0       0.308       0.022
  R0019346             JUNCTION     0.026    0.326     0  10:02      0.0235       0.528       0.003
  R0043600             JUNCTION     0.000    0.233     0  10:04           0       0.559      -0.020
  R0019203             JUNCTION     0.055    0.975     0  10:05      0.0517        1.51      -0.046
  R0043594             JUNCTION     0.307    0.825     0  10:03       0.337       0.491      -0.124
  R0021458             JUNCTION     0.246    0.719     0  10:04       0.263       0.754      -0.090
  R0019202             JUNCTION     0.082    0.883     0  10:04      0.0788       0.906      -0.169
  R0019373             JUNCTION     0.198    0.235     0  10:02       0.206        0.22       0.468
  R0019254             JUNCTION     0.164    0.180     0  10:01       0.168       0.318       0.008
  R0019716             JUNCTION     0.244    1.939     0  10:04       0.261         3.1      -0.012
  R0019946             JUNCTION     0.000    1.946     0  10:04           0         3.1      -0.009
  R0013935             JUNCTION     0.157    0.158     0  10:05        0.16        0.16       0.010
  R0019939             JUNCTION     0.061    0.131     0  10:01      0.0578       0.191      -0.015
  R0019944             JUNCTION     0.147    2.122     0  10:04       0.149        3.89       0.005
  R0043703             JUNCTION     0.177    1.934     0  10:05       0.182        3.27      -0.008
  R0019945             JUNCTION     0.000    1.986     0  10:04           0        3.75      -0.016
  R0039621             JUNCTION     0.000    0.255     0  10:05           0       0.065      -0.420
  R0019838             JUNCTION     0.329    0.487     0  10:05       0.365       0.385      -0.059
  R0039606             JUNCTION     0.000    0.712     0  10:04           0       0.754       0.101
  R0019204             JUNCTION     0.000    0.000     0  00:00           0           0       0.000 ltr
  R0019205             JUNCTION     0.000    0.033     0  10:04           0     0.00137     -11.924
  R0019849             JUNCTION     0.000    0.224     0  10:01           0       0.478       0.001
  R0019371             JUNCTION     0.000    0.000     0  00:00           0           0       0.000 ltr
  R0019718             JUNCTION     0.213    1.170     0  10:05       0.224        1.74      -0.197
  R0021442             JUNCTION     0.222    0.294     0  10:05       0.245        0.51       0.001
  R0019247             JUNCTION     0.116    0.231     0  10:03       0.116       0.567       0.045
  R0019719             JUNCTION     0.122    0.420     0  10:02       0.122       0.645       0.228
  R0019767             JUNCTION     0.000    2.604     0  10:04           0        5.35      -0.002
  R0019768             JUNCTION     0.000    2.593     0  10:04           0        5.35       0.002
  R0021453             JUNCTION     0.144    0.738     0  10:03       0.146        0.15      -1.715
  R0019839             JUNCTION     0.326    0.399     0  10:02       0.361       0.658       0.003
  R0019717             JUNCTION     0.399    1.709     0  10:04       0.454        2.84       0.001
  R0019252             JUNCTION     0.190    0.216     0  10:05       0.197       0.201      -0.024
  R0019721             JUNCTION     0.054    0.183     0  10:03      0.0509       0.208       0.020
  R0019942             JUNCTION     0.000    0.122     0  10:01           0       0.288      -0.033
  R0019206             JUNCTION     0.000    0.099     0  10:04           0     0.00631       2.029
  R0019840             JUNCTION     0.000    0.559     0  10:02           0         1.1      -0.035
  R0043702             JUNCTION     0.326    0.760     0  10:02       0.361        1.47       0.182
  R0019723             JUNCTION     0.137    0.176     0  10:05       0.137       0.175      -0.108
  R0019724             JUNCTION     0.039    0.066     0  10:01      0.0359      0.0363      -0.207
  R0021433             JUNCTION     0.199    0.199     0  10:05       0.207       0.207      -0.050
  R0021435             JUNCTION     0.128    0.199     0  10:05       0.127       0.304       0.008
  R0019769             OUTFALL      0.000    2.597     0  10:04           0        5.35       0.000
  
  
  **********************
  Node Surcharge Summary
  **********************
  
  Surcharging occurs when water rises above the top of the highest conduit.
  ---------------------------------------------------------------------
                                               Max. Height   Min. Depth
                                   Hours       Above Crown    Below Rim
  Node                 Type      Surcharged         Meters       Meters
  ---------------------------------------------------------------------
  R0019466             JUNCTION        0.31          2.510        0.000
  R0019468             JUNCTION        0.31          2.430        0.000
  R0019831             JUNCTION        0.21          1.360        0.000
  R0019825             JUNCTION        0.27          1.200        0.000
  R0019843             JUNCTION        0.14          1.265        1.355
  R0019368             JUNCTION        0.17          1.050        0.000
  R0019369             JUNCTION        0.07          0.413        0.637
  R0019345             JUNCTION        0.20          1.750        0.000
  R0019346             JUNCTION        0.16          1.740        0.000
  R0043600             JUNCTION        0.18          2.514        0.066
  R0019203             JUNCTION        0.09          1.929        0.051
  R0043594             JUNCTION        0.07          1.820        0.000
  R0021458             JUNCTION        0.08          1.964        0.116
  R0019202             JUNCTION        0.09          1.982        0.018
  R0019373             JUNCTION        0.23          2.500        0.000
  R0019254             JUNCTION        0.24          1.830        0.000
  R0019716             JUNCTION        0.11          1.678        0.042
  R0019946             JUNCTION        0.15          1.520        0.000
  R0013935             JUNCTION        0.23          1.320        0.000
  R0019939             JUNCTION        0.32          1.620        0.000
  R0019944             JUNCTION        0.10          1.079        0.451
  R0043703             JUNCTION        0.10          1.256        0.064
  R0019945             JUNCTION        0.10          1.147        0.313
  R0039621             JUNCTION        0.11          1.060        0.000
  R0019838             JUNCTION        0.12          1.300        0.000
  R0039606             JUNCTION        0.09          1.989        0.011
  R0019849             JUNCTION        0.33          1.658        0.272
  R0019718             JUNCTION        0.10          1.969        0.031
  R0021442             JUNCTION        0.34          1.750        0.000
  R0019247             JUNCTION        0.22          1.860        0.000
  R0019719             JUNCTION        0.14          1.800        0.000
  R0021453             JUNCTION        0.06          1.500        0.000
  R0019839             JUNCTION        0.12          1.550        0.100
  R0019717             JUNCTION        0.09          1.731        0.119
  R0019252             JUNCTION        0.21          1.640        0.000
  R0019721             JUNCTION        0.15          1.560        0.000
  R0019942             JUNCTION        0.29          1.590        0.060
  R0019206             JUNCTION        0.06          0.576        1.134
  R0019840             JUNCTION        0.15          1.840        0.730
  R0043702             JUNCTION        0.17          2.066        0.844
  R0019723             JUNCTION        0.13          1.320        0.000
  R0019724             JUNCTION        0.13          1.413        0.037
  R0021433             JUNCTION        0.27          1.850        0.000
  R0021435             JUNCTION        0.31          1.810        0.000
  
  
  *********************
  Node Flooding Summary
  *********************
  
  Flooding refers to all water that overflows a node, whether it ponds or not.
  --------------------------------------------------------------------------
                                                             Total   Maximum
                                 Maximum   Time of Max       Flood    Ponded
                        Hours       Rate    Occurrence      Volume     Depth
  Node                 Flooded       CMS   days hr:min    10^6 ltr    Meters
  --------------------------------------------------------------------------
  R0019466                0.06     0.225      0  10:05       0.029     0.000
  R0019468                0.06     0.075      0  10:04       0.010     0.000
  R0019831                0.09     0.080      0  10:05       0.014     0.000
  R0019825                0.13     0.286      0  10:05       0.073     0.000
  R0019368                0.03     0.197      0  10:05       0.016     0.000
  R0019345                0.02     0.040      0  10:04       0.002     0.000
  R0019346                0.01     0.041      0  10:04       0.001     0.000
  R0043594                0.01     0.252      0  10:03       0.001     0.000
  R0019373                0.02     0.058      0  10:04       0.002     0.000
  R0019254                0.06     0.063      0  10:05       0.006     0.000
  R0019946                0.02     0.247      0  10:04       0.013     0.000
  R0013935                0.10     0.158      0  10:05       0.027     0.000
  R0019939                0.01     0.023      0  10:04       0.000     0.000
  R0039621                0.09     0.255      0  10:05       0.061     0.000
  R0019838                0.06     0.231      0  10:05       0.023     0.000
  R0021442                0.12     0.287      0  10:05       0.059     0.000
  R0019247                0.02     0.128      0  10:04       0.007     0.000
  R0019719                0.01     0.055      0  10:04       0.001     0.000
  R0021453                0.02     0.493      0  10:03       0.006     0.000
  R0019252                0.11     0.216      0  10:05       0.051     0.000
  R0019721                0.03     0.131      0  10:05       0.009     0.000
  R0019723                0.06     0.160      0  10:05       0.021     0.000
  R0021433                0.12     0.127      0  10:05       0.030     0.000
  R0021435                0.14     0.127      0  10:05       0.039     0.000
  
  
  ***********************
  Outfall Loading Summary
  ***********************
  
  -----------------------------------------------------------
                         Flow       Avg       Max       Total
                         Freq      Flow      Flow      Volume
  Outfall Node           Pcnt       CMS       CMS    10^6 ltr
  -----------------------------------------------------------
  R0019769              33.71     0.058     2.597       5.345
  -----------------------------------------------------------
  System                33.71     0.058     2.597       5.345
  
  
  ********************
  Link Flow Summary
  ********************
  
  -----------------------------------------------------------------------------
                                 Maximum  Time of Max   Maximum    Max/    Max/
                                  |Flow|   Occurrence   |Veloc|    Full    Full
  Link                 Type          CMS  days hr:min     m/sec    Flow   Depth
  -----------------------------------------------------------------------------
  H0014431             CONDUIT     0.091     0  10:01      1.28    1.68    1.00
  H0014433             CONDUIT     0.100     0  10:05      1.42    1.28    1.00
  H0014352             CONDUIT     2.740     0  10:04      4.31    1.12    1.00
  H0014373             CONDUIT     2.625     0  10:04      4.32    1.21    1.00
  H0017981             CONDUIT     0.162     0  10:01      2.29    4.59    1.00
  H0017755             CONDUIT     0.273     0  10:03      2.17    2.21    1.00
  H0017791             CONDUIT     0.553     0  10:03      0.87    0.80    1.00
  H0017357             CONDUIT     0.225     0  10:03      3.18    3.59    1.00
  H0018216             CONDUIT     0.163     0  10:01      2.31    2.97    1.00
  H0016792             CONDUIT     1.946     0  10:04      3.06    1.12    1.00
  H0019507             CONDUIT     0.087     0  10:01      1.24    1.21    1.00
  H0019998             CONDUIT     2.142     0  10:04      3.45    0.86    1.00
  H0019576             CONDUIT     1.929     0  10:05      3.03    1.30    1.00
  H0020087             CONDUIT     0.255     0  10:05      1.30    1.12    1.00
  H0020211             CONDUIT     1.797     0  10:05      2.82    4.48    1.00
  H0018982             CONDUIT     0.712     0  10:04      1.12    1.15    1.00
  H0018753             CONDUIT     0.076     0  10:05      1.08    1.08    1.00
  H0018845             CONDUIT     0.000     0  00:00      0.00    0.00    0.26
  H0018863             CONDUIT     0.127     0  10:01      1.79    2.97    1.00
  H0019156             CONDUIT     0.000     0  00:00      0.00    0.00    0.00
  H0018929             CONDUIT     0.979     0  10:05      1.54    0.85    1.00
  H0018440             CONDUIT     0.158     0  10:00      2.24    2.83    1.00
  H0018456             CONDUIT     0.319     0  10:02      2.54    1.94    1.00
  H0018968             CONDUIT     2.593     0  10:04      5.18    1.00    0.73
  H0022036             CONDUIT     0.607     0  10:03      0.95    0.47    1.00
  H0021806             CONDUIT     0.228     0  10:03      1.81    2.02    1.00
  H0022111             CONDUIT     0.162     0  10:07      0.88    1.16    1.00
  H0021440             CONDUIT     1.701     0  10:04      2.67    1.10    1.00
  H0021704             CONDUIT     1.171     0  10:05      1.84    2.23    1.00
  H0020521             CONDUIT     0.082     0  10:01      1.16    1.67    1.00
  H0020755             CONDUIT     0.170     0  10:03      1.35    1.87    1.00
  H0020530             CONDUIT     2.699     0  10:04      4.24    2.31    1.00
  H0020618             CONDUIT     1.979     0  10:04      3.35    1.23    1.00
  H0021163             CONDUIT     0.122     0  10:01      1.72    2.03    1.00
  H0020497             CONDUIT     0.099     0  10:04      1.41    0.22    1.00
  H0024325             CONDUIT     0.396     0  10:02      2.02    1.18    1.00
  H0023585             CONDUIT     0.731     0  10:02      3.72    1.68    1.00
  H0024098             CONDUIT     0.221     0  10:02      3.13    2.58    1.00
  H0024235             CONDUIT     0.409     0  10:02      2.08    1.68    1.00
  H0024282             CONDUIT     0.033     0  10:04      0.62    0.32    1.00
  H0024308             CONDUIT     2.597     0  10:04      5.90    0.76    0.65
  H0024498             CONDUIT     0.169     0  10:02      2.39    2.62    1.00
  H0026990             CONDUIT     0.136     0  10:02      1.08    1.03    1.00
  H0041650             CONDUIT     0.887     0  10:05      1.39    1.03    1.00
  H0041011             CONDUIT     0.113     0  10:01      1.60    1.12    1.00
  H0045103             CONDUIT     0.703     0  10:04      1.10    0.88    1.00
  H0045104             CONDUIT     2.604     0  10:04      4.86    0.92    0.79
  H0045105             CONDUIT     0.043     0  10:03      0.61    0.74    1.00
  H0045106             CONDUIT     0.513     0  10:02      2.61    0.69    1.00
  H0045107             CONDUIT     0.072     0  10:06      1.01    1.18    1.00
  H0045108             CONDUIT     0.089     0  10:09      1.26    1.61    1.00
  
  
  ***************************
  Flow Classification Summary
  ***************************
  
  -------------------------------------------------------------------------------------
                      Adjusted    ---------- Fraction of Time in Flow Class ---------- 
                       /Actual         Up    Down  Sub   Sup   Up    Down  Norm  Inlet 
  Conduit               Length    Dry  Dry   Dry   Crit  Crit  Crit  Crit  Ltd   Ctrl  
  -------------------------------------------------------------------------------------
  H0014431                1.00   0.04  0.00  0.00  0.96  0.00  0.00  0.00  0.95  0.00
  H0014433                1.00   0.04  0.00  0.00  0.96  0.00  0.00  0.00  0.96  0.00
  H0014352                1.00   0.04  0.00  0.00  0.65  0.31  0.00  0.00  0.96  0.00
  H0014373                1.00   0.04  0.00  0.00  0.63  0.33  0.00  0.00  0.62  0.00
  H0017981                1.00   0.04  0.00  0.00  0.00  0.00  0.00  0.96  0.00  0.00
  H0017755                1.00   0.04  0.00  0.00  0.00  0.00  0.00  0.96  0.00  0.00
  H0017791                1.00   0.04  0.00  0.00  0.96  0.00  0.00  0.00  0.96  0.00
  H0017357                1.00   0.04  0.96  0.00  0.00  0.00  0.00  0.00  0.87  0.00
  H0018216                1.00   0.04  0.62  0.00  0.34  0.00  0.00  0.00  0.96  0.00
  H0016792                1.00   0.04  0.62  0.00  0.34  0.00  0.00  0.00  0.96  0.00
  H0019507                1.00   0.04  0.00  0.00  0.96  0.00  0.00  0.00  0.96  0.00
  H0019998                1.00   0.04  0.00  0.00  0.63  0.33  0.00  0.00  0.34  0.00
  H0019576                1.00   0.04  0.00  0.00  0.66  0.31  0.00  0.00  0.33  0.00
  H0020087                1.00   0.04  0.94  0.00  0.02  0.00  0.00  0.00  0.86  0.00
  H0020211                1.00   0.04  0.00  0.00  0.96  0.00  0.00  0.00  0.61  0.00
  H0018982                1.00   0.04  0.00  0.00  0.96  0.00  0.00  0.00  0.64  0.00
  H0018753                1.00   0.04  0.00  0.00  0.96  0.00  0.00  0.00  0.96  0.00
  H0018845                1.00   0.13  0.87  0.00  0.00  0.00  0.00  0.00  0.00  0.00
  H0018863                1.00   0.04  0.00  0.00  0.96  0.00  0.00  0.00  0.95  0.00
  H0019156                1.00   1.00  0.00  0.00  0.00  0.00  0.00  0.00  0.00  0.00
  H0018929                1.00   0.04  0.62  0.00  0.34  0.00  0.00  0.00  0.96  0.00
  H0018440                1.00   0.04  0.00  0.00  0.96  0.00  0.00  0.00  0.95  0.00
  H0018456                1.00   0.04  0.00  0.00  0.96  0.00  0.00  0.00  0.95  0.00
  H0018968                1.00   0.04  0.00  0.00  0.63  0.33  0.00  0.00  0.64  0.00
  H0022036                1.00   0.04  0.00  0.00  0.06  0.08  0.00  0.82  0.04  0.00
  H0021806                1.00   0.04  0.62  0.00  0.34  0.00  0.00  0.00  0.66  0.00
  H0022111                1.00   0.04  0.00  0.00  0.96  0.00  0.00  0.00  0.00  0.00
  H0021440                1.00   0.04  0.00  0.00  0.65  0.31  0.00  0.00  0.02  0.00
  H0021704                1.00   0.04  0.00  0.00  0.00  0.00  0.00  0.96  0.00  0.00
  H0020521                1.00   0.04  0.00  0.00  0.96  0.00  0.00  0.00  0.96  0.00
  H0020755                1.00   0.04  0.63  0.00  0.33  0.00  0.00  0.00  0.95  0.00
  H0020530                1.00   0.04  0.00  0.00  0.65  0.31  0.00  0.00  0.02  0.00
  H0020618                1.00   0.04  0.00  0.00  0.64  0.32  0.00  0.00  0.66  0.00
  H0021163                1.00   0.04  0.00  0.00  0.94  0.02  0.00  0.00  0.64  0.00
  H0020497                1.20   0.04  0.96  0.00  0.01  0.00  0.00  0.00  0.87  0.00
  H0024325                1.00   0.04  0.00  0.00  0.65  0.31  0.00  0.00  0.64  0.00
  H0023585                1.00   0.04  0.00  0.00  0.00  0.00  0.00  0.96  0.00  0.00
  H0024098                1.00   0.04  0.63  0.00  0.34  0.00  0.00  0.00  0.95  0.00
  H0024235                1.00   0.04  0.00  0.00  0.00  0.00  0.00  0.96  0.00  0.00
  H0024282                1.00   0.13  0.00  0.00  0.86  0.00  0.00  0.00  0.00  0.00
  H0024308                1.00   0.04  0.00  0.00  0.62  0.35  0.00  0.00  0.19  0.00
  H0024498                1.00   0.04  0.00  0.00  0.00  0.00  0.00  0.96  0.00  0.00
  H0026990                1.00   0.04  0.00  0.00  0.96  0.00  0.00  0.00  0.96  0.00
  H0041650                1.00   0.66  0.01  0.00  0.33  0.00  0.00  0.00  0.94  0.00
  H0041011                1.00   0.04  0.00  0.00  0.96  0.00  0.00  0.00  0.95  0.00
  H0045103                1.00   0.04  0.00  0.00  0.96  0.00  0.00  0.00  0.65  0.00
  H0045104                1.00   0.04  0.00  0.00  0.63  0.34  0.00  0.00  0.34  0.00
  H0045105                1.00   0.04  0.00  0.00  0.96  0.00  0.00  0.00  0.96  0.00
  H0045106                1.00   0.04  0.00  0.00  0.65  0.32  0.00  0.00  0.96  0.00
  H0045107                1.00   0.04  0.00  0.00  0.96  0.00  0.00  0.00  0.96  0.00
  H0045108                1.00   0.04  0.00  0.00  0.96  0.00  0.00  0.00  0.96  0.00
  
  
  *************************
  Conduit Surcharge Summary
  *************************
  
  ----------------------------------------------------------------------------
                                                           Hours        Hours 
                         --------- Hours Full --------   Above Full   Capacity
  Conduit                Both Ends  Upstream  Dnstream   Normal Flow   Limited
  ----------------------------------------------------------------------------
  H0014431                    0.31      0.31      0.31      0.34         0.31
  H0014433                    0.21      0.21      0.27      0.10         0.10
  H0014352                    0.14      0.14      0.17      0.06         0.06
  H0014373                    0.01      0.07      0.01      0.12         0.05
  H0017981                    0.16      0.20      0.16      0.39         0.17
  H0017755                    0.17      0.18      0.17      0.21         0.15
  H0017791                    0.08      0.08      0.08      0.01         0.01
  H0017357                    0.15      0.15      0.23      0.14         0.01
  H0018216                    0.20      0.24      0.20      0.28         0.23
  H0016792                    0.11      0.11      0.15      0.03         0.03
  H0019507                    0.23      0.23      0.32      0.03         0.02
  H0019998                    0.10      0.10      0.14      0.01         0.01
  H0019576                    0.10      0.10      0.10      0.11         0.08
  H0020087                    0.11      0.11      0.12      0.05         0.01
  H0020211                    0.10      0.15      0.10      0.33         0.11
  H0018982                    0.08      0.08      0.09      0.01         0.02
  H0018753                    0.23      0.23      0.31      0.02         0.01
  H0018863                    0.32      0.32      0.33      0.20         0.19
  H0018929                    0.09      0.09      0.10      0.01         0.01
  H0018440                    0.27      0.34      0.27      0.37         0.29
  H0018456                    0.16      0.16      0.16      0.14         0.12
  H0022036                    0.06      0.06      0.07      0.01         0.01
  H0021806                    0.18      0.22      0.18      0.22         0.17
  H0022111                    0.12      0.12      0.12      0.04         0.04
  H0021440                    0.09      0.09      0.11      0.03         0.03
  H0021704                    0.09      0.10      0.09      0.17         0.09
  H0020521                    0.21      0.21      0.24      0.07         0.06
  H0020755                    0.15      0.15      0.16      0.07         0.07
  H0020530                    0.07      0.17      0.07      0.22         0.16
  H0020618                    0.10      0.10      0.10      0.12         0.09
  H0021163                    0.27      0.27      0.29      0.20         0.17
  H0020497                    0.06      0.06      0.25      0.01         0.01
  H0024325                    0.12      0.12      0.15      0.01         0.01
  H0023585                    0.15      0.17      0.16      0.17         0.15
  H0024098                    0.33      0.33      0.40      0.25         0.24
  H0024235                    0.13      0.14      0.14      0.09         0.08
  H0024282                    0.01      0.01      0.05      0.01         0.01
  H0024498                    0.15      0.31      0.15      0.37         0.27
  H0026990                    0.13      0.13      0.15      0.01         0.01
  H0041650                    0.09      0.09      0.09      0.01         0.02
  H0041011                    0.29      0.29      0.33      0.03         0.02
  H0045103                    0.09      0.09      0.09      0.01         0.01
  H0045105                    0.13      0.13      0.14      0.01         0.01
  H0045106                    0.15      0.15      0.17      0.01         0.01
  H0045107                    0.27      0.27      0.31      0.13         0.12
  H0045108                    0.31      0.31      0.34      0.25         0.25
  

  Analysis begun on:  Fri Mar 22 15:55:30 2024
  Analysis ended on:  Fri Mar 22 15:55:42 2024
  Total elapsed time: 00:00:12