
  EPA STORM WATER MANAGEMENT MODEL - VERSION 5.2 (Build 5.2.4)
  PYSWMM TOOLKIT API - VERSION v1.0 (2023-11-27)
  ------------------------------------------------------------

  Gievenbeck_e2_T2D240 
  
  ****************
  Analysis Options
  ****************
  Flow Units ............... CMS
  Process Models:
    Rainfall/Runoff ........ YES
    RDII ................... NO
    Snowmelt ............... NO
    Groundwater ............ NO
    Flow Routing ........... YES
    Ponding Allowed ........ NO
    Water Quality .......... NO
  Infiltration Method ...... HORTON
  Flow Routing Method ...... DYNWAVE
  Surcharge Method ......... SLOT
  Starting Date ............ 01/01/2024 00:00:00
  Ending Date .............. 01/04/2024 04:00:00
  Antecedent Dry Days ...... 14.0
  Report Time Step ......... 00:01:00
  Wet Time Step ............ 00:01:00
  Dry Time Step ............ 00:01:00
  Routing Time Step ........ 1.00 sec
  Variable Time Step ....... YES
  Maximum Trials ........... 8
  Number of Threads ........ 1
  Head Tolerance ........... 0.001500 m
  
  
  **************************        Volume         Depth
  Runoff Quantity Continuity     hectare-m            mm
  **************************     ---------       -------
  Total Precipitation ......         0.268        26.430
  Evaporation Loss .........         0.010         0.951
  Infiltration Loss ........         0.148        14.651
  Surface Runoff ...........         0.110        10.852
  Final Storage ............         0.000         0.000
  Continuity Error (%) .....        -0.091
  
  
  **************************        Volume        Volume
  Flow Routing Continuity        hectare-m      10^6 ltr
  **************************     ---------     ---------
  Dry Weather Inflow .......         0.000         0.000
  Wet Weather Inflow .......         0.110         1.098
  Groundwater Inflow .......         0.000         0.000
  RDII Inflow ..............         0.000         0.000
  External Inflow ..........         0.000         0.000
  External Outflow .........         0.110         1.099
  Flooding Loss ............         0.000         0.000
  Evaporation Loss .........         0.000         0.000
  Exfiltration Loss ........         0.000         0.000
  Initial Stored Volume ....         0.000         0.000
  Final Stored Volume ......         0.000         0.000
  Continuity Error (%) .....        -0.073
  
  
  *************************
  Highest Continuity Errors
  *************************
  Node R0019718 (-1.06%)
  
  
  ***************************
  Time-Step Critical Elements
  ***************************
  None
  
  
  ********************************
  Highest Flow Instability Indexes
  ********************************
  All links are stable.
  
  
  *********************************
  Most Frequent Nonconverging Nodes
  *********************************
  Convergence obtained at all time steps.
  
  
  *************************
  Routing Time Step Summary
  *************************
  Minimum Time Step           :     0.75 sec
  Average Time Step           :     1.00 sec
  Maximum Time Step           :     1.00 sec
  % of Time in Steady State   :     0.00
  Average Iterations per Step :     2.00
  % of Steps Not Converging   :     0.00
  Time Step Frequencies       :
      1.000 -  0.871 sec      :   100.00 %
      0.871 -  0.758 sec      :     0.00 %
      0.758 -  0.660 sec      :     0.00 %
      0.660 -  0.574 sec      :     0.00 %
      0.574 -  0.500 sec      :     0.00 %
  
  
  ***************************
  Subcatchment Runoff Summary
  ***************************
  
  ------------------------------------------------------------------------------------------------------------------------------
                            Total      Total      Total      Total     Imperv       Perv      Total       Total     Peak  Runoff
                           Precip      Runon       Evap      Infil     Runoff     Runoff     Runoff      Runoff   Runoff   Coeff
  Subcatchment                 mm         mm         mm         mm         mm         mm         mm    10^6 ltr      CMS
  ------------------------------------------------------------------------------------------------------------------------------
  EZG_368                   26.43       0.00       0.95      14.74      12.29       0.32      10.77        0.04     0.05   0.407
  EZG_392                   26.43       0.00       0.94      14.71      12.29       0.36      10.80        0.03     0.04   0.409
  EZG_352                   26.43       0.00       0.95      14.79      12.28       0.27      10.71        0.06     0.07   0.405
  EZG_372                   26.43       0.00       0.93      14.57      12.31       0.50      10.96        0.01     0.02   0.415
  EZG_416                   26.43       0.00       0.94      14.69      12.29       0.37      10.82        0.03     0.04   0.409
  EZG_388                   26.43       0.00       0.95      14.76      12.29       0.31      10.75        0.05     0.06   0.407
  EZG_394                   26.43       0.00       0.94      14.69      12.29       0.38      10.83        0.03     0.04   0.410
  EZG_400                   26.43       0.00       0.94      14.67      12.30       0.39      10.84        0.03     0.03   0.410
  EZG_390                   26.43       0.00       0.94      14.70      12.29       0.36      10.81        0.03     0.04   0.409
  EZG_350                   26.43       0.00       0.95      14.76      12.29       0.31      10.75        0.05     0.06   0.407
  EZG_370                   26.43       0.00       0.94      14.72      12.29       0.34      10.79        0.04     0.05   0.408
  EZG_398                   26.43       0.00       0.93      14.51      12.31       0.56      11.02        0.01     0.01   0.417
  EZG_382                   26.43       0.00       0.93      14.49      12.31       0.58      11.05        0.01     0.01   0.418
  EZG_374                   26.43       0.00       1.14      12.33      14.74       0.46      12.99        0.05     0.06   0.491
  EZG_412                   26.43       0.00       0.92      14.34      12.32       0.74      11.22        0.00     0.01   0.424
  EZG_344                   26.43       0.00       0.94      14.67      12.30       0.39      10.85        0.03     0.03   0.410
  EZG_376                   26.43       0.00       0.94      14.63      12.30       0.43      10.89        0.02     0.03   0.412
  EZG_356                   26.43       0.00       0.95      14.80      12.28       0.26      10.70        0.07     0.08   0.405
  EZG_386                   26.43       0.00       0.96      14.82      12.27       0.24      10.67        0.09     0.09   0.404
  EZG_380                   26.43       0.00       0.94      14.73      12.29       0.33      10.78        0.04     0.05   0.408
  EZG_378                   26.43       0.00       0.94      14.72      12.29       0.35      10.80        0.04     0.04   0.408
  EZG_414                   26.43       0.00       0.93      14.49      12.31       0.58      11.05        0.01     0.01   0.418
  EZG_402                   26.43       0.00       0.94      14.71      12.29       0.36      10.80        0.04     0.04   0.409
  EZG_358                   26.43       0.00       0.95      14.80      12.28       0.27      10.70        0.07     0.08   0.405
  EZG_364                   26.43       0.00       0.95      14.80      12.28       0.27      10.70        0.07     0.08   0.405
  EZG_410                   26.43       0.00       0.94      14.64      12.30       0.42      10.88        0.02     0.03   0.412
  EZG_366                   26.43       0.00       0.94      14.66      12.30       0.40      10.86        0.03     0.03   0.411
  EZG_18259                 26.43       0.00       0.94      14.66      12.30       0.40      10.86        0.03     0.03   0.411
  EZG_18258                 26.43       0.00       0.93      14.42      12.32       0.65      11.12        0.01     0.01   0.421
  EZG_346                   26.43       0.00       0.92      14.96      12.04       0.33      10.57        0.04     0.05   0.400
  EZG_348                   26.43       0.00       0.92      14.89      12.05       0.40      10.65        0.02     0.03   0.403
  
  
  ******************
  Node Depth Summary
  ******************
  
  ---------------------------------------------------------------------------------
                                 Average  Maximum  Maximum  Time of Max    Reported
                                   Depth    Depth      HGL   Occurrence   Max Depth
  Node                 Type       Meters   Meters   Meters  days hr:min      Meters
  ---------------------------------------------------------------------------------
  R0019466             JUNCTION     0.00     0.54    69.99     0  03:25        0.53
  R0019468             JUNCTION     0.00     0.48    69.79     0  03:25        0.48
  R0019831             JUNCTION     0.00     0.18    69.35     0  03:25        0.15
  R0019825             JUNCTION     0.00     0.50    69.34     0  03:25        0.41
  R0019843             JUNCTION     0.01     0.41    68.04     0  03:25        0.41
  R0019368             JUNCTION     0.01     0.62    67.41     0  03:26        0.61
  R0019369             JUNCTION     0.01     0.44    67.03     0  03:26        0.43
  R0019370             JUNCTION     0.00     0.37    66.27     0  03:27        0.37
  R0019345             JUNCTION     0.00     0.29    70.19     0  03:25        0.28
  R0019346             JUNCTION     0.00     0.26    70.06     0  03:25        0.26
  R0043600             JUNCTION     0.00     0.31    69.98     0  03:25        0.31
  R0019203             JUNCTION     0.00     0.35    69.89     0  03:25        0.35
  R0043594             JUNCTION     0.00     0.24    69.97     0  03:25        0.24
  R0021458             JUNCTION     0.00     0.29    69.94     0  03:25        0.29
  R0019202             JUNCTION     0.00     0.32    69.90     0  03:25        0.32
  R0019373             JUNCTION     0.00     0.34    70.01     0  03:25        0.32
  R0019254             JUNCTION     0.00     0.39    70.43     0  03:25        0.37
  R0019716             JUNCTION     0.00     0.38    69.39     0  03:26        0.38
  R0019946             JUNCTION     0.01     0.53    69.15     0  03:26        0.53
  R0013935             JUNCTION     0.00     0.23    69.06     0  03:25        0.21
  R0019939             JUNCTION     0.00     0.46    69.03     0  03:25        0.44
  R0019944             JUNCTION     0.00     0.33    68.61     0  03:26        0.33
  R0043703             JUNCTION     0.01     0.41    69.01     0  03:26        0.41
  R0019945             JUNCTION     0.01     0.42    68.82     0  03:26        0.42
  R0039621             JUNCTION     0.00     0.15    69.72     0  03:25        0.14
  R0019838             JUNCTION     0.00     0.25    69.71     0  03:25        0.25
  R0039606             JUNCTION     0.00     0.32    69.91     0  03:25        0.31
  R0019204             JUNCTION     0.00     0.00    69.91     0  00:00        0.00
  R0019205             JUNCTION     0.00     0.00    69.62     0  00:00        0.00
  R0019849             JUNCTION     0.00     0.46    68.98     0  03:25        0.46
  R0019371             JUNCTION     0.00     0.00    70.41     0  00:00        0.00
  R0019718             JUNCTION     0.01     0.43    69.85     0  03:26        0.43
  R0021442             JUNCTION     0.00     0.97    71.02     0  03:25        0.93
  R0019247             JUNCTION     0.00     0.41    70.29     0  03:25        0.39
  R0019719             JUNCTION     0.00     0.27    69.95     0  03:25        0.27
  R0019767             JUNCTION     0.00     0.39    65.12     0  03:26        0.39
  R0019768             JUNCTION     0.00     0.34    64.11     0  03:26        0.34
  R0021453             JUNCTION     0.00     0.10    70.05     0  03:25        0.10
  R0019839             JUNCTION     0.00     0.23    69.62     0  03:25        0.23
  R0019717             JUNCTION     0.00     0.37    69.71     0  03:25        0.37
  R0019252             JUNCTION     0.00     0.35    70.54     0  03:25        0.27
  R0019721             JUNCTION     0.00     0.23    70.10     0  03:25        0.22
  R0019942             JUNCTION     0.00     0.40    69.05     0  03:25        0.38
  R0019206             JUNCTION     0.00     0.00    69.07     0  00:00        0.00
  R0019840             JUNCTION     0.00     0.21    69.18     0  03:25        0.20
  R0043702             JUNCTION     0.00     0.31    69.01     0  03:25        0.31
  R0019723             JUNCTION     0.00     0.15    70.23     0  03:25        0.15
  R0019724             JUNCTION     0.00     0.08    70.24     0  03:25        0.08
  R0021433             JUNCTION     0.00     0.90    71.29     0  03:25        0.86
  R0021435             JUNCTION     0.00     1.02    71.20     0  03:25        0.98
  R0019769             OUTFALL      0.00     0.34    63.72     0  03:27        0.34
  
  
  *******************
  Node Inflow Summary
  *******************
  
  -------------------------------------------------------------------------------------------------
                                  Maximum  Maximum                  Lateral       Total        Flow
                                  Lateral    Total  Time of Max      Inflow      Inflow     Balance
                                   Inflow   Inflow   Occurrence      Volume      Volume       Error
  Node                 Type           CMS      CMS  days hr:min    10^6 ltr    10^6 ltr     Percent
  -------------------------------------------------------------------------------------------------
  R0019466             JUNCTION     0.052    0.078     0  03:23      0.0445      0.0805       0.130
  R0019468             JUNCTION     0.032    0.096     0  03:25       0.026       0.106      -0.032
  R0019831             JUNCTION     0.042    0.042     0  03:25       0.035       0.035       0.075
  R0019825             JUNCTION     0.042    0.083     0  03:25      0.0351      0.0701       0.196
  R0019843             JUNCTION     0.000    1.011     0  03:26           0         1.1      -0.004
  R0019368             JUNCTION     0.000    1.015     0  03:26           0         1.1       0.005
  R0019369             JUNCTION     0.000    1.061     0  03:26           0         1.1      -0.004
  R0019370             JUNCTION     0.000    1.015     0  03:27           0         1.1       0.002
  R0019345             JUNCTION     0.000    0.072     0  03:25           0      0.0685      -0.014
  R0019346             JUNCTION     0.006    0.123     0  03:25     0.00448       0.115       0.016
  R0043600             JUNCTION     0.000    0.139     0  03:25           0       0.133      -0.018
  R0019203             JUNCTION     0.013    0.313     0  03:25     0.00977         0.3      -0.000
  R0043594             JUNCTION     0.072    0.105     0  03:25      0.0633      0.0907      -0.042
  R0021458             JUNCTION     0.058    0.152     0  03:25      0.0494        0.14      -0.015
  R0019202             JUNCTION     0.019    0.170     0  03:25      0.0148       0.157      -0.122
  R0019373             JUNCTION     0.046    0.046     0  03:25      0.0387      0.0387       0.397
  R0019254             JUNCTION     0.038    0.073     0  03:25      0.0315      0.0686       0.058
  R0019716             JUNCTION     0.057    0.590     0  03:26       0.049       0.616      -0.015
  R0019946             JUNCTION     0.000    0.590     0  03:26           0       0.616       0.003
  R0013935             JUNCTION     0.037    0.037     0  03:25        0.03        0.03       0.027
  R0019939             JUNCTION     0.014    0.047     0  03:24      0.0109      0.0409      -0.031
  R0019944             JUNCTION     0.034    0.736     0  03:26      0.0279       0.789       0.009
  R0043703             JUNCTION     0.041    0.620     0  03:26      0.0342        0.65       0.014
  R0019945             JUNCTION     0.000    0.719     0  03:26           0       0.761      -0.012
  R0039621             JUNCTION     0.000    0.004     0  03:21           0    0.000824       1.089
  R0019838             JUNCTION     0.078    0.078     0  03:25      0.0686      0.0694      -0.013
  R0039606             JUNCTION     0.000    0.140     0  03:25           0        0.14       0.060
  R0019204             JUNCTION     0.000    0.000     0  00:00           0           0       0.000 ltr
  R0019205             JUNCTION     0.000    0.000     0  00:00           0           0       0.000 ltr
  R0019849             JUNCTION     0.000    0.110     0  03:25           0       0.111       0.021
  R0019371             JUNCTION     0.000    0.000     0  00:00           0           0       0.000 ltr
  R0019718             JUNCTION     0.050    0.345     0  03:25      0.0419       0.342      -1.047
  R0021442             JUNCTION     0.057    0.121     0  03:25      0.0492       0.111       0.057
  R0019247             JUNCTION     0.027    0.143     0  03:25      0.0217       0.133      -0.011
  R0019719             JUNCTION     0.028    0.143     0  03:25      0.0228       0.138      -0.012
  R0019767             JUNCTION     0.000    1.013     0  03:27           0         1.1      -0.007
  R0019768             JUNCTION     0.000    1.012     0  03:26           0         1.1       0.012
  R0021453             JUNCTION     0.034    0.034     0  03:25      0.0274      0.0274      -0.086
  R0019839             JUNCTION     0.077    0.147     0  03:25      0.0677       0.136      -0.003
  R0019717             JUNCTION     0.094    0.552     0  03:26      0.0852       0.569       0.494
  R0019252             JUNCTION     0.044    0.044     0  03:25       0.037       0.037      -0.079
  R0019721             JUNCTION     0.013    0.052     0  03:25     0.00961      0.0422       0.030
  R0019942             JUNCTION     0.000    0.074     0  03:25           0      0.0699      -0.219
  R0019206             JUNCTION     0.000    0.000     0  00:00           0           0       0.000 ltr
  R0019840             JUNCTION     0.000    0.239     0  03:25           0       0.243       0.005
  R0043702             JUNCTION     0.077    0.308     0  03:25      0.0678       0.311      -0.004
  R0019723             JUNCTION     0.032    0.041     0  03:25      0.0258      0.0326      -0.069
  R0019724             JUNCTION     0.009    0.009     0  03:25     0.00681     0.00681      -0.067
  R0021433             JUNCTION     0.046    0.046     0  03:25      0.0385      0.0385      -0.279
  R0021435             JUNCTION     0.029    0.070     0  03:25      0.0237      0.0622       0.044
  R0019769             OUTFALL      0.000    1.014     0  03:27           0         1.1       0.000
  
  
  **********************
  Node Surcharge Summary
  **********************
  
  Surcharging occurs when water rises above the top of the highest conduit.
  ---------------------------------------------------------------------
                                               Max. Height   Min. Depth
                                   Hours       Above Crown    Below Rim
  Node                 Type      Surcharged         Meters       Meters
  ---------------------------------------------------------------------
  R0019466             JUNCTION        0.08          0.240        2.270
  R0019468             JUNCTION        0.07          0.183        2.247
  R0019825             JUNCTION        0.04          0.196        1.004
  R0019373             JUNCTION        0.02          0.037        2.463
  R0019254             JUNCTION        0.04          0.087        1.743
  R0019939             JUNCTION        0.07          0.165        1.455
  R0019849             JUNCTION        0.09          0.165        1.765
  R0021442             JUNCTION        0.10          0.673        1.077
  R0019247             JUNCTION        0.01          0.009        1.851
  R0019252             JUNCTION        0.01          0.053        1.587
  R0019942             JUNCTION        0.05          0.100        1.550
  R0021433             JUNCTION        0.05          0.603        1.247
  R0021435             JUNCTION        0.08          0.725        1.085
  
  
  *********************
  Node Flooding Summary
  *********************
  
  No nodes were flooded.
  
  
  ***********************
  Outfall Loading Summary
  ***********************
  
  -----------------------------------------------------------
                         Flow       Avg       Max       Total
                         Freq      Flow      Flow      Volume
  Outfall Node           Pcnt       CMS       CMS    10^6 ltr
  -----------------------------------------------------------
  R0019769               7.90     0.051     1.014       1.099
  -----------------------------------------------------------
  System                 7.90     0.051     1.014       1.099
  
  
  ********************
  Link Flow Summary
  ********************
  
  -----------------------------------------------------------------------------
                                 Maximum  Time of Max   Maximum    Max/    Max/
                                  |Flow|   Occurrence   |Veloc|    Full    Full
  Link                 Type          CMS  days hr:min     m/sec    Flow   Depth
  -----------------------------------------------------------------------------
  H0014431             CONDUIT     0.068     0  03:23      0.96    1.25    1.00
  H0014433             CONDUIT     0.041     0  03:25      0.70    0.53    1.00
  H0014352             CONDUIT     1.015     0  03:26      2.76    0.42    0.57
  H0014373             CONDUIT     1.015     0  03:27      3.68    0.47    0.45
  H0017981             CONDUIT     0.071     0  03:25      1.14    2.02    0.83
  H0017755             CONDUIT     0.137     0  03:25      1.42    1.11    0.73
  H0017791             CONDUIT     0.096     0  03:25      0.61    0.14    0.30
  H0017357             CONDUIT     0.026     0  03:25      0.45    0.42    0.77
  H0018216             CONDUIT     0.072     0  03:25      1.02    1.31    1.00
  H0016792             CONDUIT     0.590     0  03:26      1.83    0.34    0.51
  H0019507             CONDUIT     0.033     0  03:24      0.68    0.46    1.00
  H0019998             CONDUIT     0.735     0  03:26      3.01    0.29    0.41
  H0019576             CONDUIT     0.623     0  03:26      2.18    0.42    0.46
  H0020087             CONDUIT     0.006     0  03:26      0.13    0.03    0.39
  H0020211             CONDUIT     0.599     0  03:26      1.80    1.49    0.52
  H0018982             CONDUIT     0.140     0  03:25      0.79    0.22    0.34
  H0018753             CONDUIT     0.037     0  03:27      0.61    0.52    1.00
  H0018845             CONDUIT     0.000     0  00:00      0.00    0.00    0.00
  H0018863             CONDUIT     0.044     0  03:24      0.62    1.03    1.00
  H0019156             CONDUIT     0.000     0  00:00      0.00    0.00    0.00
  H0018929             CONDUIT     0.315     0  03:26      1.19    0.27    0.44
  H0018440             CONDUIT     0.118     0  03:25      1.67    2.12    1.00
  H0018456             CONDUIT     0.123     0  03:25      1.38    0.75    0.67
  H0018968             CONDUIT     1.012     0  03:26      4.19    0.39    0.41
  H0022036             CONDUIT     0.033     0  03:25      0.47    0.03    0.17
  H0021806             CONDUIT     0.139     0  03:25      1.18    1.24    0.89
  H0022111             CONDUIT     0.072     0  03:25      0.77    0.51    0.48
  H0021440             CONDUIT     0.555     0  03:26      2.20    0.36    0.42
  H0021704             CONDUIT     0.350     0  03:26      1.35    0.67    0.43
  H0020521             CONDUIT     0.041     0  03:25      0.62    0.83    1.00
  H0020755             CONDUIT     0.047     0  03:25      0.59    0.52    0.61
  H0020530             CONDUIT     1.061     0  03:26      2.76    0.91    0.58
  H0020618             CONDUIT     0.719     0  03:26      2.84    0.45    0.42
  H0021163             CONDUIT     0.074     0  03:25      1.15    1.24    1.00
  H0020497             CONDUIT     0.000     0  00:00      0.00    0.00    0.68
  H0024325             CONDUIT     0.144     0  03:25      1.76    0.43    0.44
  H0023585             CONDUIT     0.307     0  03:25      2.41    0.71    0.62
  H0024098             CONDUIT     0.109     0  03:25      1.55    1.28    1.00
  H0024235             CONDUIT     0.143     0  03:25      1.36    0.59    0.53
  H0024282             CONDUIT     0.000     0  00:00      0.00    0.00    0.00
  H0024308             CONDUIT     1.014     0  03:27      4.68    0.30    0.37
  H0024498             CONDUIT     0.095     0  03:25      1.35    1.48    1.00
  H0026990             CONDUIT     0.039     0  03:25      0.70    0.30    0.47
  H0041650             CONDUIT     0.168     0  03:25      0.78    0.20    0.38
  H0041011             CONDUIT     0.074     0  03:25      1.05    0.74    1.00
  H0045103             CONDUIT     0.138     0  03:25      0.73    0.17    0.35
  H0045104             CONDUIT     1.013     0  03:27      3.92    0.36    0.43
  H0045105             CONDUIT     0.009     0  03:25      0.36    0.16    0.38
  H0045106             CONDUIT     0.240     0  03:25      2.34    0.32    0.52
  H0045107             CONDUIT     0.041     0  03:25      0.71    0.67    1.00
  H0045108             CONDUIT     0.067     0  03:25      0.95    1.21    1.00
  
  
  ***************************
  Flow Classification Summary
  ***************************
  
  -------------------------------------------------------------------------------------
                      Adjusted    ---------- Fraction of Time in Flow Class ---------- 
                       /Actual         Up    Down  Sub   Sup   Up    Down  Norm  Inlet 
  Conduit               Length    Dry  Dry   Dry   Crit  Crit  Crit  Crit  Ltd   Ctrl  
  -------------------------------------------------------------------------------------
  H0014431                1.00   0.03  0.89  0.00  0.08  0.00  0.00  0.00  0.96  0.00
  H0014433                1.00   0.03  0.00  0.00  0.97  0.00  0.00  0.00  0.97  0.00
  H0014352                1.00   0.03  0.00  0.00  0.91  0.06  0.00  0.00  0.96  0.00
  H0014373                1.00   0.03  0.00  0.00  0.89  0.07  0.00  0.00  0.88  0.00
  H0017981                1.00   0.03  0.00  0.00  0.00  0.00  0.00  0.97  0.00  0.00
  H0017755                1.00   0.03  0.00  0.00  0.00  0.00  0.00  0.97  0.00  0.00
  H0017791                1.00   0.03  0.00  0.00  0.97  0.00  0.00  0.00  0.96  0.00
  H0017357                1.00   0.03  0.97  0.00  0.00  0.00  0.00  0.00  0.95  0.00
  H0018216                1.00   0.03  0.89  0.00  0.08  0.00  0.00  0.00  0.96  0.00
  H0016792                1.00   0.03  0.88  0.00  0.09  0.00  0.00  0.00  0.96  0.00
  H0019507                1.00   0.03  0.00  0.00  0.97  0.00  0.00  0.00  0.97  0.00
  H0019998                1.00   0.03  0.00  0.00  0.89  0.07  0.00  0.00  0.09  0.00
  H0019576                1.00   0.03  0.00  0.00  0.92  0.05  0.00  0.00  0.08  0.00
  H0020087                1.00   0.03  0.95  0.00  0.01  0.00  0.00  0.00  0.95  0.00
  H0020211                1.00   0.03  0.00  0.00  0.97  0.00  0.00  0.00  0.88  0.00
  H0018982                1.00   0.03  0.00  0.00  0.97  0.00  0.00  0.00  0.90  0.00
  H0018753                1.00   0.03  0.00  0.00  0.97  0.00  0.00  0.00  0.97  0.00
  H0018845                1.00   1.00  0.00  0.00  0.00  0.00  0.00  0.00  0.00  0.00
  H0018863                1.00   0.03  0.00  0.00  0.97  0.00  0.00  0.00  0.96  0.00
  H0019156                1.00   1.00  0.00  0.00  0.00  0.00  0.00  0.00  0.00  0.00
  H0018929                1.00   0.03  0.89  0.00  0.08  0.00  0.00  0.00  0.97  0.00
  H0018440                1.00   0.03  0.00  0.00  0.97  0.00  0.00  0.00  0.96  0.00
  H0018456                1.00   0.03  0.00  0.00  0.97  0.00  0.00  0.00  0.96  0.00
  H0018968                1.00   0.03  0.88  0.00  0.01  0.08  0.00  0.00  0.90  0.00
  H0022036                1.00   0.03  0.00  0.00  0.02  0.02  0.00  0.93  0.01  0.00
  H0021806                1.00   0.03  0.89  0.00  0.08  0.00  0.00  0.00  0.92  0.00
  H0022111                1.00   0.03  0.00  0.00  0.97  0.00  0.00  0.00  0.00  0.00
  H0021440                1.00   0.03  0.00  0.00  0.91  0.06  0.00  0.00  0.01  0.00
  H0021704                1.00   0.03  0.00  0.00  0.00  0.00  0.00  0.97  0.00  0.00
  H0020521                1.00   0.03  0.00  0.00  0.97  0.00  0.00  0.00  0.97  0.00
  H0020755                1.00   0.03  0.89  0.00  0.07  0.00  0.00  0.00  0.96  0.00
  H0020530                1.00   0.03  0.00  0.00  0.91  0.05  0.00  0.00  0.01  0.00
  H0020618                1.00   0.03  0.00  0.00  0.90  0.06  0.00  0.00  0.89  0.00
  H0021163                1.00   0.03  0.00  0.00  0.96  0.01  0.00  0.00  0.90  0.00
  H0020497                1.20   0.03  0.97  0.00  0.00  0.00  0.00  0.00  0.00  0.00
  H0024325                1.00   0.03  0.00  0.00  0.91  0.06  0.00  0.00  0.90  0.00
  H0023585                1.00   0.03  0.00  0.00  0.00  0.00  0.00  0.97  0.00  0.00
  H0024098                1.00   0.03  0.89  0.00  0.08  0.00  0.00  0.00  0.96  0.00
  H0024235                1.00   0.03  0.00  0.00  0.00  0.00  0.00  0.97  0.00  0.00
  H0024282                1.00   1.00  0.00  0.00  0.00  0.00  0.00  0.00  0.00  0.00
  H0024308                1.00   0.03  0.00  0.00  0.88  0.09  0.00  0.00  0.03  0.00
  H0024498                1.00   0.03  0.00  0.00  0.00  0.00  0.00  0.97  0.00  0.00
  H0026990                1.00   0.03  0.00  0.00  0.97  0.00  0.00  0.00  0.97  0.00
  H0041650                1.00   0.92  0.01  0.00  0.07  0.00  0.00  0.00  0.96  0.00
  H0041011                1.00   0.03  0.00  0.00  0.97  0.00  0.00  0.00  0.96  0.00
  H0045103                1.00   0.03  0.00  0.00  0.97  0.00  0.00  0.00  0.91  0.00
  H0045104                1.00   0.03  0.00  0.00  0.89  0.08  0.00  0.00  0.08  0.00
  H0045105                1.00   0.03  0.00  0.00  0.97  0.00  0.00  0.00  0.97  0.00
  H0045106                1.00   0.03  0.89  0.00  0.02  0.06  0.00  0.00  0.97  0.00
  H0045107                1.00   0.03  0.00  0.00  0.97  0.00  0.00  0.00  0.96  0.00
  H0045108                1.00   0.03  0.00  0.00  0.97  0.00  0.00  0.00  0.97  0.00
  
  
  *************************
  Conduit Surcharge Summary
  *************************
  
  ----------------------------------------------------------------------------
                                                           Hours        Hours 
                         --------- Hours Full --------   Above Full   Capacity
  Conduit                Both Ends  Upstream  Dnstream   Normal Flow   Limited
  ----------------------------------------------------------------------------
  H0014431                    0.07      0.08      0.07      0.10         0.07
  H0014433                    0.01      0.01      0.04      0.01         0.01
  H0017981                    0.01      0.01      0.01      0.11         0.01
  H0017755                    0.01      0.01      0.01      0.03         0.01
  H0017357                    0.01      0.01      0.02      0.01         0.01
  H0018216                    0.01      0.04      0.01      0.07         0.02
  H0019507                    0.01      0.01      0.07      0.01         0.01
  H0020211                    0.01      0.01      0.01      0.08         0.01
  H0018753                    0.02      0.02      0.08      0.01         0.01
  H0018863                    0.07      0.07      0.09      0.01         0.01
  H0018440                    0.06      0.10      0.06      0.12         0.09
  H0021806                    0.01      0.01      0.01      0.04         0.01
  H0020521                    0.01      0.01      0.04      0.01         0.01
  H0021163                    0.03      0.04      0.05      0.05         0.02
  H0024098                    0.09      0.09      0.11      0.05         0.05
  H0024498                    0.01      0.07      0.01      0.10         0.04
  H0041011                    0.05      0.05      0.09      0.01         0.01
  H0045107                    0.05      0.05      0.08      0.01         0.01
  H0045108                    0.08      0.08      0.10      0.04         0.04
  

  Analysis begun on:  Fri Mar 22 15:56:16 2024
  Analysis ended on:  Fri Mar 22 15:56:25 2024
  Total elapsed time: 00:00:09