
  EPA STORM WATER MANAGEMENT MODEL - VERSION 5.2 (Build 5.2.4)
  PYSWMM TOOLKIT API - VERSION v1.0 (2023-11-27)
  ------------------------------------------------------------

  Gievenbeck_e2_T100D2880 
  
  ****************
  Analysis Options
  ****************
  Flow Units ............... CMS
  Process Models:
    Rainfall/Runoff ........ YES
    RDII ................... NO
    Snowmelt ............... NO
    Groundwater ............ NO
    Flow Routing ........... YES
    Ponding Allowed ........ NO
    Water Quality .......... NO
  Infiltration Method ...... HORTON
  Flow Routing Method ...... DYNWAVE
  Surcharge Method ......... SLOT
  Starting Date ............ 01/01/2024 00:00:00
  Ending Date .............. 01/04/2024 04:00:00
  Antecedent Dry Days ...... 14.0
  Report Time Step ......... 00:01:00
  Wet Time Step ............ 00:01:00
  Dry Time Step ............ 00:01:00
  Routing Time Step ........ 1.00 sec
  Variable Time Step ....... YES
  Maximum Trials ........... 8
  Number of Threads ........ 1
  Head Tolerance ........... 0.001500 m
  
  
  **************************        Volume         Depth
  Runoff Quantity Continuity     hectare-m            mm
  **************************     ---------       -------
  Total Precipitation ......         1.231       121.660
  Evaporation Loss .........         0.008         0.815
  Infiltration Loss ........         0.553        54.632
  Surface Runoff ...........         0.670        66.169
  Final Storage ............         0.001         0.132
  Continuity Error (%) .....        -0.072
  
  
  **************************        Volume        Volume
  Flow Routing Continuity        hectare-m      10^6 ltr
  **************************     ---------     ---------
  Dry Weather Inflow .......         0.000         0.000
  Wet Weather Inflow .......         0.670         6.698
  Groundwater Inflow .......         0.000         0.000
  RDII Inflow ..............         0.000         0.000
  External Inflow ..........         0.000         0.000
  External Outflow .........         0.621         6.206
  Flooding Loss ............         0.050         0.500
  Evaporation Loss .........         0.000         0.000
  Exfiltration Loss ........         0.000         0.000
  Initial Stored Volume ....         0.000         0.000
  Final Stored Volume ......         0.000         0.000
  Continuity Error (%) .....        -0.130
  
  
  *************************
  Highest Continuity Errors
  *************************
  Node R0019205 (-13.50%)
  Node R0019206 (1.75%)
  
  
  ***************************
  Time-Step Critical Elements
  ***************************
  None
  
  
  ********************************
  Highest Flow Instability Indexes
  ********************************
  All links are stable.
  
  
  *********************************
  Most Frequent Nonconverging Nodes
  *********************************
  Node R0019769 (0.01%)
  Node R0021458 (0.00%)
  Node R0019843 (0.00%)
  Node R0019945 (0.00%)
  Node R0043594 (0.00%)
  
  
  *************************
  Routing Time Step Summary
  *************************
  Minimum Time Step           :     0.46 sec
  Average Time Step           :     1.00 sec
  Maximum Time Step           :     1.00 sec
  % of Time in Steady State   :     0.00
  Average Iterations per Step :     2.00
  % of Steps Not Converging   :     0.01
  Time Step Frequencies       :
      1.000 -  0.871 sec      :    99.98 %
      0.871 -  0.758 sec      :     0.01 %
      0.758 -  0.660 sec      :     0.00 %
      0.660 -  0.574 sec      :     0.00 %
      0.574 -  0.500 sec      :     0.00 %
  
  
  ***************************
  Subcatchment Runoff Summary
  ***************************
  
  ------------------------------------------------------------------------------------------------------------------------------
                            Total      Total      Total      Total     Imperv       Perv      Total       Total     Peak  Runoff
                           Precip      Runon       Evap      Infil     Runoff     Runoff     Runoff      Runoff   Runoff   Coeff
  Subcatchment                 mm         mm         mm         mm         mm         mm         mm    10^6 ltr      CMS
  ------------------------------------------------------------------------------------------------------------------------------
  EZG_368                  121.66       0.00       0.81      54.95      59.95      14.90      65.85        0.27     0.22   0.541
  EZG_392                  121.66       0.00       0.81      54.75      59.96      15.09      66.06        0.21     0.18   0.543
  EZG_352                  121.66       0.00       0.81      55.26      59.94      14.59      65.53        0.39     0.31   0.539
  EZG_372                  121.66       0.00       0.81      54.15      59.98      15.72      66.70        0.09     0.08   0.548
  EZG_416                  121.66       0.00       0.81      54.67      59.96      15.18      66.14        0.19     0.16   0.544
  EZG_388                  121.66       0.00       0.81      55.03      59.95      14.81      65.77        0.30     0.24   0.541
  EZG_394                  121.66       0.00       0.81      54.64      59.96      15.21      66.18        0.18     0.16   0.544
  EZG_400                  121.66       0.00       0.81      54.58      59.96      15.27      66.24        0.17     0.15   0.544
  EZG_390                  121.66       0.00       0.81      54.74      59.96      15.11      66.08        0.21     0.18   0.543
  EZG_350                  121.66       0.00       0.81      55.04      59.95      14.81      65.76        0.30     0.25   0.541
  EZG_370                  121.66       0.00       0.81      54.84      59.95      15.01      65.97        0.24     0.20   0.542
  EZG_398                  121.66       0.00       0.81      53.96      59.99      15.91      66.90        0.07     0.06   0.550
  EZG_382                  121.66       0.00       0.81      53.90      59.99      15.97      66.97        0.06     0.05   0.550
  EZG_374                  121.66       0.00       0.97      45.90      71.93      13.58      74.72        0.28     0.22   0.614
  EZG_412                  121.66       0.00       0.81      53.50      60.01      16.39      67.39        0.03     0.03   0.554
  EZG_344                  121.66       0.00       0.81      54.57      59.96      15.28      66.25        0.17     0.14   0.545
  EZG_376                  121.66       0.00       0.81      54.40      59.97      15.46      66.43        0.13     0.12   0.546
  EZG_356                  121.66       0.00       0.81      55.33      59.94      14.51      65.46        0.42     0.33   0.538
  EZG_386                  121.66       0.00       0.81      55.54      59.93      14.30      65.24        0.52     0.40   0.536
  EZG_380                  121.66       0.00       0.81      54.90      59.95      14.95      65.91        0.26     0.21   0.542
  EZG_378                  121.66       0.00       0.81      54.80      59.96      15.05      66.01        0.23     0.19   0.543
  EZG_414                  121.66       0.00       0.81      53.89      59.99      15.98      66.98        0.06     0.05   0.551
  EZG_402                  121.66       0.00       0.81      54.76      59.96      15.09      66.06        0.21     0.18   0.543
  EZG_358                  121.66       0.00       0.81      55.32      59.94      14.52      65.47        0.41     0.33   0.538
  EZG_364                  121.66       0.00       0.81      55.32      59.94      14.52      65.47        0.41     0.33   0.538
  EZG_410                  121.66       0.00       0.81      54.44      59.97      15.42      66.39        0.14     0.12   0.546
  EZG_366                  121.66       0.00       0.81      54.53      59.97      15.32      66.30        0.16     0.14   0.545
  EZG_18259                121.66       0.00       0.81      54.52      59.97      15.33      66.30        0.16     0.14   0.545
  EZG_18258                121.66       0.00       0.81      53.70      60.00      16.17      67.17        0.04     0.04   0.552
  EZG_346                  121.66       0.00       0.79      55.75      58.76      15.14      65.08        0.24     0.20   0.535
  EZG_348                  121.66       0.00       0.79      55.37      58.77      15.52      65.48        0.15     0.13   0.538
  
  
  ******************
  Node Depth Summary
  ******************
  
  ---------------------------------------------------------------------------------
                                 Average  Maximum  Maximum  Time of Max    Reported
                                   Depth    Depth      HGL   Occurrence   Max Depth
  Node                 Type       Meters   Meters   Meters  days hr:min      Meters
  ---------------------------------------------------------------------------------
  R0019466             JUNCTION     0.03     2.81    72.26     0  18:02        2.81
  R0019468             JUNCTION     0.03     2.73    72.04     0  18:02        2.73
  R0019831             JUNCTION     0.02     1.66    70.83     0  18:01        1.66
  R0019825             JUNCTION     0.02     1.50    70.34     0  18:00        1.50
  R0019843             JUNCTION     0.04     2.16    69.79     0  18:04        2.13
  R0019368             JUNCTION     0.06     1.95    68.74     0  18:04        1.95
  R0019369             JUNCTION     0.04     1.31    67.90     0  18:04        1.25
  R0019370             JUNCTION     0.03     0.69    66.59     0  18:04        0.68
  R0019345             JUNCTION     0.03     2.05    71.95     0  18:04        2.05
  R0019346             JUNCTION     0.02     2.14    71.94     0  18:04        2.08
  R0043600             JUNCTION     0.03     2.92    72.59     0  18:04        2.38
  R0019203             JUNCTION     0.03     2.82    72.36     0  18:04        2.64
  R0043594             JUNCTION     0.02     2.75    72.48     0  18:03        2.67
  R0021458             JUNCTION     0.03     2.87    72.52     0  18:04        2.72
  R0019202             JUNCTION     0.03     2.88    72.46     0  18:04        2.67
  R0019373             JUNCTION     0.02     2.80    72.47     0  18:04        2.80
  R0019254             JUNCTION     0.02     2.13    72.17     0  18:02        2.13
  R0019716             JUNCTION     0.04     2.57    71.58     0  18:04        2.54
  R0019946             JUNCTION     0.07     2.42    71.04     0  18:04        2.42
  R0013935             JUNCTION     0.01     1.62    70.45     0  18:01        1.62
  R0019939             JUNCTION     0.02     1.92    70.49     0  18:04        1.90
  R0019944             JUNCTION     0.03     1.98    70.26     0  18:04        1.95
  R0043703             JUNCTION     0.04     2.16    70.76     0  18:04        2.11
  R0019945             JUNCTION     0.04     2.05    70.45     0  18:04        2.00
  R0039621             JUNCTION     0.00     1.56    71.13     0  18:02        1.56
  R0019838             JUNCTION     0.02     1.80    71.26     0  18:02        1.80
  R0039606             JUNCTION     0.03     2.88    72.47     0  18:04        2.67
  R0019204             JUNCTION     0.00     0.00    69.91     0  00:00        0.00
  R0019205             JUNCTION     0.00     0.15    69.77     0  18:05        0.14
  R0019849             JUNCTION     0.02     1.96    70.48     0  18:04        1.88
  R0019371             JUNCTION     0.00     0.00    70.41     0  00:00        0.00
  R0019718             JUNCTION     0.05     2.86    72.28     0  18:04        2.71
  R0021442             JUNCTION     0.03     2.05    72.10     0  18:00        2.05
  R0019247             JUNCTION     0.03     2.26    72.14     0  18:04        2.26
  R0019719             JUNCTION     0.03     2.30    71.98     0  18:04        2.23
  R0019767             JUNCTION     0.04     0.73    65.46     0  18:04        0.72
  R0019768             JUNCTION     0.03     0.59    64.36     0  18:04        0.58
  R0021453             JUNCTION     0.01     2.40    72.35     0  18:03        2.40
  R0019839             JUNCTION     0.02     2.05    71.44     0  18:02        1.97
  R0019717             JUNCTION     0.04     2.68    72.02     0  18:04        2.60
  R0019252             JUNCTION     0.02     1.94    72.13     0  18:01        1.94
  R0019721             JUNCTION     0.02     1.96    71.83     0  18:04        1.96
  R0019942             JUNCTION     0.02     1.89    70.54     0  18:04        1.68
  R0019206             JUNCTION     0.00     0.88    69.95     0  18:04        0.62
  R0019840             JUNCTION     0.02     2.34    71.31     0  18:04        2.28
  R0043702             JUNCTION     0.03     2.57    71.27     0  18:04        2.51
  R0019723             JUNCTION     0.01     1.72    71.80     0  18:03        1.72
  R0019724             JUNCTION     0.01     1.71    71.87     0  18:03        1.68
  R0021433             JUNCTION     0.02     2.15    72.54     0  18:00        2.15
  R0021435             JUNCTION     0.02     2.11    72.29     0  18:00        2.11
  R0019769             OUTFALL      0.03     0.59    63.97     0  18:04        0.58
  
  
  *******************
  Node Inflow Summary
  *******************
  
  -------------------------------------------------------------------------------------------------
                                  Maximum  Maximum                  Lateral       Total        Flow
                                  Lateral    Total  Time of Max      Inflow      Inflow     Balance
                                   Inflow   Inflow   Occurrence      Volume      Volume       Error
  Node                 Type           CMS      CMS  days hr:min    10^6 ltr    10^6 ltr     Percent
  -------------------------------------------------------------------------------------------------
  R0019466             JUNCTION     0.224    0.300     0  18:05       0.272       0.441       0.007
  R0019468             JUNCTION     0.137    0.212     0  18:05       0.159       0.557      -0.002
  R0019831             JUNCTION     0.180    0.180     0  18:05       0.214       0.214       0.013
  R0019825             JUNCTION     0.181    0.286     0  18:05       0.215       0.415       0.013
  R0019843             JUNCTION     0.000    2.781     0  18:04           0        6.22      -0.023
  R0019368             JUNCTION     0.000    2.740     0  18:04           0        6.22      -0.016
  R0019369             JUNCTION     0.000    2.700     0  18:04           0        6.21      -0.009
  R0019370             JUNCTION     0.000    2.625     0  18:04           0        6.21       0.002
  R0019345             JUNCTION     0.000    0.163     0  18:01           0       0.362       0.017
  R0019346             JUNCTION     0.026    0.326     0  18:02      0.0269       0.617       0.003
  R0043600             JUNCTION     0.000    0.236     0  18:04           0       0.664      -0.018
  R0019203             JUNCTION     0.055    0.975     0  18:05      0.0592        1.75      -0.039
  R0043594             JUNCTION     0.307    0.831     0  18:03       0.387       0.562      -0.124
  R0021458             JUNCTION     0.246    0.720     0  18:04       0.302       0.865      -0.092
  R0019202             JUNCTION     0.082    0.884     0  18:04      0.0902        1.03      -0.148
  R0019373             JUNCTION     0.198    0.235     0  18:02       0.237       0.251       0.408
  R0019254             JUNCTION     0.164    0.180     0  18:01       0.193       0.372       0.009
  R0019716             JUNCTION     0.244    1.937     0  18:04         0.3        3.58      -0.011
  R0019946             JUNCTION     0.000    1.945     0  18:05           0        3.58      -0.009
  R0013935             JUNCTION     0.157    0.158     0  18:05       0.184       0.184       0.007
  R0019939             JUNCTION     0.061    0.131     0  18:01      0.0662       0.223      -0.008
  R0019944             JUNCTION     0.147    2.122     0  18:04       0.171        4.51       0.003
  R0043703             JUNCTION     0.177    1.935     0  18:05       0.209        3.77      -0.007
  R0019945             JUNCTION     0.000    1.987     0  18:04           0        4.34      -0.013
  R0039621             JUNCTION     0.000    0.255     0  18:05           0      0.0649      -0.507
  R0019838             JUNCTION     0.330    0.487     0  18:05       0.419       0.439      -0.044
  R0039606             JUNCTION     0.000    0.712     0  18:04           0       0.865       0.083
  R0019204             JUNCTION     0.000    0.000     0  00:00           0           0       0.000 ltr
  R0019205             JUNCTION     0.000    0.033     0  18:04           0     0.00137     -11.891
  R0019849             JUNCTION     0.000    0.224     0  18:01           0       0.565       0.001
  R0019371             JUNCTION     0.000    0.000     0  00:00           0           0       0.000 ltr
  R0019718             JUNCTION     0.213    1.171     0  18:05       0.257           2      -0.170
  R0021442             JUNCTION     0.222    0.294     0  18:05       0.283       0.597       0.002
  R0019247             JUNCTION     0.116    0.231     0  18:03       0.132       0.671       0.037
  R0019719             JUNCTION     0.122    0.420     0  18:02       0.139       0.752       0.197
  R0019767             JUNCTION     0.000    2.604     0  18:04           0        6.21      -0.002
  R0019768             JUNCTION     0.000    2.592     0  18:04           0        6.21       0.002
  R0021453             JUNCTION     0.144    0.726     0  18:03       0.168       0.172      -1.322
  R0019839             JUNCTION     0.326    0.400     0  18:02       0.414       0.765       0.002
  R0019717             JUNCTION     0.399    1.709     0  18:04       0.521        3.28      -0.000
  R0019252             JUNCTION     0.190    0.216     0  18:05       0.226        0.23      -0.016
  R0019721             JUNCTION     0.054    0.183     0  18:03      0.0583        0.24       0.018
  R0019942             JUNCTION     0.000    0.122     0  18:01           0       0.343      -0.028
  R0019206             JUNCTION     0.000    0.099     0  18:04           0     0.00631       1.781
  R0019840             JUNCTION     0.000    0.560     0  18:02           0         1.3      -0.027
  R0043702             JUNCTION     0.326    0.760     0  18:02       0.415        1.71       0.158
  R0019723             JUNCTION     0.137    0.176     0  18:05       0.158         0.2      -0.077
  R0019724             JUNCTION     0.039    0.066     0  18:01      0.0411      0.0415      -0.181
  R0021433             JUNCTION     0.199    0.199     0  18:05       0.237       0.237      -0.050
  R0021435             JUNCTION     0.128    0.199     0  18:05       0.146       0.353       0.012
  R0019769             OUTFALL      0.000    2.597     0  18:04           0        6.21       0.000
  
  
  **********************
  Node Surcharge Summary
  **********************
  
  Surcharging occurs when water rises above the top of the highest conduit.
  ---------------------------------------------------------------------
                                               Max. Height   Min. Depth
                                   Hours       Above Crown    Below Rim
  Node                 Type      Surcharged         Meters       Meters
  ---------------------------------------------------------------------
  R0019466             JUNCTION        0.31          2.510        0.000
  R0019468             JUNCTION        0.31          2.430        0.000
  R0019831             JUNCTION        0.21          1.360        0.000
  R0019825             JUNCTION        0.27          1.200        0.000
  R0019843             JUNCTION        0.14          1.264        1.356
  R0019368             JUNCTION        0.17          1.050        0.000
  R0019369             JUNCTION        0.07          0.413        0.637
  R0019345             JUNCTION        0.20          1.750        0.000
  R0019346             JUNCTION        0.16          1.740        0.000
  R0043600             JUNCTION        0.18          2.516        0.064
  R0019203             JUNCTION        0.09          1.923        0.057
  R0043594             JUNCTION        0.07          1.820        0.000
  R0021458             JUNCTION        0.08          1.965        0.115
  R0019202             JUNCTION        0.09          1.978        0.022
  R0019373             JUNCTION        0.23          2.500        0.000
  R0019254             JUNCTION        0.24          1.830        0.000
  R0019716             JUNCTION        0.11          1.672        0.048
  R0019946             JUNCTION        0.15          1.520        0.000
  R0013935             JUNCTION        0.23          1.320        0.000
  R0019939             JUNCTION        0.31          1.620        0.000
  R0019944             JUNCTION        0.10          1.079        0.451
  R0043703             JUNCTION        0.10          1.256        0.064
  R0019945             JUNCTION        0.10          1.147        0.313
  R0039621             JUNCTION        0.11          1.060        0.000
  R0019838             JUNCTION        0.12          1.300        0.000
  R0039606             JUNCTION        0.09          1.982        0.018
  R0019849             JUNCTION        0.33          1.658        0.272
  R0019718             JUNCTION        0.10          1.961        0.039
  R0021442             JUNCTION        0.34          1.750        0.000
  R0019247             JUNCTION        0.22          1.860        0.000
  R0019719             JUNCTION        0.14          1.800        0.000
  R0021453             JUNCTION        0.06          1.500        0.000
  R0019839             JUNCTION        0.12          1.547        0.103
  R0019717             JUNCTION        0.09          1.739        0.111
  R0019252             JUNCTION        0.21          1.640        0.000
  R0019721             JUNCTION        0.15          1.560        0.000
  R0019942             JUNCTION        0.28          1.591        0.059
  R0019206             JUNCTION        0.06          0.576        1.134
  R0019840             JUNCTION        0.15          1.840        0.730
  R0043702             JUNCTION        0.17          2.065        0.845
  R0019723             JUNCTION        0.13          1.320        0.000
  R0019724             JUNCTION        0.13          1.412        0.038
  R0021433             JUNCTION        0.27          1.850        0.000
  R0021435             JUNCTION        0.30          1.810        0.000
  
  
  *********************
  Node Flooding Summary
  *********************
  
  Flooding refers to all water that overflows a node, whether it ponds or not.
  --------------------------------------------------------------------------
                                                             Total   Maximum
                                 Maximum   Time of Max       Flood    Ponded
                        Hours       Rate    Occurrence      Volume     Depth
  Node                 Flooded       CMS   days hr:min    10^6 ltr    Meters
  --------------------------------------------------------------------------
  R0019466                0.06     0.225      0  18:05       0.029     0.000
  R0019468                0.06     0.075      0  18:04       0.010     0.000
  R0019831                0.09     0.080      0  18:05       0.014     0.000
  R0019825                0.13     0.286      0  18:05       0.073     0.000
  R0019368                0.03     0.197      0  18:05       0.016     0.000
  R0019345                0.02     0.040      0  18:04       0.002     0.000
  R0019346                0.01     0.041      0  18:04       0.001     0.000
  R0043594                0.01     0.262      0  18:03       0.001     0.000
  R0019373                0.02     0.057      0  18:04       0.002     0.000
  R0019254                0.06     0.063      0  18:05       0.006     0.000
  R0019946                0.02     0.246      0  18:04       0.013     0.000
  R0013935                0.10     0.158      0  18:05       0.027     0.000
  R0019939                0.01     0.023      0  18:04       0.000     0.000
  R0039621                0.09     0.255      0  18:05       0.061     0.000
  R0019838                0.06     0.231      0  18:05       0.023     0.000
  R0021442                0.12     0.288      0  18:05       0.059     0.000
  R0019247                0.02     0.128      0  18:04       0.007     0.000
  R0019719                0.01     0.055      0  18:04       0.001     0.000
  R0021453                0.02     0.345      0  18:03       0.006     0.000
  R0019252                0.11     0.216      0  18:05       0.051     0.000
  R0019721                0.03     0.131      0  18:05       0.009     0.000
  R0019723                0.06     0.161      0  18:05       0.021     0.000
  R0021433                0.12     0.127      0  18:05       0.030     0.000
  R0021435                0.14     0.127      0  18:05       0.039     0.000
  
  
  ***********************
  Outfall Loading Summary
  ***********************
  
  -----------------------------------------------------------
                         Flow       Avg       Max       Total
                         Freq      Flow      Flow      Volume
  Outfall Node           Pcnt       CMS       CMS    10^6 ltr
  -----------------------------------------------------------
  R0019769              64.61     0.035     2.597       6.206
  -----------------------------------------------------------
  System                64.61     0.035     2.597       6.206
  
  
  ********************
  Link Flow Summary
  ********************
  
  -----------------------------------------------------------------------------
                                 Maximum  Time of Max   Maximum    Max/    Max/
                                  |Flow|   Occurrence   |Veloc|    Full    Full
  Link                 Type          CMS  days hr:min     m/sec    Flow   Depth
  -----------------------------------------------------------------------------
  H0014431             CONDUIT     0.091     0  18:01      1.28    1.68    1.00
  H0014433             CONDUIT     0.100     0  18:05      1.42    1.28    1.00
  H0014352             CONDUIT     2.740     0  18:04      4.31    1.12    1.00
  H0014373             CONDUIT     2.625     0  18:04      4.32    1.21    1.00
  H0017981             CONDUIT     0.162     0  18:01      2.30    4.59    1.00
  H0017755             CONDUIT     0.272     0  18:03      2.17    2.21    1.00
  H0017791             CONDUIT     0.559     0  18:03      0.88    0.81    1.00
  H0017357             CONDUIT     0.225     0  18:03      3.18    3.59    1.00
  H0018216             CONDUIT     0.163     0  18:01      2.31    2.98    1.00
  H0016792             CONDUIT     1.945     0  18:05      3.06    1.12    1.00
  H0019507             CONDUIT     0.087     0  18:01      1.24    1.21    1.00
  H0019998             CONDUIT     2.143     0  18:04      3.45    0.86    1.00
  H0019576             CONDUIT     1.929     0  18:05      3.03    1.30    1.00
  H0020087             CONDUIT     0.255     0  18:05      1.30    1.12    1.00
  H0020211             CONDUIT     1.797     0  18:05      2.82    4.48    1.00
  H0018982             CONDUIT     0.712     0  18:04      1.12    1.15    1.00
  H0018753             CONDUIT     0.076     0  18:05      1.08    1.08    1.00
  H0018845             CONDUIT     0.000     0  00:00      0.00    0.00    0.26
  H0018863             CONDUIT     0.127     0  18:01      1.79    2.97    1.00
  H0019156             CONDUIT     0.000     0  00:00      0.00    0.00    0.00
  H0018929             CONDUIT     0.979     0  18:05      1.54    0.85    1.00
  H0018440             CONDUIT     0.158     0  18:00      2.24    2.83    1.00
  H0018456             CONDUIT     0.319     0  18:02      2.54    1.94    1.00
  H0018968             CONDUIT     2.592     0  18:04      5.18    1.00    0.73
  H0022036             CONDUIT     0.594     0  18:03      0.93    0.46    1.00
  H0021806             CONDUIT     0.228     0  18:03      1.81    2.02    1.00
  H0022111             CONDUIT     0.162     0  18:07      0.88    1.16    1.00
  H0021440             CONDUIT     1.699     0  18:04      2.67    1.10    1.00
  H0021704             CONDUIT     1.171     0  18:05      1.84    2.23    1.00
  H0020521             CONDUIT     0.082     0  18:01      1.16    1.67    1.00
  H0020755             CONDUIT     0.169     0  18:03      1.35    1.86    1.00
  H0020530             CONDUIT     2.700     0  18:04      4.24    2.31    1.00
  H0020618             CONDUIT     1.980     0  18:04      3.35    1.23    1.00
  H0021163             CONDUIT     0.122     0  18:01      1.72    2.03    1.00
  H0020497             CONDUIT     0.099     0  18:04      1.41    0.22    1.00
  H0024325             CONDUIT     0.397     0  18:02      2.02    1.18    1.00
  H0023585             CONDUIT     0.729     0  18:02      3.71    1.68    1.00
  H0024098             CONDUIT     0.221     0  18:02      3.13    2.58    1.00
  H0024235             CONDUIT     0.409     0  18:02      2.08    1.68    1.00
  H0024282             CONDUIT     0.033     0  18:04      0.62    0.32    1.00
  H0024308             CONDUIT     2.597     0  18:04      5.90    0.76    0.65
  H0024498             CONDUIT     0.169     0  18:02      2.39    2.62    1.00
  H0026990             CONDUIT     0.136     0  18:02      1.08    1.03    1.00
  H0041650             CONDUIT     0.887     0  18:05      1.39    1.03    1.00
  H0041011             CONDUIT     0.113     0  18:01      1.59    1.12    1.00
  H0045103             CONDUIT     0.703     0  18:04      1.11    0.88    1.00
  H0045104             CONDUIT     2.604     0  18:04      4.86    0.92    0.79
  H0045105             CONDUIT     0.043     0  18:03      0.61    0.74    1.00
  H0045106             CONDUIT     0.513     0  18:02      2.61    0.69    1.00
  H0045107             CONDUIT     0.072     0  18:07      1.01    1.18    1.00
  H0045108             CONDUIT     0.089     0  18:09      1.26    1.61    1.00
  
  
  ***************************
  Flow Classification Summary
  ***************************
  
  -------------------------------------------------------------------------------------
                      Adjusted    ---------- Fraction of Time in Flow Class ---------- 
                       /Actual         Up    Down  Sub   Sup   Up    Down  Norm  Inlet 
  Conduit               Length    Dry  Dry   Dry   Crit  Crit  Crit  Crit  Ltd   Ctrl  
  -------------------------------------------------------------------------------------
  H0014431                1.00   0.04  0.00  0.00  0.96  0.00  0.00  0.00  0.95  0.00
  H0014433                1.00   0.04  0.00  0.00  0.96  0.00  0.00  0.00  0.95  0.00
  H0014352                1.00   0.04  0.00  0.00  0.33  0.62  0.00  0.00  0.95  0.00
  H0014373                1.00   0.04  0.00  0.00  0.32  0.64  0.00  0.00  0.30  0.00
  H0017981                1.00   0.04  0.00  0.00  0.00  0.00  0.00  0.95  0.00  0.00
  H0017755                1.00   0.04  0.00  0.00  0.00  0.00  0.00  0.95  0.00  0.00
  H0017791                1.00   0.04  0.00  0.00  0.96  0.00  0.00  0.00  0.95  0.00
  H0017357                1.00   0.04  0.95  0.00  0.00  0.00  0.00  0.00  0.76  0.00
  H0018216                1.00   0.04  0.31  0.00  0.65  0.00  0.00  0.00  0.95  0.00
  H0016792                1.00   0.04  0.30  0.00  0.65  0.00  0.00  0.00  0.95  0.00
  H0019507                1.00   0.04  0.00  0.00  0.96  0.00  0.00  0.00  0.95  0.00
  H0019998                1.00   0.04  0.00  0.00  0.32  0.64  0.00  0.00  0.65  0.00
  H0019576                1.00   0.04  0.00  0.00  0.34  0.61  0.00  0.00  0.64  0.00
  H0020087                1.00   0.04  0.94  0.00  0.02  0.00  0.00  0.00  0.76  0.00
  H0020211                1.00   0.04  0.00  0.00  0.96  0.00  0.00  0.00  0.30  0.00
  H0018982                1.00   0.04  0.00  0.00  0.96  0.00  0.00  0.00  0.32  0.00
  H0018753                1.00   0.04  0.00  0.00  0.96  0.00  0.00  0.00  0.95  0.00
  H0018845                1.00   0.24  0.76  0.00  0.00  0.00  0.00  0.00  0.00  0.00
  H0018863                1.00   0.04  0.00  0.00  0.96  0.00  0.00  0.00  0.95  0.00
  H0019156                1.00   1.00  0.00  0.00  0.00  0.00  0.00  0.00  0.00  0.00
  H0018929                1.00   0.04  0.31  0.00  0.65  0.00  0.00  0.00  0.95  0.00
  H0018440                1.00   0.04  0.00  0.00  0.96  0.00  0.00  0.00  0.95  0.00
  H0018456                1.00   0.04  0.00  0.00  0.96  0.00  0.00  0.00  0.94  0.00
  H0018968                1.00   0.04  0.00  0.00  0.31  0.64  0.00  0.00  0.32  0.00
  H0022036                1.00   0.04  0.00  0.00  0.06  0.10  0.00  0.80  0.04  0.00
  H0021806                1.00   0.04  0.31  0.00  0.65  0.00  0.00  0.00  0.35  0.00
  H0022111                1.00   0.04  0.00  0.00  0.96  0.00  0.00  0.00  0.00  0.00
  H0021440                1.00   0.04  0.00  0.00  0.34  0.62  0.00  0.00  0.02  0.00
  H0021704                1.00   0.04  0.00  0.00  0.00  0.00  0.00  0.95  0.00  0.00
  H0020521                1.00   0.04  0.00  0.00  0.96  0.00  0.00  0.00  0.95  0.00
  H0020755                1.00   0.04  0.32  0.00  0.64  0.00  0.00  0.00  0.95  0.00
  H0020530                1.00   0.04  0.00  0.00  0.34  0.62  0.00  0.00  0.02  0.00
  H0020618                1.00   0.04  0.00  0.00  0.33  0.63  0.00  0.00  0.35  0.00
  H0021163                1.00   0.04  0.00  0.00  0.93  0.02  0.00  0.00  0.32  0.00
  H0020497                1.20   0.04  0.95  0.00  0.01  0.00  0.00  0.00  0.76  0.00
  H0024325                1.00   0.04  0.00  0.00  0.34  0.62  0.00  0.00  0.32  0.00
  H0023585                1.00   0.04  0.00  0.00  0.00  0.00  0.00  0.96  0.00  0.00
  H0024098                1.00   0.04  0.31  0.00  0.64  0.00  0.00  0.00  0.95  0.00
  H0024235                1.00   0.04  0.00  0.00  0.00  0.00  0.00  0.95  0.00  0.00
  H0024282                1.00   0.24  0.00  0.00  0.76  0.00  0.00  0.00  0.00  0.00
  H0024308                1.00   0.04  0.00  0.00  0.30  0.66  0.00  0.00  0.18  0.00
  H0024498                1.00   0.04  0.00  0.00  0.00  0.00  0.00  0.96  0.00  0.00
  H0026990                1.00   0.04  0.00  0.00  0.96  0.00  0.00  0.00  0.95  0.00
  H0041650                1.00   0.35  0.01  0.00  0.64  0.00  0.00  0.00  0.93  0.00
  H0041011                1.00   0.04  0.00  0.00  0.95  0.00  0.00  0.00  0.95  0.00
  H0045103                1.00   0.04  0.00  0.00  0.96  0.00  0.00  0.00  0.65  0.00
  H0045104                1.00   0.04  0.00  0.00  0.31  0.65  0.00  0.00  0.65  0.00
  H0045105                1.00   0.04  0.00  0.00  0.96  0.00  0.00  0.00  0.95  0.00
  H0045106                1.00   0.04  0.00  0.00  0.33  0.63  0.00  0.00  0.95  0.00
  H0045107                1.00   0.04  0.00  0.00  0.96  0.00  0.00  0.00  0.95  0.00
  H0045108                1.00   0.04  0.00  0.00  0.96  0.00  0.00  0.00  0.95  0.00
  
  
  *************************
  Conduit Surcharge Summary
  *************************
  
  ----------------------------------------------------------------------------
                                                           Hours        Hours 
                         --------- Hours Full --------   Above Full   Capacity
  Conduit                Both Ends  Upstream  Dnstream   Normal Flow   Limited
  ----------------------------------------------------------------------------
  H0014431                    0.31      0.31      0.31      0.34         0.30
  H0014433                    0.21      0.21      0.27      0.10         0.10
  H0014352                    0.14      0.14      0.17      0.06         0.06
  H0014373                    0.01      0.07      0.01      0.12         0.05
  H0017981                    0.16      0.20      0.16      0.39         0.17
  H0017755                    0.17      0.18      0.17      0.21         0.15
  H0017791                    0.07      0.07      0.08      0.01         0.01
  H0017357                    0.15      0.15      0.23      0.14         0.01
  H0018216                    0.20      0.24      0.20      0.28         0.23
  H0016792                    0.11      0.11      0.15      0.03         0.03
  H0019507                    0.23      0.23      0.31      0.03         0.02
  H0019998                    0.10      0.10      0.14      0.01         0.01
  H0019576                    0.10      0.10      0.10      0.11         0.08
  H0020087                    0.11      0.11      0.12      0.05         0.01
  H0020211                    0.10      0.15      0.10      0.33         0.11
  H0018982                    0.08      0.08      0.09      0.01         0.02
  H0018753                    0.23      0.23      0.31      0.02         0.01
  H0018863                    0.31      0.31      0.33      0.20         0.19
  H0018929                    0.09      0.09      0.10      0.01         0.01
  H0018440                    0.27      0.34      0.27      0.37         0.28
  H0018456                    0.16      0.16      0.16      0.14         0.12
  H0022036                    0.06      0.06      0.07      0.01         0.01
  H0021806                    0.18      0.22      0.18      0.22         0.17
  H0022111                    0.12      0.12      0.12      0.04         0.04
  H0021440                    0.09      0.09      0.11      0.03         0.03
  H0021704                    0.09      0.10      0.09      0.17         0.09
  H0020521                    0.21      0.21      0.24      0.07         0.06
  H0020755                    0.15      0.15      0.16      0.07         0.07
  H0020530                    0.07      0.17      0.07      0.22         0.16
  H0020618                    0.10      0.10      0.10      0.12         0.09
  H0021163                    0.27      0.27      0.28      0.19         0.17
  H0020497                    0.06      0.06      0.24      0.01         0.01
  H0024325                    0.12      0.12      0.15      0.01         0.01
  H0023585                    0.15      0.17      0.15      0.17         0.15
  H0024098                    0.33      0.33      0.40      0.24         0.24
  H0024235                    0.13      0.14      0.14      0.09         0.08
  H0024282                    0.01      0.01      0.05      0.01         0.01
  H0024498                    0.15      0.31      0.15      0.37         0.26
  H0026990                    0.13      0.13      0.15      0.01         0.01
  H0041650                    0.09      0.09      0.09      0.01         0.02
  H0041011                    0.28      0.28      0.33      0.03         0.02
  H0045103                    0.09      0.09      0.09      0.01         0.01
  H0045105                    0.13      0.13      0.14      0.01         0.01
  H0045106                    0.15      0.15      0.17      0.01         0.01
  H0045107                    0.27      0.27      0.30      0.13         0.12
  H0045108                    0.30      0.30      0.34      0.25         0.25
  

  Analysis begun on:  Fri Mar 22 15:55:39 2024
  Analysis ended on:  Fri Mar 22 15:55:54 2024
  Total elapsed time: 00:00:15