
  EPA STORM WATER MANAGEMENT MODEL - VERSION 5.2 (Build 5.2.4)
  PYSWMM TOOLKIT API - VERSION v1.0 (2023-11-27)
  ------------------------------------------------------------

  Gievenbeck_e2_T10D2880 
  
  ****************
  Analysis Options
  ****************
  Flow Units ............... CMS
  Process Models:
    Rainfall/Runoff ........ YES
    RDII ................... NO
    Snowmelt ............... NO
    Groundwater ............ NO
    Flow Routing ........... YES
    Ponding Allowed ........ NO
    Water Quality .......... NO
  Infiltration Method ...... HORTON
  Flow Routing Method ...... DYNWAVE
  Surcharge Method ......... SLOT
  Starting Date ............ 01/01/2024 00:00:00
  Ending Date .............. 01/04/2024 04:00:00
  Antecedent Dry Days ...... 14.0
  Report Time Step ......... 00:01:00
  Wet Time Step ............ 00:01:00
  Dry Time Step ............ 00:01:00
  Routing Time Step ........ 1.00 sec
  Variable Time Step ....... YES
  Maximum Trials ........... 8
  Number of Threads ........ 1
  Head Tolerance ........... 0.001500 m
  
  
  **************************        Volume         Depth
  Runoff Quantity Continuity     hectare-m            mm
  **************************     ---------       -------
  Total Precipitation ......         0.754        74.480
  Evaporation Loss .........         0.008         0.815
  Infiltration Loss ........         0.370        36.553
  Surface Runoff ...........         0.375        37.032
  Final Storage ............         0.001         0.129
  Continuity Error (%) .....        -0.066
  
  
  **************************        Volume        Volume
  Flow Routing Continuity        hectare-m      10^6 ltr
  **************************     ---------     ---------
  Dry Weather Inflow .......         0.000         0.000
  Wet Weather Inflow .......         0.375         3.749
  Groundwater Inflow .......         0.000         0.000
  RDII Inflow ..............         0.000         0.000
  External Inflow ..........         0.000         0.000
  External Outflow .........         0.371         3.712
  Flooding Loss ............         0.004         0.036
  Evaporation Loss .........         0.000         0.000
  Exfiltration Loss ........         0.000         0.000
  Initial Stored Volume ....         0.000         0.000
  Final Stored Volume ......         0.000         0.000
  Continuity Error (%) .....         0.015
  
  
  ***************************
  Time-Step Critical Elements
  ***************************
  None
  
  
  ********************************
  Highest Flow Instability Indexes
  ********************************
  All links are stable.
  
  
  *********************************
  Most Frequent Nonconverging Nodes
  *********************************
  Convergence obtained at all time steps.
  
  
  *************************
  Routing Time Step Summary
  *************************
  Minimum Time Step           :     0.34 sec
  Average Time Step           :     1.00 sec
  Maximum Time Step           :     1.00 sec
  % of Time in Steady State   :     0.00
  Average Iterations per Step :     2.00
  % of Steps Not Converging   :     0.00
  Time Step Frequencies       :
      1.000 -  0.871 sec      :   100.00 %
      0.871 -  0.758 sec      :     0.00 %
      0.758 -  0.660 sec      :     0.00 %
      0.660 -  0.574 sec      :     0.00 %
      0.574 -  0.500 sec      :     0.00 %
  
  
  ***************************
  Subcatchment Runoff Summary
  ***************************
  
  ------------------------------------------------------------------------------------------------------------------------------
                            Total      Total      Total      Total     Imperv       Perv      Total       Total     Peak  Runoff
                           Precip      Runon       Evap      Infil     Runoff     Runoff     Runoff      Runoff   Runoff   Coeff
  Subcatchment                 mm         mm         mm         mm         mm         mm         mm    10^6 ltr      CMS
  ------------------------------------------------------------------------------------------------------------------------------
  EZG_368                   74.48       0.00       0.81      36.78      36.33       5.93      36.81        0.15     0.12   0.494
  EZG_392                   74.48       0.00       0.81      36.62      36.34       6.09      36.98        0.12     0.10   0.496
  EZG_352                   74.48       0.00       0.81      37.02      36.33       5.68      36.56        0.22     0.16   0.491
  EZG_372                   74.48       0.00       0.81      36.11      36.36       6.61      37.51        0.05     0.05   0.504
  EZG_416                   74.48       0.00       0.81      36.55      36.34       6.15      37.05        0.11     0.09   0.497
  EZG_388                   74.48       0.00       0.81      36.85      36.33       5.86      36.74        0.17     0.13   0.493
  EZG_394                   74.48       0.00       0.81      36.52      36.34       6.19      37.08        0.10     0.08   0.498
  EZG_400                   74.48       0.00       0.81      36.48      36.34       6.23      37.12        0.10     0.08   0.498
  EZG_390                   74.48       0.00       0.81      36.61      36.34       6.10      36.99        0.12     0.10   0.497
  EZG_350                   74.48       0.00       0.81      36.85      36.33       5.85      36.74        0.17     0.13   0.493
  EZG_370                   74.48       0.00       0.81      36.69      36.34       6.02      36.91        0.13     0.11   0.496
  EZG_398                   74.48       0.00       0.81      35.94      36.36       6.78      37.69        0.04     0.03   0.506
  EZG_382                   74.48       0.00       0.81      35.88      36.36       6.84      37.75        0.03     0.03   0.507
  EZG_374                   74.48       0.00       0.97      30.63      43.59       5.71      42.77        0.16     0.12   0.574
  EZG_412                   74.48       0.00       0.81      35.52      36.38       7.21      38.13        0.02     0.02   0.512
  EZG_344                   74.48       0.00       0.81      36.47      36.34       6.24      37.14        0.09     0.08   0.499
  EZG_376                   74.48       0.00       0.81      36.32      36.35       6.39      37.28        0.07     0.06   0.501
  EZG_356                   74.48       0.00       0.81      37.08      36.33       5.62      36.50        0.23     0.17   0.490
  EZG_386                   74.48       0.00       0.81      37.24      36.32       5.46      36.33        0.29     0.21   0.488
  EZG_380                   74.48       0.00       0.81      36.74      36.34       5.97      36.85        0.14     0.11   0.495
  EZG_378                   74.48       0.00       0.81      36.66      36.34       6.05      36.94        0.13     0.10   0.496
  EZG_414                   74.48       0.00       0.81      35.88      36.36       6.84      37.75        0.03     0.03   0.507
  EZG_402                   74.48       0.00       0.81      36.62      36.34       6.08      36.97        0.12     0.10   0.496
  EZG_358                   74.48       0.00       0.81      37.07      36.33       5.63      36.51        0.23     0.17   0.490
  EZG_364                   74.48       0.00       0.81      37.07      36.33       5.63      36.50        0.23     0.17   0.490
  EZG_410                   74.48       0.00       0.81      36.35      36.35       6.36      37.25        0.08     0.07   0.500
  EZG_366                   74.48       0.00       0.81      36.43      36.35       6.28      37.17        0.09     0.07   0.499
  EZG_18259                 74.48       0.00       0.81      36.43      36.35       6.28      37.18        0.09     0.07   0.499
  EZG_18258                 74.48       0.00       0.81      35.71      36.37       7.01      37.93        0.02     0.02   0.509
  EZG_346                   74.48       0.00       0.79      37.30      35.61       6.04      36.31        0.13     0.11   0.487
  EZG_348                   74.48       0.00       0.79      36.99      35.62       6.36      36.64        0.08     0.07   0.492
  
  
  ******************
  Node Depth Summary
  ******************
  
  ---------------------------------------------------------------------------------
                                 Average  Maximum  Maximum  Time of Max    Reported
                                   Depth    Depth      HGL   Occurrence   Max Depth
  Node                 Type       Meters   Meters   Meters  days hr:min      Meters
  ---------------------------------------------------------------------------------
  R0019466             JUNCTION     0.02     1.53    70.98     0  18:05        1.52
  R0019468             JUNCTION     0.02     1.43    70.74     0  18:05        1.37
  R0019831             JUNCTION     0.01     1.62    70.79     0  18:05        1.62
  R0019825             JUNCTION     0.02     1.50    70.34     0  18:03        1.50
  R0019843             JUNCTION     0.03     1.35    68.98     0  18:05        1.23
  R0019368             JUNCTION     0.04     1.51    68.30     0  18:05        1.43
  R0019369             JUNCTION     0.03     0.75    67.34     0  18:06        0.74
  R0019370             JUNCTION     0.03     0.61    66.51     0  18:06        0.60
  R0019345             JUNCTION     0.02     1.14    71.04     0  18:05        1.12
  R0019346             JUNCTION     0.02     0.90    70.70     0  18:05        0.90
  R0043600             JUNCTION     0.02     0.61    70.28     0  18:05        0.60
  R0019203             JUNCTION     0.02     0.61    70.15     0  18:05        0.61
  R0043594             JUNCTION     0.02     0.48    70.21     0  18:05        0.48
  R0021458             JUNCTION     0.02     0.54    70.19     0  18:06        0.54
  R0019202             JUNCTION     0.02     0.58    70.16     0  18:05        0.58
  R0019373             JUNCTION     0.01     1.25    70.92     0  18:05        1.25
  R0019254             JUNCTION     0.02     1.91    71.95     0  18:05        1.91
  R0019716             JUNCTION     0.03     0.72    69.73     0  18:05        0.72
  R0019946             JUNCTION     0.05     0.98    69.60     0  18:05        0.97
  R0013935             JUNCTION     0.01     1.57    70.40     0  18:05        1.55
  R0019939             JUNCTION     0.02     1.53    70.10     0  18:05        1.51
  R0019944             JUNCTION     0.02     0.63    68.91     0  18:05        0.61
  R0043703             JUNCTION     0.03     0.73    69.33     0  18:05        0.73
  R0019945             JUNCTION     0.03     0.74    69.14     0  18:05        0.74
  R0039621             JUNCTION     0.00     0.72    70.29     0  18:05        0.71
  R0019838             JUNCTION     0.02     0.83    70.29     0  18:05        0.72
  R0039606             JUNCTION     0.02     0.57    70.16     0  18:05        0.57
  R0019204             JUNCTION     0.00     0.00    69.91     0  00:00        0.00
  R0019205             JUNCTION     0.00     0.00    69.62     0  00:00        0.00
  R0019849             JUNCTION     0.02     1.26    69.78     0  18:05        1.24
  R0019371             JUNCTION     0.00     0.00    70.41     0  00:00        0.00
  R0019718             JUNCTION     0.04     0.71    70.13     0  18:05        0.70
  R0021442             JUNCTION     0.02     2.05    72.10     0  18:02        2.05
  R0019247             JUNCTION     0.02     1.12    71.00     0  18:05        1.12
  R0019719             JUNCTION     0.02     0.70    70.38     0  18:05        0.69
  R0019767             JUNCTION     0.03     0.65    65.38     0  18:06        0.63
  R0019768             JUNCTION     0.02     0.54    64.31     0  18:06        0.52
  R0021453             JUNCTION     0.01     0.26    70.21     0  18:05        0.23
  R0019839             JUNCTION     0.02     0.87    70.26     0  18:05        0.75
  R0019717             JUNCTION     0.03     0.65    69.99     0  18:05        0.64
  R0019252             JUNCTION     0.01     1.94    72.13     0  18:04        1.94
  R0019721             JUNCTION     0.01     0.97    70.84     0  18:05        0.93
  R0019942             JUNCTION     0.01     1.24    69.89     0  18:05        1.22
  R0019206             JUNCTION     0.00     0.00    69.07     0  00:00        0.00
  R0019840             JUNCTION     0.01     1.03    70.00     0  18:05        0.89
  R0043702             JUNCTION     0.02     1.23    69.93     0  18:05        1.08
  R0019723             JUNCTION     0.01     0.86    70.94     0  18:05        0.83
  R0019724             JUNCTION     0.01     0.80    70.96     0  18:05        0.76
  R0021433             JUNCTION     0.01     2.15    72.54     0  18:02        2.15
  R0021435             JUNCTION     0.02     2.11    72.29     0  18:02        2.11
  R0019769             OUTFALL      0.02     0.53    63.91     0  18:06        0.52
  
  
  *******************
  Node Inflow Summary
  *******************
  
  -------------------------------------------------------------------------------------------------
                                  Maximum  Maximum                  Lateral       Total        Flow
                                  Lateral    Total  Time of Max      Inflow      Inflow     Balance
                                   Inflow   Inflow   Occurrence      Volume      Volume       Error
  Node                 Type           CMS      CMS  days hr:min    10^6 ltr    10^6 ltr     Percent
  -------------------------------------------------------------------------------------------------
  R0019466             JUNCTION     0.119    0.119     0  18:05       0.152       0.256       0.036
  R0019468             JUNCTION     0.075    0.154     0  18:05       0.089       0.338      -0.017
  R0019831             JUNCTION     0.097    0.097     0  18:05        0.12        0.12       0.069
  R0019825             JUNCTION     0.097    0.193     0  18:05        0.12        0.24       0.090
  R0019843             JUNCTION     0.000    2.249     0  18:05           0        3.71      -0.004
  R0019368             JUNCTION     0.000    2.211     0  18:05           0        3.71      -0.014
  R0019369             JUNCTION     0.000    2.228     0  18:06           0        3.71      -0.011
  R0019370             JUNCTION     0.000    2.202     0  18:06           0        3.71       0.001
  R0019345             JUNCTION     0.000    0.157     0  18:04           0       0.232       0.010
  R0019346             JUNCTION     0.015    0.282     0  18:05      0.0152       0.392       0.002
  R0043600             JUNCTION     0.000    0.213     0  18:05           0       0.428      -0.054
  R0019203             JUNCTION     0.031    0.664     0  18:05      0.0334        1.03      -0.006
  R0043594             JUNCTION     0.161    0.217     0  18:04       0.216        0.31      -0.003
  R0021458             JUNCTION     0.131    0.294     0  18:05       0.169       0.479       0.002
  R0019202             JUNCTION     0.046    0.434     0  18:05      0.0508       0.564      -0.211
  R0019373             JUNCTION     0.106    0.142     0  18:05       0.132        0.14       0.793
  R0019254             JUNCTION     0.089    0.163     0  18:04       0.108       0.232       0.028
  R0019716             JUNCTION     0.130    1.380     0  18:05       0.167         2.1      -0.005
  R0019946             JUNCTION     0.000    1.356     0  18:05           0         2.1      -0.001
  R0013935             JUNCTION     0.085    0.085     0  18:05       0.103       0.103       0.058
  R0019939             JUNCTION     0.035    0.115     0  18:05      0.0373        0.14      -0.045
  R0019944             JUNCTION     0.080    1.677     0  18:05      0.0956        2.68       0.012
  R0043703             JUNCTION     0.095    1.426     0  18:05       0.117        2.22       0.006
  R0019945             JUNCTION     0.000    1.627     0  18:05           0        2.58      -0.006
  R0039621             JUNCTION     0.000    0.059     0  18:05           0     0.00324      -1.823
  R0019838             JUNCTION     0.173    0.173     0  18:05       0.234       0.237      -0.058
  R0039606             JUNCTION     0.000    0.291     0  18:06           0       0.479       0.013
  R0019204             JUNCTION     0.000    0.000     0  00:00           0           0       0.000 ltr
  R0019205             JUNCTION     0.000    0.000     0  00:00           0           0       0.000 ltr
  R0019849             JUNCTION     0.000    0.210     0  18:05           0       0.368       0.001
  R0019371             JUNCTION     0.000    0.000     0  00:00           0           0       0.000 ltr
  R0019718             JUNCTION     0.113    0.754     0  18:05       0.143        1.17      -0.332
  R0021442             JUNCTION     0.123    0.196     0  18:05       0.162       0.359       0.022
  R0019247             JUNCTION     0.064    0.214     0  18:05      0.0743       0.429       0.067
  R0019719             JUNCTION     0.067    0.341     0  18:05      0.0782        0.47       0.358
  R0019767             JUNCTION     0.000    2.220     0  18:06           0        3.71      -0.002
  R0019768             JUNCTION     0.000    2.239     0  18:06           0        3.71       0.004
  R0021453             JUNCTION     0.078    0.078     0  18:05      0.0939      0.0939      -0.055
  R0019839             JUNCTION     0.171    0.315     0  18:04       0.231       0.465       0.016
  R0019717             JUNCTION     0.208    1.267     0  18:05        0.29        1.93       0.102
  R0019252             JUNCTION     0.102    0.102     0  18:05       0.127       0.127      -0.016
  R0019721             JUNCTION     0.031    0.120     0  18:05      0.0328       0.145       0.076
  R0019942             JUNCTION     0.000    0.123     0  18:03           0       0.228      -0.148
  R0019206             JUNCTION     0.000    0.000     0  00:00           0           0       0.000 ltr
  R0019840             JUNCTION     0.000    0.435     0  18:04           0       0.803      -0.000
  R0043702             JUNCTION     0.171    0.587     0  18:04       0.231        1.03       0.197
  R0019723             JUNCTION     0.074    0.095     0  18:04      0.0883       0.112      -0.126
  R0019724             JUNCTION     0.022    0.026     0  18:04      0.0232      0.0232      -0.192
  R0021433             JUNCTION     0.106    0.106     0  18:05       0.132       0.132      -0.064
  R0021435             JUNCTION     0.069    0.141     0  18:05      0.0815        0.21      -0.052
  R0019769             OUTFALL      0.000    2.251     0  18:06           0        3.71       0.000
  
  
  **********************
  Node Surcharge Summary
  **********************
  
  Surcharging occurs when water rises above the top of the highest conduit.
  ---------------------------------------------------------------------
                                               Max. Height   Min. Depth
                                   Hours       Above Crown    Below Rim
  Node                 Type      Surcharged         Meters       Meters
  ---------------------------------------------------------------------
  R0019466             JUNCTION        0.18          1.226        1.284
  R0019468             JUNCTION        0.17          1.126        1.304
  R0019831             JUNCTION        0.12          1.325        0.035
  R0019825             JUNCTION        0.16          1.200        0.000
  R0019843             JUNCTION        0.04          0.450        2.170
  R0019368             JUNCTION        0.08          0.613        0.437
  R0019345             JUNCTION        0.12          0.838        0.912
  R0019346             JUNCTION        0.08          0.504        1.236
  R0043600             JUNCTION        0.10          0.211        2.369
  R0019373             JUNCTION        0.12          0.955        1.545
  R0019254             JUNCTION        0.14          1.612        0.218
  R0019946             JUNCTION        0.04          0.076        1.444
  R0013935             JUNCTION        0.12          1.268        0.052
  R0019939             JUNCTION        0.18          1.228        0.392
  R0039621             JUNCTION        0.02          0.224        0.836
  R0019838             JUNCTION        0.03          0.326        0.974
  R0019849             JUNCTION        0.19          0.962        0.968
  R0021442             JUNCTION        0.19          1.750        0.000
  R0019247             JUNCTION        0.12          0.719        1.141
  R0019719             JUNCTION        0.04          0.196        1.604
  R0019839             JUNCTION        0.03          0.372        1.278
  R0019252             JUNCTION        0.11          1.640        0.000
  R0019721             JUNCTION        0.08          0.568        0.992
  R0019942             JUNCTION        0.16          0.942        0.708
  R0019840             JUNCTION        0.06          0.529        2.041
  R0043702             JUNCTION        0.08          0.728        2.182
  R0019723             JUNCTION        0.04          0.457        0.863
  R0019724             JUNCTION        0.04          0.497        0.953
  R0021433             JUNCTION        0.15          1.850        0.000
  R0021435             JUNCTION        0.17          1.810        0.000
  
  
  *********************
  Node Flooding Summary
  *********************
  
  Flooding refers to all water that overflows a node, whether it ponds or not.
  --------------------------------------------------------------------------
                                                             Total   Maximum
                                 Maximum   Time of Max       Flood    Ponded
                        Hours       Rate    Occurrence      Volume     Depth
  Node                 Flooded       CMS   days hr:min    10^6 ltr    Meters
  --------------------------------------------------------------------------
  R0019825                0.06     0.093      0  18:05       0.012     0.000
  R0021442                0.05     0.045      0  18:05       0.005     0.000
  R0019252                0.03     0.040      0  18:05       0.003     0.000
  R0021433                0.05     0.034      0  18:05       0.004     0.000
  R0021435                0.07     0.069      0  18:05       0.012     0.000
  
  
  ***********************
  Outfall Loading Summary
  ***********************
  
  -----------------------------------------------------------
                         Flow       Avg       Max       Total
                         Freq      Flow      Flow      Volume
  Outfall Node           Pcnt       CMS       CMS    10^6 ltr
  -----------------------------------------------------------
  R0019769              63.49     0.021     2.251       3.712
  -----------------------------------------------------------
  System                63.49     0.021     2.251       3.712
  
  
  ********************
  Link Flow Summary
  ********************
  
  -----------------------------------------------------------------------------
                                 Maximum  Time of Max   Maximum    Max/    Max/
                                  |Flow|   Occurrence   |Veloc|    Full    Full
  Link                 Type          CMS  days hr:min     m/sec    Flow   Depth
  -----------------------------------------------------------------------------
  H0014431             CONDUIT     0.081     0  18:04      1.15    1.50    1.00
  H0014433             CONDUIT     0.096     0  18:05      1.36    1.23    1.00
  H0014352             CONDUIT     2.211     0  18:05      3.48    0.91    1.00
  H0014373             CONDUIT     2.202     0  18:06      4.32    1.02    0.75
  H0017981             CONDUIT     0.151     0  18:04      2.13    4.26    1.00
  H0017755             CONDUIT     0.212     0  18:05      1.69    1.72    1.00
  H0017791             CONDUIT     0.192     0  18:06      0.70    0.28    0.57
  H0017357             CONDUIT     0.140     0  18:05      1.98    2.24    1.00
  H0018216             CONDUIT     0.157     0  18:04      2.22    2.86    1.00
  H0016792             CONDUIT     1.356     0  18:05      2.18    0.78    0.94
  H0019507             CONDUIT     0.081     0  18:05      1.15    1.13    1.00
  H0019998             CONDUIT     1.739     0  18:05      3.40    0.69    1.00
  H0019576             CONDUIT     1.428     0  18:05      2.57    0.96    0.82
  H0020087             CONDUIT     0.059     0  18:05      0.30    0.26    1.00
  H0020211             CONDUIT     1.357     0  18:05      2.18    3.38    0.95
  H0018982             CONDUIT     0.291     0  18:06      0.83    0.47    0.62
  H0018753             CONDUIT     0.040     0  18:01      0.64    0.56    1.00
  H0018845             CONDUIT     0.000     0  00:00      0.00    0.00    0.00
  H0018863             CONDUIT     0.113     0  18:05      1.60    2.65    1.00
  H0019156             CONDUIT     0.000     0  00:00      0.00    0.00    0.00
  H0018929             CONDUIT     0.658     0  18:05      1.39    0.57    0.73
  H0018440             CONDUIT     0.161     0  18:02      2.27    2.88    1.00
  H0018456             CONDUIT     0.282     0  18:05      2.24    1.71    1.00
  H0018968             CONDUIT     2.239     0  18:06      5.07    0.86    0.66
  H0022036             CONDUIT     0.076     0  18:05      0.54    0.06    0.39
  H0021806             CONDUIT     0.213     0  18:05      1.70    1.89    1.00
  H0022111             CONDUIT     0.156     0  18:05      0.92    1.11    1.00
  H0021440             CONDUIT     1.266     0  18:05      2.52    0.82    0.76
  H0021704             CONDUIT     0.753     0  18:05      1.64    1.44    0.73
  H0020521             CONDUIT     0.081     0  18:04      1.15    1.65    1.00
  H0020755             CONDUIT     0.121     0  18:05      0.97    1.34    1.00
  H0020530             CONDUIT     2.228     0  18:06      3.50    1.91    1.00
  H0020618             CONDUIT     1.624     0  18:06      3.31    1.01    0.76
  H0021163             CONDUIT     0.123     0  18:03      1.73    2.05    1.00
  H0020497             CONDUIT     0.000     0  00:00      0.00    0.00    1.00
  H0024325             CONDUIT     0.293     0  18:07      1.87    0.87    1.00
  H0023585             CONDUIT     0.564     0  18:05      2.87    1.30    1.00
  H0024098             CONDUIT     0.208     0  18:05      2.95    2.43    1.00
  H0024235             CONDUIT     0.344     0  18:05      1.75    1.41    1.00
  H0024282             CONDUIT     0.000     0  00:00      0.00    0.00    0.00
  H0024308             CONDUIT     2.251     0  18:06      5.73    0.66    0.59
  H0024498             CONDUIT     0.150     0  18:04      2.12    2.32    1.00
  H0026990             CONDUIT     0.092     0  18:05      0.82    0.69    1.00
  H0041650             CONDUIT     0.429     0  18:06      1.01    0.50    0.66
  H0041011             CONDUIT     0.117     0  18:03      1.65    1.16    1.00
  H0045103             CONDUIT     0.316     0  18:06      0.90    0.40    0.64
  H0045104             CONDUIT     2.220     0  18:06      4.72    0.79    0.69
  H0045105             CONDUIT     0.025     0  18:05      0.45    0.43    1.00
  H0045106             CONDUIT     0.427     0  18:04      2.41    0.57    1.00
  H0045107             CONDUIT     0.072     0  18:05      1.01    1.18    1.00
  H0045108             CONDUIT     0.091     0  18:07      1.29    1.65    1.00
  
  
  ***************************
  Flow Classification Summary
  ***************************
  
  -------------------------------------------------------------------------------------
                      Adjusted    ---------- Fraction of Time in Flow Class ---------- 
                       /Actual         Up    Down  Sub   Sup   Up    Down  Norm  Inlet 
  Conduit               Length    Dry  Dry   Dry   Crit  Crit  Crit  Crit  Ltd   Ctrl  
  -------------------------------------------------------------------------------------
  H0014431                1.00   0.05  0.31  0.00  0.64  0.00  0.00  0.00  0.94  0.00
  H0014433                1.00   0.05  0.00  0.00  0.95  0.00  0.00  0.00  0.95  0.00
  H0014352                1.00   0.05  0.00  0.00  0.34  0.61  0.00  0.00  0.94  0.00
  H0014373                1.00   0.05  0.00  0.00  0.32  0.63  0.00  0.00  0.30  0.00
  H0017981                1.00   0.05  0.00  0.00  0.00  0.00  0.00  0.95  0.00  0.00
  H0017755                1.00   0.05  0.00  0.00  0.00  0.00  0.00  0.95  0.00  0.00
  H0017791                1.00   0.05  0.00  0.00  0.95  0.00  0.00  0.00  0.94  0.00
  H0017357                1.00   0.05  0.95  0.00  0.00  0.00  0.00  0.00  0.76  0.00
  H0018216                1.00   0.05  0.31  0.00  0.64  0.00  0.00  0.00  0.94  0.00
  H0016792                1.00   0.05  0.30  0.00  0.64  0.00  0.00  0.00  0.94  0.00
  H0019507                1.00   0.05  0.00  0.00  0.95  0.00  0.00  0.00  0.94  0.00
  H0019998                1.00   0.05  0.00  0.00  0.32  0.63  0.00  0.00  0.64  0.00
  H0019576                1.00   0.05  0.00  0.00  0.66  0.29  0.00  0.00  0.63  0.00
  H0020087                1.00   0.05  0.93  0.00  0.01  0.00  0.00  0.00  0.76  0.00
  H0020211                1.00   0.05  0.00  0.00  0.95  0.00  0.00  0.00  0.30  0.00
  H0018982                1.00   0.05  0.00  0.00  0.95  0.00  0.00  0.00  0.33  0.00
  H0018753                1.00   0.05  0.00  0.00  0.95  0.00  0.00  0.00  0.95  0.00
  H0018845                1.00   1.00  0.00  0.00  0.00  0.00  0.00  0.00  0.00  0.00
  H0018863                1.00   0.05  0.00  0.00  0.95  0.00  0.00  0.00  0.94  0.00
  H0019156                1.00   1.00  0.00  0.00  0.00  0.00  0.00  0.00  0.00  0.00
  H0018929                1.00   0.05  0.31  0.00  0.64  0.00  0.00  0.00  0.94  0.00
  H0018440                1.00   0.05  0.00  0.00  0.95  0.00  0.00  0.00  0.94  0.00
  H0018456                1.00   0.05  0.00  0.00  0.95  0.00  0.00  0.00  0.94  0.00
  H0018968                1.00   0.05  0.30  0.00  0.02  0.63  0.00  0.00  0.32  0.00
  H0022036                1.00   0.05  0.00  0.00  0.04  0.04  0.00  0.86  0.03  0.00
  H0021806                1.00   0.05  0.31  0.00  0.64  0.00  0.00  0.00  0.74  0.00
  H0022111                1.00   0.05  0.00  0.00  0.95  0.00  0.00  0.00  0.00  0.00
  H0021440                1.00   0.05  0.00  0.00  0.34  0.61  0.00  0.00  0.01  0.00
  H0021704                1.00   0.05  0.00  0.00  0.00  0.00  0.00  0.95  0.00  0.00
  H0020521                1.00   0.05  0.00  0.00  0.95  0.00  0.00  0.00  0.94  0.00
  H0020755                1.00   0.05  0.32  0.00  0.63  0.00  0.00  0.00  0.94  0.00
  H0020530                1.00   0.05  0.00  0.00  0.34  0.61  0.00  0.00  0.01  0.00
  H0020618                1.00   0.05  0.00  0.00  0.33  0.62  0.00  0.00  0.33  0.00
  H0021163                1.00   0.05  0.00  0.00  0.93  0.01  0.00  0.00  0.32  0.00
  H0020497                1.20   0.05  0.95  0.00  0.00  0.00  0.00  0.00  0.00  0.00
  H0024325                1.00   0.05  0.00  0.00  0.34  0.61  0.00  0.00  0.33  0.00
  H0023585                1.00   0.05  0.00  0.00  0.00  0.00  0.00  0.95  0.00  0.00
  H0024098                1.00   0.05  0.31  0.00  0.63  0.00  0.00  0.00  0.94  0.00
  H0024235                1.00   0.05  0.00  0.00  0.00  0.00  0.00  0.95  0.00  0.00
  H0024282                1.00   1.00  0.00  0.00  0.00  0.00  0.00  0.00  0.00  0.00
  H0024308                1.00   0.05  0.00  0.00  0.30  0.64  0.00  0.00  0.45  0.00
  H0024498                1.00   0.05  0.00  0.00  0.00  0.00  0.00  0.95  0.00  0.00
  H0026990                1.00   0.05  0.00  0.00  0.95  0.00  0.00  0.00  0.94  0.00
  H0041650                1.00   0.36  0.01  0.00  0.63  0.00  0.00  0.00  0.93  0.00
  H0041011                1.00   0.05  0.00  0.00  0.95  0.00  0.00  0.00  0.94  0.00
  H0045103                1.00   0.05  0.00  0.00  0.95  0.00  0.00  0.00  0.74  0.00
  H0045104                1.00   0.05  0.00  0.00  0.31  0.63  0.00  0.00  0.64  0.00
  H0045105                1.00   0.05  0.00  0.00  0.95  0.00  0.00  0.00  0.95  0.00
  H0045106                1.00   0.05  0.31  0.00  0.02  0.62  0.00  0.00  0.94  0.00
  H0045107                1.00   0.05  0.00  0.00  0.95  0.00  0.00  0.00  0.94  0.00
  H0045108                1.00   0.05  0.00  0.00  0.95  0.00  0.00  0.00  0.94  0.00
  
  
  *************************
  Conduit Surcharge Summary
  *************************
  
  ----------------------------------------------------------------------------
                                                           Hours        Hours 
                         --------- Hours Full --------   Above Full   Capacity
  Conduit                Both Ends  Upstream  Dnstream   Normal Flow   Limited
  ----------------------------------------------------------------------------
  H0014431                    0.17      0.18      0.17      0.19         0.17
  H0014433                    0.12      0.12      0.16      0.04         0.04
  H0014352                    0.04      0.04      0.08      0.01         0.01
  H0014373                    0.01      0.01      0.01      0.02         0.01
  H0017981                    0.09      0.12      0.09      0.21         0.11
  H0017755                    0.08      0.10      0.08      0.14         0.09
  H0017357                    0.03      0.03      0.12      0.08         0.01
  H0018216                    0.12      0.13      0.12      0.16         0.13
  H0016792                    0.01      0.01      0.04      0.01         0.01
  H0019507                    0.12      0.12      0.18      0.03         0.02
  H0019998                    0.01      0.01      0.04      0.01         0.01
  H0020087                    0.02      0.02      0.03      0.01         0.01
  H0020211                    0.01      0.04      0.01      0.19         0.01
  H0018753                    0.12      0.12      0.18      0.01         0.01
  H0018863                    0.18      0.18      0.19      0.12         0.11
  H0018440                    0.15      0.19      0.15      0.22         0.18
  H0018456                    0.07      0.08      0.07      0.10         0.08
  H0021806                    0.10      0.12      0.10      0.14         0.11
  H0022111                    0.03      0.03      0.03      0.02         0.01
  H0021704                    0.01      0.01      0.01      0.09         0.01
  H0020521                    0.11      0.11      0.13      0.10         0.09
  H0020755                    0.08      0.08      0.08      0.03         0.03
  H0020530                    0.01      0.08      0.01      0.12         0.07
  H0020618                    0.01      0.01      0.01      0.01         0.01
  H0021163                    0.15      0.16      0.16      0.15         0.14
  H0024325                    0.03      0.03      0.06      0.01         0.01
  H0023585                    0.05      0.08      0.05      0.09         0.08
  H0024098                    0.19      0.19      0.22      0.16         0.15
  H0024235                    0.02      0.04      0.02      0.07         0.03
  H0024498                    0.06      0.17      0.06      0.20         0.14
  H0026990                    0.04      0.04      0.08      0.01         0.01
  H0041011                    0.16      0.16      0.19      0.06         0.05
  H0045105                    0.04      0.04      0.06      0.01         0.01
  H0045106                    0.06      0.06      0.08      0.01         0.01
  H0045107                    0.15      0.15      0.17      0.06         0.06
  H0045108                    0.17      0.17      0.19      0.14         0.14
  

  Analysis begun on:  Fri Mar 22 15:55:42 2024
  Analysis ended on:  Fri Mar 22 15:55:57 2024
  Total elapsed time: 00:00:15