
  EPA STORM WATER MANAGEMENT MODEL - VERSION 5.2 (Build 5.2.4)
  PYSWMM TOOLKIT API - VERSION v1.0 (2023-11-27)
  ------------------------------------------------------------

  Gievenbeck_e2_T3D540 
  
  ****************
  Analysis Options
  ****************
  Flow Units ............... CMS
  Process Models:
    Rainfall/Runoff ........ YES
    RDII ................... NO
    Snowmelt ............... NO
    Groundwater ............ NO
    Flow Routing ........... YES
    Ponding Allowed ........ NO
    Water Quality .......... NO
  Infiltration Method ...... HORTON
  Flow Routing Method ...... DYNWAVE
  Surcharge Method ......... SLOT
  Starting Date ............ 01/01/2024 00:00:00
  Ending Date .............. 01/04/2024 04:00:00
  Antecedent Dry Days ...... 14.0
  Report Time Step ......... 00:01:00
  Wet Time Step ............ 00:01:00
  Dry Time Step ............ 00:01:00
  Routing Time Step ........ 1.00 sec
  Variable Time Step ....... YES
  Maximum Trials ........... 8
  Number of Threads ........ 1
  Head Tolerance ........... 0.001500 m
  
  
  **************************        Volume         Depth
  Runoff Quantity Continuity     hectare-m            mm
  **************************     ---------       -------
  Total Precipitation ......         0.369        36.450
  Evaporation Loss .........         0.010         0.949
  Infiltration Loss ........         0.195        19.278
  Surface Runoff ...........         0.165        16.255
  Final Storage ............         0.000         0.000
  Continuity Error (%) .....        -0.088
  
  
  **************************        Volume        Volume
  Flow Routing Continuity        hectare-m      10^6 ltr
  **************************     ---------     ---------
  Dry Weather Inflow .......         0.000         0.000
  Wet Weather Inflow .......         0.165         1.645
  Groundwater Inflow .......         0.000         0.000
  RDII Inflow ..............         0.000         0.000
  External Inflow ..........         0.000         0.000
  External Outflow .........         0.165         1.646
  Flooding Loss ............         0.000         0.000
  Evaporation Loss .........         0.000         0.000
  Exfiltration Loss ........         0.000         0.000
  Initial Stored Volume ....         0.000         0.000
  Final Stored Volume ......         0.000         0.000
  Continuity Error (%) .....        -0.011
  
  
  *************************
  Highest Continuity Errors
  *************************
  Node R0019373 (1.38%)
  
  
  ***************************
  Time-Step Critical Elements
  ***************************
  None
  
  
  ********************************
  Highest Flow Instability Indexes
  ********************************
  All links are stable.
  
  
  *********************************
  Most Frequent Nonconverging Nodes
  *********************************
  Convergence obtained at all time steps.
  
  
  *************************
  Routing Time Step Summary
  *************************
  Minimum Time Step           :     0.77 sec
  Average Time Step           :     1.00 sec
  Maximum Time Step           :     1.00 sec
  % of Time in Steady State   :     0.00
  Average Iterations per Step :     2.00
  % of Steps Not Converging   :     0.00
  Time Step Frequencies       :
      1.000 -  0.871 sec      :   100.00 %
      0.871 -  0.758 sec      :     0.00 %
      0.758 -  0.660 sec      :     0.00 %
      0.660 -  0.574 sec      :     0.00 %
      0.574 -  0.500 sec      :     0.00 %
  
  
  ***************************
  Subcatchment Runoff Summary
  ***************************
  
  ------------------------------------------------------------------------------------------------------------------------------
                            Total      Total      Total      Total     Imperv       Perv      Total       Total     Peak  Runoff
                           Precip      Runon       Evap      Infil     Runoff     Runoff     Runoff      Runoff   Runoff   Coeff
  Subcatchment                 mm         mm         mm         mm         mm         mm         mm    10^6 ltr      CMS
  ------------------------------------------------------------------------------------------------------------------------------
  EZG_368                   36.45       0.00       0.94      19.41      17.30       1.42      16.13        0.07     0.07   0.442
  EZG_392                   36.45       0.00       0.94      19.32      17.31       1.51      16.22        0.05     0.05   0.445
  EZG_352                   36.45       0.00       0.95      19.54      17.30       1.29      15.99        0.09     0.09   0.439
  EZG_372                   36.45       0.00       0.93      19.00      17.32       1.84      16.56        0.02     0.03   0.454
  EZG_416                   36.45       0.00       0.94      19.28      17.31       1.55      16.26        0.05     0.05   0.446
  EZG_388                   36.45       0.00       0.94      19.45      17.30       1.38      16.09        0.07     0.07   0.441
  EZG_394                   36.45       0.00       0.94      19.27      17.31       1.57      16.28        0.05     0.05   0.447
  EZG_400                   36.45       0.00       0.94      19.24      17.31       1.59      16.31        0.04     0.04   0.447
  EZG_390                   36.45       0.00       0.94      19.31      17.31       1.52      16.23        0.05     0.05   0.445
  EZG_350                   36.45       0.00       0.94      19.45      17.30       1.38      16.09        0.07     0.07   0.441
  EZG_370                   36.45       0.00       0.94      19.36      17.31       1.47      16.18        0.06     0.06   0.444
  EZG_398                   36.45       0.00       0.93      18.89      17.33       1.95      16.68        0.02     0.02   0.458
  EZG_382                   36.45       0.00       0.93      18.85      17.33       1.99      16.72        0.01     0.02   0.459
  EZG_374                   36.45       0.00       1.14      16.03      20.76       1.67      19.31        0.07     0.07   0.530
  EZG_412                   36.45       0.00       0.92      18.58      17.34       2.27      17.01        0.01     0.01   0.467
  EZG_344                   36.45       0.00       0.94      19.23      17.31       1.60      16.32        0.04     0.04   0.448
  EZG_376                   36.45       0.00       0.93      19.15      17.32       1.69      16.41        0.03     0.04   0.450
  EZG_356                   36.45       0.00       0.95      19.57      17.29       1.26      15.96        0.10     0.10   0.438
  EZG_386                   36.45       0.00       0.95      19.65      17.29       1.18      15.88        0.13     0.12   0.436
  EZG_380                   36.45       0.00       0.94      19.39      17.30       1.44      16.15        0.06     0.06   0.443
  EZG_378                   36.45       0.00       0.94      19.34      17.31       1.49      16.20        0.06     0.06   0.444
  EZG_414                   36.45       0.00       0.93      18.85      17.33       2.00      16.73        0.01     0.02   0.459
  EZG_402                   36.45       0.00       0.94      19.32      17.31       1.51      16.22        0.05     0.05   0.445
  EZG_358                   36.45       0.00       0.95      19.56      17.29       1.26      15.96        0.10     0.10   0.438
  EZG_364                   36.45       0.00       0.95      19.57      17.29       1.26      15.96        0.10     0.10   0.438
  EZG_410                   36.45       0.00       0.94      19.16      17.32       1.67      16.39        0.03     0.04   0.450
  EZG_366                   36.45       0.00       0.94      19.21      17.31       1.62      16.34        0.04     0.04   0.448
  EZG_18259                 36.45       0.00       0.94      19.21      17.31       1.62      16.34        0.04     0.04   0.448
  EZG_18258                 36.45       0.00       0.92      18.73      17.34       2.12      16.86        0.01     0.01   0.463
  EZG_346                   36.45       0.00       0.92      19.70      16.96       1.45      15.86        0.06     0.06   0.435
  EZG_348                   36.45       0.00       0.92      19.52      16.97       1.63      16.05        0.04     0.04   0.440
  
  
  ******************
  Node Depth Summary
  ******************
  
  ---------------------------------------------------------------------------------
                                 Average  Maximum  Maximum  Time of Max    Reported
                                   Depth    Depth      HGL   Occurrence   Max Depth
  Node                 Type       Meters   Meters   Meters  days hr:min      Meters
  ---------------------------------------------------------------------------------
  R0019466             JUNCTION     0.01     0.72    70.17     0  05:05        0.72
  R0019468             JUNCTION     0.01     0.64    69.95     0  05:05        0.64
  R0019831             JUNCTION     0.00     0.75    69.92     0  05:05        0.68
  R0019825             JUNCTION     0.01     0.96    69.80     0  05:05        0.89
  R0019843             JUNCTION     0.01     0.48    68.11     0  05:06        0.48
  R0019368             JUNCTION     0.01     0.70    67.49     0  05:06        0.69
  R0019369             JUNCTION     0.01     0.51    67.10     0  05:06        0.51
  R0019370             JUNCTION     0.01     0.43    66.33     0  05:06        0.43
  R0019345             JUNCTION     0.01     0.41    70.31     0  05:05        0.41
  R0019346             JUNCTION     0.00     0.33    70.13     0  05:05        0.32
  R0043600             JUNCTION     0.01     0.40    70.07     0  05:05        0.39
  R0019203             JUNCTION     0.01     0.42    69.96     0  05:05        0.42
  R0043594             JUNCTION     0.00     0.28    70.01     0  05:05        0.28
  R0021458             JUNCTION     0.01     0.35    70.00     0  05:05        0.35
  R0019202             JUNCTION     0.01     0.39    69.97     0  05:05        0.39
  R0019373             JUNCTION     0.00     0.50    70.17     0  05:05        0.49
  R0019254             JUNCTION     0.00     0.74    70.78     0  05:05        0.72
  R0019716             JUNCTION     0.01     0.46    69.47     0  05:06        0.46
  R0019946             JUNCTION     0.01     0.64    69.26     0  05:06        0.64
  R0013935             JUNCTION     0.00     0.56    69.39     0  05:05        0.52
  R0019939             JUNCTION     0.00     0.74    69.31     0  05:05        0.70
  R0019944             JUNCTION     0.01     0.40    68.68     0  05:06        0.39
  R0043703             JUNCTION     0.01     0.49    69.09     0  05:06        0.49
  R0019945             JUNCTION     0.01     0.50    68.90     0  05:06        0.50
  R0039621             JUNCTION     0.00     0.18    69.75     0  05:05        0.17
  R0019838             JUNCTION     0.01     0.29    69.75     0  05:05        0.28
  R0039606             JUNCTION     0.01     0.38    69.97     0  05:05        0.38
  R0019204             JUNCTION     0.00     0.00    69.91     0  00:00        0.00
  R0019205             JUNCTION     0.00     0.00    69.62     0  00:00        0.00
  R0019849             JUNCTION     0.01     0.71    69.23     0  05:05        0.68
  R0019371             JUNCTION     0.00     0.00    70.41     0  00:00        0.00
  R0019718             JUNCTION     0.01     0.51    69.93     0  05:05        0.50
  R0021442             JUNCTION     0.01     1.60    71.65     0  05:05        1.53
  R0019247             JUNCTION     0.01     0.68    70.56     0  05:05        0.66
  R0019719             JUNCTION     0.01     0.33    70.01     0  05:05        0.33
  R0019767             JUNCTION     0.01     0.46    65.19     0  05:06        0.46
  R0019768             JUNCTION     0.01     0.39    64.16     0  05:06        0.39
  R0021453             JUNCTION     0.00     0.11    70.06     0  05:05        0.11
  R0019839             JUNCTION     0.00     0.26    69.65     0  05:05        0.26
  R0019717             JUNCTION     0.01     0.45    69.79     0  05:05        0.45
  R0019252             JUNCTION     0.00     0.77    70.96     0  05:05        0.75
  R0019721             JUNCTION     0.00     0.29    70.16     0  05:05        0.29
  R0019942             JUNCTION     0.00     0.69    69.34     0  05:05        0.64
  R0019206             JUNCTION     0.00     0.00    69.07     0  00:00        0.00
  R0019840             JUNCTION     0.00     0.24    69.21     0  05:05        0.23
  R0043702             JUNCTION     0.01     0.36    69.06     0  05:05        0.35
  R0019723             JUNCTION     0.00     0.17    70.25     0  05:05        0.17
  R0019724             JUNCTION     0.00     0.10    70.26     0  05:05        0.10
  R0021433             JUNCTION     0.00     1.67    72.06     0  05:05        1.54
  R0021435             JUNCTION     0.01     1.74    71.92     0  05:05        1.63
  R0019769             OUTFALL      0.01     0.39    63.77     0  05:06        0.39
  
  
  *******************
  Node Inflow Summary
  *******************
  
  -------------------------------------------------------------------------------------------------
                                  Maximum  Maximum                  Lateral       Total        Flow
                                  Lateral    Total  Time of Max      Inflow      Inflow     Balance
                                   Inflow   Inflow   Occurrence      Volume      Volume       Error
  Node                 Type           CMS      CMS  days hr:min    10^6 ltr    10^6 ltr     Percent
  -------------------------------------------------------------------------------------------------
  R0019466             JUNCTION     0.067    0.084     0  05:02      0.0666       0.117       0.101
  R0019468             JUNCTION     0.042    0.111     0  05:05      0.0391       0.156      -0.031
  R0019831             JUNCTION     0.054    0.054     0  05:05      0.0525      0.0525       0.099
  R0019825             JUNCTION     0.055    0.100     0  05:05      0.0527       0.105       0.168
  R0019843             JUNCTION     0.000    1.321     0  05:06           0        1.65      -0.002
  R0019368             JUNCTION     0.000    1.325     0  05:06           0        1.65       0.012
  R0019369             JUNCTION     0.000    1.375     0  05:06           0        1.65      -0.011
  R0019370             JUNCTION     0.000    1.331     0  05:06           0        1.65       0.001
  R0019345             JUNCTION     0.000    0.101     0  05:05           0       0.103       0.029
  R0019346             JUNCTION     0.009    0.166     0  05:05     0.00679       0.173      -0.018
  R0043600             JUNCTION     0.000    0.178     0  05:05           0       0.199      -0.076
  R0019203             JUNCTION     0.018    0.411     0  05:05      0.0148       0.454       0.002
  R0043594             JUNCTION     0.092    0.134     0  05:05      0.0945       0.136      -0.020
  R0021458             JUNCTION     0.074    0.192     0  05:05      0.0738        0.21      -0.005
  R0019202             JUNCTION     0.025    0.224     0  05:05      0.0224       0.239      -0.283
  R0019373             JUNCTION     0.059    0.059     0  05:05       0.058      0.0582       1.395
  R0019254             JUNCTION     0.050    0.102     0  05:05      0.0474       0.103       0.052
  R0019716             JUNCTION     0.073    0.799     0  05:06      0.0733       0.925      -0.012
  R0019946             JUNCTION     0.000    0.802     0  05:06           0       0.925       0.001
  R0013935             JUNCTION     0.048    0.048     0  05:05      0.0452      0.0452       0.063
  R0019939             JUNCTION     0.019    0.062     0  05:04      0.0165      0.0616      -0.043
  R0019944             JUNCTION     0.045    0.990     0  05:06       0.042        1.19       0.008
  R0043703             JUNCTION     0.053    0.842     0  05:06      0.0514       0.976       0.012
  R0019945             JUNCTION     0.000    0.968     0  05:06           0        1.14      -0.010
  R0039621             JUNCTION     0.000    0.005     0  05:01           0      0.0011       0.808
  R0019838             JUNCTION     0.098    0.098     0  05:05       0.102       0.103      -0.009
  R0039606             JUNCTION     0.000    0.163     0  05:05           0        0.21       0.034
  R0019204             JUNCTION     0.000    0.000     0  00:00           0           0       0.000 ltr
  R0019205             JUNCTION     0.000    0.000     0  00:00           0           0       0.000 ltr
  R0019849             JUNCTION     0.000    0.152     0  05:05           0       0.167       0.012
  R0019371             JUNCTION     0.000    0.000     0  00:00           0           0       0.000 ltr
  R0019718             JUNCTION     0.064    0.459     0  05:05      0.0629       0.517      -0.864
  R0021442             JUNCTION     0.073    0.149     0  05:05      0.0732       0.167       0.049
  R0019247             JUNCTION     0.036    0.178     0  05:05      0.0327       0.199       0.052
  R0019719             JUNCTION     0.037    0.194     0  05:05      0.0344       0.208       0.360
  R0019767             JUNCTION     0.000    1.323     0  05:06           0        1.65      -0.005
  R0019768             JUNCTION     0.000    1.325     0  05:06           0        1.65       0.009
  R0021453             JUNCTION     0.044    0.044     0  05:05      0.0413      0.0413      -0.096
  R0019839             JUNCTION     0.097    0.186     0  05:05       0.101       0.203       0.001
  R0019717             JUNCTION     0.119    0.747     0  05:05       0.127       0.855       0.398
  R0019252             JUNCTION     0.057    0.057     0  05:05      0.0555      0.0555      -0.054
  R0019721             JUNCTION     0.017    0.068     0  05:05      0.0146      0.0637       0.014
  R0019942             JUNCTION     0.000    0.096     0  05:05           0       0.105      -0.229
  R0019206             JUNCTION     0.000    0.000     0  00:00           0           0       0.000 ltr
  R0019840             JUNCTION     0.000    0.292     0  05:05           0       0.359       0.001
  R0043702             JUNCTION     0.097    0.379     0  05:05       0.101        0.46      -0.001
  R0019723             JUNCTION     0.042    0.054     0  05:05      0.0388      0.0491      -0.038
  R0019724             JUNCTION     0.013    0.013     0  05:05      0.0103      0.0103      -0.045
  R0021433             JUNCTION     0.059    0.059     0  05:05      0.0577      0.0577      -0.158
  R0021435             JUNCTION     0.039    0.087     0  05:05      0.0357      0.0935      -0.014
  R0019769             OUTFALL      0.000    1.328     0  05:06           0        1.65       0.000
  
  
  **********************
  Node Surcharge Summary
  **********************
  
  Surcharging occurs when water rises above the top of the highest conduit.
  ---------------------------------------------------------------------
                                               Max. Height   Min. Depth
                                   Hours       Above Crown    Below Rim
  Node                 Type      Surcharged         Meters       Meters
  ---------------------------------------------------------------------
  R0019466             JUNCTION        0.11          0.420        2.090
  R0019468             JUNCTION        0.10          0.340        2.090
  R0019831             JUNCTION        0.04          0.453        0.907
  R0019825             JUNCTION        0.08          0.663        0.537
  R0019345             JUNCTION        0.04          0.115        1.635
  R0019373             JUNCTION        0.04          0.195        2.305
  R0019254             JUNCTION        0.07          0.439        1.391
  R0013935             JUNCTION        0.04          0.262        1.058
  R0019939             JUNCTION        0.11          0.441        1.179
  R0019849             JUNCTION        0.12          0.412        1.518
  R0021442             JUNCTION        0.13          1.305        0.445
  R0019247             JUNCTION        0.05          0.279        1.581
  R0019252             JUNCTION        0.04          0.471        1.169
  R0019942             JUNCTION        0.09          0.393        1.257
  R0021433             JUNCTION        0.08          1.369        0.481
  R0021435             JUNCTION        0.11          1.444        0.366
  
  
  *********************
  Node Flooding Summary
  *********************
  
  No nodes were flooded.
  
  
  ***********************
  Outfall Loading Summary
  ***********************
  
  -----------------------------------------------------------
                         Flow       Avg       Max       Total
                         Freq      Flow      Flow      Volume
  Outfall Node           Pcnt       CMS       CMS    10^6 ltr
  -----------------------------------------------------------
  R0019769              14.04     0.043     1.328       1.646
  -----------------------------------------------------------
  System                14.04     0.043     1.328       1.646
  
  
  ********************
  Link Flow Summary
  ********************
  
  -----------------------------------------------------------------------------
                                 Maximum  Time of Max   Maximum    Max/    Max/
                                  |Flow|   Occurrence   |Veloc|    Full    Full
  Link                 Type          CMS  days hr:min     m/sec    Flow   Depth
  -----------------------------------------------------------------------------
  H0014431             CONDUIT     0.072     0  05:02      1.01    1.33    1.00
  H0014433             CONDUIT     0.049     0  05:05      0.73    0.62    1.00
  H0014352             CONDUIT     1.325     0  05:06      3.02    0.54    0.66
  H0014373             CONDUIT     1.331     0  05:06      3.94    0.61    0.53
  H0017981             CONDUIT     0.101     0  05:05      1.43    2.86    1.00
  H0017755             CONDUIT     0.177     0  05:05      1.46    1.43    0.92
  H0017791             CONDUIT     0.121     0  05:05      0.64    0.18    0.35
  H0017357             CONDUIT     0.056     0  05:05      0.79    0.89    1.00
  H0018216             CONDUIT     0.101     0  05:05      1.43    1.84    1.00
  H0016792             CONDUIT     0.802     0  05:06      1.98    0.46    0.61
  H0019507             CONDUIT     0.044     0  05:04      0.70    0.60    1.00
  H0019998             CONDUIT     0.994     0  05:06      3.27    0.40    0.49
  H0019576             CONDUIT     0.848     0  05:06      2.36    0.57    0.55
  H0020087             CONDUIT     0.007     0  05:06      0.14    0.03    0.47
  H0020211             CONDUIT     0.814     0  05:06      1.97    2.03    0.63
  H0018982             CONDUIT     0.163     0  05:05      0.81    0.26    0.41
  H0018753             CONDUIT     0.037     0  05:02      0.62    0.52    1.00
  H0018845             CONDUIT     0.000     0  00:00      0.00    0.00    0.00
  H0018863             CONDUIT     0.059     0  05:05      0.83    1.38    1.00
  H0019156             CONDUIT     0.000     0  00:00      0.00    0.00    0.00
  H0018929             CONDUIT     0.412     0  05:05      1.27    0.36    0.52
  H0018440             CONDUIT     0.147     0  05:05      2.08    2.63    1.00
  H0018456             CONDUIT     0.164     0  05:05      1.48    1.00    0.83
  H0018968             CONDUIT     1.325     0  05:06      4.50    0.51    0.47
  H0022036             CONDUIT     0.043     0  05:05      0.49    0.03    0.20
  H0021806             CONDUIT     0.178     0  05:05      1.41    1.57    1.00
  H0022111             CONDUIT     0.090     0  05:05      0.82    0.64    0.55
  H0021440             CONDUIT     0.752     0  05:06      2.36    0.49    0.50
  H0021704             CONDUIT     0.467     0  05:06      1.48    0.89    0.51
  H0020521             CONDUIT     0.054     0  05:05      0.77    1.10    1.00
  H0020755             CONDUIT     0.060     0  05:06      0.63    0.66    0.78
  H0020530             CONDUIT     1.375     0  05:06      3.02    1.18    0.67
  H0020618             CONDUIT     0.967     0  05:06      3.05    0.60    0.50
  H0021163             CONDUIT     0.096     0  05:05      1.36    1.61    1.00
  H0020497             CONDUIT     0.000     0  00:00      0.00    0.00    0.80
  H0024325             CONDUIT     0.182     0  05:05      1.85    0.54    0.50
  H0023585             CONDUIT     0.378     0  05:05      2.51    0.87    0.72
  H0024098             CONDUIT     0.151     0  05:05      2.14    1.76    1.00
  H0024235             CONDUIT     0.195     0  05:05      1.47    0.80    0.64
  H0024282             CONDUIT     0.000     0  00:00      0.00    0.00    0.00
  H0024308             CONDUIT     1.328     0  05:06      5.03    0.39    0.43
  H0024498             CONDUIT     0.110     0  05:05      1.56    1.71    1.00
  H0026990             CONDUIT     0.051     0  05:05      0.74    0.39    0.58
  H0041650             CONDUIT     0.222     0  05:05      0.81    0.26    0.45
  H0041011             CONDUIT     0.095     0  05:05      1.34    0.94    1.00
  H0045103             CONDUIT     0.173     0  05:06      0.76    0.22    0.43
  H0045104             CONDUIT     1.323     0  05:06      4.21    0.47    0.50
  H0045105             CONDUIT     0.012     0  05:05      0.39    0.21    0.46
  H0045106             CONDUIT     0.292     0  05:05      2.38    0.39    0.60
  H0045107             CONDUIT     0.051     0  05:05      0.72    0.84    1.00
  H0045108             CONDUIT     0.085     0  05:05      1.20    1.52    1.00
  
  
  ***************************
  Flow Classification Summary
  ***************************
  
  -------------------------------------------------------------------------------------
                      Adjusted    ---------- Fraction of Time in Flow Class ---------- 
                       /Actual         Up    Down  Sub   Sup   Up    Down  Norm  Inlet 
  Conduit               Length    Dry  Dry   Dry   Crit  Crit  Crit  Crit  Ltd   Ctrl  
  -------------------------------------------------------------------------------------
  H0014431                1.00   0.04  0.82  0.00  0.14  0.00  0.00  0.00  0.96  0.00
  H0014433                1.00   0.04  0.00  0.00  0.96  0.00  0.00  0.00  0.96  0.00
  H0014352                1.00   0.04  0.00  0.00  0.84  0.12  0.00  0.00  0.96  0.00
  H0014373                1.00   0.04  0.00  0.00  0.83  0.13  0.00  0.00  0.81  0.00
  H0017981                1.00   0.04  0.00  0.00  0.00  0.00  0.00  0.96  0.00  0.00
  H0017755                1.00   0.04  0.00  0.00  0.00  0.00  0.00  0.96  0.00  0.00
  H0017791                1.00   0.04  0.00  0.00  0.96  0.00  0.00  0.00  0.96  0.00
  H0017357                1.00   0.04  0.96  0.00  0.00  0.00  0.00  0.00  0.93  0.00
  H0018216                1.00   0.04  0.82  0.00  0.14  0.00  0.00  0.00  0.96  0.00
  H0016792                1.00   0.04  0.81  0.00  0.15  0.00  0.00  0.00  0.96  0.00
  H0019507                1.00   0.04  0.00  0.00  0.96  0.00  0.00  0.00  0.96  0.00
  H0019998                1.00   0.04  0.00  0.00  0.83  0.13  0.00  0.00  0.15  0.00
  H0019576                1.00   0.04  0.00  0.00  0.85  0.11  0.00  0.00  0.14  0.00
  H0020087                1.00   0.04  0.95  0.00  0.01  0.00  0.00  0.00  0.93  0.00
  H0020211                1.00   0.04  0.00  0.00  0.96  0.00  0.00  0.00  0.81  0.00
  H0018982                1.00   0.04  0.00  0.00  0.96  0.00  0.00  0.00  0.84  0.00
  H0018753                1.00   0.04  0.00  0.00  0.96  0.00  0.00  0.00  0.96  0.00
  H0018845                1.00   1.00  0.00  0.00  0.00  0.00  0.00  0.00  0.00  0.00
  H0018863                1.00   0.04  0.00  0.00  0.96  0.00  0.00  0.00  0.96  0.00
  H0019156                1.00   1.00  0.00  0.00  0.00  0.00  0.00  0.00  0.00  0.00
  H0018929                1.00   0.04  0.82  0.00  0.14  0.00  0.00  0.00  0.96  0.00
  H0018440                1.00   0.04  0.00  0.00  0.96  0.00  0.00  0.00  0.96  0.00
  H0018456                1.00   0.04  0.00  0.00  0.96  0.00  0.00  0.00  0.96  0.00
  H0018968                1.00   0.04  0.81  0.00  0.01  0.14  0.00  0.00  0.83  0.00
  H0022036                1.00   0.04  0.00  0.00  0.03  0.01  0.00  0.92  0.02  0.00
  H0021806                1.00   0.04  0.82  0.00  0.14  0.00  0.00  0.00  0.86  0.00
  H0022111                1.00   0.04  0.00  0.00  0.96  0.00  0.00  0.00  0.00  0.00
  H0021440                1.00   0.04  0.00  0.00  0.85  0.12  0.00  0.00  0.01  0.00
  H0021704                1.00   0.04  0.00  0.00  0.00  0.00  0.00  0.96  0.00  0.00
  H0020521                1.00   0.04  0.00  0.00  0.96  0.00  0.00  0.00  0.96  0.00
  H0020755                1.00   0.04  0.83  0.00  0.14  0.00  0.00  0.00  0.96  0.00
  H0020530                1.00   0.04  0.00  0.00  0.85  0.12  0.00  0.00  0.01  0.00
  H0020618                1.00   0.04  0.00  0.00  0.84  0.13  0.00  0.00  0.83  0.00
  H0021163                1.00   0.04  0.00  0.00  0.95  0.01  0.00  0.00  0.83  0.00
  H0020497                1.20   0.04  0.96  0.00  0.00  0.00  0.00  0.00  0.00  0.00
  H0024325                1.00   0.04  0.00  0.00  0.85  0.12  0.00  0.00  0.84  0.00
  H0023585                1.00   0.04  0.00  0.00  0.00  0.00  0.00  0.96  0.00  0.00
  H0024098                1.00   0.04  0.82  0.00  0.14  0.00  0.00  0.00  0.96  0.00
  H0024235                1.00   0.04  0.00  0.00  0.00  0.00  0.00  0.96  0.00  0.00
  H0024282                1.00   1.00  0.00  0.00  0.00  0.00  0.00  0.00  0.00  0.00
  H0024308                1.00   0.04  0.00  0.00  0.81  0.15  0.00  0.00  0.08  0.00
  H0024498                1.00   0.04  0.00  0.00  0.00  0.00  0.00  0.96  0.00  0.00
  H0026990                1.00   0.04  0.00  0.00  0.96  0.00  0.00  0.00  0.96  0.00
  H0041650                1.00   0.86  0.01  0.00  0.13  0.00  0.00  0.00  0.95  0.00
  H0041011                1.00   0.04  0.00  0.00  0.96  0.00  0.00  0.00  0.96  0.00
  H0045103                1.00   0.04  0.00  0.00  0.96  0.00  0.00  0.00  0.85  0.00
  H0045104                1.00   0.04  0.00  0.00  0.82  0.14  0.00  0.00  0.15  0.00
  H0045105                1.00   0.04  0.00  0.00  0.96  0.00  0.00  0.00  0.96  0.00
  H0045106                1.00   0.04  0.00  0.00  0.84  0.12  0.00  0.00  0.96  0.00
  H0045107                1.00   0.04  0.00  0.00  0.96  0.00  0.00  0.00  0.96  0.00
  H0045108                1.00   0.04  0.00  0.00  0.96  0.00  0.00  0.00  0.96  0.00
  
  
  *************************
  Conduit Surcharge Summary
  *************************
  
  ----------------------------------------------------------------------------
                                                           Hours        Hours 
                         --------- Hours Full --------   Above Full   Capacity
  Conduit                Both Ends  Upstream  Dnstream   Normal Flow   Limited
  ----------------------------------------------------------------------------
  H0014431                    0.10      0.11      0.10      0.12         0.10
  H0014433                    0.04      0.04      0.08      0.01         0.01
  H0017981                    0.01      0.04      0.01      0.13         0.03
  H0017755                    0.01      0.01      0.01      0.07         0.01
  H0017357                    0.01      0.01      0.04      0.01         0.01
  H0018216                    0.04      0.07      0.04      0.09         0.06
  H0019507                    0.04      0.04      0.11      0.01         0.01
  H0020211                    0.01      0.01      0.01      0.11         0.01
  H0018753                    0.04      0.04      0.11      0.01         0.01
  H0018863                    0.11      0.11      0.12      0.04         0.04
  H0018440                    0.09      0.13      0.09      0.15         0.11
  H0021806                    0.01      0.05      0.01      0.08         0.04
  H0020521                    0.04      0.04      0.07      0.02         0.02
  H0020530                    0.01      0.01      0.01      0.04         0.01
  H0021163                    0.07      0.08      0.09      0.09         0.06
  H0024098                    0.12      0.12      0.15      0.09         0.08
  H0024498                    0.01      0.10      0.01      0.13         0.07
  H0041011                    0.09      0.09      0.12      0.01         0.01
  H0045107                    0.08      0.08      0.11      0.01         0.01
  H0045108                    0.11      0.11      0.13      0.07         0.07
  

  Analysis begun on:  Fri Mar 22 15:56:35 2024
  Analysis ended on:  Fri Mar 22 15:56:44 2024
  Total elapsed time: 00:00:09