
  EPA STORM WATER MANAGEMENT MODEL - VERSION 5.2 (Build 5.2.4)
  PYSWMM TOOLKIT API - VERSION v1.0 (2023-11-27)
  ------------------------------------------------------------

  Gievenbeck_e2_T50D15 
  
  ****************
  Analysis Options
  ****************
  Flow Units ............... CMS
  Process Models:
    Rainfall/Runoff ........ YES
    RDII ................... NO
    Snowmelt ............... NO
    Groundwater ............ NO
    Flow Routing ........... YES
    Ponding Allowed ........ NO
    Water Quality .......... NO
  Infiltration Method ...... HORTON
  Flow Routing Method ...... DYNWAVE
  Surcharge Method ......... SLOT
  Starting Date ............ 01/01/2024 00:00:00
  Ending Date .............. 01/04/2024 04:00:00
  Antecedent Dry Days ...... 14.0
  Report Time Step ......... 00:01:00
  Wet Time Step ............ 00:01:00
  Dry Time Step ............ 00:01:00
  Routing Time Step ........ 1.00 sec
  Variable Time Step ....... YES
  Maximum Trials ........... 8
  Number of Threads ........ 1
  Head Tolerance ........... 0.001500 m
  
  
  **************************        Volume         Depth
  Runoff Quantity Continuity     hectare-m            mm
  **************************     ---------       -------
  Total Precipitation ......         0.270        26.700
  Evaporation Loss .........         0.010         0.969
  Infiltration Loss ........         0.108        10.709
  Surface Runoff ...........         0.153        15.157
  Final Storage ............         0.000         0.000
  Continuity Error (%) .....        -0.504
  
  
  **************************        Volume        Volume
  Flow Routing Continuity        hectare-m      10^6 ltr
  **************************     ---------     ---------
  Dry Weather Inflow .......         0.000         0.000
  Wet Weather Inflow .......         0.153         1.534
  Groundwater Inflow .......         0.000         0.000
  RDII Inflow ..............         0.000         0.000
  External Inflow ..........         0.000         0.000
  External Outflow .........         0.150         1.502
  Flooding Loss ............         0.004         0.037
  Evaporation Loss .........         0.000         0.000
  Exfiltration Loss ........         0.000         0.000
  Initial Stored Volume ....         0.000         0.000
  Final Stored Volume ......         0.000         0.000
  Continuity Error (%) .....        -0.330
  
  
  *************************
  Highest Continuity Errors
  *************************
  Node R0019718 (-1.62%)
  Node R0019373 (1.06%)
  
  
  ***************************
  Time-Step Critical Elements
  ***************************
  None
  
  
  ********************************
  Highest Flow Instability Indexes
  ********************************
  All links are stable.
  
  
  *********************************
  Most Frequent Nonconverging Nodes
  *********************************
  Convergence obtained at all time steps.
  
  
  *************************
  Routing Time Step Summary
  *************************
  Minimum Time Step           :     0.50 sec
  Average Time Step           :     1.00 sec
  Maximum Time Step           :     1.00 sec
  % of Time in Steady State   :     0.00
  Average Iterations per Step :     2.00
  % of Steps Not Converging   :     0.00
  Time Step Frequencies       :
      1.000 -  0.871 sec      :    99.99 %
      0.871 -  0.758 sec      :     0.00 %
      0.758 -  0.660 sec      :     0.00 %
      0.660 -  0.574 sec      :     0.00 %
      0.574 -  0.500 sec      :     0.00 %
  
  
  ***************************
  Subcatchment Runoff Summary
  ***************************
  
  ------------------------------------------------------------------------------------------------------------------------------
                            Total      Total      Total      Total     Imperv       Perv      Total       Total     Peak  Runoff
                           Precip      Runon       Evap      Infil     Runoff     Runoff     Runoff      Runoff   Runoff   Coeff
  Subcatchment                 mm         mm         mm         mm         mm         mm         mm    10^6 ltr      CMS
  ------------------------------------------------------------------------------------------------------------------------------
  EZG_368                   26.70       0.00       0.96      10.82      12.51       4.41      15.04        0.06     0.13   0.563
  EZG_392                   26.70       0.00       0.96      10.63      12.52       4.61      15.25        0.05     0.10   0.571
  EZG_352                   26.70       0.00       0.97      11.11      12.49       4.12      14.74        0.09     0.17   0.552
  EZG_372                   26.70       0.00       0.95      10.01      12.57       5.25      15.93        0.02     0.05   0.597
  EZG_416                   26.70       0.00       0.96      10.55      12.52       4.69      15.33        0.04     0.10   0.574
  EZG_388                   26.70       0.00       0.96      10.90      12.50       4.33      14.96        0.07     0.14   0.560
  EZG_394                   26.70       0.00       0.96      10.52      12.53       4.73      15.37        0.04     0.09   0.576
  EZG_400                   26.70       0.00       0.96      10.46      12.53       4.78      15.43        0.04     0.09   0.578
  EZG_390                   26.70       0.00       0.96      10.62      12.52       4.62      15.27        0.05     0.10   0.572
  EZG_350                   26.70       0.00       0.97      10.91      12.50       4.33      14.95        0.07     0.14   0.560
  EZG_370                   26.70       0.00       0.96      10.71      12.51       4.53      15.16        0.05     0.11   0.568
  EZG_398                   26.70       0.00       0.94       9.81      12.59       5.46      16.16        0.02     0.04   0.605
  EZG_382                   26.70       0.00       0.94       9.74      12.59       5.53      16.23        0.01     0.03   0.608
  EZG_374                   26.70       0.00       1.16       8.57      14.99       4.38      17.12        0.06     0.13   0.641
  EZG_412                   26.70       0.00       0.93       9.31      12.65       5.98      16.74        0.01     0.02   0.627
  EZG_344                   26.70       0.00       0.96      10.45      12.53       4.80      15.45        0.04     0.08   0.579
  EZG_376                   26.70       0.00       0.95      10.28      12.55       4.97      15.64        0.03     0.07   0.586
  EZG_356                   26.70       0.00       0.97      11.17      12.48       4.05      14.67        0.09     0.18   0.549
  EZG_386                   26.70       0.00       0.98      11.35      12.47       3.87      14.47        0.12     0.22   0.542
  EZG_380                   26.70       0.00       0.96      10.78      12.51       4.46      15.09        0.06     0.12   0.565
  EZG_378                   26.70       0.00       0.96      10.68      12.52       4.56      15.20        0.05     0.11   0.569
  EZG_414                   26.70       0.00       0.94       9.73      12.59       5.54      16.25        0.01     0.03   0.608
  EZG_402                   26.70       0.00       0.96      10.64      12.52       4.60      15.24        0.05     0.10   0.571
  EZG_358                   26.70       0.00       0.97      11.16      12.48       4.06      14.68        0.09     0.18   0.550
  EZG_364                   26.70       0.00       0.97      11.16      12.48       4.06      14.68        0.09     0.18   0.550
  EZG_410                   26.70       0.00       0.95      10.31      12.54       4.94      15.60        0.03     0.07   0.584
  EZG_366                   26.70       0.00       0.95      10.41      12.54       4.84      15.49        0.04     0.08   0.580
  EZG_18259                 26.70       0.00       0.95      10.40      12.54       4.84      15.50        0.04     0.08   0.581
  EZG_18258                 26.70       0.00       0.94       9.53      12.62       5.75      16.48        0.01     0.02   0.617
  EZG_346                   26.70       0.00       0.94      10.94      12.26       4.52      14.95        0.05     0.11   0.560
  EZG_348                   26.70       0.00       0.93      10.57      12.29       4.91      15.36        0.03     0.07   0.575
  
  
  ******************
  Node Depth Summary
  ******************
  
  ---------------------------------------------------------------------------------
                                 Average  Maximum  Maximum  Time of Max    Reported
                                   Depth    Depth      HGL   Occurrence   Max Depth
  Node                 Type       Meters   Meters   Meters  days hr:min      Meters
  ---------------------------------------------------------------------------------
  R0019466             JUNCTION     0.00     1.68    71.13     0  02:10        1.59
  R0019468             JUNCTION     0.00     1.55    70.86     0  02:10        1.51
  R0019831             JUNCTION     0.00     1.66    70.83     0  02:09        1.66
  R0019825             JUNCTION     0.00     1.50    70.34     0  02:08        1.50
  R0019843             JUNCTION     0.00     1.39    69.02     0  02:11        1.10
  R0019368             JUNCTION     0.00     1.57    68.36     0  02:11        1.34
  R0019369             JUNCTION     0.00     0.75    67.34     0  02:11        0.75
  R0019370             JUNCTION     0.00     0.60    66.50     0  02:11        0.60
  R0019345             JUNCTION     0.00     1.15    71.05     0  02:10        1.06
  R0019346             JUNCTION     0.00     0.93    70.73     0  02:10        0.84
  R0043600             JUNCTION     0.00     0.62    70.29     0  02:10        0.60
  R0019203             JUNCTION     0.00     0.62    70.16     0  02:10        0.61
  R0043594             JUNCTION     0.00     0.47    70.20     0  02:11        0.47
  R0021458             JUNCTION     0.00     0.54    70.19     0  02:10        0.54
  R0019202             JUNCTION     0.00     0.59    70.17     0  02:10        0.58
  R0019373             JUNCTION     0.00     1.36    71.03     0  02:10        1.29
  R0019254             JUNCTION     0.00     1.89    71.93     0  02:10        1.87
  R0019716             JUNCTION     0.00     0.72    69.73     0  02:10        0.72
  R0019946             JUNCTION     0.00     0.98    69.60     0  02:11        0.97
  R0013935             JUNCTION     0.00     1.56    70.39     0  02:10        1.51
  R0019939             JUNCTION     0.00     1.50    70.07     0  02:10        1.44
  R0019944             JUNCTION     0.00     0.66    68.94     0  02:11        0.59
  R0043703             JUNCTION     0.00     0.73    69.33     0  02:11        0.72
  R0019945             JUNCTION     0.00     0.74    69.14     0  02:11        0.74
  R0039621             JUNCTION     0.00     0.81    70.38     0  02:10        0.63
  R0019838             JUNCTION     0.00     0.92    70.38     0  02:10        0.80
  R0039606             JUNCTION     0.00     0.58    70.17     0  02:11        0.58
  R0019204             JUNCTION     0.00     0.00    69.91     0  00:00        0.00
  R0019205             JUNCTION     0.00     0.00    69.62     0  00:00        0.00
  R0019849             JUNCTION     0.00     1.25    69.77     0  02:10        1.24
  R0019371             JUNCTION     0.00     0.00    70.41     0  00:00        0.00
  R0019718             JUNCTION     0.00     0.71    70.13     0  02:10        0.71
  R0021442             JUNCTION     0.01     2.05    72.10     0  02:08        2.05
  R0019247             JUNCTION     0.00     1.15    71.03     0  02:10        1.14
  R0019719             JUNCTION     0.00     0.70    70.38     0  02:10        0.63
  R0019767             JUNCTION     0.00     0.64    65.37     0  02:11        0.63
  R0019768             JUNCTION     0.00     0.53    64.30     0  02:11        0.53
  R0021453             JUNCTION     0.00     0.27    70.22     0  02:11        0.25
  R0019839             JUNCTION     0.00     0.89    70.28     0  02:10        0.70
  R0019717             JUNCTION     0.00     0.65    69.99     0  02:10        0.65
  R0019252             JUNCTION     0.00     1.94    72.13     0  02:09        1.94
  R0019721             JUNCTION     0.00     1.00    70.87     0  02:10        0.87
  R0019942             JUNCTION     0.00     1.23    69.88     0  02:10        1.22
  R0019206             JUNCTION     0.00     0.00    69.07     0  00:00        0.00
  R0019840             JUNCTION     0.00     1.00    69.97     0  02:11        0.91
  R0043702             JUNCTION     0.00     1.21    69.91     0  02:11        1.10
  R0019723             JUNCTION     0.00     0.91    70.99     0  02:10        0.73
  R0019724             JUNCTION     0.00     0.83    70.99     0  02:10        0.69
  R0021433             JUNCTION     0.00     2.15    72.54     0  02:08        2.15
  R0021435             JUNCTION     0.01     2.11    72.29     0  02:08        2.11
  R0019769             OUTFALL      0.00     0.53    63.91     0  02:11        0.53
  
  
  *******************
  Node Inflow Summary
  *******************
  
  -------------------------------------------------------------------------------------------------
                                  Maximum  Maximum                  Lateral       Total        Flow
                                  Lateral    Total  Time of Max      Inflow      Inflow     Balance
                                   Inflow   Inflow   Occurrence      Volume      Volume       Error
  Node                 Type           CMS      CMS  days hr:min    10^6 ltr    10^6 ltr     Percent
  -------------------------------------------------------------------------------------------------
  R0019466             JUNCTION     0.128    0.128     0  02:10      0.0622      0.0804       0.246
  R0019468             JUNCTION     0.081    0.163     0  02:09      0.0371        0.11      -0.188
  R0019831             JUNCTION     0.104    0.104     0  02:10      0.0494      0.0494       0.159
  R0019825             JUNCTION     0.105    0.205     0  02:10      0.0495      0.0988       0.192
  R0019843             JUNCTION     0.000    2.296     0  02:11           0         1.5       0.014
  R0019368             JUNCTION     0.000    2.214     0  02:11           0         1.5      -0.032
  R0019369             JUNCTION     0.000    2.246     0  02:11           0         1.5      -0.035
  R0019370             JUNCTION     0.000    2.207     0  02:11           0         1.5       0.000
  R0019345             JUNCTION     0.000    0.161     0  02:09           0      0.0937      -0.079
  R0019346             JUNCTION     0.017    0.283     0  02:10     0.00668       0.162       0.055
  R0043600             JUNCTION     0.000    0.217     0  02:09           0       0.162      -0.166
  R0019203             JUNCTION     0.034    0.672     0  02:10      0.0144       0.437       0.000
  R0043594             JUNCTION     0.173    0.254     0  02:10      0.0871       0.126      -0.188
  R0021458             JUNCTION     0.140    0.338     0  02:10      0.0687       0.195      -0.008
  R0019202             JUNCTION     0.049    0.447     0  02:10      0.0216        0.26      -0.376
  R0019373             JUNCTION     0.114    0.152     0  02:10      0.0544      0.0619       1.070
  R0019254             JUNCTION     0.095    0.170     0  02:09      0.0447      0.0938       0.052
  R0019716             JUNCTION     0.139    1.363     0  02:10      0.0682       0.878      -0.034
  R0019946             JUNCTION     0.000    1.355     0  02:11           0       0.879       0.037
  R0013935             JUNCTION     0.092    0.092     0  02:10      0.0426      0.0426       0.179
  R0019939             JUNCTION     0.038    0.121     0  02:10       0.016      0.0586      -0.164
  R0019944             JUNCTION     0.086    1.676     0  02:10      0.0398        1.11       0.020
  R0043703             JUNCTION     0.102    1.429     0  02:11      0.0483       0.927      -0.009
  R0019945             JUNCTION     0.000    1.625     0  02:10           0        1.07      -0.004
  R0039621             JUNCTION     0.000    0.078     0  02:10           0     0.00341      -3.187
  R0019838             JUNCTION     0.185    0.185     0  02:10       0.094      0.0975      -0.103
  R0039606             JUNCTION     0.000    0.300     0  02:12           0       0.195       0.146
  R0019204             JUNCTION     0.000    0.000     0  00:00           0           0       0.000 ltr
  R0019205             JUNCTION     0.000    0.000     0  00:00           0           0       0.000 ltr
  R0019849             JUNCTION     0.000    0.220     0  02:10           0       0.146       0.044
  R0019371             JUNCTION     0.000    0.000     0  00:00           0           0       0.000 ltr
  R0019718             JUNCTION     0.122    0.761     0  02:10      0.0588       0.496      -1.595
  R0021442             JUNCTION     0.135    0.207     0  02:10      0.0649       0.137       0.094
  R0019247             JUNCTION     0.069    0.219     0  02:09      0.0312       0.162       0.094
  R0019719             JUNCTION     0.072    0.343     0  02:10      0.0328       0.194       0.948
  R0019767             JUNCTION     0.000    2.200     0  02:12           0         1.5      -0.006
  R0019768             JUNCTION     0.000    2.205     0  02:11           0         1.5       0.022
  R0021453             JUNCTION     0.085    0.085     0  02:10      0.0391      0.0391      -0.045
  R0019839             JUNCTION     0.183    0.340     0  02:09      0.0929       0.187       0.033
  R0019717             JUNCTION     0.221    1.256     0  02:10       0.116       0.812       0.206
  R0019252             JUNCTION     0.110    0.110     0  02:10      0.0521      0.0521       0.016
  R0019721             JUNCTION     0.034    0.125     0  02:10      0.0141      0.0613       0.183
  R0019942             JUNCTION     0.000    0.129     0  02:08           0      0.0868      -0.420
  R0019206             JUNCTION     0.000    0.000     0  00:00           0           0       0.000 ltr
  R0019840             JUNCTION     0.000    0.465     0  02:10           0       0.297      -0.016
  R0043702             JUNCTION     0.183    0.597     0  02:09       0.093        0.39       0.178
  R0019723             JUNCTION     0.080    0.098     0  02:10      0.0368      0.0471      -0.308
  R0019724             JUNCTION     0.025    0.040     0  02:09      0.0101      0.0102      -0.677
  R0021433             JUNCTION     0.114    0.114     0  02:10      0.0544      0.0544      -0.003
  R0021435             JUNCTION     0.075    0.146     0  02:10      0.0342      0.0844      -0.215
  R0019769             OUTFALL      0.000    2.212     0  02:11           0         1.5       0.000
  
  
  **********************
  Node Surcharge Summary
  **********************
  
  Surcharging occurs when water rises above the top of the highest conduit.
  ---------------------------------------------------------------------
                                               Max. Height   Min. Depth
                                   Hours       Above Crown    Below Rim
  Node                 Type      Surcharged         Meters       Meters
  ---------------------------------------------------------------------
  R0019466             JUNCTION        0.24          1.378        1.132
  R0019468             JUNCTION        0.23          1.252        1.178
  R0019831             JUNCTION        0.16          1.360        0.000
  R0019825             JUNCTION        0.21          1.200        0.000
  R0019843             JUNCTION        0.04          0.494        2.126
  R0019368             JUNCTION        0.09          0.669        0.381
  R0019345             JUNCTION        0.14          0.855        0.895
  R0019346             JUNCTION        0.09          0.530        1.210
  R0043600             JUNCTION        0.12          0.223        2.357
  R0019373             JUNCTION        0.15          1.063        1.437
  R0019254             JUNCTION        0.18          1.586        0.244
  R0019946             JUNCTION        0.04          0.076        1.444
  R0013935             JUNCTION        0.16          1.258        0.062
  R0019939             JUNCTION        0.24          1.202        0.418
  R0039621             JUNCTION        0.02          0.309        0.751
  R0019838             JUNCTION        0.04          0.425        0.875
  R0019849             JUNCTION        0.25          0.947        0.983
  R0021442             JUNCTION        0.25          1.750        0.000
  R0019247             JUNCTION        0.16          0.747        1.113
  R0019719             JUNCTION        0.04          0.203        1.597
  R0019839             JUNCTION        0.04          0.388        1.262
  R0019252             JUNCTION        0.15          1.640        0.000
  R0019721             JUNCTION        0.08          0.598        0.962
  R0019942             JUNCTION        0.22          0.930        0.720
  R0019840             JUNCTION        0.07          0.502        2.068
  R0043702             JUNCTION        0.09          0.706        2.204
  R0019723             JUNCTION        0.04          0.507        0.813
  R0019724             JUNCTION        0.04          0.530        0.920
  R0021433             JUNCTION        0.21          1.850        0.000
  R0021435             JUNCTION        0.23          1.810        0.000
  
  
  *********************
  Node Flooding Summary
  *********************
  
  Flooding refers to all water that overflows a node, whether it ponds or not.
  --------------------------------------------------------------------------
                                                             Total   Maximum
                                 Maximum   Time of Max       Flood    Ponded
                        Hours       Rate    Occurrence      Volume     Depth
  Node                 Flooded       CMS   days hr:min    10^6 ltr    Meters
  --------------------------------------------------------------------------
  R0019831                0.01     0.004      0  02:10       0.000     0.000
  R0019825                0.06     0.097      0  02:10       0.012     0.000
  R0021442                0.05     0.058      0  02:10       0.006     0.000
  R0019252                0.03     0.045      0  02:10       0.003     0.000
  R0021433                0.05     0.042      0  02:10       0.004     0.000
  R0021435                0.08     0.074      0  02:10       0.012     0.000
  
  
  ***********************
  Outfall Loading Summary
  ***********************
  
  -----------------------------------------------------------
                         Flow       Avg       Max       Total
                         Freq      Flow      Flow      Volume
  Outfall Node           Pcnt       CMS       CMS    10^6 ltr
  -----------------------------------------------------------
  R0019769               3.91     0.141     2.212       1.502
  -----------------------------------------------------------
  System                 3.91     0.141     2.212       1.502
  
  
  ********************
  Link Flow Summary
  ********************
  
  -----------------------------------------------------------------------------
                                 Maximum  Time of Max   Maximum    Max/    Max/
                                  |Flow|   Occurrence   |Veloc|    Full    Full
  Link                 Type          CMS  days hr:min     m/sec    Flow   Depth
  -----------------------------------------------------------------------------
  H0014431             CONDUIT     0.091     0  02:07      1.29    1.69    1.00
  H0014433             CONDUIT     0.100     0  02:10      1.42    1.28    1.00
  H0014352             CONDUIT     2.214     0  02:11      3.48    0.91    1.00
  H0014373             CONDUIT     2.207     0  02:11      4.31    1.02    0.75
  H0017981             CONDUIT     0.161     0  02:09      2.28    4.57    1.00
  H0017755             CONDUIT     0.218     0  02:09      1.74    1.77    1.00
  H0017791             CONDUIT     0.199     0  02:09      0.75    0.29    0.55
  H0017357             CONDUIT     0.150     0  02:10      2.12    2.39    1.00
  H0018216             CONDUIT     0.161     0  02:09      2.28    2.93    1.00
  H0016792             CONDUIT     1.355     0  02:11      2.18    0.78    0.94
  H0019507             CONDUIT     0.085     0  02:10      1.21    1.18    1.00
  H0019998             CONDUIT     1.779     0  02:11      3.45    0.71    1.00
  H0019576             CONDUIT     1.428     0  02:11      2.59    0.96    0.82
  H0020087             CONDUIT     0.078     0  02:10      0.40    0.34    1.00
  H0020211             CONDUIT     1.360     0  02:11      2.19    3.39    0.94
  H0018982             CONDUIT     0.300     0  02:12      0.91    0.48    0.62
  H0018753             CONDUIT     0.045     0  02:10      0.70    0.64    1.00
  H0018845             CONDUIT     0.000     0  00:00      0.00    0.00    0.00
  H0018863             CONDUIT     0.117     0  02:10      1.66    2.76    1.00
  H0019156             CONDUIT     0.000     0  00:00      0.00    0.00    0.00
  H0018929             CONDUIT     0.666     0  02:10      1.40    0.58    0.74
  H0018440             CONDUIT     0.159     0  02:08      2.26    2.86    1.00
  H0018456             CONDUIT     0.286     0  02:10      2.27    1.73    1.00
  H0018968             CONDUIT     2.205     0  02:11      5.07    0.85    0.65
  H0022036             CONDUIT     0.081     0  02:09      0.69    0.06    0.39
  H0021806             CONDUIT     0.217     0  02:09      1.73    1.92    1.00
  H0022111             CONDUIT     0.170     0  02:11      0.92    1.22    1.00
  H0021440             CONDUIT     1.252     0  02:11      2.52    0.81    0.76
  H0021704             CONDUIT     0.756     0  02:11      1.63    1.44    0.73
  H0020521             CONDUIT     0.083     0  02:09      1.17    1.67    1.00
  H0020755             CONDUIT     0.124     0  02:10      0.98    1.36    1.00
  H0020530             CONDUIT     2.246     0  02:11      3.53    1.92    1.00
  H0020618             CONDUIT     1.619     0  02:11      3.28    1.00    0.78
  H0021163             CONDUIT     0.129     0  02:08      1.82    2.15    1.00
  H0020497             CONDUIT     0.000     0  00:00      0.00    0.00    1.00
  H0024325             CONDUIT     0.323     0  02:10      1.86    0.96    1.00
  H0023585             CONDUIT     0.581     0  02:10      2.96    1.33    1.00
  H0024098             CONDUIT     0.215     0  02:10      3.04    2.51    1.00
  H0024235             CONDUIT     0.346     0  02:10      1.76    1.42    1.00
  H0024282             CONDUIT     0.000     0  00:00      0.00    0.00    0.00
  H0024308             CONDUIT     2.212     0  02:11      5.71    0.65    0.59
  H0024498             CONDUIT     0.160     0  02:10      2.27    2.49    1.00
  H0026990             CONDUIT     0.095     0  02:10      0.92    0.72    1.00
  H0041650             CONDUIT     0.438     0  02:10      1.03    0.51    0.67
  H0041011             CONDUIT     0.119     0  02:09      1.69    1.18    1.00
  H0045103             CONDUIT     0.315     0  02:12      0.82    0.39    0.65
  H0045104             CONDUIT     2.200     0  02:12      4.74    0.78    0.69
  H0045105             CONDUIT     0.028     0  02:10      0.45    0.48    1.00
  H0045106             CONDUIT     0.444     0  02:10      2.37    0.60    1.00
  H0045107             CONDUIT     0.072     0  02:11      1.01    1.18    1.00
  H0045108             CONDUIT     0.091     0  02:14      1.28    1.63    1.00
  
  
  ***************************
  Flow Classification Summary
  ***************************
  
  -------------------------------------------------------------------------------------
                      Adjusted    ---------- Fraction of Time in Flow Class ---------- 
                       /Actual         Up    Down  Sub   Sup   Up    Down  Norm  Inlet 
  Conduit               Length    Dry  Dry   Dry   Crit  Crit  Crit  Crit  Ltd   Ctrl  
  -------------------------------------------------------------------------------------
  H0014431                1.00   0.03  0.93  0.00  0.04  0.00  0.00  0.00  0.97  0.00
  H0014433                1.00   0.03  0.00  0.00  0.97  0.00  0.00  0.00  0.97  0.00
  H0014352                1.00   0.03  0.00  0.00  0.96  0.02  0.00  0.00  0.97  0.00
  H0014373                1.00   0.03  0.00  0.00  0.94  0.03  0.00  0.00  0.93  0.00
  H0017981                1.00   0.03  0.00  0.00  0.00  0.00  0.00  0.97  0.00  0.00
  H0017755                1.00   0.03  0.00  0.00  0.00  0.00  0.00  0.97  0.00  0.00
  H0017791                1.00   0.03  0.00  0.00  0.97  0.00  0.00  0.00  0.97  0.00
  H0017357                1.00   0.03  0.97  0.00  0.00  0.00  0.00  0.00  0.97  0.00
  H0018216                1.00   0.03  0.93  0.00  0.04  0.00  0.00  0.00  0.97  0.00
  H0016792                1.00   0.03  0.93  0.00  0.05  0.00  0.00  0.00  0.97  0.00
  H0019507                1.00   0.03  0.00  0.00  0.97  0.00  0.00  0.00  0.97  0.00
  H0019998                1.00   0.03  0.00  0.00  0.94  0.03  0.00  0.00  0.05  0.00
  H0019576                1.00   0.03  0.00  0.00  0.96  0.01  0.00  0.00  0.05  0.00
  H0020087                1.00   0.03  0.96  0.00  0.01  0.00  0.00  0.00  0.97  0.00
  H0020211                1.00   0.03  0.00  0.00  0.97  0.00  0.00  0.00  0.92  0.00
  H0018982                1.00   0.03  0.00  0.00  0.97  0.00  0.00  0.00  0.95  0.00
  H0018753                1.00   0.03  0.00  0.00  0.97  0.00  0.00  0.00  0.97  0.00
  H0018845                1.00   1.00  0.00  0.00  0.00  0.00  0.00  0.00  0.00  0.00
  H0018863                1.00   0.03  0.00  0.00  0.97  0.00  0.00  0.00  0.97  0.00
  H0019156                1.00   1.00  0.00  0.00  0.00  0.00  0.00  0.00  0.00  0.00
  H0018929                1.00   0.03  0.93  0.00  0.04  0.00  0.00  0.00  0.97  0.00
  H0018440                1.00   0.03  0.00  0.00  0.97  0.00  0.00  0.00  0.97  0.00
  H0018456                1.00   0.03  0.00  0.00  0.97  0.00  0.00  0.00  0.97  0.00
  H0018968                1.00   0.03  0.00  0.00  0.94  0.04  0.00  0.00  0.94  0.00
  H0022036                1.00   0.03  0.00  0.00  0.01  0.00  0.00  0.97  0.00  0.00
  H0021806                1.00   0.03  0.93  0.00  0.04  0.00  0.00  0.00  0.97  0.00
  H0022111                1.00   0.03  0.00  0.00  0.97  0.00  0.00  0.00  0.00  0.00
  H0021440                1.00   0.03  0.00  0.00  0.96  0.02  0.00  0.00  0.02  0.00
  H0021704                1.00   0.03  0.00  0.00  0.00  0.00  0.00  0.97  0.00  0.00
  H0020521                1.00   0.03  0.00  0.00  0.97  0.00  0.00  0.00  0.97  0.00
  H0020755                1.00   0.03  0.94  0.00  0.03  0.00  0.00  0.00  0.97  0.00
  H0020530                1.00   0.03  0.00  0.00  0.96  0.01  0.00  0.00  0.00  0.00
  H0020618                1.00   0.03  0.00  0.00  0.95  0.02  0.00  0.00  0.93  0.00
  H0021163                1.00   0.03  0.00  0.00  0.97  0.00  0.00  0.00  0.95  0.00
  H0020497                1.20   0.03  0.97  0.00  0.00  0.00  0.00  0.00  0.00  0.00
  H0024325                1.00   0.03  0.00  0.00  0.96  0.02  0.00  0.00  0.95  0.00
  H0023585                1.00   0.03  0.00  0.00  0.00  0.00  0.00  0.97  0.00  0.00
  H0024098                1.00   0.03  0.94  0.00  0.04  0.00  0.00  0.00  0.97  0.00
  H0024235                1.00   0.03  0.00  0.00  0.00  0.00  0.00  0.97  0.00  0.00
  H0024282                1.00   1.00  0.00  0.00  0.00  0.00  0.00  0.00  0.00  0.00
  H0024308                1.00   0.03  0.00  0.00  0.92  0.05  0.00  0.00  0.01  0.00
  H0024498                1.00   0.03  0.00  0.00  0.00  0.00  0.00  0.97  0.00  0.00
  H0026990                1.00   0.03  0.00  0.00  0.97  0.00  0.00  0.00  0.97  0.00
  H0041650                1.00   0.96  0.01  0.00  0.03  0.00  0.00  0.00  0.97  0.00
  H0041011                1.00   0.03  0.00  0.00  0.97  0.00  0.00  0.00  0.97  0.00
  H0045103                1.00   0.03  0.00  0.00  0.97  0.00  0.00  0.00  0.95  0.00
  H0045104                1.00   0.03  0.00  0.00  0.93  0.04  0.00  0.00  0.05  0.00
  H0045105                1.00   0.03  0.00  0.00  0.97  0.00  0.00  0.00  0.97  0.00
  H0045106                1.00   0.03  0.93  0.00  0.02  0.02  0.00  0.00  0.97  0.00
  H0045107                1.00   0.03  0.00  0.00  0.97  0.00  0.00  0.00  0.97  0.00
  H0045108                1.00   0.03  0.00  0.00  0.97  0.00  0.00  0.00  0.97  0.00
  
  
  *************************
  Conduit Surcharge Summary
  *************************
  
  ----------------------------------------------------------------------------
                                                           Hours        Hours 
                         --------- Hours Full --------   Above Full   Capacity
  Conduit                Both Ends  Upstream  Dnstream   Normal Flow   Limited
  ----------------------------------------------------------------------------
  H0014431                    0.23      0.24      0.23      0.25         0.23
  H0014433                    0.16      0.16      0.21      0.03         0.03
  H0014352                    0.04      0.04      0.09      0.01         0.01
  H0014373                    0.01      0.01      0.01      0.01         0.01
  H0017981                    0.10      0.14      0.10      0.25         0.13
  H0017755                    0.09      0.12      0.09      0.18         0.11
  H0017357                    0.03      0.03      0.15      0.08         0.01
  H0018216                    0.14      0.18      0.14      0.22         0.17
  H0016792                    0.01      0.01      0.04      0.01         0.01
  H0019507                    0.16      0.16      0.24      0.03         0.02
  H0019998                    0.01      0.01      0.04      0.01         0.01
  H0020087                    0.02      0.02      0.04      0.01         0.01
  H0020211                    0.01      0.04      0.01      0.23         0.01
  H0018753                    0.15      0.15      0.24      0.01         0.01
  H0018863                    0.23      0.24      0.25      0.16         0.15
  H0018440                    0.21      0.25      0.21      0.27         0.24
  H0018456                    0.07      0.09      0.07      0.12         0.09
  H0021806                    0.12      0.16      0.12      0.19         0.15
  H0022111                    0.03      0.04      0.04      0.03         0.02
  H0021704                    0.01      0.01      0.01      0.11         0.01
  H0020521                    0.15      0.15      0.18      0.11         0.11
  H0020755                    0.08      0.08      0.09      0.03         0.03
  H0020530                    0.01      0.09      0.01      0.15         0.08
  H0020618                    0.01      0.01      0.01      0.01         0.01
  H0021163                    0.21      0.21      0.22      0.21         0.20
  H0024325                    0.04      0.04      0.07      0.01         0.01
  H0023585                    0.06      0.09      0.06      0.10         0.09
  H0024098                    0.24      0.25      0.26      0.23         0.21
  H0024235                    0.02      0.04      0.02      0.07         0.04
  H0024498                    0.07      0.23      0.07      0.25         0.20
  H0026990                    0.04      0.04      0.08      0.01         0.01
  H0041011                    0.22      0.22      0.25      0.08         0.07
  H0045105                    0.04      0.04      0.06      0.01         0.01
  H0045106                    0.07      0.07      0.09      0.01         0.01
  H0045107                    0.21      0.21      0.23      0.06         0.06
  H0045108                    0.23      0.23      0.25      0.18         0.18
  

  Analysis begun on:  Fri Mar 22 15:57:04 2024
  Analysis ended on:  Fri Mar 22 15:57:11 2024
  Total elapsed time: 00:00:07