
  EPA STORM WATER MANAGEMENT MODEL - VERSION 5.2 (Build 5.2.4)
  PYSWMM TOOLKIT API - VERSION v1.0 (2023-11-27)
  ------------------------------------------------------------

  Gievenbeck_e2_T2D20 
  
  ****************
  Analysis Options
  ****************
  Flow Units ............... CMS
  Process Models:
    Rainfall/Runoff ........ YES
    RDII ................... NO
    Snowmelt ............... NO
    Groundwater ............ NO
    Flow Routing ........... YES
    Ponding Allowed ........ NO
    Water Quality .......... NO
  Infiltration Method ...... HORTON
  Flow Routing Method ...... DYNWAVE
  Surcharge Method ......... SLOT
  Starting Date ............ 01/01/2024 00:00:00
  Ending Date .............. 01/04/2024 04:00:00
  Antecedent Dry Days ...... 14.0
  Report Time Step ......... 00:01:00
  Wet Time Step ............ 00:01:00
  Dry Time Step ............ 00:01:00
  Routing Time Step ........ 1.00 sec
  Variable Time Step ....... YES
  Maximum Trials ........... 8
  Number of Threads ........ 1
  Head Tolerance ........... 0.001500 m
  
  
  **************************        Volume         Depth
  Runoff Quantity Continuity     hectare-m            mm
  **************************     ---------       -------
  Total Precipitation ......         0.138        13.600
  Evaporation Loss .........         0.010         0.957
  Infiltration Loss ........         0.077         7.644
  Surface Runoff ...........         0.051         5.035
  Final Storage ............         0.000         0.000
  Continuity Error (%) .....        -0.261
  
  
  **************************        Volume        Volume
  Flow Routing Continuity        hectare-m      10^6 ltr
  **************************     ---------     ---------
  Dry Weather Inflow .......         0.000         0.000
  Wet Weather Inflow .......         0.051         0.510
  Groundwater Inflow .......         0.000         0.000
  RDII Inflow ..............         0.000         0.000
  External Inflow ..........         0.000         0.000
  External Outflow .........         0.051         0.512
  Flooding Loss ............         0.000         0.000
  Evaporation Loss .........         0.000         0.000
  Exfiltration Loss ........         0.000         0.000
  Initial Stored Volume ....         0.000         0.000
  Final Stored Volume ......         0.000         0.000
  Continuity Error (%) .....        -0.386
  
  
  *************************
  Highest Continuity Errors
  *************************
  Node R0019718 (-3.08%)
  Node R0019717 (1.11%)
  
  
  ***************************
  Time-Step Critical Elements
  ***************************
  None
  
  
  ********************************
  Highest Flow Instability Indexes
  ********************************
  All links are stable.
  
  
  *********************************
  Most Frequent Nonconverging Nodes
  *********************************
  Convergence obtained at all time steps.
  
  
  *************************
  Routing Time Step Summary
  *************************
  Minimum Time Step           :     0.50 sec
  Average Time Step           :     1.00 sec
  Maximum Time Step           :     1.00 sec
  % of Time in Steady State   :     0.00
  Average Iterations per Step :     2.00
  % of Steps Not Converging   :     0.00
  Time Step Frequencies       :
      1.000 -  0.871 sec      :   100.00 %
      0.871 -  0.758 sec      :     0.00 %
      0.758 -  0.660 sec      :     0.00 %
      0.660 -  0.574 sec      :     0.00 %
      0.574 -  0.500 sec      :     0.00 %
  
  
  ***************************
  Subcatchment Runoff Summary
  ***************************
  
  ------------------------------------------------------------------------------------------------------------------------------
                            Total      Total      Total      Total     Imperv       Perv      Total       Total     Peak  Runoff
                           Precip      Runon       Evap      Infil     Runoff     Runoff     Runoff      Runoff   Runoff   Coeff
  Subcatchment                 mm         mm         mm         mm         mm         mm         mm    10^6 ltr      CMS
  ------------------------------------------------------------------------------------------------------------------------------
  EZG_368                   13.60       0.00       0.95       7.68       5.88       0.00       5.00        0.02     0.04   0.368
  EZG_392                   13.60       0.00       0.95       7.68       5.89       0.00       5.01        0.02     0.03   0.368
  EZG_352                   13.60       0.00       0.96       7.68       5.87       0.00       4.99        0.03     0.05   0.367
  EZG_372                   13.60       0.00       0.94       7.68       5.91       0.01       5.03        0.01     0.02   0.370
  EZG_416                   13.60       0.00       0.95       7.68       5.89       0.00       5.01        0.01     0.03   0.368
  EZG_388                   13.60       0.00       0.95       7.68       5.88       0.00       5.00        0.02     0.04   0.368
  EZG_394                   13.60       0.00       0.95       7.68       5.89       0.00       5.01        0.01     0.03   0.368
  EZG_400                   13.60       0.00       0.94       7.68       5.89       0.00       5.01        0.01     0.03   0.369
  EZG_390                   13.60       0.00       0.95       7.68       5.89       0.00       5.01        0.02     0.03   0.368
  EZG_350                   13.60       0.00       0.95       7.68       5.88       0.00       5.00        0.02     0.04   0.368
  EZG_370                   13.60       0.00       0.95       7.68       5.89       0.00       5.00        0.02     0.03   0.368
  EZG_398                   13.60       0.00       0.93       7.68       5.92       0.01       5.04        0.00     0.01   0.371
  EZG_382                   13.60       0.00       0.93       7.68       5.92       0.01       5.04        0.00     0.01   0.371
  EZG_374                   13.60       0.00       1.15       6.49       7.05       0.00       6.00        0.02     0.04   0.441
  EZG_412                   13.60       0.00       0.93       7.68       5.94       0.02       5.07        0.00     0.00   0.373
  EZG_344                   13.60       0.00       0.94       7.68       5.89       0.00       5.01        0.01     0.03   0.369
  EZG_376                   13.60       0.00       0.94       7.68       5.90       0.00       5.02        0.01     0.02   0.369
  EZG_356                   13.60       0.00       0.96       7.68       5.87       0.00       4.99        0.03     0.06   0.367
  EZG_386                   13.60       0.00       0.96       7.68       5.86       0.00       4.98        0.04     0.07   0.367
  EZG_380                   13.60       0.00       0.95       7.68       5.88       0.00       5.00        0.02     0.04   0.368
  EZG_378                   13.60       0.00       0.95       7.68       5.89       0.00       5.01        0.02     0.03   0.368
  EZG_414                   13.60       0.00       0.93       7.68       5.92       0.01       5.04        0.00     0.01   0.371
  EZG_402                   13.60       0.00       0.95       7.68       5.89       0.00       5.01        0.02     0.03   0.368
  EZG_358                   13.60       0.00       0.96       7.68       5.87       0.00       4.99        0.03     0.05   0.367
  EZG_364                   13.60       0.00       0.96       7.68       5.87       0.00       4.99        0.03     0.05   0.367
  EZG_410                   13.60       0.00       0.94       7.68       5.90       0.00       5.02        0.01     0.02   0.369
  EZG_366                   13.60       0.00       0.94       7.68       5.90       0.00       5.02        0.01     0.02   0.369
  EZG_18259                 13.60       0.00       0.94       7.68       5.90       0.00       5.02        0.01     0.02   0.369
  EZG_18258                 13.60       0.00       0.93       7.68       5.93       0.01       5.05        0.00     0.01   0.372
  EZG_346                   13.60       0.00       0.93       7.80       5.77       0.00       4.91        0.02     0.03   0.361
  EZG_348                   13.60       0.00       0.92       7.80       5.78       0.00       4.92        0.01     0.02   0.362
  
  
  ******************
  Node Depth Summary
  ******************
  
  ---------------------------------------------------------------------------------
                                 Average  Maximum  Maximum  Time of Max    Reported
                                   Depth    Depth      HGL   Occurrence   Max Depth
  Node                 Type       Meters   Meters   Meters  days hr:min      Meters
  ---------------------------------------------------------------------------------
  R0019466             JUNCTION     0.00     0.31    69.76     0  02:11        0.31
  R0019468             JUNCTION     0.00     0.30    69.61     0  02:11        0.30
  R0019831             JUNCTION     0.00     0.13    69.30     0  02:10        0.13
  R0019825             JUNCTION     0.00     0.23    69.07     0  02:10        0.22
  R0019843             JUNCTION     0.00     0.32    67.95     0  02:13        0.32
  R0019368             JUNCTION     0.00     0.48    67.27     0  02:13        0.47
  R0019369             JUNCTION     0.00     0.34    66.93     0  02:13        0.34
  R0019370             JUNCTION     0.00     0.30    66.20     0  02:13        0.29
  R0019345             JUNCTION     0.00     0.23    70.13     0  02:11        0.23
  R0019346             JUNCTION     0.00     0.21    70.01     0  02:11        0.21
  R0043600             JUNCTION     0.00     0.23    69.90     0  02:11        0.23
  R0019203             JUNCTION     0.00     0.26    69.80     0  02:12        0.26
  R0043594             JUNCTION     0.00     0.19    69.92     0  02:10        0.19
  R0021458             JUNCTION     0.00     0.24    69.89     0  02:11        0.24
  R0019202             JUNCTION     0.00     0.23    69.81     0  02:11        0.23
  R0019373             JUNCTION     0.00     0.14    69.81     0  02:10        0.14
  R0019254             JUNCTION     0.00     0.24    70.28     0  02:10        0.24
  R0019716             JUNCTION     0.00     0.30    69.31     0  02:12        0.29
  R0019946             JUNCTION     0.00     0.44    69.06     0  02:12        0.43
  R0013935             JUNCTION     0.00     0.13    68.96     0  02:10        0.13
  R0019939             JUNCTION     0.00     0.21    68.78     0  02:10        0.21
  R0019944             JUNCTION     0.00     0.27    68.55     0  02:13        0.27
  R0043703             JUNCTION     0.00     0.33    68.93     0  02:12        0.33
  R0019945             JUNCTION     0.00     0.33    68.73     0  02:13        0.33
  R0039621             JUNCTION     0.00     0.10    69.67     0  02:10        0.09
  R0019838             JUNCTION     0.00     0.20    69.66     0  02:10        0.20
  R0039606             JUNCTION     0.00     0.23    69.82     0  02:11        0.23
  R0019204             JUNCTION     0.00     0.00    69.91     0  00:00        0.00
  R0019205             JUNCTION     0.00     0.00    69.62     0  00:00        0.00
  R0019849             JUNCTION     0.00     0.25    68.77     0  02:11        0.25
  R0019371             JUNCTION     0.00     0.00    70.41     0  00:00        0.00
  R0019718             JUNCTION     0.00     0.34    69.76     0  02:12        0.34
  R0021442             JUNCTION     0.00     0.38    70.43     0  02:11        0.37
  R0019247             JUNCTION     0.00     0.26    70.14     0  02:10        0.26
  R0019719             JUNCTION     0.00     0.23    69.91     0  02:11        0.22
  R0019767             JUNCTION     0.00     0.31    65.04     0  02:13        0.31
  R0019768             JUNCTION     0.00     0.27    64.04     0  02:14        0.27
  R0021453             JUNCTION     0.00     0.09    70.04     0  02:10        0.09
  R0019839             JUNCTION     0.00     0.18    69.57     0  02:10        0.18
  R0019717             JUNCTION     0.00     0.30    69.64     0  02:11        0.30
  R0019252             JUNCTION     0.00     0.17    70.36     0  02:10        0.17
  R0019721             JUNCTION     0.00     0.17    70.04     0  02:10        0.17
  R0019942             JUNCTION     0.00     0.17    68.82     0  02:10        0.17
  R0019206             JUNCTION     0.00     0.00    69.07     0  00:00        0.00
  R0019840             JUNCTION     0.00     0.16    69.13     0  02:10        0.16
  R0043702             JUNCTION     0.00     0.25    68.95     0  02:11        0.25
  R0019723             JUNCTION     0.00     0.13    70.21     0  02:10        0.13
  R0019724             JUNCTION     0.00     0.07    70.23     0  02:10        0.07
  R0021433             JUNCTION     0.00     0.16    70.55     0  02:10        0.15
  R0021435             JUNCTION     0.00     0.32    70.50     0  02:11        0.32
  R0019769             OUTFALL      0.00     0.27    63.65     0  02:14        0.27
  
  
  *******************
  Node Inflow Summary
  *******************
  
  -------------------------------------------------------------------------------------------------
                                  Maximum  Maximum                  Lateral       Total        Flow
                                  Lateral    Total  Time of Max      Inflow      Inflow     Balance
                                   Inflow   Inflow   Occurrence      Volume      Volume       Error
  Node                 Type           CMS      CMS  days hr:min    10^6 ltr    10^6 ltr     Percent
  -------------------------------------------------------------------------------------------------
  R0019466             JUNCTION     0.039    0.070     0  02:10      0.0207      0.0386       0.076
  R0019468             JUNCTION     0.025    0.085     0  02:10       0.012      0.0506      -0.047
  R0019831             JUNCTION     0.032    0.032     0  02:10      0.0162      0.0162      -0.184
  R0019825             JUNCTION     0.032    0.062     0  02:10      0.0163      0.0325      -0.025
  R0019843             JUNCTION     0.000    0.662     0  02:13           0       0.512      -0.036
  R0019368             JUNCTION     0.000    0.660     0  02:13           0       0.512      -0.001
  R0019369             JUNCTION     0.000    0.664     0  02:13           0       0.512      -0.003
  R0019370             JUNCTION     0.000    0.657     0  02:13           0       0.512       0.013
  R0019345             JUNCTION     0.000    0.054     0  02:10           0      0.0318       0.150
  R0019346             JUNCTION     0.005    0.089     0  02:10     0.00202      0.0532       0.076
  R0043600             JUNCTION     0.000    0.086     0  02:11           0      0.0617       0.211
  R0019203             JUNCTION     0.010    0.190     0  02:11     0.00446       0.138      -0.004
  R0043594             JUNCTION     0.052    0.076     0  02:10      0.0295      0.0421      -0.504
  R0021458             JUNCTION     0.043    0.105     0  02:10      0.0229      0.0653      -0.028
  R0019202             JUNCTION     0.015    0.101     0  02:11     0.00681      0.0721      -0.043
  R0019373             JUNCTION     0.035    0.035     0  02:10      0.0179      0.0179      -0.056
  R0019254             JUNCTION     0.029    0.059     0  02:10      0.0146      0.0318      -0.063
  R0019716             JUNCTION     0.042    0.386     0  02:12      0.0228       0.286      -0.070
  R0019946             JUNCTION     0.000    0.388     0  02:12           0       0.286       0.077
  R0013935             JUNCTION     0.028    0.028     0  02:10      0.0139      0.0139      -0.239
  R0019939             JUNCTION     0.011    0.038     0  02:10     0.00499      0.0189       0.018
  R0019944             JUNCTION     0.026    0.483     0  02:13      0.0129       0.366       0.007
  R0043703             JUNCTION     0.031    0.412     0  02:12      0.0158       0.301      -0.003
  R0019945             JUNCTION     0.000    0.472     0  02:13           0       0.353      -0.001
  R0039621             JUNCTION     0.000    0.006     0  02:09           0    0.000496       2.064
  R0019838             JUNCTION     0.055    0.055     0  02:10       0.032      0.0325      -0.037
  R0039606             JUNCTION     0.000    0.098     0  02:11           0      0.0655       0.256
  R0019204             JUNCTION     0.000    0.000     0  00:00           0           0       0.000 ltr
  R0019205             JUNCTION     0.000    0.000     0  00:00           0           0       0.000 ltr
  R0019849             JUNCTION     0.000    0.088     0  02:10           0      0.0514       0.079
  R0019371             JUNCTION     0.000    0.000     0  00:00           0           0       0.000 ltr
  R0019718             JUNCTION     0.037    0.212     0  02:12      0.0195       0.157      -2.986
  R0021442             JUNCTION     0.041    0.080     0  02:10      0.0227      0.0515       0.101
  R0019247             JUNCTION     0.021    0.092     0  02:10        0.01      0.0615      -0.253
  R0019719             JUNCTION     0.022    0.104     0  02:11      0.0105      0.0637      -0.049
  R0019767             JUNCTION     0.000    0.656     0  02:13           0       0.512      -0.006
  R0019768             JUNCTION     0.000    0.657     0  02:14           0       0.512       0.035
  R0021453             JUNCTION     0.026    0.026     0  02:10      0.0127      0.0127       0.353
  R0019839             JUNCTION     0.055    0.095     0  02:10      0.0316      0.0636      -0.087
  R0019717             JUNCTION     0.065    0.356     0  02:12      0.0398       0.266       1.127
  R0019252             JUNCTION     0.033    0.033     0  02:10      0.0172      0.0172      -0.177
  R0019721             JUNCTION     0.010    0.039     0  02:10     0.00439      0.0195       0.075
  R0019942             JUNCTION     0.000    0.057     0  02:10           0      0.0325       0.121
  R0019206             JUNCTION     0.000    0.000     0  00:00           0           0       0.000 ltr
  R0019840             JUNCTION     0.000    0.169     0  02:10           0       0.114       0.063
  R0043702             JUNCTION     0.055    0.213     0  02:10      0.0316       0.146      -0.029
  R0019723             JUNCTION     0.025    0.032     0  02:10      0.0119       0.015      -0.292
  R0019724             JUNCTION     0.007    0.007     0  02:10     0.00309     0.00309      -0.317
  R0021433             JUNCTION     0.035    0.035     0  02:10      0.0178      0.0178      -0.113
  R0021435             JUNCTION     0.023    0.055     0  02:10      0.0109      0.0288      -0.045
  R0019769             OUTFALL      0.000    0.658     0  02:14           0       0.512       0.000
  
  
  **********************
  Node Surcharge Summary
  **********************
  
  Surcharging occurs when water rises above the top of the highest conduit.
  ---------------------------------------------------------------------
                                               Max. Height   Min. Depth
                                   Hours       Above Crown    Below Rim
  Node                 Type      Surcharged         Meters       Meters
  ---------------------------------------------------------------------
  R0019466             JUNCTION        0.01          0.006        2.504
  R0021442             JUNCTION        0.05          0.082        1.668
  R0021435             JUNCTION        0.02          0.023        1.787
  
  
  *********************
  Node Flooding Summary
  *********************
  
  No nodes were flooded.
  
  
  ***********************
  Outfall Loading Summary
  ***********************
  
  -----------------------------------------------------------
                         Flow       Avg       Max       Total
                         Freq      Flow      Flow      Volume
  Outfall Node           Pcnt       CMS       CMS    10^6 ltr
  -----------------------------------------------------------
  R0019769               3.92     0.048     0.658       0.512
  -----------------------------------------------------------
  System                 3.92     0.048     0.658       0.512
  
  
  ********************
  Link Flow Summary
  ********************
  
  -----------------------------------------------------------------------------
                                 Maximum  Time of Max   Maximum    Max/    Max/
                                  |Flow|   Occurrence   |Veloc|    Full    Full
  Link                 Type          CMS  days hr:min     m/sec    Flow   Depth
  -----------------------------------------------------------------------------
  H0014431             CONDUIT     0.062     0  02:10      0.92    1.15    1.00
  H0014433             CONDUIT     0.031     0  02:10      0.70    0.39    0.60
  H0014352             CONDUIT     0.660     0  02:13      2.44    0.27    0.44
  H0014373             CONDUIT     0.657     0  02:13      3.26    0.30    0.35
  H0017981             CONDUIT     0.053     0  02:11      1.02    1.50    0.69
  H0017755             CONDUIT     0.085     0  02:11      1.21    0.69    0.55
  H0017791             CONDUIT     0.067     0  02:10      0.59    0.10    0.24
  H0017357             CONDUIT     0.000     0  00:00      0.00    0.00    0.24
  H0018216             CONDUIT     0.054     0  02:10      0.91    0.98    0.79
  H0016792             CONDUIT     0.388     0  02:12      1.60    0.22    0.41
  H0019507             CONDUIT     0.027     0  02:10      0.70    0.37    0.56
  H0019998             CONDUIT     0.483     0  02:13      2.68    0.19    0.33
  H0019576             CONDUIT     0.416     0  02:13      1.97    0.28    0.37
  H0020087             CONDUIT     0.006     0  02:09      0.20    0.03    0.30
  H0020211             CONDUIT     0.396     0  02:12      1.56    0.99    0.42
  H0018982             CONDUIT     0.098     0  02:11      0.79    0.16    0.26
  H0018753             CONDUIT     0.032     0  02:10      0.61    0.46    0.73
  H0018845             CONDUIT     0.000     0  00:00      0.00    0.00    0.00
  H0018863             CONDUIT     0.032     0  02:10      0.62    0.76    0.77
  H0019156             CONDUIT     0.000     0  00:00      0.00    0.00    0.00
  H0018929             CONDUIT     0.190     0  02:12      1.02    0.16    0.33
  H0018440             CONDUIT     0.072     0  02:11      1.02    1.29    1.00
  H0018456             CONDUIT     0.089     0  02:11      1.27    0.54    0.55
  H0018968             CONDUIT     0.657     0  02:14      3.71    0.25    0.32
  H0022036             CONDUIT     0.025     0  02:10      0.57    0.02    0.14
  H0021806             CONDUIT     0.086     0  02:11      1.09    0.76    0.61
  H0022111             CONDUIT     0.047     0  02:11      0.69    0.33    0.38
  H0021440             CONDUIT     0.360     0  02:12      1.98    0.23    0.33
  H0021704             CONDUIT     0.215     0  02:12      1.14    0.41    0.34
  H0020521             CONDUIT     0.031     0  02:10      0.61    0.63    0.68
  H0020755             CONDUIT     0.035     0  02:10      0.61    0.38    0.48
  H0020530             CONDUIT     0.664     0  02:13      2.35    0.57    0.46
  H0020618             CONDUIT     0.471     0  02:13      2.53    0.29    0.33
  H0021163             CONDUIT     0.057     0  02:10      1.15    0.96    0.66
  H0020497             CONDUIT     0.000     0  00:00      0.00    0.00    0.53
  H0024325             CONDUIT     0.094     0  02:10      1.56    0.28    0.35
  H0023585             CONDUIT     0.213     0  02:11      2.21    0.49    0.49
  H0024098             CONDUIT     0.086     0  02:10      1.45    1.00    0.96
  H0024235             CONDUIT     0.102     0  02:11      1.23    0.42    0.44
  H0024282             CONDUIT     0.000     0  00:00      0.00    0.00    0.00
  H0024308             CONDUIT     0.658     0  02:14      4.14    0.19    0.30
  H0024498             CONDUIT     0.075     0  02:11      1.18    1.16    0.85
  H0026990             CONDUIT     0.030     0  02:10      0.73    0.23    0.38
  H0041650             CONDUIT     0.100     0  02:11      0.72    0.12    0.27
  H0041011             CONDUIT     0.057     0  02:10      1.09    0.56    0.69
  H0045103             CONDUIT     0.093     0  02:11      0.74    0.12    0.26
  H0045104             CONDUIT     0.656     0  02:13      3.47    0.23    0.34
  H0045105             CONDUIT     0.007     0  02:10      0.36    0.12    0.33
  H0045106             CONDUIT     0.169     0  02:11      2.21    0.23    0.41
  H0045107             CONDUIT     0.033     0  02:10      0.73    0.54    0.77
  H0045108             CONDUIT     0.042     0  02:11      0.69    0.76    1.00
  
  
  ***************************
  Flow Classification Summary
  ***************************
  
  -------------------------------------------------------------------------------------
                      Adjusted    ---------- Fraction of Time in Flow Class ---------- 
                       /Actual         Up    Down  Sub   Sup   Up    Down  Norm  Inlet 
  Conduit               Length    Dry  Dry   Dry   Crit  Crit  Crit  Crit  Ltd   Ctrl  
  -------------------------------------------------------------------------------------
  H0014431                1.00   0.03  0.00  0.00  0.97  0.00  0.00  0.00  0.97  0.00
  H0014433                1.00   0.03  0.00  0.00  0.97  0.00  0.00  0.00  0.97  0.00
  H0014352                1.00   0.03  0.00  0.00  0.96  0.02  0.00  0.00  0.97  0.00
  H0014373                1.00   0.03  0.00  0.00  0.94  0.03  0.00  0.00  0.92  0.00
  H0017981                1.00   0.03  0.00  0.00  0.00  0.00  0.00  0.97  0.00  0.00
  H0017755                1.00   0.03  0.00  0.00  0.00  0.00  0.00  0.97  0.00  0.00
  H0017791                1.00   0.03  0.00  0.00  0.97  0.00  0.00  0.00  0.97  0.00
  H0017357                1.00   0.03  0.97  0.00  0.00  0.00  0.00  0.00  0.00  0.00
  H0018216                1.00   0.03  0.93  0.00  0.04  0.00  0.00  0.00  0.97  0.00
  H0016792                1.00   0.03  0.93  0.00  0.05  0.00  0.00  0.00  0.97  0.00
  H0019507                1.00   0.03  0.00  0.00  0.97  0.00  0.00  0.00  0.97  0.00
  H0019998                1.00   0.03  0.00  0.00  0.94  0.03  0.00  0.00  0.05  0.00
  H0019576                1.00   0.03  0.00  0.00  0.96  0.01  0.00  0.00  0.05  0.00
  H0020087                1.00   0.03  0.96  0.00  0.01  0.00  0.00  0.00  0.97  0.00
  H0020211                1.00   0.03  0.00  0.00  0.97  0.00  0.00  0.00  0.92  0.00
  H0018982                1.00   0.03  0.00  0.00  0.97  0.00  0.00  0.00  0.95  0.00
  H0018753                1.00   0.03  0.00  0.00  0.97  0.00  0.00  0.00  0.97  0.00
  H0018845                1.00   1.00  0.00  0.00  0.00  0.00  0.00  0.00  0.00  0.00
  H0018863                1.00   0.03  0.00  0.00  0.97  0.00  0.00  0.00  0.97  0.00
  H0019156                1.00   1.00  0.00  0.00  0.00  0.00  0.00  0.00  0.00  0.00
  H0018929                1.00   0.03  0.93  0.00  0.04  0.00  0.00  0.00  0.97  0.00
  H0018440                1.00   0.03  0.00  0.00  0.97  0.00  0.00  0.00  0.97  0.00
  H0018456                1.00   0.03  0.00  0.00  0.97  0.00  0.00  0.00  0.97  0.00
  H0018968                1.00   0.03  0.00  0.00  0.94  0.04  0.00  0.00  0.94  0.00
  H0022036                1.00   0.03  0.00  0.00  0.01  0.00  0.00  0.97  0.01  0.00
  H0021806                1.00   0.03  0.93  0.00  0.04  0.00  0.00  0.00  0.97  0.00
  H0022111                1.00   0.03  0.00  0.00  0.97  0.00  0.00  0.00  0.00  0.00
  H0021440                1.00   0.03  0.00  0.00  0.96  0.02  0.00  0.00  0.02  0.00
  H0021704                1.00   0.03  0.00  0.00  0.00  0.00  0.00  0.97  0.00  0.00
  H0020521                1.00   0.03  0.00  0.00  0.97  0.00  0.00  0.00  0.97  0.00
  H0020755                1.00   0.03  0.94  0.00  0.03  0.00  0.00  0.00  0.97  0.00
  H0020530                1.00   0.03  0.00  0.00  0.96  0.01  0.00  0.00  0.00  0.00
  H0020618                1.00   0.03  0.00  0.00  0.95  0.02  0.00  0.00  0.93  0.00
  H0021163                1.00   0.03  0.00  0.00  0.97  0.00  0.00  0.00  0.94  0.00
  H0020497                1.20   0.03  0.97  0.00  0.00  0.00  0.00  0.00  0.00  0.00
  H0024325                1.00   0.03  0.00  0.00  0.95  0.02  0.00  0.00  0.94  0.00
  H0023585                1.00   0.03  0.00  0.00  0.00  0.00  0.00  0.97  0.00  0.00
  H0024098                1.00   0.03  0.93  0.00  0.04  0.00  0.00  0.00  0.97  0.00
  H0024235                1.00   0.03  0.00  0.00  0.00  0.00  0.00  0.97  0.00  0.00
  H0024282                1.00   1.00  0.00  0.00  0.00  0.00  0.00  0.00  0.00  0.00
  H0024308                1.00   0.03  0.00  0.00  0.92  0.05  0.00  0.00  0.01  0.00
  H0024498                1.00   0.03  0.00  0.00  0.00  0.00  0.00  0.97  0.00  0.00
  H0026990                1.00   0.03  0.00  0.00  0.97  0.00  0.00  0.00  0.97  0.00
  H0041650                1.00   0.96  0.01  0.00  0.03  0.00  0.00  0.00  0.97  0.00
  H0041011                1.00   0.03  0.00  0.00  0.97  0.00  0.00  0.00  0.97  0.00
  H0045103                1.00   0.03  0.00  0.00  0.97  0.00  0.00  0.00  0.95  0.00
  H0045104                1.00   0.03  0.00  0.00  0.93  0.04  0.00  0.00  0.05  0.00
  H0045105                1.00   0.03  0.00  0.00  0.97  0.00  0.00  0.00  0.97  0.00
  H0045106                1.00   0.03  0.93  0.00  0.02  0.02  0.00  0.00  0.97  0.00
  H0045107                1.00   0.03  0.00  0.00  0.97  0.00  0.00  0.00  0.97  0.00
  H0045108                1.00   0.03  0.00  0.00  0.97  0.00  0.00  0.00  0.97  0.00
  
  
  *************************
  Conduit Surcharge Summary
  *************************
  
  ----------------------------------------------------------------------------
                                                           Hours        Hours 
                         --------- Hours Full --------   Above Full   Capacity
  Conduit                Both Ends  Upstream  Dnstream   Normal Flow   Limited
  ----------------------------------------------------------------------------
  H0014431                    0.01      0.01      0.01      0.04         0.01
  H0017981                    0.01      0.01      0.01      0.07         0.01
  H0018753                    0.01      0.01      0.01      0.01         0.01
  H0018440                    0.01      0.05      0.01      0.09         0.03
  H0024098                    0.01      0.01      0.06      0.01         0.01
  H0024498                    0.01      0.01      0.01      0.05         0.01
  H0045107                    0.01      0.01      0.02      0.01         0.01
  H0045108                    0.02      0.02      0.05      0.01         0.01
  

  Analysis begun on:  Fri Mar 22 15:56:04 2024
  Analysis ended on:  Fri Mar 22 15:56:16 2024
  Total elapsed time: 00:00:12