
  EPA STORM WATER MANAGEMENT MODEL - VERSION 5.2 (Build 5.2.4)
  PYSWMM TOOLKIT API - VERSION v1.0 (2023-11-27)
  ------------------------------------------------------------

  Gievenbeck_e2_T3D1080 
  
  ****************
  Analysis Options
  ****************
  Flow Units ............... CMS
  Process Models:
    Rainfall/Runoff ........ YES
    RDII ................... NO
    Snowmelt ............... NO
    Groundwater ............ NO
    Flow Routing ........... YES
    Ponding Allowed ........ NO
    Water Quality .......... NO
  Infiltration Method ...... HORTON
  Flow Routing Method ...... DYNWAVE
  Surcharge Method ......... SLOT
  Starting Date ............ 01/01/2024 00:00:00
  Ending Date .............. 01/04/2024 04:00:00
  Antecedent Dry Days ...... 14.0
  Report Time Step ......... 00:01:00
  Wet Time Step ............ 00:01:00
  Dry Time Step ............ 00:01:00
  Routing Time Step ........ 1.00 sec
  Variable Time Step ....... YES
  Maximum Trials ........... 8
  Number of Threads ........ 1
  Head Tolerance ........... 0.001500 m
  
  
  **************************        Volume         Depth
  Runoff Quantity Continuity     hectare-m            mm
  **************************     ---------       -------
  Total Precipitation ......         0.440        43.510
  Evaporation Loss .........         0.010         0.946
  Infiltration Loss ........         0.229        22.640
  Surface Runoff ...........         0.202        19.956
  Final Storage ............         0.000         0.000
  Continuity Error (%) .....        -0.075
  
  
  **************************        Volume        Volume
  Flow Routing Continuity        hectare-m      10^6 ltr
  **************************     ---------     ---------
  Dry Weather Inflow .......         0.000         0.000
  Wet Weather Inflow .......         0.202         2.020
  Groundwater Inflow .......         0.000         0.000
  RDII Inflow ..............         0.000         0.000
  External Inflow ..........         0.000         0.000
  External Outflow .........         0.202         2.020
  Flooding Loss ............         0.000         0.000
  Evaporation Loss .........         0.000         0.000
  Exfiltration Loss ........         0.000         0.000
  Initial Stored Volume ....         0.000         0.000
  Final Stored Volume ......         0.000         0.000
  Continuity Error (%) .....         0.000
  
  
  *************************
  Highest Continuity Errors
  *************************
  Node R0019373 (1.29%)
  
  
  ***************************
  Time-Step Critical Elements
  ***************************
  None
  
  
  ********************************
  Highest Flow Instability Indexes
  ********************************
  All links are stable.
  
  
  *********************************
  Most Frequent Nonconverging Nodes
  *********************************
  Convergence obtained at all time steps.
  
  
  *************************
  Routing Time Step Summary
  *************************
  Minimum Time Step           :     0.79 sec
  Average Time Step           :     1.00 sec
  Maximum Time Step           :     1.00 sec
  % of Time in Steady State   :     0.00
  Average Iterations per Step :     2.00
  % of Steps Not Converging   :     0.00
  Time Step Frequencies       :
      1.000 -  0.871 sec      :   100.00 %
      0.871 -  0.758 sec      :     0.00 %
      0.758 -  0.660 sec      :     0.00 %
      0.660 -  0.574 sec      :     0.00 %
      0.574 -  0.500 sec      :     0.00 %
  
  
  ***************************
  Subcatchment Runoff Summary
  ***************************
  
  ------------------------------------------------------------------------------------------------------------------------------
                            Total      Total      Total      Total     Imperv       Perv      Total       Total     Peak  Runoff
                           Precip      Runon       Evap      Infil     Runoff     Runoff     Runoff      Runoff   Runoff   Coeff
  Subcatchment                 mm         mm         mm         mm         mm         mm         mm    10^6 ltr      CMS
  ------------------------------------------------------------------------------------------------------------------------------
  EZG_368                   43.51       0.00       0.94      22.79      20.84       2.10      19.81        0.08     0.07   0.455
  EZG_392                   43.51       0.00       0.94      22.69      20.84       2.21      19.92        0.06     0.06   0.458
  EZG_352                   43.51       0.00       0.95      22.95      20.83       1.94      19.64        0.12     0.10   0.451
  EZG_372                   43.51       0.00       0.93      22.32      20.86       2.58      20.31        0.03     0.03   0.467
  EZG_416                   43.51       0.00       0.94      22.64      20.84       2.25      19.97        0.06     0.05   0.459
  EZG_388                   43.51       0.00       0.94      22.84      20.83       2.05      19.76        0.09     0.08   0.454
  EZG_394                   43.51       0.00       0.94      22.62      20.84       2.27      19.99        0.06     0.05   0.459
  EZG_400                   43.51       0.00       0.94      22.59      20.84       2.31      20.02        0.05     0.05   0.460
  EZG_390                   43.51       0.00       0.94      22.68      20.84       2.22      19.93        0.06     0.06   0.458
  EZG_350                   43.51       0.00       0.94      22.84      20.83       2.05      19.76        0.09     0.08   0.454
  EZG_370                   43.51       0.00       0.94      22.73      20.84       2.16      19.87        0.07     0.06   0.457
  EZG_398                   43.51       0.00       0.93      22.19      20.86       2.71      20.44        0.02     0.02   0.470
  EZG_382                   43.51       0.00       0.93      22.15      20.86       2.76      20.49        0.02     0.02   0.471
  EZG_374                   43.51       0.00       1.13      18.85      25.00       2.32      23.56        0.09     0.08   0.542
  EZG_412                   43.51       0.00       0.92      21.85      20.87       3.06      20.80        0.01     0.01   0.478
  EZG_344                   43.51       0.00       0.93      22.58      20.84       2.31      20.03        0.05     0.05   0.460
  EZG_376                   43.51       0.00       0.93      22.48      20.85       2.42      20.14        0.04     0.04   0.463
  EZG_356                   43.51       0.00       0.95      22.99      20.83       1.90      19.60        0.13     0.10   0.451
  EZG_386                   43.51       0.00       0.95      23.08      20.82       1.80      19.50        0.16     0.13   0.448
  EZG_380                   43.51       0.00       0.94      22.77      20.84       2.12      19.84        0.08     0.07   0.456
  EZG_378                   43.51       0.00       0.94      22.71      20.84       2.18      19.89        0.07     0.06   0.457
  EZG_414                   43.51       0.00       0.93      22.14      20.86       2.76      20.50        0.02     0.02   0.471
  EZG_402                   43.51       0.00       0.94      22.69      20.84       2.20      19.92        0.06     0.06   0.458
  EZG_358                   43.51       0.00       0.95      22.98      20.83       1.91      19.61        0.12     0.10   0.451
  EZG_364                   43.51       0.00       0.95      22.98      20.83       1.91      19.61        0.12     0.10   0.451
  EZG_410                   43.51       0.00       0.93      22.50      20.85       2.40      20.12        0.04     0.04   0.462
  EZG_366                   43.51       0.00       0.93      22.56      20.85       2.34      20.06        0.05     0.04   0.461
  EZG_18259                 43.51       0.00       0.93      22.55      20.85       2.34      20.06        0.05     0.04   0.461
  EZG_18258                 43.51       0.00       0.92      22.01      20.87       2.90      20.64        0.01     0.01   0.474
  EZG_346                   43.51       0.00       0.92      23.13      20.42       2.14      19.50        0.07     0.06   0.448
  EZG_348                   43.51       0.00       0.91      22.91      20.43       2.36      19.72        0.04     0.04   0.453
  
  
  ******************
  Node Depth Summary
  ******************
  
  ---------------------------------------------------------------------------------
                                 Average  Maximum  Maximum  Time of Max    Reported
                                   Depth    Depth      HGL   Occurrence   Max Depth
  Node                 Type       Meters   Meters   Meters  days hr:min      Meters
  ---------------------------------------------------------------------------------
  R0019466             JUNCTION     0.01     0.77    70.22     0  08:05        0.77
  R0019468             JUNCTION     0.01     0.68    69.99     0  08:05        0.68
  R0019831             JUNCTION     0.00     0.92    70.09     0  08:05        0.85
  R0019825             JUNCTION     0.01     1.11    69.95     0  08:05        1.04
  R0019843             JUNCTION     0.01     0.51    68.14     0  08:06        0.50
  R0019368             JUNCTION     0.02     0.73    67.52     0  08:06        0.73
  R0019369             JUNCTION     0.01     0.54    67.13     0  08:06        0.52
  R0019370             JUNCTION     0.01     0.46    66.36     0  08:06        0.44
  R0019345             JUNCTION     0.01     0.44    70.34     0  08:05        0.43
  R0019346             JUNCTION     0.01     0.36    70.16     0  08:05        0.34
  R0043600             JUNCTION     0.01     0.44    70.11     0  08:05        0.42
  R0019203             JUNCTION     0.01     0.44    69.98     0  08:05        0.44
  R0043594             JUNCTION     0.01     0.29    70.02     0  08:05        0.29
  R0021458             JUNCTION     0.01     0.37    70.02     0  08:05        0.37
  R0019202             JUNCTION     0.01     0.41    69.99     0  08:05        0.41
  R0019373             JUNCTION     0.01     0.54    70.21     0  08:05        0.54
  R0019254             JUNCTION     0.01     0.83    70.87     0  08:05        0.81
  R0019716             JUNCTION     0.01     0.48    69.49     0  08:05        0.48
  R0019946             JUNCTION     0.02     0.67    69.29     0  08:06        0.67
  R0013935             JUNCTION     0.00     0.66    69.49     0  08:05        0.63
  R0019939             JUNCTION     0.01     0.83    69.40     0  08:05        0.77
  R0019944             JUNCTION     0.01     0.42    68.70     0  08:06        0.41
  R0043703             JUNCTION     0.01     0.52    69.12     0  08:06        0.51
  R0019945             JUNCTION     0.01     0.53    68.93     0  08:06        0.52
  R0039621             JUNCTION     0.00     0.19    69.76     0  08:05        0.18
  R0019838             JUNCTION     0.01     0.30    69.76     0  08:05        0.29
  R0039606             JUNCTION     0.01     0.40    69.99     0  08:05        0.40
  R0019204             JUNCTION     0.00     0.00    69.91     0  00:00        0.00
  R0019205             JUNCTION     0.00     0.00    69.62     0  00:00        0.00
  R0019849             JUNCTION     0.01     0.79    69.31     0  08:05        0.75
  R0019371             JUNCTION     0.00     0.00    70.41     0  00:00        0.00
  R0019718             JUNCTION     0.02     0.53    69.95     0  08:05        0.52
  R0021442             JUNCTION     0.01     1.82    71.87     0  08:05        1.71
  R0019247             JUNCTION     0.01     0.78    70.66     0  08:05        0.74
  R0019719             JUNCTION     0.01     0.35    70.03     0  08:05        0.34
  R0019767             JUNCTION     0.01     0.48    65.21     0  08:06        0.47
  R0019768             JUNCTION     0.01     0.41    64.18     0  08:06        0.41
  R0021453             JUNCTION     0.00     0.12    70.07     0  08:05        0.12
  R0019839             JUNCTION     0.01     0.27    69.66     0  08:05        0.27
  R0019717             JUNCTION     0.01     0.47    69.81     0  08:05        0.47
  R0019252             JUNCTION     0.01     0.88    71.07     0  08:05        0.86
  R0019721             JUNCTION     0.01     0.32    70.19     0  08:05        0.31
  R0019942             JUNCTION     0.01     0.78    69.43     0  08:05        0.73
  R0019206             JUNCTION     0.00     0.00    69.07     0  00:00        0.00
  R0019840             JUNCTION     0.01     0.25    69.22     0  08:05        0.24
  R0043702             JUNCTION     0.01     0.38    69.08     0  08:05        0.37
  R0019723             JUNCTION     0.00     0.18    70.26     0  08:05        0.18
  R0019724             JUNCTION     0.00     0.11    70.27     0  08:05        0.11
  R0021433             JUNCTION     0.01     1.92    72.31     0  08:05        1.78
  R0021435             JUNCTION     0.01     1.98    72.16     0  08:05        1.85
  R0019769             OUTFALL      0.01     0.41    63.79     0  08:07        0.41
  
  
  *******************
  Node Inflow Summary
  *******************
  
  -------------------------------------------------------------------------------------------------
                                  Maximum  Maximum                  Lateral       Total        Flow
                                  Lateral    Total  Time of Max      Inflow      Inflow     Balance
                                   Inflow   Inflow   Occurrence      Volume      Volume       Error
  Node                 Type           CMS      CMS  days hr:min    10^6 ltr    10^6 ltr     Percent
  -------------------------------------------------------------------------------------------------
  R0019466             JUNCTION     0.072    0.086     0  08:02      0.0818       0.144       0.084
  R0019468             JUNCTION     0.045    0.115     0  08:05       0.048       0.191      -0.028
  R0019831             JUNCTION     0.058    0.058     0  08:05      0.0645      0.0645       0.084
  R0019825             JUNCTION     0.058    0.109     0  08:05      0.0647       0.129       0.148
  R0019843             JUNCTION     0.000    1.423     0  08:06           0        2.02      -0.001
  R0019368             JUNCTION     0.000    1.428     0  08:06           0        2.02       0.009
  R0019369             JUNCTION     0.000    1.450     0  08:07           0        2.02      -0.008
  R0019370             JUNCTION     0.000    1.436     0  08:06           0        2.02       0.001
  R0019345             JUNCTION     0.000    0.108     0  08:05           0       0.126       0.029
  R0019346             JUNCTION     0.009    0.178     0  08:05      0.0083       0.213      -0.017
  R0043600             JUNCTION     0.000    0.188     0  08:05           0       0.244      -0.065
  R0019203             JUNCTION     0.019    0.438     0  08:05      0.0181       0.557      -0.000
  R0043594             JUNCTION     0.097    0.143     0  08:05       0.116       0.167      -0.015
  R0021458             JUNCTION     0.078    0.204     0  08:05      0.0907       0.257      -0.002
  R0019202             JUNCTION     0.027    0.239     0  08:05      0.0275       0.294      -0.268
  R0019373             JUNCTION     0.063    0.064     0  08:05      0.0713      0.0715       1.305
  R0019254             JUNCTION     0.053    0.110     0  08:05      0.0582       0.126       0.048
  R0019716             JUNCTION     0.078    0.859     0  08:05      0.0901        1.14      -0.010
  R0019946             JUNCTION     0.000    0.863     0  08:06           0        1.14      -0.000
  R0013935             JUNCTION     0.051    0.051     0  08:05      0.0555      0.0555       0.049
  R0019939             JUNCTION     0.021    0.067     0  08:05      0.0202      0.0757      -0.035
  R0019944             JUNCTION     0.048    1.071     0  08:06      0.0516        1.45       0.007
  R0043703             JUNCTION     0.057    0.907     0  08:06      0.0631         1.2       0.010
  R0019945             JUNCTION     0.000    1.047     0  08:06           0         1.4      -0.009
  R0039621             JUNCTION     0.000    0.006     0  08:01           0     0.00117       0.752
  R0019838             JUNCTION     0.104    0.104     0  08:05       0.126       0.127      -0.007
  R0039606             JUNCTION     0.000    0.168     0  08:05           0       0.258       0.026
  R0019204             JUNCTION     0.000    0.000     0  00:00           0           0       0.000 ltr
  R0019205             JUNCTION     0.000    0.000     0  00:00           0           0       0.000 ltr
  R0019849             JUNCTION     0.000    0.164     0  08:05           0       0.205       0.009
  R0019371             JUNCTION     0.000    0.000     0  00:00           0           0       0.000 ltr
  R0019718             JUNCTION     0.068    0.490     0  08:05      0.0772       0.634      -0.690
  R0021442             JUNCTION     0.077    0.159     0  08:05      0.0893       0.204       0.044
  R0019247             JUNCTION     0.038    0.188     0  08:05      0.0402       0.244       0.049
  R0019719             JUNCTION     0.040    0.208     0  08:05      0.0422       0.255       0.335
  R0019767             JUNCTION     0.000    1.433     0  08:06           0        2.02      -0.005
  R0019768             JUNCTION     0.000    1.426     0  08:06           0        2.02       0.007
  R0021453             JUNCTION     0.047    0.047     0  08:05      0.0507      0.0507      -0.087
  R0019839             JUNCTION     0.103    0.196     0  08:05       0.124        0.25       0.002
  R0019717             JUNCTION     0.125    0.798     0  08:05       0.156        1.05       0.319
  R0019252             JUNCTION     0.061    0.061     0  08:05      0.0682      0.0682      -0.042
  R0019721             JUNCTION     0.019    0.074     0  08:05      0.0178      0.0781       0.005
  R0019942             JUNCTION     0.000    0.103     0  08:05           0       0.129      -0.200
  R0019206             JUNCTION     0.000    0.000     0  00:00           0           0       0.000 ltr
  R0019840             JUNCTION     0.000    0.306     0  08:05           0       0.441       0.001
  R0043702             JUNCTION     0.103    0.398     0  08:05       0.124       0.566       0.000
  R0019723             JUNCTION     0.045    0.058     0  08:05      0.0477      0.0603      -0.025
  R0019724             JUNCTION     0.014    0.014     0  08:05      0.0126      0.0126      -0.041
  R0021433             JUNCTION     0.063    0.063     0  08:05      0.0709      0.0709      -0.120
  R0021435             JUNCTION     0.041    0.093     0  08:05      0.0439       0.115      -0.028
  R0019769             OUTFALL      0.000    1.429     0  08:07           0        2.02       0.000
  
  
  **********************
  Node Surcharge Summary
  **********************
  
  Surcharging occurs when water rises above the top of the highest conduit.
  ---------------------------------------------------------------------
                                               Max. Height   Min. Depth
                                   Hours       Above Crown    Below Rim
  Node                 Type      Surcharged         Meters       Meters
  ---------------------------------------------------------------------
  R0019466             JUNCTION        0.12          0.467        2.043
  R0019468             JUNCTION        0.11          0.381        2.049
  R0019831             JUNCTION        0.05          0.620        0.740
  R0019825             JUNCTION        0.09          0.812        0.388
  R0019345             JUNCTION        0.05          0.144        1.606
  R0043600             JUNCTION        0.02          0.035        2.545
  R0019373             JUNCTION        0.05          0.241        2.259
  R0019254             JUNCTION        0.07          0.531        1.299
  R0013935             JUNCTION        0.05          0.357        0.963
  R0019939             JUNCTION        0.12          0.529        1.091
  R0019849             JUNCTION        0.13          0.486        1.444
  R0021442             JUNCTION        0.14          1.516        0.234
  R0019247             JUNCTION        0.06          0.375        1.485
  R0019252             JUNCTION        0.05          0.584        1.056
  R0019942             JUNCTION        0.10          0.484        1.166
  R0021433             JUNCTION        0.09          1.616        0.234
  R0021435             JUNCTION        0.12          1.682        0.128
  
  
  *********************
  Node Flooding Summary
  *********************
  
  No nodes were flooded.
  
  
  ***********************
  Outfall Loading Summary
  ***********************
  
  -----------------------------------------------------------
                         Flow       Avg       Max       Total
                         Freq      Flow      Flow      Volume
  Outfall Node           Pcnt       CMS       CMS    10^6 ltr
  -----------------------------------------------------------
  R0019769              25.10     0.029     1.429       2.020
  -----------------------------------------------------------
  System                25.10     0.029     1.429       2.020
  
  
  ********************
  Link Flow Summary
  ********************
  
  -----------------------------------------------------------------------------
                                 Maximum  Time of Max   Maximum    Max/    Max/
                                  |Flow|   Occurrence   |Veloc|    Full    Full
  Link                 Type          CMS  days hr:min     m/sec    Flow   Depth
  -----------------------------------------------------------------------------
  H0014431             CONDUIT     0.073     0  08:02      1.03    1.35    1.00
  H0014433             CONDUIT     0.052     0  08:05      0.74    0.66    1.00
  H0014352             CONDUIT     1.428     0  08:06      3.13    0.58    0.68
  H0014373             CONDUIT     1.436     0  08:06      4.00    0.66    0.55
  H0017981             CONDUIT     0.108     0  08:05      1.53    3.05    1.00
  H0017755             CONDUIT     0.187     0  08:05      1.50    1.52    1.00
  H0017791             CONDUIT     0.127     0  08:05      0.64    0.18    0.37
  H0017357             CONDUIT     0.063     0  08:05      0.90    1.01    1.00
  H0018216             CONDUIT     0.108     0  08:05      1.53    1.97    1.00
  H0016792             CONDUIT     0.863     0  08:06      2.01    0.50    0.64
  H0019507             CONDUIT     0.047     0  08:05      0.71    0.65    1.00
  H0019998             CONDUIT     1.076     0  08:06      3.33    0.43    0.51
  H0019576             CONDUIT     0.913     0  08:06      2.40    0.61    0.58
  H0020087             CONDUIT     0.007     0  08:06      0.15    0.03    0.49
  H0020211             CONDUIT     0.875     0  08:06      2.00    2.18    0.66
  H0018982             CONDUIT     0.168     0  08:05      0.82    0.27    0.43
  H0018753             CONDUIT     0.037     0  08:02      0.62    0.53    1.00
  H0018845             CONDUIT     0.000     0  00:00      0.00    0.00    0.00
  H0018863             CONDUIT     0.063     0  08:05      0.90    1.49    1.00
  H0019156             CONDUIT     0.000     0  00:00      0.00    0.00    0.00
  H0018929             CONDUIT     0.439     0  08:05      1.28    0.38    0.54
  H0018440             CONDUIT     0.155     0  08:05      2.20    2.78    1.00
  H0018456             CONDUIT     0.176     0  08:05      1.50    1.07    0.89
  H0018968             CONDUIT     1.426     0  08:06      4.59    0.55    0.49
  H0022036             CONDUIT     0.046     0  08:05      0.50    0.04    0.21
  H0021806             CONDUIT     0.188     0  08:05      1.50    1.67    1.00
  H0022111             CONDUIT     0.095     0  08:05      0.84    0.68    0.57
  H0021440             CONDUIT     0.806     0  08:06      2.39    0.52    0.53
  H0021704             CONDUIT     0.497     0  08:06      1.50    0.95    0.53
  H0020521             CONDUIT     0.058     0  08:05      0.82    1.18    1.00
  H0020755             CONDUIT     0.066     0  08:06      0.64    0.72    0.84
  H0020530             CONDUIT     1.450     0  08:07      3.08    1.24    0.70
  H0020618             CONDUIT     1.045     0  08:06      3.11    0.65    0.52
  H0021163             CONDUIT     0.103     0  08:05      1.46    1.72    1.00
  H0020497             CONDUIT     0.000     0  00:00      0.00    0.00    0.84
  H0024325             CONDUIT     0.193     0  08:05      1.87    0.57    0.52
  H0023585             CONDUIT     0.397     0  08:05      2.53    0.91    0.75
  H0024098             CONDUIT     0.163     0  08:05      2.30    1.90    1.00
  H0024235             CONDUIT     0.208     0  08:05      1.48    0.85    0.68
  H0024282             CONDUIT     0.000     0  00:00      0.00    0.00    0.00
  H0024308             CONDUIT     1.429     0  08:07      5.13    0.42    0.45
  H0024498             CONDUIT     0.114     0  08:05      1.61    1.76    1.00
  H0026990             CONDUIT     0.055     0  08:05      0.75    0.42    0.62
  H0041650             CONDUIT     0.238     0  08:05      0.82    0.28    0.47
  H0041011             CONDUIT     0.102     0  08:05      1.44    1.01    1.00
  H0045103             CONDUIT     0.183     0  08:06      0.77    0.23    0.45
  H0045104             CONDUIT     1.433     0  08:06      4.29    0.51    0.52
  H0045105             CONDUIT     0.013     0  08:05      0.40    0.23    0.48
  H0045106             CONDUIT     0.306     0  08:05      2.37    0.41    0.63
  H0045107             CONDUIT     0.054     0  08:05      0.76    0.88    1.00
  H0045108             CONDUIT     0.090     0  08:05      1.27    1.62    1.00
  
  
  ***************************
  Flow Classification Summary
  ***************************
  
  -------------------------------------------------------------------------------------
                      Adjusted    ---------- Fraction of Time in Flow Class ---------- 
                       /Actual         Up    Down  Sub   Sup   Up    Down  Norm  Inlet 
  Conduit               Length    Dry  Dry   Dry   Crit  Crit  Crit  Crit  Ltd   Ctrl  
  -------------------------------------------------------------------------------------
  H0014431                1.00   0.04  0.00  0.00  0.96  0.00  0.00  0.00  0.95  0.00
  H0014433                1.00   0.04  0.00  0.00  0.96  0.00  0.00  0.00  0.96  0.00
  H0014352                1.00   0.04  0.00  0.00  0.73  0.23  0.00  0.00  0.96  0.00
  H0014373                1.00   0.04  0.00  0.00  0.71  0.24  0.00  0.00  0.70  0.00
  H0017981                1.00   0.04  0.00  0.00  0.00  0.00  0.00  0.96  0.00  0.00
  H0017755                1.00   0.04  0.00  0.00  0.00  0.00  0.00  0.96  0.00  0.00
  H0017791                1.00   0.04  0.00  0.00  0.96  0.00  0.00  0.00  0.95  0.00
  H0017357                1.00   0.04  0.96  0.00  0.00  0.00  0.00  0.00  0.89  0.00
  H0018216                1.00   0.04  0.70  0.00  0.25  0.00  0.00  0.00  0.95  0.00
  H0016792                1.00   0.04  0.70  0.00  0.26  0.00  0.00  0.00  0.95  0.00
  H0019507                1.00   0.04  0.00  0.00  0.96  0.00  0.00  0.00  0.95  0.00
  H0019998                1.00   0.04  0.00  0.00  0.71  0.24  0.00  0.00  0.26  0.00
  H0019576                1.00   0.04  0.00  0.00  0.74  0.22  0.00  0.00  0.25  0.00
  H0020087                1.00   0.04  0.94  0.00  0.01  0.00  0.00  0.00  0.89  0.00
  H0020211                1.00   0.04  0.00  0.00  0.96  0.00  0.00  0.00  0.69  0.00
  H0018982                1.00   0.04  0.00  0.00  0.96  0.00  0.00  0.00  0.72  0.00
  H0018753                1.00   0.04  0.00  0.00  0.96  0.00  0.00  0.00  0.96  0.00
  H0018845                1.00   1.00  0.00  0.00  0.00  0.00  0.00  0.00  0.00  0.00
  H0018863                1.00   0.04  0.00  0.00  0.96  0.00  0.00  0.00  0.95  0.00
  H0019156                1.00   1.00  0.00  0.00  0.00  0.00  0.00  0.00  0.00  0.00
  H0018929                1.00   0.04  0.70  0.00  0.25  0.00  0.00  0.00  0.95  0.00
  H0018440                1.00   0.04  0.00  0.00  0.96  0.00  0.00  0.00  0.95  0.00
  H0018456                1.00   0.04  0.00  0.00  0.96  0.00  0.00  0.00  0.95  0.00
  H0018968                1.00   0.04  0.69  0.00  0.02  0.25  0.00  0.00  0.71  0.00
  H0022036                1.00   0.04  0.00  0.00  0.03  0.03  0.00  0.90  0.02  0.00
  H0021806                1.00   0.04  0.70  0.00  0.25  0.00  0.00  0.00  0.82  0.00
  H0022111                1.00   0.04  0.00  0.00  0.96  0.00  0.00  0.00  0.00  0.00
  H0021440                1.00   0.04  0.00  0.00  0.73  0.23  0.00  0.00  0.01  0.00
  H0021704                1.00   0.04  0.00  0.00  0.00  0.00  0.00  0.96  0.00  0.00
  H0020521                1.00   0.04  0.00  0.00  0.96  0.00  0.00  0.00  0.95  0.00
  H0020755                1.00   0.04  0.71  0.00  0.25  0.00  0.00  0.00  0.95  0.00
  H0020530                1.00   0.04  0.00  0.00  0.73  0.23  0.00  0.00  0.01  0.00
  H0020618                1.00   0.04  0.00  0.00  0.72  0.24  0.00  0.00  0.71  0.00
  H0021163                1.00   0.04  0.00  0.00  0.95  0.01  0.00  0.00  0.72  0.00
  H0020497                1.20   0.04  0.96  0.00  0.00  0.00  0.00  0.00  0.00  0.00
  H0024325                1.00   0.04  0.00  0.00  0.73  0.23  0.00  0.00  0.72  0.00
  H0023585                1.00   0.04  0.00  0.00  0.00  0.00  0.00  0.96  0.00  0.00
  H0024098                1.00   0.04  0.71  0.00  0.25  0.00  0.00  0.00  0.95  0.00
  H0024235                1.00   0.04  0.00  0.00  0.00  0.00  0.00  0.96  0.00  0.00
  H0024282                1.00   1.00  0.00  0.00  0.00  0.00  0.00  0.00  0.00  0.00
  H0024308                1.00   0.04  0.00  0.00  0.70  0.26  0.00  0.00  0.09  0.00
  H0024498                1.00   0.04  0.00  0.00  0.00  0.00  0.00  0.96  0.00  0.00
  H0026990                1.00   0.04  0.00  0.00  0.96  0.00  0.00  0.00  0.96  0.00
  H0041650                1.00   0.75  0.01  0.00  0.24  0.00  0.00  0.00  0.95  0.00
  H0041011                1.00   0.04  0.00  0.00  0.96  0.00  0.00  0.00  0.95  0.00
  H0045103                1.00   0.04  0.00  0.00  0.96  0.00  0.00  0.00  0.82  0.00
  H0045104                1.00   0.04  0.00  0.00  0.71  0.25  0.00  0.00  0.26  0.00
  H0045105                1.00   0.04  0.00  0.00  0.96  0.00  0.00  0.00  0.96  0.00
  H0045106                1.00   0.04  0.71  0.00  0.02  0.23  0.00  0.00  0.96  0.00
  H0045107                1.00   0.04  0.00  0.00  0.96  0.00  0.00  0.00  0.95  0.00
  H0045108                1.00   0.04  0.00  0.00  0.96  0.00  0.00  0.00  0.96  0.00
  
  
  *************************
  Conduit Surcharge Summary
  *************************
  
  ----------------------------------------------------------------------------
                                                           Hours        Hours 
                         --------- Hours Full --------   Above Full   Capacity
  Conduit                Both Ends  Upstream  Dnstream   Normal Flow   Limited
  ----------------------------------------------------------------------------
  H0014431                    0.11      0.12      0.11      0.13         0.11
  H0014433                    0.05      0.05      0.09      0.01         0.01
  H0017981                    0.01      0.05      0.01      0.14         0.04
  H0017755                    0.01      0.02      0.01      0.08         0.01
  H0017357                    0.01      0.01      0.05      0.01         0.01
  H0018216                    0.05      0.07      0.05      0.10         0.06
  H0019507                    0.05      0.05      0.12      0.01         0.01
  H0020211                    0.01      0.01      0.01      0.12         0.01
  H0018753                    0.05      0.05      0.12      0.01         0.01
  H0018863                    0.12      0.12      0.13      0.06         0.05
  H0018440                    0.10      0.14      0.10      0.16         0.12
  H0018456                    0.01      0.01      0.01      0.02         0.01
  H0021806                    0.02      0.06      0.02      0.09         0.05
  H0020521                    0.05      0.05      0.07      0.03         0.03
  H0020530                    0.01      0.01      0.01      0.05         0.01
  H0021163                    0.08      0.09      0.10      0.09         0.07
  H0024098                    0.13      0.13      0.16      0.10         0.09
  H0024498                    0.01      0.11      0.01      0.14         0.08
  H0041011                    0.10      0.10      0.13      0.01         0.01
  H0045107                    0.09      0.09      0.12      0.01         0.01
  H0045108                    0.12      0.12      0.14      0.08         0.08
  

  Analysis begun on:  Fri Mar 22 15:56:32 2024
  Analysis ended on:  Fri Mar 22 15:56:43 2024
  Total elapsed time: 00:00:11