
  EPA STORM WATER MANAGEMENT MODEL - VERSION 5.2 (Build 5.2.4)
  PYSWMM TOOLKIT API - VERSION v1.0 (2023-11-27)
  ------------------------------------------------------------

  Gievenbeck_e2_T10D90 
  
  ****************
  Analysis Options
  ****************
  Flow Units ............... CMS
  Process Models:
    Rainfall/Runoff ........ YES
    RDII ................... NO
    Snowmelt ............... NO
    Groundwater ............ NO
    Flow Routing ........... YES
    Ponding Allowed ........ NO
    Water Quality .......... NO
  Infiltration Method ...... HORTON
  Flow Routing Method ...... DYNWAVE
  Surcharge Method ......... SLOT
  Starting Date ............ 01/01/2024 00:00:00
  Ending Date .............. 01/04/2024 04:00:00
  Antecedent Dry Days ...... 14.0
  Report Time Step ......... 00:01:00
  Wet Time Step ............ 00:01:00
  Dry Time Step ............ 00:01:00
  Routing Time Step ........ 1.00 sec
  Variable Time Step ....... YES
  Maximum Trials ........... 8
  Number of Threads ........ 1
  Head Tolerance ........... 0.001500 m
  
  
  **************************        Volume         Depth
  Runoff Quantity Continuity     hectare-m            mm
  **************************     ---------       -------
  Total Precipitation ......         0.317        31.280
  Evaporation Loss .........         0.010         0.955
  Infiltration Loss ........         0.158        15.582
  Surface Runoff ...........         0.150        14.790
  Final Storage ............         0.000         0.000
  Continuity Error (%) .....        -0.151
  
  
  **************************        Volume        Volume
  Flow Routing Continuity        hectare-m      10^6 ltr
  **************************     ---------     ---------
  Dry Weather Inflow .......         0.000         0.000
  Wet Weather Inflow .......         0.150         1.497
  Groundwater Inflow .......         0.000         0.000
  RDII Inflow ..............         0.000         0.000
  External Inflow ..........         0.000         0.000
  External Outflow .........         0.149         1.488
  Flooding Loss ............         0.001         0.009
  Evaporation Loss .........         0.000         0.000
  Exfiltration Loss ........         0.000         0.000
  Initial Stored Volume ....         0.000         0.000
  Final Stored Volume ......         0.000         0.000
  Continuity Error (%) .....         0.003
  
  
  *************************
  Highest Continuity Errors
  *************************
  Node R0019373 (1.94%)
  
  
  ***************************
  Time-Step Critical Elements
  ***************************
  None
  
  
  ********************************
  Highest Flow Instability Indexes
  ********************************
  All links are stable.
  
  
  *********************************
  Most Frequent Nonconverging Nodes
  *********************************
  Convergence obtained at all time steps.
  
  
  *************************
  Routing Time Step Summary
  *************************
  Minimum Time Step           :     0.41 sec
  Average Time Step           :     1.00 sec
  Maximum Time Step           :     1.00 sec
  % of Time in Steady State   :     0.00
  Average Iterations per Step :     2.00
  % of Steps Not Converging   :     0.00
  Time Step Frequencies       :
      1.000 -  0.871 sec      :   100.00 %
      0.871 -  0.758 sec      :     0.00 %
      0.758 -  0.660 sec      :     0.00 %
      0.660 -  0.574 sec      :     0.00 %
      0.574 -  0.500 sec      :     0.00 %
  
  
  ***************************
  Subcatchment Runoff Summary
  ***************************
  
  ------------------------------------------------------------------------------------------------------------------------------
                            Total      Total      Total      Total     Imperv       Perv      Total       Total     Peak  Runoff
                           Precip      Runon       Evap      Infil     Runoff     Runoff     Runoff      Runoff   Runoff   Coeff
  Subcatchment                 mm         mm         mm         mm         mm         mm         mm    10^6 ltr      CMS
  ------------------------------------------------------------------------------------------------------------------------------
  EZG_368                   31.28       0.00       0.95      15.70      14.72       2.16      14.67        0.06     0.09   0.469
  EZG_392                   31.28       0.00       0.95      15.60      14.73       2.27      14.78        0.05     0.08   0.473
  EZG_352                   31.28       0.00       0.96      15.85      14.71       2.00      14.51        0.09     0.13   0.464
  EZG_372                   31.28       0.00       0.94      15.24      14.75       2.63      15.17        0.02     0.04   0.485
  EZG_416                   31.28       0.00       0.94      15.55      14.73       2.31      14.83        0.04     0.07   0.474
  EZG_388                   31.28       0.00       0.95      15.74      14.72       2.12      14.63        0.07     0.10   0.468
  EZG_394                   31.28       0.00       0.94      15.53      14.73       2.33      14.85        0.04     0.07   0.475
  EZG_400                   31.28       0.00       0.94      15.50      14.73       2.36      14.89        0.04     0.06   0.476
  EZG_390                   31.28       0.00       0.95      15.59      14.73       2.28      14.79        0.05     0.07   0.473
  EZG_350                   31.28       0.00       0.95      15.75      14.72       2.11      14.63        0.07     0.10   0.468
  EZG_370                   31.28       0.00       0.95      15.64      14.73       2.22      14.74        0.05     0.08   0.471
  EZG_398                   31.28       0.00       0.93      15.12      14.75       2.76      15.30        0.02     0.03   0.489
  EZG_382                   31.28       0.00       0.93      15.08      14.76       2.80      15.35        0.01     0.02   0.491
  EZG_374                   31.28       0.00       1.14      12.77      17.66       2.41      17.42        0.07     0.10   0.557
  EZG_412                   31.28       0.00       0.92      14.79      14.77       3.10      15.66        0.01     0.01   0.501
  EZG_344                   31.28       0.00       0.94      15.50      14.73       2.37      14.90        0.04     0.06   0.476
  EZG_376                   31.28       0.00       0.94      15.40      14.74       2.47      15.00        0.03     0.05   0.480
  EZG_356                   31.28       0.00       0.96      15.89      14.71       1.97      14.47        0.09     0.14   0.463
  EZG_386                   31.28       0.00       0.96      15.98      14.71       1.87      14.37        0.11     0.17   0.459
  EZG_380                   31.28       0.00       0.95      15.68      14.72       2.19      14.70        0.06     0.09   0.470
  EZG_378                   31.28       0.00       0.95      15.62      14.73       2.24      14.76        0.05     0.08   0.472
  EZG_414                   31.28       0.00       0.93      15.07      14.76       2.81      15.35        0.01     0.02   0.491
  EZG_402                   31.28       0.00       0.95      15.60      14.73       2.26      14.78        0.05     0.08   0.473
  EZG_358                   31.28       0.00       0.96      15.88      14.71       1.97      14.48        0.09     0.14   0.463
  EZG_364                   31.28       0.00       0.96      15.89      14.71       1.97      14.48        0.09     0.14   0.463
  EZG_410                   31.28       0.00       0.94      15.42      14.74       2.45      14.98        0.03     0.05   0.479
  EZG_366                   31.28       0.00       0.94      15.47      14.74       2.39      14.92        0.04     0.06   0.477
  EZG_18259                 31.28       0.00       0.94      15.47      14.74       2.40      14.92        0.04     0.06   0.477
  EZG_18258                 31.28       0.00       0.93      14.94      14.76       2.94      15.49        0.01     0.02   0.495
  EZG_346                   31.28       0.00       0.93      15.94      14.43       2.20      14.46        0.05     0.08   0.462
  EZG_348                   31.28       0.00       0.92      15.73      14.44       2.41      14.69        0.03     0.05   0.470
  
  
  ******************
  Node Depth Summary
  ******************
  
  ---------------------------------------------------------------------------------
                                 Average  Maximum  Maximum  Time of Max    Reported
                                   Depth    Depth      HGL   Occurrence   Max Depth
  Node                 Type       Meters   Meters   Meters  days hr:min      Meters
  ---------------------------------------------------------------------------------
  R0019466             JUNCTION     0.00     1.04    70.49     0  02:35        1.03
  R0019468             JUNCTION     0.00     0.92    70.23     0  02:35        0.91
  R0019831             JUNCTION     0.00     1.46    70.63     0  02:34        1.45
  R0019825             JUNCTION     0.00     1.50    70.34     0  02:34        1.50
  R0019843             JUNCTION     0.00     0.64    68.27     0  02:36        0.64
  R0019368             JUNCTION     0.01     1.01    67.80     0  02:36        0.97
  R0019369             JUNCTION     0.00     0.65    67.24     0  02:36        0.63
  R0019370             JUNCTION     0.00     0.54    66.44     0  02:36        0.53
  R0019345             JUNCTION     0.00     0.70    70.60     0  02:35        0.67
  R0019346             JUNCTION     0.00     0.51    70.31     0  02:35        0.50
  R0043600             JUNCTION     0.00     0.51    70.18     0  02:35        0.50
  R0019203             JUNCTION     0.00     0.52    70.06     0  02:35        0.51
  R0043594             JUNCTION     0.00     0.38    70.11     0  02:35        0.37
  R0021458             JUNCTION     0.00     0.45    70.10     0  02:35        0.45
  R0019202             JUNCTION     0.00     0.49    70.07     0  02:35        0.48
  R0019373             JUNCTION     0.00     0.80    70.47     0  02:35        0.80
  R0019254             JUNCTION     0.00     1.36    71.40     0  02:35        1.32
  R0019716             JUNCTION     0.00     0.57    69.58     0  02:35        0.56
  R0019946             JUNCTION     0.01     0.80    69.42     0  02:35        0.80
  R0013935             JUNCTION     0.00     1.12    69.95     0  02:35        1.10
  R0019939             JUNCTION     0.00     1.20    69.77     0  02:35        1.18
  R0019944             JUNCTION     0.00     0.49    68.77     0  02:35        0.49
  R0043703             JUNCTION     0.00     0.61    69.21     0  02:35        0.61
  R0019945             JUNCTION     0.00     0.63    69.03     0  02:36        0.63
  R0039621             JUNCTION     0.00     0.25    69.82     0  02:35        0.24
  R0019838             JUNCTION     0.00     0.35    69.81     0  02:35        0.35
  R0039606             JUNCTION     0.00     0.48    70.07     0  02:35        0.48
  R0019204             JUNCTION     0.00     0.00    69.91     0  00:00        0.00
  R0019205             JUNCTION     0.00     0.00    69.62     0  00:00        0.00
  R0019849             JUNCTION     0.00     1.08    69.60     0  02:35        1.04
  R0019371             JUNCTION     0.00     0.00    70.41     0  00:00        0.00
  R0019718             JUNCTION     0.00     0.61    70.03     0  02:35        0.60
  R0021442             JUNCTION     0.00     2.05    72.10     0  02:33        2.05
  R0019247             JUNCTION     0.00     0.99    70.87     0  02:35        0.98
  R0019719             JUNCTION     0.00     0.44    70.12     0  02:35        0.42
  R0019767             JUNCTION     0.00     0.57    65.30     0  02:36        0.57
  R0019768             JUNCTION     0.00     0.48    64.25     0  02:36        0.48
  R0021453             JUNCTION     0.00     0.15    70.10     0  02:36        0.14
  R0019839             JUNCTION     0.00     0.33    69.72     0  02:35        0.32
  R0019717             JUNCTION     0.00     0.55    69.89     0  02:35        0.54
  R0019252             JUNCTION     0.00     1.51    71.70     0  02:35        1.47
  R0019721             JUNCTION     0.00     0.47    70.34     0  02:34        0.47
  R0019942             JUNCTION     0.00     1.09    69.74     0  02:35        1.06
  R0019206             JUNCTION     0.00     0.00    69.07     0  00:00        0.00
  R0019840             JUNCTION     0.00     0.34    69.31     0  02:35        0.32
  R0043702             JUNCTION     0.00     0.70    69.40     0  02:35        0.62
  R0019723             JUNCTION     0.00     0.28    70.36     0  02:35        0.28
  R0019724             JUNCTION     0.00     0.24    70.40     0  02:35        0.20
  R0021433             JUNCTION     0.00     2.15    72.54     0  02:33        2.15
  R0021435             JUNCTION     0.00     2.11    72.29     0  02:33        2.11
  R0019769             OUTFALL      0.00     0.48    63.86     0  02:37        0.48
  
  
  *******************
  Node Inflow Summary
  *******************
  
  -------------------------------------------------------------------------------------------------
                                  Maximum  Maximum                  Lateral       Total        Flow
                                  Lateral    Total  Time of Max      Inflow      Inflow     Balance
                                   Inflow   Inflow   Occurrence      Volume      Volume       Error
  Node                 Type           CMS      CMS  days hr:min    10^6 ltr    10^6 ltr     Percent
  -------------------------------------------------------------------------------------------------
  R0019466             JUNCTION     0.093    0.093     0  02:35      0.0606       0.096       0.109
  R0019468             JUNCTION     0.058    0.133     0  02:35      0.0357        0.13      -0.038
  R0019831             JUNCTION     0.075    0.075     0  02:35      0.0479      0.0479       0.116
  R0019825             JUNCTION     0.076    0.151     0  02:35       0.048      0.0958       0.221
  R0019843             JUNCTION     0.000    1.864     0  02:35           0        1.49       0.004
  R0019368             JUNCTION     0.000    1.884     0  02:36           0        1.49       0.008
  R0019369             JUNCTION     0.000    1.880     0  02:36           0        1.49      -0.012
  R0019370             JUNCTION     0.000    1.873     0  02:36           0        1.49       0.004
  R0019345             JUNCTION     0.000    0.136     0  02:35           0      0.0938       0.059
  R0019346             JUNCTION     0.012    0.214     0  02:35     0.00625       0.158       0.003
  R0043600             JUNCTION     0.000    0.207     0  02:35           0       0.175      -0.083
  R0019203             JUNCTION     0.024    0.548     0  02:35      0.0136       0.419      -0.013
  R0043594             JUNCTION     0.128    0.187     0  02:35      0.0857       0.123      -0.029
  R0021458             JUNCTION     0.102    0.246     0  02:35      0.0671       0.191      -0.004
  R0019202             JUNCTION     0.035    0.330     0  02:35      0.0205        0.23      -0.485
  R0019373             JUNCTION     0.082    0.097     0  02:35      0.0529      0.0549       1.977
  R0019254             JUNCTION     0.069    0.140     0  02:35      0.0432      0.0938       0.059
  R0019716             JUNCTION     0.102    1.102     0  02:35      0.0667       0.847      -0.021
  R0019946             JUNCTION     0.000    1.102     0  02:35           0       0.847       0.009
  R0013935             JUNCTION     0.066    0.066     0  02:35      0.0412      0.0412       0.086
  R0019939             JUNCTION     0.027    0.088     0  02:35      0.0151      0.0563      -0.092
  R0019944             JUNCTION     0.062    1.382     0  02:35      0.0383        1.08       0.010
  R0043703             JUNCTION     0.074    1.158     0  02:35      0.0468       0.894       0.013
  R0019945             JUNCTION     0.000    1.346     0  02:35           0        1.04      -0.012
  R0039621             JUNCTION     0.000    0.008     0  02:31           0     0.00158       0.440
  R0019838             JUNCTION     0.137    0.137     0  02:35      0.0927      0.0943      -0.008
  R0039606             JUNCTION     0.000    0.222     0  02:35           0       0.191       0.055
  R0019204             JUNCTION     0.000    0.000     0  00:00           0           0       0.000 ltr
  R0019205             JUNCTION     0.000    0.000     0  00:00           0           0       0.000 ltr
  R0019849             JUNCTION     0.000    0.197     0  02:35           0        0.15       0.010
  R0019371             JUNCTION     0.000    0.000     0  00:00           0           0       0.000 ltr
  R0019718             JUNCTION     0.089    0.621     0  02:35      0.0572       0.476      -0.843
  R0021442             JUNCTION     0.101    0.173     0  02:35       0.066       0.146       0.044
  R0019247             JUNCTION     0.049    0.208     0  02:35      0.0299       0.175       0.102
  R0019719             JUNCTION     0.052    0.264     0  02:35      0.0315        0.19       0.625
  R0019767             JUNCTION     0.000    1.883     0  02:36           0        1.49      -0.007
  R0019768             JUNCTION     0.000    1.885     0  02:36           0        1.49       0.010
  R0021453             JUNCTION     0.061    0.061     0  02:35      0.0377      0.0377      -0.091
  R0019839             JUNCTION     0.136    0.260     0  02:35      0.0916       0.184       0.002
  R0019717             JUNCTION     0.166    1.016     0  02:35       0.115       0.783       0.367
  R0019252             JUNCTION     0.079    0.079     0  02:35      0.0506      0.0506      -0.056
  R0019721             JUNCTION     0.024    0.089     0  02:34      0.0134      0.0584       0.000
  R0019942             JUNCTION     0.000    0.121     0  02:34           0      0.0937      -0.314
  R0019206             JUNCTION     0.000    0.000     0  00:00           0           0       0.000 ltr
  R0019840             JUNCTION     0.000    0.386     0  02:35           0       0.314       0.003
  R0043702             JUNCTION     0.136    0.518     0  02:35      0.0917       0.406       0.012
  R0019723             JUNCTION     0.057    0.073     0  02:34      0.0355      0.0449      -0.140
  R0019724             JUNCTION     0.017    0.017     0  02:35     0.00948     0.00948      -0.091
  R0021433             JUNCTION     0.082    0.082     0  02:35      0.0526      0.0526      -0.185
  R0021435             JUNCTION     0.053    0.125     0  02:35      0.0327      0.0847      -0.086
  R0019769             OUTFALL      0.000    1.891     0  02:37           0        1.49       0.000
  
  
  **********************
  Node Surcharge Summary
  **********************
  
  Surcharging occurs when water rises above the top of the highest conduit.
  ---------------------------------------------------------------------
                                               Max. Height   Min. Depth
                                   Hours       Above Crown    Below Rim
  Node                 Type      Surcharged         Meters       Meters
  ---------------------------------------------------------------------
  R0019466             JUNCTION        0.15          0.740        1.770
  R0019468             JUNCTION        0.14          0.617        1.813
  R0019831             JUNCTION        0.08          1.161        0.199
  R0019825             JUNCTION        0.12          1.200        0.000
  R0019368             JUNCTION        0.02          0.114        0.936
  R0019345             JUNCTION        0.09          0.397        1.353
  R0019346             JUNCTION        0.04          0.105        1.635
  R0043600             JUNCTION        0.06          0.114        2.466
  R0019373             JUNCTION        0.08          0.505        1.995
  R0019254             JUNCTION        0.10          1.063        0.767
  R0013935             JUNCTION        0.09          0.824        0.496
  R0019939             JUNCTION        0.15          0.905        0.715
  R0019849             JUNCTION        0.16          0.776        1.154
  R0021442             JUNCTION        0.17          1.750        0.000
  R0019247             JUNCTION        0.09          0.587        1.273
  R0019252             JUNCTION        0.08          1.214        0.426
  R0019721             JUNCTION        0.04          0.072        1.488
  R0019942             JUNCTION        0.13          0.793        0.857
  R0043702             JUNCTION        0.02          0.197        2.713
  R0021433             JUNCTION        0.12          1.850        0.000
  R0021435             JUNCTION        0.15          1.810        0.000
  
  
  *********************
  Node Flooding Summary
  *********************
  
  Flooding refers to all water that overflows a node, whether it ponds or not.
  --------------------------------------------------------------------------
                                                             Total   Maximum
                                 Maximum   Time of Max       Flood    Ponded
                        Hours       Rate    Occurrence      Volume     Depth
  Node                 Flooded       CMS   days hr:min    10^6 ltr    Meters
  --------------------------------------------------------------------------
  R0019825                0.02     0.036      0  02:35       0.002     0.000
  R0021442                0.02     0.014      0  02:35       0.001     0.000
  R0021433                0.02     0.014      0  02:33       0.001     0.000
  R0021435                0.04     0.052      0  02:35       0.005     0.000
  
  
  ***********************
  Outfall Loading Summary
  ***********************
  
  -----------------------------------------------------------
                         Flow       Avg       Max       Total
                         Freq      Flow      Flow      Volume
  Outfall Node           Pcnt       CMS       CMS    10^6 ltr
  -----------------------------------------------------------
  R0019769               5.20     0.105     1.891       1.488
  -----------------------------------------------------------
  System                 5.20     0.105     1.891       1.488
  
  
  ********************
  Link Flow Summary
  ********************
  
  -----------------------------------------------------------------------------
                                 Maximum  Time of Max   Maximum    Max/    Max/
                                  |Flow|   Occurrence   |Veloc|    Full    Full
  Link                 Type          CMS  days hr:min     m/sec    Flow   Depth
  -----------------------------------------------------------------------------
  H0014431             CONDUIT     0.076     0  02:31      1.08    1.41    1.00
  H0014433             CONDUIT     0.076     0  02:35      1.07    0.97    1.00
  H0014352             CONDUIT     1.884     0  02:36      3.18    0.77    0.91
  H0014373             CONDUIT     1.873     0  02:36      4.23    0.86    0.66
  H0017981             CONDUIT     0.137     0  02:35      1.94    3.88    1.00
  H0017755             CONDUIT     0.206     0  02:34      1.64    1.67    1.00
  H0017791             CONDUIT     0.146     0  02:34      0.67    0.21    0.46
  H0017357             CONDUIT     0.096     0  02:35      1.36    1.54    1.00
  H0018216             CONDUIT     0.136     0  02:35      1.92    2.47    1.00
  H0016792             CONDUIT     1.102     0  02:35      2.12    0.63    0.76
  H0019507             CONDUIT     0.062     0  02:35      0.88    0.86    1.00
  H0019998             CONDUIT     1.385     0  02:36      3.42    0.55    0.63
  H0019576             CONDUIT     1.161     0  02:36      2.50    0.78    0.69
  H0020087             CONDUIT     0.010     0  02:36      0.16    0.04    0.60
  H0020211             CONDUIT     1.110     0  02:36      2.09    2.77    0.79
  H0018982             CONDUIT     0.222     0  02:35      0.83    0.36    0.52
  H0018753             CONDUIT     0.039     0  02:31      0.63    0.55    1.00
  H0018845             CONDUIT     0.000     0  00:00      0.00    0.00    0.00
  H0018863             CONDUIT     0.086     0  02:35      1.21    2.01    1.00
  H0019156             CONDUIT     0.000     0  00:00      0.00    0.00    0.00
  H0018929             CONDUIT     0.550     0  02:35      1.35    0.48    0.63
  H0018440             CONDUIT     0.162     0  02:34      2.29    2.90    1.00
  H0018456             CONDUIT     0.214     0  02:35      1.70    1.30    1.00
  H0018968             CONDUIT     1.885     0  02:36      4.90    0.72    0.58
  H0022036             CONDUIT     0.059     0  02:35      0.51    0.05    0.27
  H0021806             CONDUIT     0.207     0  02:35      1.64    1.83    1.00
  H0022111             CONDUIT     0.127     0  02:35      0.89    0.91    0.68
  H0021440             CONDUIT     1.023     0  02:35      2.50    0.66    0.62
  H0021704             CONDUIT     0.626     0  02:35      1.58    1.19    0.62
  H0020521             CONDUIT     0.073     0  02:35      1.03    1.48    1.00
  H0020755             CONDUIT     0.085     0  02:37      0.74    0.94    1.00
  H0020530             CONDUIT     1.880     0  02:36      3.22    1.61    0.92
  H0020618             CONDUIT     1.345     0  02:36      3.25    0.83    0.62
  H0021163             CONDUIT     0.121     0  02:34      1.71    2.02    1.00
  H0020497             CONDUIT     0.000     0  00:00      0.00    0.00    1.00
  H0024325             CONDUIT     0.255     0  02:35      1.89    0.76    0.66
  H0023585             CONDUIT     0.490     0  02:35      2.59    1.13    1.00
  H0024098             CONDUIT     0.195     0  02:35      2.76    2.27    1.00
  H0024235             CONDUIT     0.260     0  02:35      1.48    1.07    0.84
  H0024282             CONDUIT     0.000     0  00:00      0.00    0.00    0.00
  H0024308             CONDUIT     1.891     0  02:37      5.50    0.55    0.53
  H0024498             CONDUIT     0.132     0  02:35      1.87    2.05    1.00
  H0026990             CONDUIT     0.066     0  02:34      0.78    0.50    0.93
  H0041650             CONDUIT     0.333     0  02:35      0.92    0.39    0.56
  H0041011             CONDUIT     0.117     0  02:34      1.65    1.16    1.00
  H0045103             CONDUIT     0.245     0  02:36      0.85    0.31    0.54
  H0045104             CONDUIT     1.883     0  02:36      4.58    0.67    0.62
  H0045105             CONDUIT     0.018     0  02:35      0.40    0.31    0.86
  H0045106             CONDUIT     0.401     0  02:35      2.38    0.54    1.00
  H0045107             CONDUIT     0.072     0  02:35      1.01    1.18    1.00
  H0045108             CONDUIT     0.091     0  02:36      1.28    1.63    1.00
  
  
  ***************************
  Flow Classification Summary
  ***************************
  
  -------------------------------------------------------------------------------------
                      Adjusted    ---------- Fraction of Time in Flow Class ---------- 
                       /Actual         Up    Down  Sub   Sup   Up    Down  Norm  Inlet 
  Conduit               Length    Dry  Dry   Dry   Crit  Crit  Crit  Crit  Ltd   Ctrl  
  -------------------------------------------------------------------------------------
  H0014431                1.00   0.03  0.00  0.00  0.97  0.00  0.00  0.00  0.97  0.00
  H0014433                1.00   0.03  0.00  0.00  0.97  0.00  0.00  0.00  0.97  0.00
  H0014352                1.00   0.03  0.00  0.00  0.94  0.03  0.00  0.00  0.97  0.00
  H0014373                1.00   0.03  0.00  0.00  0.92  0.05  0.00  0.00  0.91  0.00
  H0017981                1.00   0.03  0.00  0.00  0.00  0.00  0.00  0.97  0.00  0.00
  H0017755                1.00   0.03  0.00  0.00  0.00  0.00  0.00  0.97  0.00  0.00
  H0017791                1.00   0.03  0.00  0.00  0.97  0.00  0.00  0.00  0.97  0.00
  H0017357                1.00   0.03  0.97  0.00  0.00  0.00  0.00  0.00  0.97  0.00
  H0018216                1.00   0.03  0.92  0.00  0.05  0.00  0.00  0.00  0.97  0.00
  H0016792                1.00   0.03  0.91  0.00  0.06  0.00  0.00  0.00  0.97  0.00
  H0019507                1.00   0.03  0.00  0.00  0.97  0.00  0.00  0.00  0.97  0.00
  H0019998                1.00   0.03  0.00  0.00  0.93  0.05  0.00  0.00  0.06  0.00
  H0019576                1.00   0.03  0.00  0.00  0.95  0.03  0.00  0.00  0.06  0.00
  H0020087                1.00   0.03  0.95  0.00  0.02  0.00  0.00  0.00  0.96  0.00
  H0020211                1.00   0.03  0.00  0.00  0.97  0.00  0.00  0.00  0.91  0.00
  H0018982                1.00   0.03  0.00  0.00  0.97  0.00  0.00  0.00  0.93  0.00
  H0018753                1.00   0.03  0.00  0.00  0.97  0.00  0.00  0.00  0.97  0.00
  H0018845                1.00   1.00  0.00  0.00  0.00  0.00  0.00  0.00  0.00  0.00
  H0018863                1.00   0.03  0.00  0.00  0.97  0.00  0.00  0.00  0.96  0.00
  H0019156                1.00   1.00  0.00  0.00  0.00  0.00  0.00  0.00  0.00  0.00
  H0018929                1.00   0.03  0.92  0.00  0.05  0.00  0.00  0.00  0.97  0.00
  H0018440                1.00   0.03  0.00  0.00  0.97  0.00  0.00  0.00  0.96  0.00
  H0018456                1.00   0.03  0.00  0.00  0.97  0.00  0.00  0.00  0.97  0.00
  H0018968                1.00   0.03  0.00  0.00  0.92  0.05  0.00  0.00  0.93  0.00
  H0022036                1.00   0.03  0.00  0.00  0.02  0.00  0.00  0.95  0.02  0.00
  H0021806                1.00   0.03  0.92  0.00  0.05  0.00  0.00  0.00  0.95  0.00
  H0022111                1.00   0.03  0.00  0.00  0.97  0.00  0.00  0.00  0.00  0.00
  H0021440                1.00   0.03  0.00  0.00  0.94  0.03  0.00  0.00  0.02  0.00
  H0021704                1.00   0.03  0.00  0.00  0.00  0.00  0.00  0.97  0.00  0.00
  H0020521                1.00   0.03  0.00  0.00  0.97  0.00  0.00  0.00  0.97  0.00
  H0020755                1.00   0.03  0.92  0.00  0.05  0.00  0.00  0.00  0.97  0.00
  H0020530                1.00   0.03  0.00  0.00  0.94  0.03  0.00  0.00  0.01  0.00
  H0020618                1.00   0.03  0.00  0.00  0.93  0.04  0.00  0.00  0.93  0.00
  H0021163                1.00   0.03  0.00  0.00  0.96  0.01  0.00  0.00  0.93  0.00
  H0020497                1.20   0.03  0.97  0.00  0.00  0.00  0.00  0.00  0.00  0.00
  H0024325                1.00   0.03  0.00  0.00  0.94  0.03  0.00  0.00  0.93  0.00
  H0023585                1.00   0.03  0.00  0.00  0.00  0.00  0.00  0.97  0.00  0.00
  H0024098                1.00   0.03  0.92  0.00  0.05  0.00  0.00  0.00  0.97  0.00
  H0024235                1.00   0.03  0.00  0.00  0.00  0.00  0.00  0.97  0.00  0.00
  H0024282                1.00   1.00  0.00  0.00  0.00  0.00  0.00  0.00  0.00  0.00
  H0024308                1.00   0.03  0.00  0.00  0.91  0.06  0.00  0.00  0.01  0.00
  H0024498                1.00   0.03  0.00  0.00  0.00  0.00  0.00  0.97  0.00  0.00
  H0026990                1.00   0.03  0.00  0.00  0.97  0.00  0.00  0.00  0.97  0.00
  H0041650                1.00   0.95  0.01  0.00  0.04  0.00  0.00  0.00  0.96  0.00
  H0041011                1.00   0.03  0.00  0.00  0.97  0.00  0.00  0.00  0.97  0.00
  H0045103                1.00   0.03  0.00  0.00  0.97  0.00  0.00  0.00  0.94  0.00
  H0045104                1.00   0.03  0.00  0.00  0.92  0.05  0.00  0.00  0.06  0.00
  H0045105                1.00   0.03  0.00  0.00  0.97  0.00  0.00  0.00  0.97  0.00
  H0045106                1.00   0.03  0.92  0.00  0.02  0.03  0.00  0.00  0.97  0.00
  H0045107                1.00   0.03  0.00  0.00  0.97  0.00  0.00  0.00  0.97  0.00
  H0045108                1.00   0.03  0.00  0.00  0.97  0.00  0.00  0.00  0.97  0.00
  
  
  *************************
  Conduit Surcharge Summary
  *************************
  
  ----------------------------------------------------------------------------
                                                           Hours        Hours 
                         --------- Hours Full --------   Above Full   Capacity
  Conduit                Both Ends  Upstream  Dnstream   Normal Flow   Limited
  ----------------------------------------------------------------------------
  H0014431                    0.14      0.15      0.14      0.16         0.14
  H0014433                    0.08      0.08      0.12      0.01         0.01
  H0014352                    0.01      0.01      0.02      0.01         0.01
  H0017981                    0.05      0.09      0.05      0.17         0.07
  H0017755                    0.04      0.06      0.04      0.11         0.05
  H0017357                    0.01      0.01      0.08      0.05         0.01
  H0018216                    0.09      0.10      0.09      0.13         0.10
  H0019507                    0.09      0.09      0.15      0.01         0.01
  H0020211                    0.01      0.01      0.01      0.15         0.01
  H0018753                    0.08      0.08      0.15      0.01         0.01
  H0018863                    0.15      0.15      0.16      0.08         0.08
  H0018440                    0.12      0.17      0.12      0.19         0.15
  H0018456                    0.02      0.04      0.02      0.07         0.04
  H0021806                    0.06      0.09      0.06      0.11         0.08
  H0021704                    0.01      0.01      0.01      0.05         0.01
  H0020521                    0.08      0.08      0.10      0.07         0.07
  H0020755                    0.04      0.04      0.04      0.01         0.01
  H0020530                    0.01      0.02      0.01      0.09         0.01
  H0021163                    0.12      0.12      0.13      0.12         0.10
  H0023585                    0.01      0.02      0.01      0.04         0.02
  H0024098                    0.16      0.16      0.19      0.13         0.12
  H0024235                    0.01      0.01      0.01      0.02         0.01
  H0024498                    0.01      0.14      0.01      0.17         0.11
  H0026990                    0.01      0.01      0.04      0.01         0.01
  H0041011                    0.13      0.13      0.16      0.05         0.05
  H0045106                    0.01      0.01      0.02      0.01         0.01
  H0045107                    0.12      0.12      0.15      0.03         0.03
  H0045108                    0.15      0.15      0.17      0.11         0.11
  

  Analysis begun on:  Fri Mar 22 15:56:18 2024
  Analysis ended on:  Fri Mar 22 15:56:28 2024
  Total elapsed time: 00:00:10