
  EPA STORM WATER MANAGEMENT MODEL - VERSION 5.2 (Build 5.2.4)
  PYSWMM TOOLKIT API - VERSION v1.0 (2023-11-27)
  ------------------------------------------------------------

  Gievenbeck_e2_T100D90 
  
  ****************
  Analysis Options
  ****************
  Flow Units ............... CMS
  Process Models:
    Rainfall/Runoff ........ YES
    RDII ................... NO
    Snowmelt ............... NO
    Groundwater ............ NO
    Flow Routing ........... YES
    Ponding Allowed ........ NO
    Water Quality .......... NO
  Infiltration Method ...... HORTON
  Flow Routing Method ...... DYNWAVE
  Surcharge Method ......... SLOT
  Starting Date ............ 01/01/2024 00:00:00
  Ending Date .............. 01/04/2024 04:00:00
  Antecedent Dry Days ...... 14.0
  Report Time Step ......... 00:01:00
  Wet Time Step ............ 00:01:00
  Dry Time Step ............ 00:01:00
  Routing Time Step ........ 1.00 sec
  Variable Time Step ....... YES
  Maximum Trials ........... 8
  Number of Threads ........ 1
  Head Tolerance ........... 0.001500 m
  
  
  **************************        Volume         Depth
  Runoff Quantity Continuity     hectare-m            mm
  **************************     ---------       -------
  Total Precipitation ......         0.506        49.960
  Evaporation Loss .........         0.010         0.965
  Infiltration Loss ........         0.186        18.382
  Surface Runoff ...........         0.311        30.708
  Final Storage ............         0.000         0.000
  Continuity Error (%) .....        -0.189
  
  
  **************************        Volume        Volume
  Flow Routing Continuity        hectare-m      10^6 ltr
  **************************     ---------     ---------
  Dry Weather Inflow .......         0.000         0.000
  Wet Weather Inflow .......         0.311         3.108
  Groundwater Inflow .......         0.000         0.000
  RDII Inflow ..............         0.000         0.000
  External Inflow ..........         0.000         0.000
  External Outflow .........         0.287         2.866
  Flooding Loss ............         0.025         0.250
  Evaporation Loss .........         0.000         0.000
  Exfiltration Loss ........         0.000         0.000
  Initial Stored Volume ....         0.000         0.000
  Final Stored Volume ......         0.000         0.000
  Continuity Error (%) .....        -0.249
  
  
  *************************
  Highest Continuity Errors
  *************************
  Node R0019205 (-18.77%)
  Node R0019206 (1.03%)
  
  
  ***************************
  Time-Step Critical Elements
  ***************************
  None
  
  
  ********************************
  Highest Flow Instability Indexes
  ********************************
  All links are stable.
  
  
  *********************************
  Most Frequent Nonconverging Nodes
  *********************************
  Convergence obtained at all time steps.
  
  
  *************************
  Routing Time Step Summary
  *************************
  Minimum Time Step           :     0.50 sec
  Average Time Step           :     1.00 sec
  Maximum Time Step           :     1.00 sec
  % of Time in Steady State   :     0.00
  Average Iterations per Step :     2.00
  % of Steps Not Converging   :     0.00
  Time Step Frequencies       :
      1.000 -  0.871 sec      :    99.99 %
      0.871 -  0.758 sec      :     0.01 %
      0.758 -  0.660 sec      :     0.00 %
      0.660 -  0.574 sec      :     0.00 %
      0.574 -  0.500 sec      :     0.00 %
  
  
  ***************************
  Subcatchment Runoff Summary
  ***************************
  
  ------------------------------------------------------------------------------------------------------------------------------
                            Total      Total      Total      Total     Imperv       Perv      Total       Total     Peak  Runoff
                           Precip      Runon       Evap      Infil     Runoff     Runoff     Runoff      Runoff   Runoff   Coeff
  Subcatchment                 mm         mm         mm         mm         mm         mm         mm    10^6 ltr      CMS
  ------------------------------------------------------------------------------------------------------------------------------
  EZG_368                   49.96       0.00       0.96      18.50      24.09      10.11      30.59        0.13     0.19   0.612
  EZG_392                   49.96       0.00       0.96      18.41      24.10      10.21      30.69        0.10     0.16   0.614
  EZG_352                   49.96       0.00       0.97      18.65      24.08       9.96      30.42        0.18     0.26   0.609
  EZG_372                   49.96       0.00       0.94      18.15      24.12      10.48      30.99        0.04     0.07   0.620
  EZG_416                   49.96       0.00       0.95      18.38      24.10      10.24      30.73        0.09     0.14   0.615
  EZG_388                   49.96       0.00       0.96      18.54      24.09      10.07      30.55        0.14     0.21   0.611
  EZG_394                   49.96       0.00       0.95      18.36      24.10      10.26      30.75        0.09     0.14   0.615
  EZG_400                   49.96       0.00       0.95      18.34      24.10      10.29      30.78        0.08     0.13   0.616
  EZG_390                   49.96       0.00       0.95      18.41      24.10      10.22      30.70        0.10     0.15   0.614
  EZG_350                   49.96       0.00       0.96      18.55      24.09      10.07      30.54        0.14     0.21   0.611
  EZG_370                   49.96       0.00       0.96      18.45      24.09      10.17      30.65        0.11     0.17   0.613
  EZG_398                   49.96       0.00       0.94      18.08      24.13      10.57      31.08        0.03     0.05   0.622
  EZG_382                   49.96       0.00       0.94      18.05      24.13      10.60      31.11        0.03     0.05   0.623
  EZG_374                   49.96       0.00       1.15      14.86      28.90       9.48      34.04        0.13     0.20   0.681
  EZG_412                   49.96       0.00       0.93      17.90      24.15      10.77      31.30        0.01     0.02   0.626
  EZG_344                   49.96       0.00       0.95      18.33      24.10      10.29      30.78        0.08     0.13   0.616
  EZG_376                   49.96       0.00       0.95      18.26      24.11      10.37      30.86        0.06     0.10   0.618
  EZG_356                   49.96       0.00       0.97      18.69      24.08       9.92      30.38        0.19     0.28   0.608
  EZG_386                   49.96       0.00       0.97      18.80      24.07       9.80      30.26        0.24     0.34   0.606
  EZG_380                   49.96       0.00       0.96      18.48      24.09      10.14      30.61        0.12     0.18   0.613
  EZG_378                   49.96       0.00       0.96      18.43      24.10      10.19      30.67        0.11     0.16   0.614
  EZG_414                   49.96       0.00       0.94      18.05      24.13      10.60      31.11        0.03     0.05   0.623
  EZG_402                   49.96       0.00       0.96      18.41      24.10      10.21      30.69        0.10     0.16   0.614
  EZG_358                   49.96       0.00       0.97      18.69      24.08       9.92      30.39        0.19     0.28   0.608
  EZG_364                   49.96       0.00       0.97      18.69      24.08       9.92      30.39        0.19     0.28   0.608
  EZG_410                   49.96       0.00       0.95      18.28      24.11      10.35      30.85        0.06     0.11   0.617
  EZG_366                   49.96       0.00       0.95      18.32      24.11      10.31      30.80        0.07     0.12   0.617
  EZG_18259                 49.96       0.00       0.95      18.31      24.11      10.31      30.80        0.07     0.12   0.617
  EZG_18258                 49.96       0.00       0.93      17.98      24.14      10.68      31.20        0.02     0.04   0.625
  EZG_346                   49.96       0.00       0.94      18.82      23.61      10.23      30.30        0.11     0.17   0.606
  EZG_348                   49.96       0.00       0.93      18.65      23.63      10.41      30.49        0.07     0.11   0.610
  
  
  ******************
  Node Depth Summary
  ******************
  
  ---------------------------------------------------------------------------------
                                 Average  Maximum  Maximum  Time of Max    Reported
                                   Depth    Depth      HGL   Occurrence   Max Depth
  Node                 Type       Meters   Meters   Meters  days hr:min      Meters
  ---------------------------------------------------------------------------------
  R0019466             JUNCTION     0.01     2.81    72.26     0  02:33        2.81
  R0019468             JUNCTION     0.01     2.73    72.04     0  02:33        2.73
  R0019831             JUNCTION     0.00     1.66    70.83     0  02:32        1.66
  R0019825             JUNCTION     0.01     1.50    70.34     0  02:31        1.50
  R0019843             JUNCTION     0.01     2.07    69.70     0  02:35        1.94
  R0019368             JUNCTION     0.01     1.95    68.74     0  02:36        1.94
  R0019369             JUNCTION     0.01     1.26    67.85     0  02:35        1.26
  R0019370             JUNCTION     0.01     0.70    66.60     0  02:35        0.68
  R0019345             JUNCTION     0.01     2.05    71.95     0  02:35        1.88
  R0019346             JUNCTION     0.00     2.14    71.94     0  02:35        1.89
  R0043600             JUNCTION     0.01     2.81    72.48     0  02:35        1.81
  R0019203             JUNCTION     0.01     2.55    72.09     0  02:35        1.87
  R0043594             JUNCTION     0.00     2.75    72.48     0  02:35        2.49
  R0021458             JUNCTION     0.01     2.61    72.26     0  02:35        1.99
  R0019202             JUNCTION     0.00     2.59    72.17     0  02:35        1.82
  R0019373             JUNCTION     0.00     2.80    72.47     0  02:35        2.58
  R0019254             JUNCTION     0.01     2.13    72.17     0  02:34        2.13
  R0019716             JUNCTION     0.01     2.44    71.45     0  02:35        2.05
  R0019946             JUNCTION     0.01     2.42    71.04     0  02:35        2.07
  R0013935             JUNCTION     0.00     1.62    70.45     0  02:32        1.62
  R0019939             JUNCTION     0.01     1.92    70.49     0  02:35        1.82
  R0019944             JUNCTION     0.01     1.88    70.16     0  02:35        1.65
  R0043703             JUNCTION     0.01     2.06    70.66     0  02:35        1.74
  R0019945             JUNCTION     0.01     1.94    70.34     0  02:35        1.68
  R0039621             JUNCTION     0.00     1.56    71.13     0  02:33        1.56
  R0019838             JUNCTION     0.00     1.80    71.26     0  02:33        1.80
  R0039606             JUNCTION     0.00     2.58    72.17     0  02:35        1.81
  R0019204             JUNCTION     0.00     0.00    69.91     0  00:00        0.00
  R0019205             JUNCTION     0.00     0.04    69.66     0  02:36        0.04
  R0019849             JUNCTION     0.01     1.89    70.41     0  02:35        1.72
  R0019371             JUNCTION     0.00     0.00    70.41     0  00:00        0.00
  R0019718             JUNCTION     0.01     2.60    72.02     0  02:35        1.99
  R0021442             JUNCTION     0.01     2.05    72.10     0  02:31        2.05
  R0019247             JUNCTION     0.01     2.26    72.14     0  02:35        1.92
  R0019719             JUNCTION     0.00     2.25    71.93     0  02:35        1.88
  R0019767             JUNCTION     0.01     0.73    65.46     0  02:35        0.73
  R0019768             JUNCTION     0.00     0.59    64.36     0  02:36        0.59
  R0021453             JUNCTION     0.00     2.40    72.35     0  02:34        2.40
  R0019839             JUNCTION     0.00     1.94    71.33     0  02:33        1.94
  R0019717             JUNCTION     0.01     2.46    71.80     0  02:35        2.00
  R0019252             JUNCTION     0.01     1.94    72.13     0  02:32        1.94
  R0019721             JUNCTION     0.00     1.96    71.83     0  02:35        1.91
  R0019942             JUNCTION     0.00     1.83    70.48     0  02:35        1.60
  R0019206             JUNCTION     0.00     0.76    69.83     0  02:35        0.43
  R0019840             JUNCTION     0.00     2.13    71.10     0  02:35        2.13
  R0043702             JUNCTION     0.01     2.33    71.03     0  02:35        2.32
  R0019723             JUNCTION     0.00     1.72    71.80     0  02:34        1.72
  R0019724             JUNCTION     0.00     1.72    71.88     0  02:34        1.64
  R0021433             JUNCTION     0.01     2.15    72.54     0  02:31        2.15
  R0021435             JUNCTION     0.01     2.11    72.29     0  02:31        2.11
  R0019769             OUTFALL      0.00     0.59    63.97     0  02:36        0.59
  
  
  *******************
  Node Inflow Summary
  *******************
  
  -------------------------------------------------------------------------------------------------
                                  Maximum  Maximum                  Lateral       Total        Flow
                                  Lateral    Total  Time of Max      Inflow      Inflow     Balance
                                   Inflow   Inflow   Occurrence      Volume      Volume       Error
  Node                 Type           CMS      CMS  days hr:min    10^6 ltr    10^6 ltr     Percent
  -------------------------------------------------------------------------------------------------
  R0019466             JUNCTION     0.192    0.206     0  02:35       0.126       0.181       0.026
  R0019468             JUNCTION     0.120    0.194     0  02:35      0.0737        0.23      -0.002
  R0019831             JUNCTION     0.155    0.155     0  02:35      0.0994      0.0994       0.064
  R0019825             JUNCTION     0.156    0.256     0  02:35      0.0997       0.192       0.012
  R0019843             JUNCTION     0.000    2.735     0  02:35           0        2.87      -0.067
  R0019368             JUNCTION     0.000    2.677     0  02:35           0        2.87      -0.034
  R0019369             JUNCTION     0.000    2.682     0  02:35           0        2.87      -0.017
  R0019370             JUNCTION     0.000    2.638     0  02:35           0        2.87       0.007
  R0019345             JUNCTION     0.000    0.162     0  02:32           0       0.161       0.023
  R0019346             JUNCTION     0.024    0.320     0  02:33      0.0125       0.286       0.017
  R0043600             JUNCTION     0.000    0.228     0  02:35           0       0.283      -0.096
  R0019203             JUNCTION     0.050    0.946     0  02:35      0.0275       0.821      -0.075
  R0043594             JUNCTION     0.260    0.717     0  02:34        0.18       0.268      -0.255
  R0021458             JUNCTION     0.210    0.640     0  02:35        0.14       0.409      -0.119
  R0019202             JUNCTION     0.072    0.836     0  02:35      0.0419       0.515      -0.279
  R0019373             JUNCTION     0.170    0.231     0  02:33        0.11       0.126       0.842
  R0019254             JUNCTION     0.142    0.177     0  02:32      0.0895       0.164       0.013
  R0019716             JUNCTION     0.208    1.794     0  02:35       0.139        1.67      -0.018
  R0019946             JUNCTION     0.000    1.790     0  02:35           0        1.67      -0.007
  R0013935             JUNCTION     0.136    0.136     0  02:35      0.0853      0.0853       0.021
  R0019939             JUNCTION     0.055    0.130     0  02:32      0.0308       0.103      -0.035
  R0019944             JUNCTION     0.127    2.127     0  02:35      0.0793         2.1       0.012
  R0043703             JUNCTION     0.152    1.912     0  02:35      0.0971        1.77      -0.015
  R0019945             JUNCTION     0.000    2.026     0  02:35           0        2.02      -0.023
  R0039621             JUNCTION     0.000    0.255     0  02:35           0      0.0415      -0.700
  R0019838             JUNCTION     0.279    0.306     0  02:35       0.195         0.2      -0.133
  R0039606             JUNCTION     0.000    0.644     0  02:35           0       0.408       0.177
  R0019204             JUNCTION     0.000    0.000     0  00:00           0           0       0.000 ltr
  R0019205             JUNCTION     0.000    0.019     0  02:35           0    0.000242     -15.804
  R0019849             JUNCTION     0.000    0.225     0  02:32           0       0.247       0.004
  R0019371             JUNCTION     0.000    0.000     0  00:00           0           0       0.000 ltr
  R0019718             JUNCTION     0.182    1.106     0  02:35       0.119       0.941      -0.366
  R0021442             JUNCTION     0.199    0.272     0  02:35       0.129       0.259       0.001
  R0019247             JUNCTION     0.102    0.227     0  02:34      0.0615       0.284       0.087
  R0019719             JUNCTION     0.107    0.405     0  02:33      0.0648       0.351       0.402
  R0019767             JUNCTION     0.000    2.616     0  02:35           0        2.87      -0.005
  R0019768             JUNCTION     0.000    2.595     0  02:36           0        2.87       0.005
  R0021453             JUNCTION     0.125    0.664     0  02:34      0.0778      0.0815      -2.398
  R0019839             JUNCTION     0.276    0.408     0  02:33       0.192       0.349       0.028
  R0019717             JUNCTION     0.336    1.619     0  02:35       0.242        1.54       0.014
  R0019252             JUNCTION     0.163    0.180     0  02:35       0.105       0.107      -0.026
  R0019721             JUNCTION     0.049    0.171     0  02:34      0.0271       0.114       0.012
  R0019942             JUNCTION     0.000    0.125     0  02:31           0       0.144      -0.132
  R0019206             JUNCTION     0.000    0.102     0  02:35           0     0.00408       1.037
  R0019840             JUNCTION     0.000    0.554     0  02:33           0       0.575      -0.053
  R0043702             JUNCTION     0.276    0.740     0  02:33       0.193       0.768       0.365
  R0019723             JUNCTION     0.119    0.159     0  02:34      0.0732      0.0927      -0.174
  R0019724             JUNCTION     0.036    0.061     0  02:32      0.0191      0.0194      -0.366
  R0021433             JUNCTION     0.170    0.170     0  02:35        0.11        0.11      -0.118
  R0021435             JUNCTION     0.111    0.182     0  02:35      0.0678       0.159       0.010
  R0019769             OUTFALL      0.000    2.600     0  02:36           0        2.87       0.000
  
  
  **********************
  Node Surcharge Summary
  **********************
  
  Surcharging occurs when water rises above the top of the highest conduit.
  ---------------------------------------------------------------------
                                               Max. Height   Min. Depth
                                   Hours       Above Crown    Below Rim
  Node                 Type      Surcharged         Meters       Meters
  ---------------------------------------------------------------------
  R0019466             JUNCTION        0.26          2.510        0.000
  R0019468             JUNCTION        0.25          2.430        0.000
  R0019831             JUNCTION        0.18          1.360        0.000
  R0019825             JUNCTION        0.22          1.200        0.000
  R0019843             JUNCTION        0.12          1.166        1.454
  R0019368             JUNCTION        0.15          1.050        0.000
  R0019369             JUNCTION        0.05          0.359        0.691
  R0019345             JUNCTION        0.17          1.750        0.000
  R0019346             JUNCTION        0.14          1.740        0.000
  R0043600             JUNCTION        0.16          2.413        0.167
  R0019203             JUNCTION        0.06          1.649        0.331
  R0043594             JUNCTION        0.05          1.820        0.000
  R0021458             JUNCTION        0.06          1.713        0.367
  R0019202             JUNCTION        0.06          1.686        0.314
  R0019373             JUNCTION        0.18          2.500        0.000
  R0019254             JUNCTION        0.19          1.830        0.000
  R0019716             JUNCTION        0.09          1.543        0.177
  R0019946             JUNCTION        0.12          1.520        0.000
  R0013935             JUNCTION        0.19          1.320        0.000
  R0019939             JUNCTION        0.26          1.620        0.000
  R0019944             JUNCTION        0.07          0.982        0.548
  R0043703             JUNCTION        0.07          1.157        0.163
  R0019945             JUNCTION        0.07          1.043        0.417
  R0039621             JUNCTION        0.09          1.060        0.000
  R0019838             JUNCTION        0.10          1.300        0.000
  R0039606             JUNCTION        0.06          1.682        0.318
  R0019849             JUNCTION        0.28          1.594        0.336
  R0019718             JUNCTION        0.08          1.696        0.304
  R0021442             JUNCTION        0.31          1.750        0.000
  R0019247             JUNCTION        0.18          1.860        0.000
  R0019719             JUNCTION        0.12          1.750        0.050
  R0021453             JUNCTION        0.04          1.500        0.000
  R0019839             JUNCTION        0.10          1.441        0.209
  R0019717             JUNCTION        0.07          1.519        0.331
  R0019252             JUNCTION        0.17          1.640        0.000
  R0019721             JUNCTION        0.13          1.560        0.000
  R0019942             JUNCTION        0.23          1.526        0.124
  R0019206             JUNCTION        0.02          0.457        1.253
  R0019840             JUNCTION        0.13          1.628        0.942
  R0043702             JUNCTION        0.15          1.825        1.085
  R0019723             JUNCTION        0.11          1.320        0.000
  R0019724             JUNCTION        0.11          1.416        0.034
  R0021433             JUNCTION        0.21          1.850        0.000
  R0021435             JUNCTION        0.26          1.810        0.000
  
  
  *********************
  Node Flooding Summary
  *********************
  
  Flooding refers to all water that overflows a node, whether it ponds or not.
  --------------------------------------------------------------------------
                                                             Total   Maximum
                                 Maximum   Time of Max       Flood    Ponded
                        Hours       Rate    Occurrence      Volume     Depth
  Node                 Flooded       CMS   days hr:min    10^6 ltr    Meters
  --------------------------------------------------------------------------
  R0019466                0.04     0.131      0  02:35       0.010     0.000
  R0019468                0.03     0.041      0  02:35       0.003     0.000
  R0019831                0.07     0.055      0  02:35       0.007     0.000
  R0019825                0.11     0.197      0  02:35       0.048     0.000
  R0019368                0.01     0.037      0  02:36       0.000     0.000
  R0019345                0.01     0.041      0  02:35       0.001     0.000
  R0019346                0.01     0.020      0  02:35       0.000     0.000
  R0043594                0.01     0.255      0  02:35       0.001     0.000
  R0019373                0.01     0.032      0  02:35       0.000     0.000
  R0019254                0.02     0.017      0  02:35       0.001     0.000
  R0019946                0.01     0.022      0  02:35       0.000     0.000
  R0013935                0.07     0.091      0  02:35       0.013     0.000
  R0019939                0.01     0.012      0  02:35       0.000     0.000
  R0039621                0.06     0.255      0  02:35       0.037     0.000
  R0019838                0.03     0.060      0  02:33       0.002     0.000
  R0021442                0.11     0.193      0  02:35       0.037     0.000
  R0019247                0.01     0.101      0  02:35       0.001     0.000
  R0021453                0.01     0.233      0  02:34       0.001     0.000
  R0019252                0.09     0.180      0  02:35       0.033     0.000
  R0019721                0.01     0.059      0  02:35       0.001     0.000
  R0019723                0.03     0.062      0  02:35       0.005     0.000
  R0021433                0.10     0.098      0  02:35       0.019     0.000
  R0021435                0.12     0.110      0  02:35       0.030     0.000
  
  
  ***********************
  Outfall Loading Summary
  ***********************
  
  -----------------------------------------------------------
                         Flow       Avg       Max       Total
                         Freq      Flow      Flow      Volume
  Outfall Node           Pcnt       CMS       CMS    10^6 ltr
  -----------------------------------------------------------
  R0019769               5.33     0.199     2.600       2.866
  -----------------------------------------------------------
  System                 5.33     0.199     2.600       2.866
  
  
  ********************
  Link Flow Summary
  ********************
  
  -----------------------------------------------------------------------------
                                 Maximum  Time of Max   Maximum    Max/    Max/
                                  |Flow|   Occurrence   |Veloc|    Full    Full
  Link                 Type          CMS  days hr:min     m/sec    Flow   Depth
  -----------------------------------------------------------------------------
  H0014431             CONDUIT     0.088     0  02:36      1.25    1.63    1.00
  H0014433             CONDUIT     0.100     0  02:35      1.42    1.28    1.00
  H0014352             CONDUIT     2.677     0  02:35      4.21    1.10    1.00
  H0014373             CONDUIT     2.638     0  02:35      4.32    1.22    1.00
  H0017981             CONDUIT     0.164     0  02:32      2.33    4.65    1.00
  H0017755             CONDUIT     0.258     0  02:34      2.06    2.09    1.00
  H0017791             CONDUIT     0.463     0  02:34      0.75    0.67    1.00
  H0017357             CONDUIT     0.221     0  02:34      3.13    3.53    1.00
  H0018216             CONDUIT     0.162     0  02:32      2.30    2.96    1.00
  H0016792             CONDUIT     1.790     0  02:35      2.81    1.03    1.00
  H0019507             CONDUIT     0.088     0  02:32      1.24    1.22    1.00
  H0019998             CONDUIT     2.128     0  02:35      3.47    0.85    1.00
  H0019576             CONDUIT     1.940     0  02:35      3.05    1.30    1.00
  H0020087             CONDUIT     0.255     0  02:35      1.30    1.12    1.00
  H0020211             CONDUIT     1.796     0  02:35      2.82    4.48    1.00
  H0018982             CONDUIT     0.644     0  02:35      1.01    1.04    1.00
  H0018753             CONDUIT     0.081     0  02:33      1.14    1.14    1.00
  H0018845             CONDUIT     0.000     0  00:00      0.00    0.00    0.07
  H0018863             CONDUIT     0.126     0  02:32      1.78    2.96    1.00
  H0019156             CONDUIT     0.000     0  00:00      0.00    0.00    0.00
  H0018929             CONDUIT     0.949     0  02:35      1.49    0.82    1.00
  H0018440             CONDUIT     0.157     0  02:31      2.23    2.82    1.00
  H0018456             CONDUIT     0.313     0  02:33      2.49    1.90    1.00
  H0018968             CONDUIT     2.595     0  02:36      5.18    1.00    0.74
  H0022036             CONDUIT     0.540     0  02:34      0.85    0.42    1.00
  H0021806             CONDUIT     0.225     0  02:33      1.79    1.99    1.00
  H0022111             CONDUIT     0.186     0  02:33      0.95    1.33    1.00
  H0021440             CONDUIT     1.622     0  02:35      2.55    1.05    1.00
  H0021704             CONDUIT     1.112     0  02:35      1.75    2.12    1.00
  H0020521             CONDUIT     0.083     0  02:32      1.18    1.69    1.00
  H0020755             CONDUIT     0.163     0  02:33      1.30    1.80    1.00
  H0020530             CONDUIT     2.682     0  02:35      4.22    2.29    1.00
  H0020618             CONDUIT     2.031     0  02:35      3.35    1.26    1.00
  H0021163             CONDUIT     0.125     0  02:31      1.77    2.09    1.00
  H0020497             CONDUIT     0.102     0  02:35      1.44    0.23    1.00
  H0024325             CONDUIT     0.400     0  02:33      2.04    1.19    1.00
  H0023585             CONDUIT     0.734     0  02:33      3.74    1.69    1.00
  H0024098             CONDUIT     0.222     0  02:32      3.14    2.59    1.00
  H0024235             CONDUIT     0.401     0  02:33      2.04    1.64    1.00
  H0024282             CONDUIT     0.019     0  02:35      0.48    0.19    1.00
  H0024308             CONDUIT     2.600     0  02:36      5.90    0.76    0.65
  H0024498             CONDUIT     0.164     0  02:32      2.32    2.54    1.00
  H0026990             CONDUIT     0.127     0  02:33      1.01    0.96    1.00
  H0041650             CONDUIT     0.830     0  02:35      1.30    0.97    1.00
  H0041011             CONDUIT     0.115     0  02:31      1.63    1.14    1.00
  H0045103             CONDUIT     0.632     0  02:35      0.99    0.79    1.00
  H0045104             CONDUIT     2.616     0  02:35      4.86    0.93    0.79
  H0045105             CONDUIT     0.043     0  02:34      0.60    0.74    1.00
  H0045106             CONDUIT     0.512     0  02:33      2.61    0.69    1.00
  H0045107             CONDUIT     0.072     0  02:37      1.01    1.18    1.00
  H0045108             CONDUIT     0.088     0  02:39      1.24    1.58    1.00
  
  
  ***************************
  Flow Classification Summary
  ***************************
  
  -------------------------------------------------------------------------------------
                      Adjusted    ---------- Fraction of Time in Flow Class ---------- 
                       /Actual         Up    Down  Sub   Sup   Up    Down  Norm  Inlet 
  Conduit               Length    Dry  Dry   Dry   Crit  Crit  Crit  Crit  Ltd   Ctrl  
  -------------------------------------------------------------------------------------
  H0014431                1.00   0.03  0.00  0.00  0.97  0.00  0.00  0.00  0.96  0.00
  H0014433                1.00   0.03  0.00  0.00  0.97  0.00  0.00  0.00  0.97  0.00
  H0014352                1.00   0.03  0.00  0.00  0.94  0.03  0.00  0.00  0.97  0.00
  H0014373                1.00   0.03  0.00  0.00  0.92  0.05  0.00  0.00  0.91  0.00
  H0017981                1.00   0.03  0.00  0.00  0.00  0.00  0.00  0.97  0.00  0.00
  H0017755                1.00   0.03  0.00  0.00  0.00  0.00  0.00  0.97  0.00  0.00
  H0017791                1.00   0.03  0.00  0.00  0.97  0.00  0.00  0.00  0.96  0.00
  H0017357                1.00   0.03  0.97  0.00  0.00  0.00  0.00  0.00  0.96  0.00
  H0018216                1.00   0.03  0.92  0.00  0.05  0.00  0.00  0.00  0.97  0.00
  H0016792                1.00   0.03  0.91  0.00  0.06  0.00  0.00  0.00  0.96  0.00
  H0019507                1.00   0.03  0.00  0.00  0.97  0.00  0.00  0.00  0.97  0.00
  H0019998                1.00   0.03  0.00  0.00  0.93  0.04  0.00  0.00  0.06  0.00
  H0019576                1.00   0.03  0.00  0.00  0.95  0.02  0.00  0.00  0.06  0.00
  H0020087                1.00   0.03  0.95  0.00  0.02  0.00  0.00  0.00  0.96  0.00
  H0020211                1.00   0.03  0.00  0.00  0.97  0.00  0.00  0.00  0.91  0.00
  H0018982                1.00   0.03  0.00  0.00  0.97  0.00  0.00  0.00  0.93  0.00
  H0018753                1.00   0.03  0.00  0.00  0.97  0.00  0.00  0.00  0.97  0.00
  H0018845                1.00   0.03  0.97  0.00  0.00  0.00  0.00  0.00  0.00  0.00
  H0018863                1.00   0.03  0.00  0.00  0.97  0.00  0.00  0.00  0.96  0.00
  H0019156                1.00   1.00  0.00  0.00  0.00  0.00  0.00  0.00  0.00  0.00
  H0018929                1.00   0.03  0.92  0.00  0.06  0.00  0.00  0.00  0.97  0.00
  H0018440                1.00   0.03  0.00  0.00  0.97  0.00  0.00  0.00  0.96  0.00
  H0018456                1.00   0.03  0.00  0.00  0.97  0.00  0.00  0.00  0.96  0.00
  H0018968                1.00   0.03  0.00  0.00  0.92  0.05  0.00  0.00  0.93  0.00
  H0022036                1.00   0.03  0.00  0.00  0.02  0.00  0.00  0.95  0.02  0.00
  H0021806                1.00   0.03  0.92  0.00  0.05  0.00  0.00  0.00  0.95  0.00
  H0022111                1.00   0.03  0.00  0.00  0.97  0.00  0.00  0.00  0.00  0.00
  H0021440                1.00   0.03  0.00  0.00  0.94  0.03  0.00  0.00  0.02  0.00
  H0021704                1.00   0.03  0.00  0.00  0.00  0.00  0.00  0.97  0.00  0.00
  H0020521                1.00   0.03  0.00  0.00  0.97  0.00  0.00  0.00  0.97  0.00
  H0020755                1.00   0.03  0.92  0.00  0.05  0.00  0.00  0.00  0.97  0.00
  H0020530                1.00   0.03  0.00  0.00  0.94  0.03  0.00  0.00  0.01  0.00
  H0020618                1.00   0.03  0.00  0.00  0.93  0.04  0.00  0.00  0.93  0.00
  H0021163                1.00   0.03  0.00  0.00  0.96  0.01  0.00  0.00  0.93  0.00
  H0020497                1.20   0.03  0.96  0.00  0.01  0.00  0.00  0.00  0.97  0.00
  H0024325                1.00   0.03  0.00  0.00  0.94  0.03  0.00  0.00  0.93  0.00
  H0023585                1.00   0.03  0.00  0.00  0.00  0.00  0.00  0.97  0.00  0.00
  H0024098                1.00   0.03  0.92  0.00  0.05  0.00  0.00  0.00  0.96  0.00
  H0024235                1.00   0.03  0.00  0.00  0.00  0.00  0.00  0.97  0.00  0.00
  H0024282                1.00   0.03  0.00  0.00  0.96  0.00  0.00  0.00  0.00  0.00
  H0024308                1.00   0.03  0.00  0.00  0.91  0.06  0.00  0.00  0.02  0.00
  H0024498                1.00   0.03  0.00  0.00  0.00  0.00  0.00  0.97  0.00  0.00
  H0026990                1.00   0.03  0.00  0.00  0.97  0.00  0.00  0.00  0.97  0.00
  H0041650                1.00   0.94  0.01  0.00  0.05  0.00  0.00  0.00  0.95  0.00
  H0041011                1.00   0.03  0.00  0.00  0.97  0.00  0.00  0.00  0.96  0.00
  H0045103                1.00   0.03  0.00  0.00  0.97  0.00  0.00  0.00  0.94  0.00
  H0045104                1.00   0.03  0.00  0.00  0.92  0.05  0.00  0.00  0.06  0.00
  H0045105                1.00   0.03  0.00  0.00  0.97  0.00  0.00  0.00  0.97  0.00
  H0045106                1.00   0.03  0.00  0.00  0.94  0.03  0.00  0.00  0.97  0.00
  H0045107                1.00   0.03  0.00  0.00  0.97  0.00  0.00  0.00  0.97  0.00
  H0045108                1.00   0.03  0.00  0.00  0.97  0.00  0.00  0.00  0.97  0.00
  
  
  *************************
  Conduit Surcharge Summary
  *************************
  
  ----------------------------------------------------------------------------
                                                           Hours        Hours 
                         --------- Hours Full --------   Above Full   Capacity
  Conduit                Both Ends  Upstream  Dnstream   Normal Flow   Limited
  ----------------------------------------------------------------------------
  H0014431                    0.25      0.26      0.25      0.30         0.25
  H0014433                    0.18      0.18      0.22      0.08         0.08
  H0014352                    0.12      0.12      0.15      0.04         0.04
  H0014373                    0.01      0.05      0.01      0.10         0.02
  H0017981                    0.14      0.17      0.14      0.35         0.16
  H0017755                    0.15      0.16      0.15      0.19         0.14
  H0017791                    0.05      0.05      0.06      0.01         0.01
  H0017357                    0.12      0.12      0.18      0.12         0.01
  H0018216                    0.17      0.19      0.17      0.22         0.18
  H0016792                    0.09      0.09      0.12      0.01         0.01
  H0019507                    0.19      0.19      0.26      0.03         0.02
  H0019998                    0.07      0.07      0.12      0.01         0.01
  H0019576                    0.07      0.07      0.07      0.09         0.05
  H0020087                    0.09      0.09      0.10      0.02         0.01
  H0020211                    0.07      0.12      0.07      0.27         0.09
  H0018982                    0.06      0.06      0.06      0.01         0.01
  H0018753                    0.18      0.18      0.26      0.01         0.01
  H0018863                    0.26      0.26      0.28      0.17         0.16
  H0018929                    0.06      0.06      0.08      0.01         0.01
  H0018440                    0.21      0.31      0.21      0.36         0.27
  H0018456                    0.14      0.14      0.14      0.15         0.13
  H0022036                    0.04      0.04      0.05      0.01         0.01
  H0021806                    0.16      0.18      0.16      0.19         0.17
  H0022111                    0.10      0.10      0.10      0.03         0.03
  H0021440                    0.07      0.07      0.09      0.01         0.01
  H0021704                    0.07      0.08      0.07      0.16         0.06
  H0020521                    0.17      0.17      0.19      0.07         0.06
  H0020755                    0.13      0.13      0.14      0.07         0.07
  H0020530                    0.05      0.15      0.05      0.19         0.14
  H0020618                    0.07      0.07      0.07      0.10         0.07
  H0021163                    0.22      0.22      0.23      0.18         0.16
  H0020497                    0.02      0.02      0.26      0.01         0.01
  H0024325                    0.10      0.10      0.13      0.01         0.01
  H0023585                    0.13      0.15      0.13      0.15         0.13
  H0024098                    0.28      0.28      0.37      0.23         0.22
  H0024235                    0.11      0.12      0.12      0.10         0.09
  H0024282                    0.01      0.01      0.02      0.01         0.01
  H0024498                    0.13      0.25      0.13      0.33         0.21
  H0026990                    0.11      0.11      0.13      0.01         0.01
  H0041650                    0.06      0.06      0.06      0.01         0.01
  H0041011                    0.23      0.23      0.28      0.03         0.02
  H0045103                    0.06      0.06      0.06      0.01         0.01
  H0045105                    0.11      0.11      0.12      0.01         0.01
  H0045106                    0.13      0.13      0.15      0.01         0.01
  H0045107                    0.21      0.21      0.26      0.11         0.10
  H0045108                    0.26      0.26      0.31      0.20         0.19
  

  Analysis begun on:  Fri Mar 22 15:55:42 2024
  Analysis ended on:  Fri Mar 22 15:55:53 2024
  Total elapsed time: 00:00:11