
  EPA STORM WATER MANAGEMENT MODEL - VERSION 5.2 (Build 5.2.4)
  PYSWMM TOOLKIT API - VERSION v1.0 (2023-11-27)
  ------------------------------------------------------------

  Gievenbeck_e2_T3D1440 
  
  ****************
  Analysis Options
  ****************
  Flow Units ............... CMS
  Process Models:
    Rainfall/Runoff ........ YES
    RDII ................... NO
    Snowmelt ............... NO
    Groundwater ............ NO
    Flow Routing ........... YES
    Ponding Allowed ........ NO
    Water Quality .......... NO
  Infiltration Method ...... HORTON
  Flow Routing Method ...... DYNWAVE
  Surcharge Method ......... SLOT
  Starting Date ............ 01/01/2024 00:00:00
  Ending Date .............. 01/04/2024 04:00:00
  Antecedent Dry Days ...... 14.0
  Report Time Step ......... 00:01:00
  Wet Time Step ............ 00:01:00
  Dry Time Step ............ 00:01:00
  Routing Time Step ........ 1.00 sec
  Variable Time Step ....... YES
  Maximum Trials ........... 8
  Number of Threads ........ 1
  Head Tolerance ........... 0.001500 m
  
  
  **************************        Volume         Depth
  Runoff Quantity Continuity     hectare-m            mm
  **************************     ---------       -------
  Total Precipitation ......         0.477        47.110
  Evaporation Loss .........         0.010         0.945
  Infiltration Loss ........         0.247        24.443
  Surface Runoff ...........         0.220        21.756
  Final Storage ............         0.000         0.000
  Continuity Error (%) .....        -0.071
  
  
  **************************        Volume        Volume
  Flow Routing Continuity        hectare-m      10^6 ltr
  **************************     ---------     ---------
  Dry Weather Inflow .......         0.000         0.000
  Wet Weather Inflow .......         0.220         2.202
  Groundwater Inflow .......         0.000         0.000
  RDII Inflow ..............         0.000         0.000
  External Inflow ..........         0.000         0.000
  External Outflow .........         0.220         2.202
  Flooding Loss ............         0.000         0.000
  Evaporation Loss .........         0.000         0.000
  Exfiltration Loss ........         0.000         0.000
  Initial Stored Volume ....         0.000         0.000
  Final Stored Volume ......         0.000         0.000
  Continuity Error (%) .....         0.000
  
  
  *************************
  Highest Continuity Errors
  *************************
  Node R0019373 (1.24%)
  
  
  ***************************
  Time-Step Critical Elements
  ***************************
  None
  
  
  ********************************
  Highest Flow Instability Indexes
  ********************************
  All links are stable.
  
  
  *********************************
  Most Frequent Nonconverging Nodes
  *********************************
  Convergence obtained at all time steps.
  
  
  *************************
  Routing Time Step Summary
  *************************
  Minimum Time Step           :     0.65 sec
  Average Time Step           :     1.00 sec
  Maximum Time Step           :     1.00 sec
  % of Time in Steady State   :     0.00
  Average Iterations per Step :     2.00
  % of Steps Not Converging   :     0.00
  Time Step Frequencies       :
      1.000 -  0.871 sec      :   100.00 %
      0.871 -  0.758 sec      :     0.00 %
      0.758 -  0.660 sec      :     0.00 %
      0.660 -  0.574 sec      :     0.00 %
      0.574 -  0.500 sec      :     0.00 %
  
  
  ***************************
  Subcatchment Runoff Summary
  ***************************
  
  ------------------------------------------------------------------------------------------------------------------------------
                            Total      Total      Total      Total     Imperv       Perv      Total       Total     Peak  Runoff
                           Precip      Runon       Evap      Infil     Runoff     Runoff     Runoff      Runoff   Runoff   Coeff
  Subcatchment                 mm         mm         mm         mm         mm         mm         mm    10^6 ltr      CMS
  ------------------------------------------------------------------------------------------------------------------------------
  EZG_368                   47.11       0.00       0.94      24.60      22.64       2.36      21.60        0.09     0.07   0.458
  EZG_392                   47.11       0.00       0.94      24.49      22.64       2.47      21.72        0.07     0.06   0.461
  EZG_352                   47.11       0.00       0.94      24.77      22.63       2.19      21.43        0.13     0.10   0.455
  EZG_372                   47.11       0.00       0.93      24.11      22.66       2.86      22.12        0.03     0.03   0.469
  EZG_416                   47.11       0.00       0.94      24.45      22.64       2.52      21.77        0.06     0.05   0.462
  EZG_388                   47.11       0.00       0.94      24.65      22.64       2.31      21.55        0.10     0.08   0.457
  EZG_394                   47.11       0.00       0.93      24.42      22.64       2.54      21.79        0.06     0.05   0.463
  EZG_400                   47.11       0.00       0.93      24.39      22.65       2.57      21.82        0.06     0.05   0.463
  EZG_390                   47.11       0.00       0.94      24.48      22.64       2.48      21.73        0.07     0.06   0.461
  EZG_350                   47.11       0.00       0.94      24.65      22.64       2.31      21.55        0.10     0.08   0.457
  EZG_370                   47.11       0.00       0.94      24.54      22.64       2.42      21.67        0.08     0.06   0.460
  EZG_398                   47.11       0.00       0.93      23.99      22.66       2.99      22.25        0.02     0.02   0.472
  EZG_382                   47.11       0.00       0.92      23.94      22.66       3.04      22.30        0.02     0.02   0.473
  EZG_374                   47.11       0.00       1.13      20.40      27.16       2.53      25.62        0.10     0.08   0.544
  EZG_412                   47.11       0.00       0.92      23.65      22.67       3.34      22.61        0.01     0.01   0.480
  EZG_344                   47.11       0.00       0.93      24.38      22.65       2.58      21.83        0.06     0.05   0.463
  EZG_376                   47.11       0.00       0.93      24.28      22.65       2.69      21.94        0.04     0.04   0.466
  EZG_356                   47.11       0.00       0.94      24.81      22.63       2.15      21.39        0.14     0.11   0.454
  EZG_386                   47.11       0.00       0.95      24.91      22.62       2.05      21.28        0.17     0.13   0.452
  EZG_380                   47.11       0.00       0.94      24.58      22.64       2.39      21.63        0.08     0.07   0.459
  EZG_378                   47.11       0.00       0.94      24.52      22.64       2.44      21.69        0.07     0.06   0.460
  EZG_414                   47.11       0.00       0.92      23.93      22.66       3.04      22.31        0.02     0.02   0.473
  EZG_402                   47.11       0.00       0.94      24.49      22.64       2.47      21.71        0.07     0.06   0.461
  EZG_358                   47.11       0.00       0.94      24.80      22.63       2.16      21.39        0.14     0.11   0.454
  EZG_364                   47.11       0.00       0.94      24.80      22.63       2.16      21.39        0.14     0.11   0.454
  EZG_410                   47.11       0.00       0.93      24.30      22.65       2.67      21.92        0.05     0.04   0.465
  EZG_366                   47.11       0.00       0.93      24.36      22.65       2.61      21.86        0.05     0.05   0.464
  EZG_18259                 47.11       0.00       0.93      24.35      22.65       2.61      21.86        0.05     0.05   0.464
  EZG_18258                 47.11       0.00       0.92      23.80      22.67       3.18      22.45        0.01     0.01   0.477
  EZG_346                   47.11       0.00       0.92      24.96      22.19       2.40      21.26        0.08     0.06   0.451
  EZG_348                   47.11       0.00       0.91      24.74      22.20       2.63      21.50        0.05     0.04   0.456
  
  
  ******************
  Node Depth Summary
  ******************
  
  ---------------------------------------------------------------------------------
                                 Average  Maximum  Maximum  Time of Max    Reported
                                   Depth    Depth      HGL   Occurrence   Max Depth
  Node                 Type       Meters   Meters   Meters  days hr:min      Meters
  ---------------------------------------------------------------------------------
  R0019466             JUNCTION     0.01     0.78    70.23     0  10:05        0.78
  R0019468             JUNCTION     0.01     0.70    70.01     0  10:05        0.69
  R0019831             JUNCTION     0.01     0.98    70.15     0  10:05        0.91
  R0019825             JUNCTION     0.01     1.17    70.01     0  10:05        1.10
  R0019843             JUNCTION     0.02     0.52    68.15     0  10:06        0.51
  R0019368             JUNCTION     0.02     0.74    67.53     0  10:07        0.73
  R0019369             JUNCTION     0.02     0.54    67.13     0  10:06        0.53
  R0019370             JUNCTION     0.02     0.46    66.36     0  10:06        0.46
  R0019345             JUNCTION     0.01     0.46    70.36     0  10:05        0.44
  R0019346             JUNCTION     0.01     0.37    70.17     0  10:05        0.35
  R0043600             JUNCTION     0.01     0.45    70.12     0  10:05        0.44
  R0019203             JUNCTION     0.01     0.45    69.99     0  10:05        0.44
  R0043594             JUNCTION     0.01     0.30    70.03     0  10:05        0.30
  R0021458             JUNCTION     0.01     0.37    70.02     0  10:05        0.37
  R0019202             JUNCTION     0.01     0.42    70.00     0  10:05        0.41
  R0019373             JUNCTION     0.01     0.56    70.23     0  10:05        0.55
  R0019254             JUNCTION     0.01     0.86    70.90     0  10:05        0.85
  R0019716             JUNCTION     0.01     0.49    69.50     0  10:05        0.49
  R0019946             JUNCTION     0.03     0.68    69.30     0  10:06        0.68
  R0013935             JUNCTION     0.01     0.69    69.52     0  10:05        0.66
  R0019939             JUNCTION     0.01     0.86    69.43     0  10:05        0.80
  R0019944             JUNCTION     0.01     0.42    68.70     0  10:06        0.42
  R0043703             JUNCTION     0.02     0.53    69.13     0  10:06        0.52
  R0019945             JUNCTION     0.02     0.54    68.94     0  10:06        0.53
  R0039621             JUNCTION     0.00     0.20    69.77     0  10:05        0.19
  R0019838             JUNCTION     0.01     0.30    69.76     0  10:05        0.30
  R0039606             JUNCTION     0.01     0.41    70.00     0  10:05        0.41
  R0019204             JUNCTION     0.00     0.00    69.91     0  00:00        0.00
  R0019205             JUNCTION     0.00     0.00    69.62     0  00:00        0.00
  R0019849             JUNCTION     0.01     0.81    69.33     0  10:05        0.78
  R0019371             JUNCTION     0.00     0.00    70.41     0  00:00        0.00
  R0019718             JUNCTION     0.02     0.53    69.95     0  10:05        0.53
  R0021442             JUNCTION     0.01     1.89    71.94     0  10:05        1.79
  R0019247             JUNCTION     0.01     0.81    70.69     0  10:05        0.77
  R0019719             JUNCTION     0.01     0.36    70.04     0  10:05        0.35
  R0019767             JUNCTION     0.02     0.49    65.22     0  10:06        0.49
  R0019768             JUNCTION     0.01     0.42    64.19     0  10:07        0.42
  R0021453             JUNCTION     0.00     0.12    70.07     0  10:05        0.12
  R0019839             JUNCTION     0.01     0.28    69.67     0  10:05        0.27
  R0019717             JUNCTION     0.01     0.47    69.81     0  10:05        0.47
  R0019252             JUNCTION     0.01     0.93    71.12     0  10:05        0.90
  R0019721             JUNCTION     0.01     0.33    70.20     0  10:05        0.33
  R0019942             JUNCTION     0.01     0.82    69.47     0  10:05        0.77
  R0019206             JUNCTION     0.00     0.00    69.07     0  00:00        0.00
  R0019840             JUNCTION     0.01     0.25    69.22     0  10:05        0.25
  R0043702             JUNCTION     0.01     0.38    69.08     0  10:05        0.37
  R0019723             JUNCTION     0.01     0.18    70.26     0  10:05        0.18
  R0019724             JUNCTION     0.00     0.11    70.27     0  10:05        0.11
  R0021433             JUNCTION     0.01     2.01    72.40     0  10:05        1.87
  R0021435             JUNCTION     0.01     2.07    72.25     0  10:05        1.93
  R0019769             OUTFALL      0.01     0.42    63.80     0  10:07        0.41
  
  
  *******************
  Node Inflow Summary
  *******************
  
  -------------------------------------------------------------------------------------------------
                                  Maximum  Maximum                  Lateral       Total        Flow
                                  Lateral    Total  Time of Max      Inflow      Inflow     Balance
                                   Inflow   Inflow   Occurrence      Volume      Volume       Error
  Node                 Type           CMS      CMS  days hr:min    10^6 ltr    10^6 ltr     Percent
  -------------------------------------------------------------------------------------------------
  R0019466             JUNCTION     0.073    0.087     0  10:02      0.0892       0.157       0.076
  R0019468             JUNCTION     0.046    0.116     0  10:05      0.0523       0.209      -0.026
  R0019831             JUNCTION     0.059    0.059     0  10:05      0.0703      0.0703       0.072
  R0019825             JUNCTION     0.060    0.111     0  10:05      0.0705       0.141       0.139
  R0019843             JUNCTION     0.000    1.461     0  10:06           0         2.2      -0.001
  R0019368             JUNCTION     0.000    1.466     0  10:06           0         2.2       0.012
  R0019369             JUNCTION     0.000    1.474     0  10:06           0         2.2      -0.012
  R0019370             JUNCTION     0.000    1.473     0  10:06           0         2.2       0.001
  R0019345             JUNCTION     0.000    0.110     0  10:05           0       0.138       0.026
  R0019346             JUNCTION     0.010    0.182     0  10:05     0.00902       0.232      -0.015
  R0043600             JUNCTION     0.000    0.191     0  10:05           0       0.266      -0.058
  R0019203             JUNCTION     0.019    0.450     0  10:05      0.0197       0.607      -0.002
  R0043594             JUNCTION     0.099    0.146     0  10:05       0.127       0.182      -0.012
  R0021458             JUNCTION     0.080    0.207     0  10:05      0.0989       0.281      -0.002
  R0019202             JUNCTION     0.028    0.245     0  10:05      0.0299        0.32      -0.258
  R0019373             JUNCTION     0.065    0.067     0  10:05      0.0777       0.078       1.251
  R0019254             JUNCTION     0.054    0.112     0  10:05      0.0634       0.138       0.045
  R0019716             JUNCTION     0.080    0.880     0  10:05      0.0982        1.24      -0.009
  R0019946             JUNCTION     0.000    0.885     0  10:06           0        1.24      -0.001
  R0013935             JUNCTION     0.052    0.052     0  10:05      0.0604      0.0604       0.049
  R0019939             JUNCTION     0.021    0.069     0  10:05       0.022      0.0824      -0.033
  R0019944             JUNCTION     0.049    1.101     0  10:06      0.0562        1.59       0.007
  R0043703             JUNCTION     0.058    0.930     0  10:06      0.0687        1.31       0.010
  R0019945             JUNCTION     0.000    1.075     0  10:06           0        1.53      -0.008
  R0039621             JUNCTION     0.000    0.006     0  10:01           0     0.00119       0.746
  R0019838             JUNCTION     0.106    0.106     0  10:05       0.137       0.138      -0.006
  R0039606             JUNCTION     0.000    0.171     0  10:06           0       0.281       0.022
  R0019204             JUNCTION     0.000    0.000     0  00:00           0           0       0.000 ltr
  R0019205             JUNCTION     0.000    0.000     0  00:00           0           0       0.000 ltr
  R0019849             JUNCTION     0.000    0.168     0  10:05           0       0.223       0.008
  R0019371             JUNCTION     0.000    0.000     0  00:00           0           0       0.000 ltr
  R0019718             JUNCTION     0.070    0.502     0  10:05      0.0842       0.691      -0.635
  R0021442             JUNCTION     0.078    0.162     0  10:05      0.0971       0.222       0.041
  R0019247             JUNCTION     0.039    0.192     0  10:05      0.0438       0.266       0.047
  R0019719             JUNCTION     0.041    0.213     0  10:05       0.046       0.278       0.328
  R0019767             JUNCTION     0.000    1.479     0  10:06           0         2.2      -0.004
  R0019768             JUNCTION     0.000    1.484     0  10:07           0         2.2       0.007
  R0021453             JUNCTION     0.048    0.048     0  10:05      0.0552      0.0552      -0.083
  R0019839             JUNCTION     0.105    0.200     0  10:05       0.135       0.272       0.002
  R0019717             JUNCTION     0.128    0.816     0  10:05        0.17        1.14       0.291
  R0019252             JUNCTION     0.062    0.062     0  10:05      0.0743      0.0743      -0.038
  R0019721             JUNCTION     0.019    0.076     0  10:05      0.0194      0.0851       0.001
  R0019942             JUNCTION     0.000    0.106     0  10:05           0       0.141      -0.187
  R0019206             JUNCTION     0.000    0.000     0  00:00           0           0       0.000 ltr
  R0019840             JUNCTION     0.000    0.311     0  10:05           0       0.481       0.000
  R0043702             JUNCTION     0.105    0.405     0  10:05       0.136       0.617       0.001
  R0019723             JUNCTION     0.046    0.059     0  10:05      0.0519      0.0657      -0.020
  R0019724             JUNCTION     0.014    0.014     0  10:05      0.0137      0.0137      -0.039
  R0021433             JUNCTION     0.065    0.065     0  10:05      0.0774      0.0774      -0.118
  R0021435             JUNCTION     0.042    0.095     0  10:05      0.0478       0.125      -0.028
  R0019769             OUTFALL      0.000    1.489     0  10:07           0         2.2       0.000
  
  
  **********************
  Node Surcharge Summary
  **********************
  
  Surcharging occurs when water rises above the top of the highest conduit.
  ---------------------------------------------------------------------
                                               Max. Height   Min. Depth
                                   Hours       Above Crown    Below Rim
  Node                 Type      Surcharged         Meters       Meters
  ---------------------------------------------------------------------
  R0019466             JUNCTION        0.12          0.482        2.028
  R0019468             JUNCTION        0.11          0.398        2.032
  R0019831             JUNCTION        0.05          0.682        0.678
  R0019825             JUNCTION        0.09          0.868        0.332
  R0019345             JUNCTION        0.05          0.156        1.594
  R0043600             JUNCTION        0.03          0.052        2.528
  R0019373             JUNCTION        0.05          0.259        2.241
  R0019254             JUNCTION        0.08          0.565        1.265
  R0013935             JUNCTION        0.06          0.393        0.927
  R0019939             JUNCTION        0.12          0.560        1.060
  R0019849             JUNCTION        0.13          0.514        1.416
  R0021442             JUNCTION        0.14          1.594        0.156
  R0019247             JUNCTION        0.07          0.415        1.445
  R0019252             JUNCTION        0.06          0.625        1.015
  R0019942             JUNCTION        0.10          0.517        1.133
  R0021433             JUNCTION        0.09          1.709        0.141
  R0021435             JUNCTION        0.12          1.769        0.041
  
  
  *********************
  Node Flooding Summary
  *********************
  
  No nodes were flooded.
  
  
  ***********************
  Outfall Loading Summary
  ***********************
  
  -----------------------------------------------------------
                         Flow       Avg       Max       Total
                         Freq      Flow      Flow      Volume
  Outfall Node           Pcnt       CMS       CMS    10^6 ltr
  -----------------------------------------------------------
  R0019769              32.47     0.025     1.489       2.202
  -----------------------------------------------------------
  System                32.47     0.025     1.489       2.202
  
  
  ********************
  Link Flow Summary
  ********************
  
  -----------------------------------------------------------------------------
                                 Maximum  Time of Max   Maximum    Max/    Max/
                                  |Flow|   Occurrence   |Veloc|    Full    Full
  Link                 Type          CMS  days hr:min     m/sec    Flow   Depth
  -----------------------------------------------------------------------------
  H0014431             CONDUIT     0.073     0  10:02      1.04    1.36    1.00
  H0014433             CONDUIT     0.053     0  10:05      0.75    0.68    1.00
  H0014352             CONDUIT     1.466     0  10:06      3.15    0.60    0.69
  H0014373             CONDUIT     1.473     0  10:06      4.02    0.68    0.56
  H0017981             CONDUIT     0.110     0  10:05      1.56    3.12    1.00
  H0017755             CONDUIT     0.191     0  10:05      1.52    1.55    1.00
  H0017791             CONDUIT     0.129     0  10:05      0.65    0.19    0.37
  H0017357             CONDUIT     0.066     0  10:05      0.94    1.06    1.00
  H0018216             CONDUIT     0.110     0  10:05      1.56    2.01    1.00
  H0016792             CONDUIT     0.885     0  10:06      2.02    0.51    0.65
  H0019507             CONDUIT     0.048     0  10:05      0.72    0.67    1.00
  H0019998             CONDUIT     1.105     0  10:06      3.35    0.44    0.52
  H0019576             CONDUIT     0.936     0  10:06      2.41    0.63    0.59
  H0020087             CONDUIT     0.007     0  10:06      0.15    0.03    0.49
  H0020211             CONDUIT     0.896     0  10:06      2.00    2.23    0.67
  H0018982             CONDUIT     0.171     0  10:06      0.82    0.27    0.44
  H0018753             CONDUIT     0.038     0  10:02      0.63    0.53    1.00
  H0018845             CONDUIT     0.000     0  00:00      0.00    0.00    0.00
  H0018863             CONDUIT     0.065     0  10:05      0.92    1.53    1.00
  H0019156             CONDUIT     0.000     0  00:00      0.00    0.00    0.00
  H0018929             CONDUIT     0.451     0  10:05      1.29    0.39    0.55
  H0018440             CONDUIT     0.158     0  10:05      2.23    2.83    1.00
  H0018456             CONDUIT     0.180     0  10:05      1.51    1.09    0.91
  H0018968             CONDUIT     1.484     0  10:07      4.64    0.57    0.50
  H0022036             CONDUIT     0.047     0  10:05      0.50    0.04    0.21
  H0021806             CONDUIT     0.191     0  10:05      1.52    1.70    1.00
  H0022111             CONDUIT     0.097     0  10:05      0.84    0.69    0.58
  H0021440             CONDUIT     0.825     0  10:05      2.40    0.53    0.53
  H0021704             CONDUIT     0.508     0  10:06      1.51    0.97    0.54
  H0020521             CONDUIT     0.059     0  10:05      0.84    1.20    1.00
  H0020755             CONDUIT     0.068     0  10:06      0.64    0.75    0.87
  H0020530             CONDUIT     1.474     0  10:06      3.09    1.26    0.71
  H0020618             CONDUIT     1.074     0  10:06      3.12    0.67    0.53
  H0021163             CONDUIT     0.106     0  10:05      1.49    1.76    1.00
  H0020497             CONDUIT     0.000     0  00:00      0.00    0.00    0.86
  H0024325             CONDUIT     0.197     0  10:05      1.87    0.59    0.53
  H0023585             CONDUIT     0.404     0  10:05      2.53    0.93    0.76
  H0024098             CONDUIT     0.166     0  10:05      2.35    1.94    1.00
  H0024235             CONDUIT     0.213     0  10:05      1.48    0.87    0.69
  H0024282             CONDUIT     0.000     0  00:00      0.00    0.00    0.00
  H0024308             CONDUIT     1.489     0  10:07      5.18    0.44    0.46
  H0024498             CONDUIT     0.115     0  10:05      1.63    1.78    1.00
  H0026990             CONDUIT     0.057     0  10:05      0.75    0.43    0.63
  H0041650             CONDUIT     0.244     0  10:05      0.83    0.28    0.48
  H0041011             CONDUIT     0.104     0  10:05      1.47    1.03    1.00
  H0045103             CONDUIT     0.187     0  10:06      0.78    0.23    0.46
  H0045104             CONDUIT     1.479     0  10:06      4.31    0.52    0.53
  H0045105             CONDUIT     0.014     0  10:05      0.40    0.24    0.49
  H0045106             CONDUIT     0.311     0  10:05      2.37    0.42    0.63
  H0045107             CONDUIT     0.055     0  10:05      0.78    0.90    1.00
  H0045108             CONDUIT     0.092     0  10:05      1.29    1.65    1.00
  
  
  ***************************
  Flow Classification Summary
  ***************************
  
  -------------------------------------------------------------------------------------
                      Adjusted    ---------- Fraction of Time in Flow Class ---------- 
                       /Actual         Up    Down  Sub   Sup   Up    Down  Norm  Inlet 
  Conduit               Length    Dry  Dry   Dry   Crit  Crit  Crit  Crit  Ltd   Ctrl  
  -------------------------------------------------------------------------------------
  H0014431                1.00   0.05  0.00  0.00  0.95  0.00  0.00  0.00  0.95  0.00
  H0014433                1.00   0.05  0.00  0.00  0.95  0.00  0.00  0.00  0.95  0.00
  H0014352                1.00   0.05  0.00  0.00  0.65  0.30  0.00  0.00  0.95  0.00
  H0014373                1.00   0.05  0.00  0.00  0.63  0.32  0.00  0.00  0.62  0.00
  H0017981                1.00   0.05  0.00  0.00  0.00  0.00  0.00  0.95  0.00  0.00
  H0017755                1.00   0.05  0.00  0.00  0.00  0.00  0.00  0.95  0.00  0.00
  H0017791                1.00   0.05  0.00  0.00  0.95  0.00  0.00  0.00  0.95  0.00
  H0017357                1.00   0.05  0.95  0.00  0.00  0.00  0.00  0.00  0.87  0.00
  H0018216                1.00   0.05  0.63  0.00  0.33  0.00  0.00  0.00  0.95  0.00
  H0016792                1.00   0.05  0.62  0.00  0.33  0.00  0.00  0.00  0.95  0.00
  H0019507                1.00   0.05  0.00  0.00  0.95  0.00  0.00  0.00  0.95  0.00
  H0019998                1.00   0.05  0.00  0.00  0.64  0.32  0.00  0.00  0.33  0.00
  H0019576                1.00   0.05  0.00  0.00  0.66  0.29  0.00  0.00  0.32  0.00
  H0020087                1.00   0.05  0.94  0.00  0.01  0.00  0.00  0.00  0.87  0.00
  H0020211                1.00   0.05  0.00  0.00  0.95  0.00  0.00  0.00  0.62  0.00
  H0018982                1.00   0.05  0.00  0.00  0.95  0.00  0.00  0.00  0.64  0.00
  H0018753                1.00   0.05  0.00  0.00  0.95  0.00  0.00  0.00  0.95  0.00
  H0018845                1.00   1.00  0.00  0.00  0.00  0.00  0.00  0.00  0.00  0.00
  H0018863                1.00   0.05  0.00  0.00  0.95  0.00  0.00  0.00  0.95  0.00
  H0019156                1.00   1.00  0.00  0.00  0.00  0.00  0.00  0.00  0.00  0.00
  H0018929                1.00   0.05  0.62  0.00  0.33  0.00  0.00  0.00  0.95  0.00
  H0018440                1.00   0.05  0.00  0.00  0.95  0.00  0.00  0.00  0.94  0.00
  H0018456                1.00   0.05  0.00  0.00  0.95  0.00  0.00  0.00  0.95  0.00
  H0018968                1.00   0.05  0.61  0.00  0.02  0.32  0.00  0.00  0.64  0.00
  H0022036                1.00   0.05  0.00  0.00  0.03  0.03  0.00  0.90  0.02  0.00
  H0021806                1.00   0.05  0.63  0.00  0.33  0.00  0.00  0.00  0.82  0.00
  H0022111                1.00   0.05  0.00  0.00  0.95  0.00  0.00  0.00  0.00  0.00
  H0021440                1.00   0.05  0.00  0.00  0.65  0.30  0.00  0.00  0.01  0.00
  H0021704                1.00   0.05  0.00  0.00  0.00  0.00  0.00  0.95  0.00  0.00
  H0020521                1.00   0.05  0.00  0.00  0.95  0.00  0.00  0.00  0.95  0.00
  H0020755                1.00   0.05  0.63  0.00  0.32  0.00  0.00  0.00  0.95  0.00
  H0020530                1.00   0.05  0.00  0.00  0.65  0.30  0.00  0.00  0.01  0.00
  H0020618                1.00   0.05  0.00  0.00  0.64  0.31  0.00  0.00  0.64  0.00
  H0021163                1.00   0.05  0.00  0.00  0.94  0.01  0.00  0.00  0.64  0.00
  H0020497                1.20   0.05  0.95  0.00  0.00  0.00  0.00  0.00  0.00  0.00
  H0024325                1.00   0.05  0.00  0.00  0.65  0.30  0.00  0.00  0.64  0.00
  H0023585                1.00   0.05  0.00  0.00  0.00  0.00  0.00  0.95  0.00  0.00
  H0024098                1.00   0.05  0.63  0.00  0.32  0.00  0.00  0.00  0.95  0.00
  H0024235                1.00   0.05  0.00  0.00  0.00  0.00  0.00  0.95  0.00  0.00
  H0024282                1.00   1.00  0.00  0.00  0.00  0.00  0.00  0.00  0.00  0.00
  H0024308                1.00   0.05  0.00  0.00  0.62  0.33  0.00  0.00  0.09  0.00
  H0024498                1.00   0.05  0.00  0.00  0.00  0.00  0.00  0.95  0.00  0.00
  H0026990                1.00   0.05  0.00  0.00  0.95  0.00  0.00  0.00  0.95  0.00
  H0041650                1.00   0.67  0.01  0.00  0.32  0.00  0.00  0.00  0.94  0.00
  H0041011                1.00   0.05  0.00  0.00  0.95  0.00  0.00  0.00  0.95  0.00
  H0045103                1.00   0.05  0.00  0.00  0.95  0.00  0.00  0.00  0.82  0.00
  H0045104                1.00   0.05  0.00  0.00  0.63  0.32  0.00  0.00  0.33  0.00
  H0045105                1.00   0.05  0.00  0.00  0.95  0.00  0.00  0.00  0.95  0.00
  H0045106                1.00   0.05  0.63  0.00  0.02  0.31  0.00  0.00  0.95  0.00
  H0045107                1.00   0.05  0.00  0.00  0.95  0.00  0.00  0.00  0.95  0.00
  H0045108                1.00   0.05  0.00  0.00  0.95  0.00  0.00  0.00  0.95  0.00
  
  
  *************************
  Conduit Surcharge Summary
  *************************
  
  ----------------------------------------------------------------------------
                                                           Hours        Hours 
                         --------- Hours Full --------   Above Full   Capacity
  Conduit                Both Ends  Upstream  Dnstream   Normal Flow   Limited
  ----------------------------------------------------------------------------
  H0014431                    0.11      0.12      0.11      0.13         0.11
  H0014433                    0.05      0.05      0.09      0.01         0.01
  H0017981                    0.01      0.05      0.01      0.14         0.04
  H0017755                    0.01      0.03      0.01      0.08         0.01
  H0017357                    0.01      0.01      0.05      0.01         0.01
  H0018216                    0.05      0.08      0.05      0.10         0.07
  H0019507                    0.06      0.06      0.12      0.01         0.01
  H0020211                    0.01      0.01      0.01      0.12         0.01
  H0018753                    0.05      0.05      0.12      0.01         0.01
  H0018863                    0.12      0.12      0.13      0.06         0.06
  H0018440                    0.10      0.14      0.10      0.16         0.13
  H0018456                    0.01      0.01      0.01      0.03         0.01
  H0021806                    0.03      0.07      0.03      0.09         0.05
  H0020521                    0.06      0.06      0.08      0.03         0.04
  H0020530                    0.01      0.01      0.01      0.05         0.01
  H0021163                    0.09      0.09      0.10      0.10         0.07
  H0024098                    0.13      0.13      0.16      0.10         0.10
  H0024498                    0.01      0.11      0.01      0.14         0.08
  H0041011                    0.10      0.10      0.13      0.01         0.01
  H0045107                    0.09      0.09      0.12      0.01         0.01
  H0045108                    0.12      0.12      0.14      0.08         0.08
  

  Analysis begun on:  Fri Mar 22 15:56:51 2024
  Analysis ended on:  Fri Mar 22 15:57:02 2024
  Total elapsed time: 00:00:11