
  EPA STORM WATER MANAGEMENT MODEL - VERSION 5.2 (Build 5.2.4)
  PYSWMM TOOLKIT API - VERSION v1.0 (2023-11-27)
  ------------------------------------------------------------

  Gievenbeck_e2_T100D540 
  
  ****************
  Analysis Options
  ****************
  Flow Units ............... CMS
  Process Models:
    Rainfall/Runoff ........ YES
    RDII ................... NO
    Snowmelt ............... NO
    Groundwater ............ NO
    Flow Routing ........... YES
    Ponding Allowed ........ NO
    Water Quality .......... NO
  Infiltration Method ...... HORTON
  Flow Routing Method ...... DYNWAVE
  Surcharge Method ......... SLOT
  Starting Date ............ 01/01/2024 00:00:00
  Ending Date .............. 01/04/2024 04:00:00
  Antecedent Dry Days ...... 14.0
  Report Time Step ......... 00:01:00
  Wet Time Step ............ 00:01:00
  Dry Time Step ............ 00:01:00
  Routing Time Step ........ 1.00 sec
  Variable Time Step ....... YES
  Maximum Trials ........... 8
  Number of Threads ........ 1
  Head Tolerance ........... 0.001500 m
  
  
  **************************        Volume         Depth
  Runoff Quantity Continuity     hectare-m            mm
  **************************     ---------       -------
  Total Precipitation ......         0.798        78.820
  Evaporation Loss .........         0.010         0.952
  Infiltration Loss ........         0.313        30.899
  Surface Runoff ...........         0.476        47.056
  Final Storage ............         0.000         0.000
  Continuity Error (%) .....        -0.112
  
  
  **************************        Volume        Volume
  Flow Routing Continuity        hectare-m      10^6 ltr
  **************************     ---------     ---------
  Dry Weather Inflow .......         0.000         0.000
  Wet Weather Inflow .......         0.476         4.763
  Groundwater Inflow .......         0.000         0.000
  RDII Inflow ..............         0.000         0.000
  External Inflow ..........         0.000         0.000
  External Outflow .........         0.430         4.297
  Flooding Loss ............         0.048         0.475
  Evaporation Loss .........         0.000         0.000
  Exfiltration Loss ........         0.000         0.000
  Initial Stored Volume ....         0.000         0.000
  Final Stored Volume ......         0.000         0.000
  Continuity Error (%) .....        -0.185
  
  
  *************************
  Highest Continuity Errors
  *************************
  Node R0019205 (-14.68%)
  Node R0019206 (2.30%)
  
  
  ***************************
  Time-Step Critical Elements
  ***************************
  None
  
  
  ********************************
  Highest Flow Instability Indexes
  ********************************
  All links are stable.
  
  
  *********************************
  Most Frequent Nonconverging Nodes
  *********************************
  Convergence obtained at all time steps.
  
  
  *************************
  Routing Time Step Summary
  *************************
  Minimum Time Step           :     0.50 sec
  Average Time Step           :     1.00 sec
  Maximum Time Step           :     1.00 sec
  % of Time in Steady State   :     0.00
  Average Iterations per Step :     2.00
  % of Steps Not Converging   :     0.00
  Time Step Frequencies       :
      1.000 -  0.871 sec      :    99.99 %
      0.871 -  0.758 sec      :     0.01 %
      0.758 -  0.660 sec      :     0.00 %
      0.660 -  0.574 sec      :     0.00 %
      0.574 -  0.500 sec      :     0.00 %
  
  
  ***************************
  Subcatchment Runoff Summary
  ***************************
  
  ------------------------------------------------------------------------------------------------------------------------------
                            Total      Total      Total      Total     Imperv       Perv      Total       Total     Peak  Runoff
                           Precip      Runon       Evap      Infil     Runoff     Runoff     Runoff      Runoff   Runoff   Coeff
  Subcatchment                 mm         mm         mm         mm         mm         mm         mm    10^6 ltr      CMS
  ------------------------------------------------------------------------------------------------------------------------------
  EZG_368                   78.82       0.00       0.95      31.10      38.52      14.11      46.86        0.19     0.22   0.594
  EZG_392                   78.82       0.00       0.94      30.94      38.53      14.28      47.03        0.15     0.18   0.597
  EZG_352                   78.82       0.00       0.95      31.36      38.51      13.84      46.58        0.28     0.30   0.591
  EZG_372                   78.82       0.00       0.93      30.42      38.56      14.81      47.58        0.06     0.08   0.604
  EZG_416                   78.82       0.00       0.94      30.87      38.53      14.35      47.10        0.14     0.16   0.598
  EZG_388                   78.82       0.00       0.95      31.17      38.52      14.04      46.78        0.21     0.24   0.594
  EZG_394                   78.82       0.00       0.94      30.84      38.54      14.38      47.14        0.13     0.16   0.598
  EZG_400                   78.82       0.00       0.94      30.79      38.54      14.43      47.19        0.12     0.15   0.599
  EZG_390                   78.82       0.00       0.94      30.92      38.53      14.29      47.05        0.15     0.17   0.597
  EZG_350                   78.82       0.00       0.95      31.18      38.52      14.03      46.78        0.21     0.24   0.593
  EZG_370                   78.82       0.00       0.94      31.01      38.53      14.21      46.96        0.17     0.20   0.596
  EZG_398                   78.82       0.00       0.93      30.26      38.56      14.97      47.75        0.05     0.06   0.606
  EZG_382                   78.82       0.00       0.93      30.21      38.57      15.03      47.81        0.04     0.05   0.607
  EZG_374                   78.82       0.00       1.14      25.50      46.22      12.98      52.27        0.20     0.22   0.663
  EZG_412                   78.82       0.00       0.92      29.87      38.59      15.38      48.18        0.02     0.03   0.611
  EZG_344                   78.82       0.00       0.94      30.78      38.54      14.44      47.20        0.12     0.14   0.599
  EZG_376                   78.82       0.00       0.94      30.64      38.55      14.59      47.35        0.09     0.12   0.601
  EZG_356                   78.82       0.00       0.95      31.43      38.51      13.78      46.52        0.30     0.32   0.590
  EZG_386                   78.82       0.00       0.96      31.60      38.50      13.60      46.33        0.37     0.39   0.588
  EZG_380                   78.82       0.00       0.95      31.06      38.53      14.15      46.90        0.18     0.21   0.595
  EZG_378                   78.82       0.00       0.94      30.98      38.53      14.24      46.99        0.16     0.19   0.596
  EZG_414                   78.82       0.00       0.93      30.20      38.57      15.04      47.82        0.04     0.05   0.607
  EZG_402                   78.82       0.00       0.94      30.94      38.53      14.28      47.03        0.15     0.18   0.597
  EZG_358                   78.82       0.00       0.95      31.42      38.51      13.79      46.53        0.29     0.32   0.590
  EZG_364                   78.82       0.00       0.95      31.42      38.51      13.79      46.52        0.29     0.32   0.590
  EZG_410                   78.82       0.00       0.94      30.67      38.54      14.56      47.32        0.10     0.12   0.600
  EZG_366                   78.82       0.00       0.94      30.75      38.54      14.47      47.23        0.11     0.14   0.599
  EZG_18259                 78.82       0.00       0.94      30.74      38.54      14.48      47.24        0.11     0.14   0.599
  EZG_18258                 78.82       0.00       0.93      30.04      38.58      15.20      47.99        0.03     0.04   0.609
  EZG_346                   78.82       0.00       0.93      31.57      37.76      14.32      46.41        0.17     0.20   0.589
  EZG_348                   78.82       0.00       0.92      31.25      37.77      14.65      46.75        0.10     0.13   0.593
  
  
  ******************
  Node Depth Summary
  ******************
  
  ---------------------------------------------------------------------------------
                                 Average  Maximum  Maximum  Time of Max    Reported
                                   Depth    Depth      HGL   Occurrence   Max Depth
  Node                 Type       Meters   Meters   Meters  days hr:min      Meters
  ---------------------------------------------------------------------------------
  R0019466             JUNCTION     0.01     2.81    72.26     0  05:02        2.81
  R0019468             JUNCTION     0.01     2.73    72.04     0  05:02        2.73
  R0019831             JUNCTION     0.01     1.66    70.83     0  05:01        1.66
  R0019825             JUNCTION     0.01     1.50    70.34     0  05:01        1.50
  R0019843             JUNCTION     0.02     2.16    69.79     0  05:04        2.10
  R0019368             JUNCTION     0.02     1.95    68.74     0  05:04        1.95
  R0019369             JUNCTION     0.02     1.31    67.90     0  05:04        1.24
  R0019370             JUNCTION     0.01     0.69    66.59     0  05:04        0.68
  R0019345             JUNCTION     0.01     2.05    71.95     0  05:04        2.05
  R0019346             JUNCTION     0.01     2.14    71.94     0  05:04        2.07
  R0043600             JUNCTION     0.01     2.92    72.59     0  05:04        2.60
  R0019203             JUNCTION     0.01     2.82    72.36     0  05:04        2.62
  R0043594             JUNCTION     0.01     2.75    72.48     0  05:04        2.53
  R0021458             JUNCTION     0.01     2.84    72.49     0  05:04        2.52
  R0019202             JUNCTION     0.01     2.87    72.45     0  05:04        2.60
  R0019373             JUNCTION     0.01     2.80    72.47     0  05:04        2.80
  R0019254             JUNCTION     0.01     2.13    72.17     0  05:02        2.13
  R0019716             JUNCTION     0.01     2.57    71.58     0  05:04        2.48
  R0019946             JUNCTION     0.02     2.42    71.04     0  05:04        2.42
  R0013935             JUNCTION     0.01     1.62    70.45     0  05:01        1.62
  R0019939             JUNCTION     0.01     1.92    70.49     0  05:04        1.92
  R0019944             JUNCTION     0.01     1.98    70.26     0  05:04        1.85
  R0043703             JUNCTION     0.01     2.16    70.76     0  05:04        2.04
  R0019945             JUNCTION     0.02     2.05    70.45     0  05:04        1.90
  R0039621             JUNCTION     0.00     1.56    71.13     0  05:02        1.56
  R0019838             JUNCTION     0.01     1.80    71.26     0  05:02        1.80
  R0039606             JUNCTION     0.01     2.88    72.47     0  05:04        2.59
  R0019204             JUNCTION     0.00     0.00    69.91     0  00:00        0.00
  R0019205             JUNCTION     0.00     0.15    69.77     0  05:05        0.14
  R0019849             JUNCTION     0.01     1.96    70.48     0  05:04        1.82
  R0019371             JUNCTION     0.00     0.00    70.41     0  00:00        0.00
  R0019718             JUNCTION     0.02     2.87    72.29     0  05:04        2.63
  R0021442             JUNCTION     0.01     2.05    72.10     0  05:00        2.05
  R0019247             JUNCTION     0.01     2.26    72.14     0  05:04        2.26
  R0019719             JUNCTION     0.01     2.30    71.98     0  05:04        2.18
  R0019767             JUNCTION     0.01     0.73    65.46     0  05:04        0.73
  R0019768             JUNCTION     0.01     0.59    64.36     0  05:04        0.59
  R0021453             JUNCTION     0.01     2.40    72.35     0  05:03        2.40
  R0019839             JUNCTION     0.01     2.04    71.43     0  05:03        2.03
  R0019717             JUNCTION     0.01     2.66    72.00     0  05:04        2.49
  R0019252             JUNCTION     0.01     1.94    72.13     0  05:01        1.94
  R0019721             JUNCTION     0.01     1.96    71.83     0  05:04        1.96
  R0019942             JUNCTION     0.01     1.89    70.54     0  05:04        1.72
  R0019206             JUNCTION     0.00     0.87    69.94     0  05:04        0.76
  R0019840             JUNCTION     0.01     2.34    71.31     0  05:04        2.29
  R0043702             JUNCTION     0.01     2.56    71.26     0  05:04        2.52
  R0019723             JUNCTION     0.01     1.72    71.80     0  05:03        1.72
  R0019724             JUNCTION     0.00     1.72    71.88     0  05:03        1.67
  R0021433             JUNCTION     0.01     2.15    72.54     0  05:00        2.15
  R0021435             JUNCTION     0.01     2.11    72.29     0  05:00        2.11
  R0019769             OUTFALL      0.01     0.59    63.97     0  05:04        0.59
  
  
  *******************
  Node Inflow Summary
  *******************
  
  -------------------------------------------------------------------------------------------------
                                  Maximum  Maximum                  Lateral       Total        Flow
                                  Lateral    Total  Time of Max      Inflow      Inflow     Balance
                                   Inflow   Inflow   Occurrence      Volume      Volume       Error
  Node                 Type           CMS      CMS  days hr:min    10^6 ltr    10^6 ltr     Percent
  -------------------------------------------------------------------------------------------------
  R0019466             JUNCTION     0.221    0.297     0  05:05       0.194       0.296       0.015
  R0019468             JUNCTION     0.136    0.211     0  05:05       0.113       0.368      -0.007
  R0019831             JUNCTION     0.178    0.178     0  05:05       0.152       0.152       0.022
  R0019825             JUNCTION     0.179    0.284     0  05:05       0.153       0.292       0.023
  R0019843             JUNCTION     0.000    2.781     0  05:04           0        4.31      -0.035
  R0019368             JUNCTION     0.000    2.739     0  05:04           0        4.31      -0.024
  R0019369             JUNCTION     0.000    2.698     0  05:04           0         4.3      -0.014
  R0019370             JUNCTION     0.000    2.625     0  05:04           0         4.3       0.004
  R0019345             JUNCTION     0.000    0.163     0  05:02           0       0.243       0.019
  R0019346             JUNCTION     0.026    0.326     0  05:02      0.0192       0.419      -0.002
  R0043600             JUNCTION     0.000    0.238     0  05:04           0       0.435      -0.024
  R0019203             JUNCTION     0.055    0.966     0  05:05      0.0423        1.23      -0.058
  R0043594             JUNCTION     0.302    0.815     0  05:03       0.275       0.402      -0.110
  R0021458             JUNCTION     0.243    0.716     0  05:05       0.215       0.617      -0.126
  R0019202             JUNCTION     0.081    0.884     0  05:04      0.0644       0.754      -0.203
  R0019373             JUNCTION     0.195    0.235     0  05:02       0.168       0.183       0.556
  R0019254             JUNCTION     0.162    0.180     0  05:01       0.137       0.253       0.010
  R0019716             JUNCTION     0.241    1.936     0  05:04       0.213        2.51      -0.014
  R0019946             JUNCTION     0.000    1.945     0  05:04           0        2.51      -0.013
  R0013935             JUNCTION     0.155    0.155     0  05:05       0.131       0.131       0.006
  R0019939             JUNCTION     0.061    0.131     0  05:01      0.0473       0.153      -0.020
  R0019944             JUNCTION     0.145    2.122     0  05:04       0.122        3.14       0.007
  R0043703             JUNCTION     0.175    1.928     0  05:05       0.149        2.65      -0.010
  R0019945             JUNCTION     0.000    1.987     0  05:04           0        3.02      -0.019
  R0039621             JUNCTION     0.000    0.255     0  05:05           0      0.0627      -0.352
  R0019838             JUNCTION     0.324    0.477     0  05:05       0.298       0.315      -0.058
  R0039606             JUNCTION     0.000    0.713     0  05:04           0       0.617       0.120
  R0019204             JUNCTION     0.000    0.000     0  00:00           0           0       0.000 ltr
  R0019205             JUNCTION     0.000    0.033     0  05:04           0      0.0013     -12.804
  R0019849             JUNCTION     0.000    0.225     0  05:02           0       0.373       0.002
  R0019371             JUNCTION     0.000    0.000     0  00:00           0           0       0.000 ltr
  R0019718             JUNCTION     0.210    1.157     0  05:05       0.183        1.41      -0.260
  R0021442             JUNCTION     0.221    0.293     0  05:05       0.198       0.404       0.004
  R0019247             JUNCTION     0.116    0.231     0  05:02      0.0944       0.441       0.041
  R0019719             JUNCTION     0.121    0.420     0  05:02      0.0994       0.515       0.258
  R0019767             JUNCTION     0.000    2.603     0  05:04           0         4.3      -0.003
  R0019768             JUNCTION     0.000    2.592     0  05:04           0         4.3       0.003
  R0021453             JUNCTION     0.143    0.725     0  05:03       0.119       0.124      -1.966
  R0019839             JUNCTION     0.321    0.401     0  05:02       0.295       0.527      -0.001
  R0019717             JUNCTION     0.392    1.713     0  05:04        0.37         2.3       0.015
  R0019252             JUNCTION     0.188    0.214     0  05:05       0.161       0.165      -0.024
  R0019721             JUNCTION     0.054    0.183     0  05:03      0.0416       0.167       0.012
  R0019942             JUNCTION     0.000    0.123     0  05:01           0       0.222      -0.046
  R0019206             JUNCTION     0.000    0.100     0  05:04           0     0.00626       2.349
  R0019840             JUNCTION     0.000    0.561     0  05:02           0       0.873      -0.039
  R0043702             JUNCTION     0.321    0.761     0  05:02       0.295        1.17       0.230
  R0019723             JUNCTION     0.135    0.175     0  05:05       0.112       0.143      -0.112
  R0019724             JUNCTION     0.039    0.066     0  05:01      0.0294      0.0297      -0.241
  R0021433             JUNCTION     0.196    0.196     0  05:05       0.169       0.169      -0.079
  R0021435             JUNCTION     0.127    0.198     0  05:05       0.104       0.244       0.012
  R0019769             OUTFALL      0.000    2.596     0  05:04           0         4.3       0.000
  
  
  **********************
  Node Surcharge Summary
  **********************
  
  Surcharging occurs when water rises above the top of the highest conduit.
  ---------------------------------------------------------------------
                                               Max. Height   Min. Depth
                                   Hours       Above Crown    Below Rim
  Node                 Type      Surcharged         Meters       Meters
  ---------------------------------------------------------------------
  R0019466             JUNCTION        0.30          2.510        0.000
  R0019468             JUNCTION        0.30          2.430        0.000
  R0019831             JUNCTION        0.20          1.360        0.000
  R0019825             JUNCTION        0.26          1.200        0.000
  R0019843             JUNCTION        0.14          1.265        1.355
  R0019368             JUNCTION        0.17          1.050        0.000
  R0019369             JUNCTION        0.07          0.413        0.637
  R0019345             JUNCTION        0.19          1.750        0.000
  R0019346             JUNCTION        0.16          1.740        0.000
  R0043600             JUNCTION        0.18          2.518        0.062
  R0019203             JUNCTION        0.09          1.918        0.062
  R0043594             JUNCTION        0.07          1.820        0.000
  R0021458             JUNCTION        0.08          1.941        0.139
  R0019202             JUNCTION        0.09          1.973        0.027
  R0019373             JUNCTION        0.22          2.500        0.000
  R0019254             JUNCTION        0.23          1.830        0.000
  R0019716             JUNCTION        0.11          1.667        0.053
  R0019946             JUNCTION        0.15          1.520        0.000
  R0013935             JUNCTION        0.21          1.320        0.000
  R0019939             JUNCTION        0.30          1.620        0.000
  R0019944             JUNCTION        0.10          1.079        0.451
  R0043703             JUNCTION        0.09          1.257        0.063
  R0019945             JUNCTION        0.10          1.148        0.312
  R0039621             JUNCTION        0.11          1.060        0.000
  R0019838             JUNCTION        0.12          1.300        0.000
  R0039606             JUNCTION        0.09          1.978        0.022
  R0019849             JUNCTION        0.32          1.657        0.273
  R0019718             JUNCTION        0.10          1.968        0.032
  R0021442             JUNCTION        0.32          1.750        0.000
  R0019247             JUNCTION        0.21          1.860        0.000
  R0019719             JUNCTION        0.13          1.800        0.000
  R0021453             JUNCTION        0.06          1.500        0.000
  R0019839             JUNCTION        0.12          1.535        0.115
  R0019717             JUNCTION        0.09          1.725        0.125
  R0019252             JUNCTION        0.19          1.640        0.000
  R0019721             JUNCTION        0.15          1.560        0.000
  R0019942             JUNCTION        0.27          1.590        0.060
  R0019206             JUNCTION        0.05          0.573        1.137
  R0019840             JUNCTION        0.15          1.837        0.733
  R0043702             JUNCTION        0.16          2.062        0.848
  R0019723             JUNCTION        0.13          1.320        0.000
  R0019724             JUNCTION        0.12          1.416        0.034
  R0021433             JUNCTION        0.26          1.850        0.000
  R0021435             JUNCTION        0.29          1.810        0.000
  
  
  *********************
  Node Flooding Summary
  *********************
  
  Flooding refers to all water that overflows a node, whether it ponds or not.
  --------------------------------------------------------------------------
                                                             Total   Maximum
                                 Maximum   Time of Max       Flood    Ponded
                        Hours       Rate    Occurrence      Volume     Depth
  Node                 Flooded       CMS   days hr:min    10^6 ltr    Meters
  --------------------------------------------------------------------------
  R0019466                0.06     0.221      0  05:05       0.027     0.000
  R0019468                0.05     0.074      0  05:04       0.009     0.000
  R0019831                0.09     0.078      0  05:05       0.013     0.000
  R0019825                0.13     0.283      0  05:05       0.071     0.000
  R0019368                0.03     0.191      0  05:05       0.014     0.000
  R0019345                0.02     0.040      0  05:04       0.002     0.000
  R0019346                0.01     0.044      0  05:04       0.001     0.000
  R0043594                0.01     0.205      0  05:04       0.000     0.000
  R0019373                0.02     0.056      0  05:04       0.002     0.000
  R0019254                0.06     0.061      0  05:05       0.006     0.000
  R0019946                0.02     0.247      0  05:04       0.011     0.000
  R0013935                0.09     0.153      0  05:05       0.025     0.000
  R0019939                0.01     0.024      0  05:04       0.001     0.000
  R0039621                0.08     0.255      0  05:05       0.059     0.000
  R0019838                0.05     0.221      0  05:05       0.020     0.000
  R0021442                0.12     0.282      0  05:05       0.057     0.000
  R0019247                0.02     0.126      0  05:04       0.006     0.000
  R0019719                0.01     0.058      0  05:04       0.001     0.000
  R0021453                0.01     0.417      0  05:03       0.006     0.000
  R0019252                0.11     0.214      0  05:05       0.050     0.000
  R0019721                0.03     0.122      0  05:05       0.008     0.000
  R0019723                0.06     0.154      0  05:05       0.020     0.000
  R0021433                0.12     0.125      0  05:05       0.029     0.000
  R0021435                0.13     0.126      0  05:05       0.039     0.000
  
  
  ***********************
  Outfall Loading Summary
  ***********************
  
  -----------------------------------------------------------
                         Flow       Avg       Max       Total
                         Freq      Flow      Flow      Volume
  Outfall Node           Pcnt       CMS       CMS    10^6 ltr
  -----------------------------------------------------------
  R0019769              14.68     0.108     2.596       4.297
  -----------------------------------------------------------
  System                14.68     0.108     2.596       4.297
  
  
  ********************
  Link Flow Summary
  ********************
  
  -----------------------------------------------------------------------------
                                 Maximum  Time of Max   Maximum    Max/    Max/
                                  |Flow|   Occurrence   |Veloc|    Full    Full
  Link                 Type          CMS  days hr:min     m/sec    Flow   Depth
  -----------------------------------------------------------------------------
  H0014431             CONDUIT     0.091     0  05:01      1.28    1.68    1.00
  H0014433             CONDUIT     0.100     0  05:05      1.42    1.28    1.00
  H0014352             CONDUIT     2.739     0  05:04      4.30    1.12    1.00
  H0014373             CONDUIT     2.625     0  05:04      4.33    1.21    1.00
  H0017981             CONDUIT     0.163     0  05:01      2.30    4.61    1.00
  H0017755             CONDUIT     0.272     0  05:04      2.17    2.21    1.00
  H0017791             CONDUIT     0.545     0  05:03      0.86    0.79    1.00
  H0017357             CONDUIT     0.224     0  05:03      3.18    3.59    1.00
  H0018216             CONDUIT     0.163     0  05:02      2.31    2.98    1.00
  H0016792             CONDUIT     1.945     0  05:04      3.06    1.12    1.00
  H0019507             CONDUIT     0.088     0  05:01      1.24    1.22    1.00
  H0019998             CONDUIT     2.142     0  05:04      3.45    0.86    1.00
  H0019576             CONDUIT     1.928     0  05:05      3.03    1.30    1.00
  H0020087             CONDUIT     0.255     0  05:05      1.30    1.12    1.00
  H0020211             CONDUIT     1.791     0  05:05      2.82    4.46    1.00
  H0018982             CONDUIT     0.713     0  05:04      1.12    1.15    1.00
  H0018753             CONDUIT     0.076     0  05:02      1.08    1.08    1.00
  H0018845             CONDUIT     0.000     0  00:00      0.00    0.00    0.25
  H0018863             CONDUIT     0.127     0  05:02      1.80    2.99    1.00
  H0019156             CONDUIT     0.000     0  00:00      0.00    0.00    0.00
  H0018929             CONDUIT     0.969     0  05:05      1.52    0.84    1.00
  H0018440             CONDUIT     0.158     0  05:01      2.23    2.83    1.00
  H0018456             CONDUIT     0.320     0  05:02      2.54    1.94    1.00
  H0018968             CONDUIT     2.592     0  05:04      5.18    1.00    0.73
  H0022036             CONDUIT     0.593     0  05:03      0.93    0.46    1.00
  H0021806             CONDUIT     0.228     0  05:03      1.81    2.02    1.00
  H0022111             CONDUIT     0.164     0  05:02      0.88    1.17    1.00
  H0021440             CONDUIT     1.700     0  05:04      2.67    1.10    1.00
  H0021704             CONDUIT     1.165     0  05:05      1.83    2.22    1.00
  H0020521             CONDUIT     0.083     0  05:01      1.17    1.67    1.00
  H0020755             CONDUIT     0.170     0  05:03      1.35    1.87    1.00
  H0020530             CONDUIT     2.698     0  05:04      4.24    2.31    1.00
  H0020618             CONDUIT     1.981     0  05:04      3.35    1.23    1.00
  H0021163             CONDUIT     0.123     0  05:01      1.73    2.05    1.00
  H0020497             CONDUIT     0.100     0  05:04      1.42    0.22    1.00
  H0024325             CONDUIT     0.397     0  05:02      2.02    1.18    1.00
  H0023585             CONDUIT     0.728     0  05:02      3.71    1.67    1.00
  H0024098             CONDUIT     0.222     0  05:02      3.14    2.59    1.00
  H0024235             CONDUIT     0.410     0  05:02      2.09    1.68    1.00
  H0024282             CONDUIT     0.033     0  05:04      0.62    0.32    1.00
  H0024308             CONDUIT     2.596     0  05:04      5.90    0.76    0.65
  H0024498             CONDUIT     0.169     0  05:02      2.40    2.63    1.00
  H0026990             CONDUIT     0.136     0  05:03      1.08    1.03    1.00
  H0041650             CONDUIT     0.878     0  05:04      1.38    1.02    1.00
  H0041011             CONDUIT     0.113     0  05:01      1.60    1.12    1.00
  H0045103             CONDUIT     0.703     0  05:04      1.11    0.88    1.00
  H0045104             CONDUIT     2.603     0  05:04      4.86    0.92    0.79
  H0045105             CONDUIT     0.043     0  05:03      0.61    0.75    1.00
  H0045106             CONDUIT     0.515     0  05:02      2.62    0.69    1.00
  H0045107             CONDUIT     0.072     0  05:06      1.01    1.18    1.00
  H0045108             CONDUIT     0.089     0  05:09      1.26    1.60    1.00
  
  
  ***************************
  Flow Classification Summary
  ***************************
  
  -------------------------------------------------------------------------------------
                      Adjusted    ---------- Fraction of Time in Flow Class ---------- 
                       /Actual         Up    Down  Sub   Sup   Up    Down  Norm  Inlet 
  Conduit               Length    Dry  Dry   Dry   Crit  Crit  Crit  Crit  Ltd   Ctrl  
  -------------------------------------------------------------------------------------
  H0014431                1.00   0.03  0.00  0.00  0.97  0.00  0.00  0.00  0.96  0.00
  H0014433                1.00   0.03  0.00  0.00  0.97  0.00  0.00  0.00  0.96  0.00
  H0014352                1.00   0.03  0.00  0.00  0.85  0.12  0.00  0.00  0.96  0.00
  H0014373                1.00   0.03  0.00  0.00  0.83  0.14  0.00  0.00  0.81  0.00
  H0017981                1.00   0.03  0.00  0.00  0.00  0.00  0.00  0.97  0.00  0.00
  H0017755                1.00   0.03  0.00  0.00  0.00  0.00  0.00  0.96  0.00  0.00
  H0017791                1.00   0.03  0.00  0.00  0.97  0.00  0.00  0.00  0.96  0.00
  H0017357                1.00   0.03  0.96  0.00  0.00  0.00  0.00  0.00  0.93  0.00
  H0018216                1.00   0.03  0.82  0.00  0.15  0.00  0.00  0.00  0.96  0.00
  H0016792                1.00   0.03  0.81  0.00  0.15  0.00  0.00  0.00  0.96  0.00
  H0019507                1.00   0.03  0.00  0.00  0.97  0.00  0.00  0.00  0.96  0.00
  H0019998                1.00   0.03  0.00  0.00  0.83  0.14  0.00  0.00  0.15  0.00
  H0019576                1.00   0.03  0.00  0.00  0.85  0.12  0.00  0.00  0.13  0.00
  H0020087                1.00   0.03  0.95  0.00  0.02  0.00  0.00  0.00  0.93  0.00
  H0020211                1.00   0.03  0.00  0.00  0.97  0.00  0.00  0.00  0.81  0.00
  H0018982                1.00   0.03  0.00  0.00  0.97  0.00  0.00  0.00  0.84  0.00
  H0018753                1.00   0.03  0.00  0.00  0.97  0.00  0.00  0.00  0.96  0.00
  H0018845                1.00   0.07  0.93  0.00  0.00  0.00  0.00  0.00  0.00  0.00
  H0018863                1.00   0.03  0.00  0.00  0.97  0.00  0.00  0.00  0.96  0.00
  H0019156                1.00   1.00  0.00  0.00  0.00  0.00  0.00  0.00  0.00  0.00
  H0018929                1.00   0.03  0.82  0.00  0.15  0.00  0.00  0.00  0.96  0.00
  H0018440                1.00   0.03  0.00  0.00  0.97  0.00  0.00  0.00  0.96  0.00
  H0018456                1.00   0.03  0.00  0.00  0.97  0.00  0.00  0.00  0.96  0.00
  H0018968                1.00   0.03  0.81  0.00  0.01  0.14  0.00  0.00  0.83  0.00
  H0022036                1.00   0.03  0.00  0.00  0.05  0.06  0.00  0.85  0.04  0.00
  H0021806                1.00   0.03  0.82  0.00  0.15  0.00  0.00  0.00  0.85  0.00
  H0022111                1.00   0.03  0.00  0.00  0.97  0.00  0.00  0.00  0.00  0.00
  H0021440                1.00   0.03  0.00  0.00  0.85  0.12  0.00  0.00  0.02  0.00
  H0021704                1.00   0.03  0.00  0.00  0.00  0.00  0.00  0.97  0.00  0.00
  H0020521                1.00   0.03  0.00  0.00  0.97  0.00  0.00  0.00  0.96  0.00
  H0020755                1.00   0.03  0.83  0.00  0.14  0.00  0.00  0.00  0.96  0.00
  H0020530                1.00   0.03  0.00  0.00  0.85  0.12  0.00  0.00  0.02  0.00
  H0020618                1.00   0.03  0.00  0.00  0.84  0.13  0.00  0.00  0.85  0.00
  H0021163                1.00   0.03  0.00  0.00  0.94  0.03  0.00  0.00  0.83  0.00
  H0020497                1.20   0.03  0.96  0.00  0.01  0.00  0.00  0.00  0.93  0.00
  H0024325                1.00   0.03  0.00  0.00  0.85  0.12  0.00  0.00  0.83  0.00
  H0023585                1.00   0.03  0.00  0.00  0.00  0.00  0.00  0.97  0.00  0.00
  H0024098                1.00   0.03  0.82  0.00  0.14  0.00  0.00  0.00  0.96  0.00
  H0024235                1.00   0.03  0.00  0.00  0.00  0.00  0.00  0.97  0.00  0.00
  H0024282                1.00   0.07  0.00  0.00  0.93  0.00  0.00  0.00  0.00  0.00
  H0024308                1.00   0.03  0.00  0.00  0.81  0.16  0.00  0.00  0.05  0.00
  H0024498                1.00   0.03  0.00  0.00  0.00  0.00  0.00  0.97  0.00  0.00
  H0026990                1.00   0.03  0.00  0.00  0.97  0.00  0.00  0.00  0.97  0.00
  H0041650                1.00   0.85  0.01  0.00  0.14  0.00  0.00  0.00  0.94  0.00
  H0041011                1.00   0.03  0.00  0.00  0.97  0.00  0.00  0.00  0.96  0.00
  H0045103                1.00   0.03  0.00  0.00  0.97  0.00  0.00  0.00  0.84  0.00
  H0045104                1.00   0.03  0.00  0.00  0.82  0.15  0.00  0.00  0.15  0.00
  H0045105                1.00   0.03  0.00  0.00  0.97  0.00  0.00  0.00  0.97  0.00
  H0045106                1.00   0.03  0.00  0.00  0.84  0.13  0.00  0.00  0.96  0.00
  H0045107                1.00   0.03  0.00  0.00  0.97  0.00  0.00  0.00  0.96  0.00
  H0045108                1.00   0.03  0.00  0.00  0.97  0.00  0.00  0.00  0.96  0.00
  
  
  *************************
  Conduit Surcharge Summary
  *************************
  
  ----------------------------------------------------------------------------
                                                           Hours        Hours 
                         --------- Hours Full --------   Above Full   Capacity
  Conduit                Both Ends  Upstream  Dnstream   Normal Flow   Limited
  ----------------------------------------------------------------------------
  H0014431                    0.30      0.30      0.30      0.33         0.29
  H0014433                    0.20      0.20      0.26      0.10         0.10
  H0014352                    0.14      0.14      0.17      0.06         0.06
  H0014373                    0.01      0.07      0.01      0.12         0.05
  H0017981                    0.16      0.19      0.16      0.37         0.17
  H0017755                    0.17      0.18      0.17      0.20         0.15
  H0017791                    0.07      0.07      0.08      0.01         0.01
  H0017357                    0.14      0.14      0.22      0.14         0.01
  H0018216                    0.19      0.23      0.19      0.27         0.21
  H0016792                    0.11      0.11      0.15      0.03         0.02
  H0019507                    0.21      0.21      0.30      0.03         0.02
  H0019998                    0.10      0.10      0.14      0.01         0.01
  H0019576                    0.09      0.09      0.09      0.11         0.07
  H0020087                    0.11      0.11      0.12      0.05         0.01
  H0020211                    0.09      0.15      0.09      0.31         0.11
  H0018982                    0.08      0.08      0.09      0.01         0.02
  H0018753                    0.22      0.22      0.30      0.02         0.01
  H0018863                    0.30      0.30      0.32      0.18         0.18
  H0018929                    0.09      0.09      0.10      0.01         0.01
  H0018440                    0.26      0.32      0.26      0.35         0.28
  H0018456                    0.16      0.16      0.16      0.14         0.13
  H0022036                    0.06      0.06      0.07      0.01         0.01
  H0021806                    0.18      0.21      0.18      0.21         0.17
  H0022111                    0.12      0.12      0.12      0.04         0.04
  H0021440                    0.09      0.09      0.11      0.03         0.02
  H0021704                    0.09      0.10      0.09      0.17         0.08
  H0020521                    0.19      0.19      0.23      0.07         0.06
  H0020755                    0.15      0.15      0.16      0.07         0.07
  H0020530                    0.07      0.17      0.07      0.21         0.16
  H0020618                    0.09      0.09      0.10      0.12         0.09
  H0021163                    0.26      0.26      0.27      0.19         0.16
  H0020497                    0.05      0.05      0.25      0.01         0.01
  H0024325                    0.12      0.12      0.15      0.01         0.01
  H0023585                    0.15      0.16      0.15      0.17         0.15
  H0024098                    0.32      0.32      0.38      0.24         0.23
  H0024235                    0.13      0.13      0.14      0.10         0.08
  H0024282                    0.01      0.01      0.04      0.01         0.01
  H0024498                    0.15      0.30      0.15      0.34         0.26
  H0026990                    0.13      0.13      0.15      0.01         0.01
  H0041650                    0.09      0.09      0.09      0.01         0.02
  H0041011                    0.27      0.27      0.32      0.03         0.02
  H0045103                    0.09      0.09      0.09      0.01         0.01
  H0045105                    0.12      0.12      0.14      0.01         0.01
  H0045106                    0.15      0.15      0.16      0.01         0.01
  H0045107                    0.26      0.26      0.29      0.13         0.12
  H0045108                    0.29      0.29      0.32      0.24         0.24
  

  Analysis begun on:  Fri Mar 22 15:55:09 2024
  Analysis ended on:  Fri Mar 22 15:55:21 2024
  Total elapsed time: 00:00:12