
  EPA STORM WATER MANAGEMENT MODEL - VERSION 5.2 (Build 5.2.4)
  PYSWMM TOOLKIT API - VERSION v1.0 (2023-11-27)
  ------------------------------------------------------------

  Gievenbeck_2023-10-13 17 15 00_hN23 6 
  
  ****************
  Analysis Options
  ****************
  Flow Units ............... CMS
  Process Models:
    Rainfall/Runoff ........ YES
    RDII ................... NO
    Snowmelt ............... NO
    Groundwater ............ NO
    Flow Routing ........... YES
    Ponding Allowed ........ NO
    Water Quality .......... NO
  Infiltration Method ...... HORTON
  Flow Routing Method ...... DYNWAVE
  Surcharge Method ......... SLOT
  Starting Date ............ 01/01/2024 00:00:00
  Ending Date .............. 01/04/2024 04:00:00
  Antecedent Dry Days ...... 14.0
  Report Time Step ......... 00:01:00
  Wet Time Step ............ 00:01:00
  Dry Time Step ............ 00:01:00
  Routing Time Step ........ 1.00 sec
  Variable Time Step ....... YES
  Maximum Trials ........... 8
  Number of Threads ........ 1
  Head Tolerance ........... 0.001500 m
  
  
  **************************        Volume         Depth
  Runoff Quantity Continuity     hectare-m            mm
  **************************     ---------       -------
  Total Precipitation ......         0.239        23.600
  Evaporation Loss .........         0.011         1.037
  Infiltration Loss ........         0.135        13.352
  Surface Runoff ...........         0.093         9.219
  Final Storage ............         0.000         0.000
  Continuity Error (%) .....        -0.038
  
  
  **************************        Volume        Volume
  Flow Routing Continuity        hectare-m      10^6 ltr
  **************************     ---------     ---------
  Dry Weather Inflow .......         0.000         0.000
  Wet Weather Inflow .......         0.093         0.933
  Groundwater Inflow .......         0.000         0.000
  RDII Inflow ..............         0.000         0.000
  External Inflow ..........         0.000         0.000
  External Outflow .........         0.093         0.933
  Flooding Loss ............         0.000         0.000
  Evaporation Loss .........         0.000         0.000
  Exfiltration Loss ........         0.000         0.000
  Initial Stored Volume ....         0.000         0.000
  Final Stored Volume ......         0.000         0.000
  Continuity Error (%) .....         0.003
  
  
  ***************************
  Time-Step Critical Elements
  ***************************
  None
  
  
  ********************************
  Highest Flow Instability Indexes
  ********************************
  All links are stable.
  
  
  *********************************
  Most Frequent Nonconverging Nodes
  *********************************
  Convergence obtained at all time steps.
  
  
  *************************
  Routing Time Step Summary
  *************************
  Minimum Time Step           :     0.50 sec
  Average Time Step           :     1.00 sec
  Maximum Time Step           :     1.00 sec
  % of Time in Steady State   :     0.00
  Average Iterations per Step :     2.00
  % of Steps Not Converging   :     0.00
  Time Step Frequencies       :
      1.000 -  0.871 sec      :   100.00 %
      0.871 -  0.758 sec      :     0.00 %
      0.758 -  0.660 sec      :     0.00 %
      0.660 -  0.574 sec      :     0.00 %
      0.574 -  0.500 sec      :     0.00 %
  
  
  ***************************
  Subcatchment Runoff Summary
  ***************************
  
  ------------------------------------------------------------------------------------------------------------------------------
                            Total      Total      Total      Total     Imperv       Perv      Total       Total     Peak  Runoff
                           Precip      Runon       Evap      Infil     Runoff     Runoff     Runoff      Runoff   Runoff   Coeff
  Subcatchment                 mm         mm         mm         mm         mm         mm         mm    10^6 ltr      CMS
  ------------------------------------------------------------------------------------------------------------------------------
  EZG_368                   23.60       0.00       1.03      13.42      10.78       0.00       9.16        0.04     0.01   0.388
  EZG_392                   23.60       0.00       1.03      13.42      10.78       0.00       9.16        0.03     0.01   0.388
  EZG_352                   23.60       0.00       1.04      13.42      10.77       0.00       9.16        0.05     0.01   0.388
  EZG_372                   23.60       0.00       1.02      13.42      10.80       0.00       9.18        0.01     0.00   0.389
  EZG_416                   23.60       0.00       1.03      13.42      10.78       0.00       9.17        0.03     0.01   0.388
  EZG_388                   23.60       0.00       1.03      13.42      10.78       0.00       9.16        0.04     0.01   0.388
  EZG_394                   23.60       0.00       1.03      13.42      10.78       0.00       9.17        0.03     0.01   0.388
  EZG_400                   23.60       0.00       1.03      13.42      10.79       0.00       9.17        0.02     0.01   0.388
  EZG_390                   23.60       0.00       1.03      13.42      10.78       0.00       9.16        0.03     0.01   0.388
  EZG_350                   23.60       0.00       1.03      13.42      10.78       0.00       9.16        0.04     0.01   0.388
  EZG_370                   23.60       0.00       1.03      13.42      10.78       0.00       9.16        0.03     0.01   0.388
  EZG_398                   23.60       0.00       1.02      13.42      10.80       0.00       9.18        0.01     0.00   0.389
  EZG_382                   23.60       0.00       1.01      13.42      10.80       0.00       9.18        0.01     0.00   0.389
  EZG_374                   23.60       0.00       1.24      11.38      12.93       0.00      10.99        0.04     0.01   0.466
  EZG_412                   23.60       0.00       1.01      13.42      10.81       0.00       9.19        0.00     0.00   0.389
  EZG_344                   23.60       0.00       1.02      13.42      10.79       0.00       9.17        0.02     0.01   0.388
  EZG_376                   23.60       0.00       1.02      13.42      10.79       0.00       9.17        0.02     0.01   0.389
  EZG_356                   23.60       0.00       1.04      13.42      10.77       0.00       9.15        0.06     0.01   0.388
  EZG_386                   23.60       0.00       1.04      13.41      10.77       0.00       9.15        0.07     0.02   0.388
  EZG_380                   23.60       0.00       1.03      13.42      10.78       0.00       9.16        0.04     0.01   0.388
  EZG_378                   23.60       0.00       1.03      13.42      10.78       0.00       9.16        0.03     0.01   0.388
  EZG_414                   23.60       0.00       1.01      13.42      10.80       0.00       9.18        0.01     0.00   0.389
  EZG_402                   23.60       0.00       1.03      13.42      10.78       0.00       9.16        0.03     0.01   0.388
  EZG_358                   23.60       0.00       1.04      13.42      10.77       0.00       9.15        0.06     0.01   0.388
  EZG_364                   23.60       0.00       1.04      13.42      10.77       0.00       9.15        0.06     0.01   0.388
  EZG_410                   23.60       0.00       1.02      13.42      10.79       0.00       9.17        0.02     0.01   0.389
  EZG_366                   23.60       0.00       1.02      13.42      10.79       0.00       9.17        0.02     0.01   0.388
  EZG_18259                 23.60       0.00       1.02      13.42      10.79       0.00       9.17        0.02     0.01   0.388
  EZG_18258                 23.60       0.00       1.01      13.42      10.81       0.00       9.19        0.01     0.00   0.389
  EZG_346                   23.60       0.00       1.01      13.62      10.56       0.00       8.98        0.03     0.01   0.381
  EZG_348                   23.60       0.00       1.00      13.62      10.57       0.00       8.99        0.02     0.01   0.381
  
  
  ******************
  Node Depth Summary
  ******************
  
  ---------------------------------------------------------------------------------
                                 Average  Maximum  Maximum  Time of Max    Reported
                                   Depth    Depth      HGL   Occurrence   Max Depth
  Node                 Type       Meters   Meters   Meters  days hr:min      Meters
  ---------------------------------------------------------------------------------
  R0019466             JUNCTION     0.00     0.12    69.57     0  08:46        0.12
  R0019468             JUNCTION     0.00     0.12    69.43     0  08:47        0.12
  R0019831             JUNCTION     0.00     0.06    69.23     0  08:45        0.06
  R0019825             JUNCTION     0.00     0.10    68.94     0  08:46        0.10
  R0019843             JUNCTION     0.01     0.18    67.81     0  08:50        0.18
  R0019368             JUNCTION     0.01     0.26    67.05     0  08:51        0.26
  R0019369             JUNCTION     0.01     0.19    66.78     0  08:51        0.19
  R0019370             JUNCTION     0.01     0.17    66.07     0  08:51        0.17
  R0019345             JUNCTION     0.00     0.12    70.02     0  08:47        0.12
  R0019346             JUNCTION     0.00     0.10    69.90     0  08:47        0.10
  R0043600             JUNCTION     0.00     0.12    69.79     0  08:48        0.12
  R0019203             JUNCTION     0.00     0.14    69.68     0  08:49        0.14
  R0043594             JUNCTION     0.00     0.10    69.83     0  08:47        0.10
  R0021458             JUNCTION     0.00     0.13    69.78     0  08:48        0.13
  R0019202             JUNCTION     0.00     0.12    69.70     0  08:49        0.12
  R0019373             JUNCTION     0.00     0.07    69.74     0  08:45        0.07
  R0019254             JUNCTION     0.00     0.10    70.14     0  08:46        0.10
  R0019716             JUNCTION     0.01     0.16    69.17     0  08:50        0.16
  R0019946             JUNCTION     0.01     0.26    68.88     0  08:50        0.26
  R0013935             JUNCTION     0.00     0.06    68.89     0  08:45        0.06
  R0019939             JUNCTION     0.00     0.09    68.66     0  08:46        0.09
  R0019944             JUNCTION     0.01     0.15    68.43     0  08:50        0.15
  R0043703             JUNCTION     0.01     0.18    68.78     0  08:50        0.18
  R0019945             JUNCTION     0.01     0.18    68.58     0  08:50        0.18
  R0039621             JUNCTION     0.00     0.00    69.57     0  00:00        0.00
  R0019838             JUNCTION     0.00     0.11    69.57     0  08:47        0.11
  R0039606             JUNCTION     0.00     0.12    69.71     0  08:49        0.12
  R0019204             JUNCTION     0.00     0.00    69.91     0  00:00        0.00
  R0019205             JUNCTION     0.00     0.00    69.62     0  00:00        0.00
  R0019849             JUNCTION     0.00     0.11    68.63     0  08:47        0.11
  R0019371             JUNCTION     0.00     0.00    70.41     0  00:00        0.00
  R0019718             JUNCTION     0.01     0.20    69.62     0  08:50        0.20
  R0021442             JUNCTION     0.00     0.13    70.18     0  08:47        0.13
  R0019247             JUNCTION     0.00     0.14    70.02     0  08:47        0.14
  R0019719             JUNCTION     0.00     0.12    69.80     0  08:48        0.12
  R0019767             JUNCTION     0.01     0.18    64.91     0  08:51        0.18
  R0019768             JUNCTION     0.01     0.15    63.92     0  08:51        0.15
  R0021453             JUNCTION     0.00     0.04    69.99     0  08:45        0.04
  R0019839             JUNCTION     0.00     0.10    69.49     0  08:47        0.10
  R0019717             JUNCTION     0.01     0.16    69.50     0  08:50        0.16
  R0019252             JUNCTION     0.00     0.08    70.27     0  08:45        0.08
  R0019721             JUNCTION     0.00     0.09    69.96     0  08:47        0.09
  R0019942             JUNCTION     0.00     0.08    68.73     0  08:46        0.08
  R0019206             JUNCTION     0.00     0.00    69.07     0  00:00        0.00
  R0019840             JUNCTION     0.00     0.09    69.06     0  08:47        0.09
  R0043702             JUNCTION     0.00     0.13    68.83     0  08:48        0.13
  R0019723             JUNCTION     0.00     0.06    70.14     0  08:45        0.06
  R0019724             JUNCTION     0.00     0.04    70.20     0  08:45        0.04
  R0021433             JUNCTION     0.00     0.07    70.46     0  08:45        0.07
  R0021435             JUNCTION     0.00     0.10    70.28     0  08:46        0.10
  R0019769             OUTFALL      0.00     0.15    63.53     0  08:52        0.15
  
  
  *******************
  Node Inflow Summary
  *******************
  
  -------------------------------------------------------------------------------------------------
                                  Maximum  Maximum                  Lateral       Total        Flow
                                  Lateral    Total  Time of Max      Inflow      Inflow     Balance
                                   Inflow   Inflow   Occurrence      Volume      Volume       Error
  Node                 Type           CMS      CMS  days hr:min    10^6 ltr    10^6 ltr     Percent
  -------------------------------------------------------------------------------------------------
  R0019466             JUNCTION     0.010    0.018     0  08:45      0.0379      0.0707      -0.027
  R0019468             JUNCTION     0.006    0.023     0  08:46      0.0219      0.0927       0.028
  R0019831             JUNCTION     0.008    0.008     0  08:45      0.0297      0.0297      -0.078
  R0019825             JUNCTION     0.008    0.015     0  08:45      0.0298      0.0595      -0.005
  R0019843             JUNCTION     0.000    0.214     0  08:50           0       0.933      -0.010
  R0019368             JUNCTION     0.000    0.214     0  08:50           0       0.933       0.001
  R0019369             JUNCTION     0.000    0.214     0  08:51           0       0.933       0.000
  R0019370             JUNCTION     0.000    0.214     0  08:51           0       0.933       0.004
  R0019345             JUNCTION     0.000    0.014     0  08:46           0      0.0582       0.086
  R0019346             JUNCTION     0.001    0.024     0  08:47     0.00367      0.0972       0.031
  R0043600             JUNCTION     0.000    0.027     0  08:48           0       0.113       0.098
  R0019203             JUNCTION     0.002    0.060     0  08:49     0.00812       0.252      -0.019
  R0043594             JUNCTION     0.013    0.019     0  08:45      0.0541      0.0772      -0.080
  R0021458             JUNCTION     0.011    0.028     0  08:46      0.0421       0.119      -0.022
  R0019202             JUNCTION     0.004    0.031     0  08:49      0.0124       0.132      -0.014
  R0019373             JUNCTION     0.009    0.009     0  08:45      0.0329      0.0329      -0.038
  R0019254             JUNCTION     0.007    0.015     0  08:45      0.0267      0.0581      -0.041
  R0019716             JUNCTION     0.011    0.121     0  08:50      0.0417       0.519      -0.025
  R0019946             JUNCTION     0.000    0.121     0  08:50           0       0.519       0.026
  R0013935             JUNCTION     0.007    0.007     0  08:45      0.0254      0.0254      -0.084
  R0019939             JUNCTION     0.003    0.009     0  08:45     0.00909      0.0345      -0.012
  R0019944             JUNCTION     0.006    0.153     0  08:50      0.0236       0.666       0.000
  R0043703             JUNCTION     0.008    0.127     0  08:50       0.029       0.548       0.003
  R0019945             JUNCTION     0.000    0.149     0  08:50           0       0.642       0.001
  R0039621             JUNCTION     0.000    0.000     0  00:00           0           0       0.000 ltr
  R0019838             JUNCTION     0.014    0.014     0  08:45      0.0587      0.0587      -0.004
  R0039606             JUNCTION     0.000    0.028     0  08:48           0       0.119       0.099
  R0019204             JUNCTION     0.000    0.000     0  00:00           0           0       0.000 ltr
  R0019205             JUNCTION     0.000    0.000     0  00:00           0           0       0.000 ltr
  R0019849             JUNCTION     0.000    0.024     0  08:46           0       0.094       0.006
  R0019371             JUNCTION     0.000    0.000     0  00:00           0           0       0.000 ltr
  R0019718             JUNCTION     0.009    0.068     0  08:49      0.0357       0.288       0.016
  R0021442             JUNCTION     0.010    0.023     0  08:46      0.0417      0.0943      -0.023
  R0019247             JUNCTION     0.005    0.027     0  08:46      0.0183       0.113      -0.073
  R0019719             JUNCTION     0.005    0.029     0  08:47      0.0193       0.116      -0.008
  R0019767             JUNCTION     0.000    0.214     0  08:51           0       0.933      -0.001
  R0019768             JUNCTION     0.000    0.214     0  08:51           0       0.933       0.006
  R0021453             JUNCTION     0.006    0.006     0  08:45      0.0232      0.0232       0.129
  R0019839             JUNCTION     0.014    0.027     0  08:46      0.0579       0.117      -0.025
  R0019717             JUNCTION     0.017    0.112     0  08:50      0.0731       0.478       0.001
  R0019252             JUNCTION     0.008    0.008     0  08:45      0.0314      0.0314      -0.085
  R0019721             JUNCTION     0.002    0.010     0  08:45     0.00799      0.0354       0.020
  R0019942             JUNCTION     0.000    0.015     0  08:46           0      0.0595       0.041
  R0019206             JUNCTION     0.000    0.000     0  00:00           0           0       0.000 ltr
  R0019840             JUNCTION     0.000    0.050     0  08:47           0       0.209       0.015
  R0043702             JUNCTION     0.014    0.063     0  08:47       0.058       0.267      -0.003
  R0019723             JUNCTION     0.006    0.008     0  08:45      0.0218      0.0274      -0.105
  R0019724             JUNCTION     0.002    0.002     0  08:45     0.00562     0.00562      -0.115
  R0021433             JUNCTION     0.009    0.009     0  08:45      0.0327      0.0327      -0.083
  R0021435             JUNCTION     0.006    0.014     0  08:45        0.02      0.0527       0.035
  R0019769             OUTFALL      0.000    0.214     0  08:52           0       0.933       0.000
  
  
  **********************
  Node Surcharge Summary
  **********************
  
  No nodes were surcharged.
  
  
  *********************
  Node Flooding Summary
  *********************
  
  No nodes were flooded.
  
  
  ***********************
  Outfall Loading Summary
  ***********************
  
  -----------------------------------------------------------
                         Flow       Avg       Max       Total
                         Freq      Flow      Flow      Volume
  Outfall Node           Pcnt       CMS       CMS    10^6 ltr
  -----------------------------------------------------------
  R0019769              11.57     0.029     0.214       0.933
  -----------------------------------------------------------
  System                11.57     0.029     0.214       0.933
  
  
  ********************
  Link Flow Summary
  ********************
  
  -----------------------------------------------------------------------------
                                 Maximum  Time of Max   Maximum    Max/    Max/
                                  |Flow|   Occurrence   |Veloc|    Full    Full
  Link                 Type          CMS  days hr:min     m/sec    Flow   Depth
  -----------------------------------------------------------------------------
  H0014431             CONDUIT     0.017     0  08:46      0.67    0.32    0.40
  H0014433             CONDUIT     0.008     0  08:45      0.48    0.10    0.28
  H0014352             CONDUIT     0.214     0  08:50      1.78    0.09    0.24
  H0014373             CONDUIT     0.214     0  08:51      2.35    0.10    0.20
  H0017981             CONDUIT     0.014     0  08:47      0.65    0.40    0.35
  H0017755             CONDUIT     0.027     0  08:49      0.86    0.22    0.30
  H0017791             CONDUIT     0.018     0  08:47      0.39    0.03    0.13
  H0017357             CONDUIT     0.000     0  00:00      0.00    0.00    0.12
  H0018216             CONDUIT     0.014     0  08:46      0.61    0.26    0.37
  H0016792             CONDUIT     0.121     0  08:50      1.08    0.07    0.23
  H0019507             CONDUIT     0.007     0  08:45      0.47    0.09    0.26
  H0019998             CONDUIT     0.153     0  08:50      1.91    0.06    0.18
  H0019576             CONDUIT     0.127     0  08:50      1.39    0.09    0.20
  H0020087             CONDUIT     0.000     0  00:00      0.00    0.00    0.11
  H0020211             CONDUIT     0.121     0  08:50      1.02    0.30    0.24
  H0018982             CONDUIT     0.028     0  08:48      0.53    0.05    0.14
  H0018753             CONDUIT     0.008     0  08:45      0.44    0.12    0.31
  H0018845             CONDUIT     0.000     0  00:00      0.00    0.00    0.00
  H0018863             CONDUIT     0.009     0  08:46      0.44    0.21    0.33
  H0019156             CONDUIT     0.000     0  00:00      0.00    0.00    0.00
  H0018929             CONDUIT     0.060     0  08:49      0.72    0.05    0.19
  H0018440             CONDUIT     0.023     0  08:47      0.75    0.41    0.45
  H0018456             CONDUIT     0.024     0  08:47      0.86    0.15    0.27
  H0018968             CONDUIT     0.214     0  08:51      2.67    0.08    0.18
  H0022036             CONDUIT     0.006     0  08:45      0.46    0.00    0.06
  H0021806             CONDUIT     0.027     0  08:48      0.77    0.24    0.33
  H0022111             CONDUIT     0.014     0  08:47      0.47    0.10    0.21
  H0021440             CONDUIT     0.112     0  08:50      1.43    0.07    0.18
  H0021704             CONDUIT     0.067     0  08:50      0.78    0.13    0.19
  H0020521             CONDUIT     0.008     0  08:45      0.43    0.16    0.31
  H0020755             CONDUIT     0.009     0  08:47      0.40    0.10    0.24
  H0020530             CONDUIT     0.214     0  08:51      1.69    0.18    0.25
  H0020618             CONDUIT     0.149     0  08:50      1.81    0.09    0.19
  H0021163             CONDUIT     0.015     0  08:46      0.83    0.25    0.30
  H0020497             CONDUIT     0.000     0  00:00      0.00    0.00    0.30
  H0024325             CONDUIT     0.027     0  08:47      1.09    0.08    0.18
  H0023585             CONDUIT     0.063     0  08:48      1.58    0.14    0.26
  H0024098             CONDUIT     0.024     0  08:47      0.81    0.28    0.48
  H0024235             CONDUIT     0.028     0  08:48      0.85    0.12    0.23
  H0024282             CONDUIT     0.000     0  00:00      0.00    0.00    0.00
  H0024308             CONDUIT     0.214     0  08:52      2.99    0.06    0.17
  H0024498             CONDUIT     0.023     0  08:47      0.87    0.35    0.40
  H0026990             CONDUIT     0.007     0  08:45      0.47    0.06    0.19
  H0041650             CONDUIT     0.031     0  08:49      0.55    0.04    0.14
  H0041011             CONDUIT     0.015     0  08:46      0.80    0.15    0.31
  H0045103             CONDUIT     0.028     0  08:49      0.56    0.04    0.13
  H0045104             CONDUIT     0.214     0  08:51      2.50    0.08    0.19
  H0045105             CONDUIT     0.002     0  08:45      0.23    0.03    0.16
  H0045106             CONDUIT     0.050     0  08:47      1.59    0.07    0.22
  H0045107             CONDUIT     0.008     0  08:45      0.50    0.14    0.29
  H0045108             CONDUIT     0.013     0  08:46      0.52    0.24    0.39
  
  
  ***************************
  Flow Classification Summary
  ***************************
  
  -------------------------------------------------------------------------------------
                      Adjusted    ---------- Fraction of Time in Flow Class ---------- 
                       /Actual         Up    Down  Sub   Sup   Up    Down  Norm  Inlet 
  Conduit               Length    Dry  Dry   Dry   Crit  Crit  Crit  Crit  Ltd   Ctrl  
  -------------------------------------------------------------------------------------
  H0014431                1.00   0.06  0.00  0.00  0.94  0.00  0.00  0.00  0.93  0.00
  H0014433                1.00   0.06  0.00  0.00  0.94  0.00  0.00  0.00  0.94  0.00
  H0014352                1.00   0.06  0.00  0.00  0.87  0.07  0.00  0.00  0.94  0.00
  H0014373                1.00   0.06  0.00  0.00  0.84  0.11  0.00  0.00  0.82  0.00
  H0017981                1.00   0.06  0.00  0.00  0.00  0.00  0.00  0.94  0.00  0.00
  H0017755                1.00   0.06  0.00  0.00  0.00  0.00  0.00  0.94  0.00  0.00
  H0017791                1.00   0.06  0.00  0.00  0.94  0.00  0.00  0.00  0.94  0.00
  H0017357                1.00   0.06  0.94  0.00  0.00  0.00  0.00  0.00  0.00  0.00
  H0018216                1.00   0.06  0.82  0.00  0.12  0.00  0.00  0.00  0.94  0.00
  H0016792                1.00   0.06  0.82  0.00  0.12  0.00  0.00  0.00  0.94  0.00
  H0019507                1.00   0.06  0.00  0.00  0.94  0.00  0.00  0.00  0.94  0.00
  H0019998                1.00   0.06  0.00  0.00  0.84  0.10  0.00  0.00  0.12  0.00
  H0019576                1.00   0.06  0.00  0.00  0.88  0.06  0.00  0.00  0.11  0.00
  H0020087                1.00   0.06  0.94  0.00  0.00  0.00  0.00  0.00  0.00  0.00
  H0020211                1.00   0.06  0.00  0.00  0.94  0.00  0.00  0.00  0.81  0.00
  H0018982                1.00   0.06  0.00  0.00  0.94  0.00  0.00  0.00  0.85  0.00
  H0018753                1.00   0.06  0.00  0.00  0.94  0.00  0.00  0.00  0.94  0.00
  H0018845                1.00   1.00  0.00  0.00  0.00  0.00  0.00  0.00  0.00  0.00
  H0018863                1.00   0.06  0.00  0.00  0.94  0.00  0.00  0.00  0.94  0.00
  H0019156                1.00   1.00  0.00  0.00  0.00  0.00  0.00  0.00  0.00  0.00
  H0018929                1.00   0.06  0.82  0.00  0.12  0.00  0.00  0.00  0.94  0.00
  H0018440                1.00   0.06  0.00  0.00  0.94  0.00  0.00  0.00  0.93  0.00
  H0018456                1.00   0.06  0.00  0.00  0.94  0.00  0.00  0.00  0.94  0.00
  H0018968                1.00   0.06  0.81  0.00  0.02  0.11  0.00  0.00  0.84  0.00
  H0022036                1.00   0.06  0.00  0.00  0.03  0.02  0.00  0.90  0.02  0.00
  H0021806                1.00   0.06  0.82  0.00  0.12  0.00  0.00  0.00  0.90  0.00
  H0022111                1.00   0.06  0.00  0.00  0.94  0.00  0.00  0.00  0.01  0.00
  H0021440                1.00   0.06  0.00  0.00  0.87  0.07  0.00  0.00  0.04  0.00
  H0021704                1.00   0.06  0.00  0.00  0.00  0.00  0.00  0.94  0.00  0.00
  H0020521                1.00   0.06  0.00  0.00  0.94  0.00  0.00  0.00  0.94  0.00
  H0020755                1.00   0.06  0.83  0.00  0.11  0.00  0.00  0.00  0.94  0.00
  H0020530                1.00   0.06  0.00  0.00  0.87  0.07  0.00  0.00  0.01  0.00
  H0020618                1.00   0.06  0.00  0.00  0.85  0.09  0.00  0.00  0.84  0.00
  H0021163                1.00   0.06  0.00  0.00  0.93  0.01  0.00  0.00  0.85  0.00
  H0020497                1.20   0.06  0.94  0.00  0.00  0.00  0.00  0.00  0.00  0.00
  H0024325                1.00   0.06  0.00  0.00  0.87  0.07  0.00  0.00  0.84  0.00
  H0023585                1.00   0.06  0.00  0.00  0.00  0.00  0.00  0.94  0.00  0.00
  H0024098                1.00   0.06  0.83  0.00  0.11  0.00  0.00  0.00  0.94  0.00
  H0024235                1.00   0.06  0.00  0.00  0.00  0.00  0.00  0.94  0.00  0.00
  H0024282                1.00   1.00  0.00  0.00  0.00  0.00  0.00  0.00  0.00  0.00
  H0024308                1.00   0.06  0.00  0.00  0.82  0.13  0.00  0.00  0.03  0.00
  H0024498                1.00   0.06  0.00  0.00  0.00  0.00  0.00  0.94  0.00  0.00
  H0026990                1.00   0.06  0.00  0.00  0.94  0.00  0.00  0.00  0.94  0.00
  H0041650                1.00   0.88  0.02  0.00  0.10  0.00  0.00  0.00  0.93  0.00
  H0041011                1.00   0.06  0.00  0.00  0.94  0.00  0.00  0.00  0.94  0.00
  H0045103                1.00   0.06  0.00  0.00  0.94  0.00  0.00  0.00  0.87  0.00
  H0045104                1.00   0.06  0.00  0.00  0.83  0.11  0.00  0.00  0.12  0.00
  H0045105                1.00   0.06  0.00  0.00  0.94  0.00  0.00  0.00  0.94  0.00
  H0045106                1.00   0.06  0.00  0.00  0.86  0.08  0.00  0.00  0.94  0.00
  H0045107                1.00   0.06  0.00  0.00  0.94  0.00  0.00  0.00  0.94  0.00
  H0045108                1.00   0.06  0.00  0.00  0.94  0.00  0.00  0.00  0.94  0.00
  
  
  *************************
  Conduit Surcharge Summary
  *************************
  
  No conduits were surcharged.
  

  Analysis begun on:  Fri Mar 22 15:55:28 2024
  Analysis ended on:  Fri Mar 22 15:55:38 2024
  Total elapsed time: 00:00:10