
  EPA STORM WATER MANAGEMENT MODEL - VERSION 5.2 (Build 5.2.4)
  PYSWMM TOOLKIT API - VERSION v1.0 (2023-11-27)
  ------------------------------------------------------------

  Gievenbeck_e2_T5D2880 
  
  ****************
  Analysis Options
  ****************
  Flow Units ............... CMS
  Process Models:
    Rainfall/Runoff ........ YES
    RDII ................... NO
    Snowmelt ............... NO
    Groundwater ............ NO
    Flow Routing ........... YES
    Ponding Allowed ........ NO
    Water Quality .......... NO
  Infiltration Method ...... HORTON
  Flow Routing Method ...... DYNWAVE
  Surcharge Method ......... SLOT
  Starting Date ............ 01/01/2024 00:00:00
  Ending Date .............. 01/04/2024 04:00:00
  Antecedent Dry Days ...... 14.0
  Report Time Step ......... 00:01:00
  Wet Time Step ............ 00:01:00
  Dry Time Step ............ 00:01:00
  Routing Time Step ........ 1.00 sec
  Variable Time Step ....... YES
  Maximum Trials ........... 8
  Number of Threads ........ 1
  Head Tolerance ........... 0.001500 m
  
  
  **************************        Volume         Depth
  Runoff Quantity Continuity     hectare-m            mm
  **************************     ---------       -------
  Total Precipitation ......         0.658        64.970
  Evaporation Loss .........         0.008         0.815
  Infiltration Loss ........         0.335        33.049
  Surface Runoff ...........         0.314        31.017
  Final Storage ............         0.001         0.129
  Continuity Error (%) .....        -0.061
  
  
  **************************        Volume        Volume
  Flow Routing Continuity        hectare-m      10^6 ltr
  **************************     ---------     ---------
  Dry Weather Inflow .......         0.000         0.000
  Wet Weather Inflow .......         0.314         3.140
  Groundwater Inflow .......         0.000         0.000
  RDII Inflow ..............         0.000         0.000
  External Inflow ..........         0.000         0.000
  External Outflow .........         0.313         3.131
  Flooding Loss ............         0.001         0.009
  Evaporation Loss .........         0.000         0.000
  Exfiltration Loss ........         0.000         0.000
  Initial Stored Volume ....         0.000         0.000
  Final Stored Volume ......         0.000         0.000
  Continuity Error (%) .....         0.000
  
  
  ***************************
  Time-Step Critical Elements
  ***************************
  None
  
  
  ********************************
  Highest Flow Instability Indexes
  ********************************
  All links are stable.
  
  
  *********************************
  Most Frequent Nonconverging Nodes
  *********************************
  Convergence obtained at all time steps.
  
  
  *************************
  Routing Time Step Summary
  *************************
  Minimum Time Step           :     0.50 sec
  Average Time Step           :     1.00 sec
  Maximum Time Step           :     1.00 sec
  % of Time in Steady State   :     0.00
  Average Iterations per Step :     2.00
  % of Steps Not Converging   :     0.00
  Time Step Frequencies       :
      1.000 -  0.871 sec      :   100.00 %
      0.871 -  0.758 sec      :     0.00 %
      0.758 -  0.660 sec      :     0.00 %
      0.660 -  0.574 sec      :     0.00 %
      0.574 -  0.500 sec      :     0.00 %
  
  
  ***************************
  Subcatchment Runoff Summary
  ***************************
  
  ------------------------------------------------------------------------------------------------------------------------------
                            Total      Total      Total      Total     Imperv       Perv      Total       Total     Peak  Runoff
                           Precip      Runon       Evap      Infil     Runoff     Runoff     Runoff      Runoff   Runoff   Coeff
  Subcatchment                 mm         mm         mm         mm         mm         mm         mm    10^6 ltr      CMS
  ------------------------------------------------------------------------------------------------------------------------------
  EZG_368                   64.97       0.00       0.81      33.25      31.57       3.98      30.82        0.13     0.09   0.474
  EZG_392                   64.97       0.00       0.81      33.12      31.58       4.12      30.96        0.10     0.08   0.477
  EZG_352                   64.97       0.00       0.81      33.47      31.57       3.76      30.60        0.18     0.13   0.471
  EZG_372                   64.97       0.00       0.81      32.66      31.59       4.59      31.44        0.04     0.04   0.484
  EZG_416                   64.97       0.00       0.81      33.06      31.58       4.18      31.02        0.09     0.07   0.477
  EZG_388                   64.97       0.00       0.81      33.31      31.57       3.92      30.76        0.14     0.10   0.473
  EZG_394                   64.97       0.00       0.81      33.03      31.58       4.21      31.05        0.09     0.07   0.478
  EZG_400                   64.97       0.00       0.81      32.99      31.58       4.25      31.09        0.08     0.06   0.479
  EZG_390                   64.97       0.00       0.81      33.10      31.58       4.13      30.97        0.10     0.07   0.477
  EZG_350                   64.97       0.00       0.81      33.32      31.57       3.92      30.75        0.14     0.10   0.473
  EZG_370                   64.97       0.00       0.81      33.17      31.58       4.06      30.90        0.11     0.08   0.476
  EZG_398                   64.97       0.00       0.81      32.51      31.60       4.74      31.60        0.03     0.03   0.486
  EZG_382                   64.97       0.00       0.81      32.45      31.60       4.79      31.65        0.03     0.02   0.487
  EZG_374                   64.97       0.00       0.97      27.71      37.88       3.97      36.17        0.14     0.10   0.557
  EZG_412                   64.97       0.00       0.81      32.12      31.61       5.14      32.01        0.01     0.01   0.493
  EZG_344                   64.97       0.00       0.81      32.98      31.58       4.26      31.10        0.08     0.06   0.479
  EZG_376                   64.97       0.00       0.81      32.85      31.59       4.39      31.24        0.06     0.05   0.481
  EZG_356                   64.97       0.00       0.81      33.51      31.56       3.72      30.54        0.20     0.13   0.470
  EZG_386                   64.97       0.00       0.81      33.65      31.56       3.58      30.40        0.24     0.16   0.468
  EZG_380                   64.97       0.00       0.81      33.22      31.57       4.01      30.85        0.12     0.09   0.475
  EZG_378                   64.97       0.00       0.81      33.15      31.58       4.09      30.93        0.11     0.08   0.476
  EZG_414                   64.97       0.00       0.81      32.45      31.60       4.80      31.66        0.03     0.02   0.487
  EZG_402                   64.97       0.00       0.81      33.12      31.58       4.12      30.96        0.10     0.08   0.477
  EZG_358                   64.97       0.00       0.81      33.51      31.56       3.72      30.55        0.19     0.13   0.470
  EZG_364                   64.97       0.00       0.81      33.51      31.56       3.72      30.55        0.19     0.13   0.470
  EZG_410                   64.97       0.00       0.81      32.88      31.59       4.36      31.21        0.07     0.05   0.480
  EZG_366                   64.97       0.00       0.81      32.95      31.58       4.29      31.13        0.07     0.06   0.479
  EZG_18259                 64.97       0.00       0.81      32.95      31.58       4.29      31.14        0.07     0.06   0.479
  EZG_18258                 64.97       0.00       0.81      32.29      31.61       4.96      31.82        0.02     0.02   0.490
  EZG_346                   64.97       0.00       0.79      33.73      30.94       4.06      30.36        0.11     0.08   0.467
  EZG_348                   64.97       0.00       0.79      33.46      30.95       4.34      30.65        0.07     0.05   0.472
  
  
  ******************
  Node Depth Summary
  ******************
  
  ---------------------------------------------------------------------------------
                                 Average  Maximum  Maximum  Time of Max    Reported
                                   Depth    Depth      HGL   Occurrence   Max Depth
  Node                 Type       Meters   Meters   Meters  days hr:min      Meters
  ---------------------------------------------------------------------------------
  R0019466             JUNCTION     0.02     1.05    70.50     0  18:05        1.04
  R0019468             JUNCTION     0.02     0.92    70.23     0  18:05        0.92
  R0019831             JUNCTION     0.01     1.47    70.64     0  18:04        1.45
  R0019825             JUNCTION     0.02     1.50    70.34     0  18:04        1.50
  R0019843             JUNCTION     0.03     0.64    68.27     0  18:06        0.64
  R0019368             JUNCTION     0.04     1.02    67.81     0  18:06        0.96
  R0019369             JUNCTION     0.03     0.65    67.24     0  18:06        0.64
  R0019370             JUNCTION     0.03     0.54    66.44     0  18:06        0.53
  R0019345             JUNCTION     0.02     0.71    70.61     0  18:05        0.69
  R0019346             JUNCTION     0.01     0.51    70.31     0  18:05        0.51
  R0043600             JUNCTION     0.02     0.52    70.19     0  18:05        0.50
  R0019203             JUNCTION     0.02     0.52    70.06     0  18:05        0.51
  R0043594             JUNCTION     0.02     0.38    70.11     0  18:05        0.38
  R0021458             JUNCTION     0.02     0.45    70.10     0  18:05        0.45
  R0019202             JUNCTION     0.02     0.49    70.07     0  18:05        0.49
  R0019373             JUNCTION     0.01     0.81    70.48     0  18:05        0.80
  R0019254             JUNCTION     0.02     1.39    71.43     0  18:05        1.35
  R0019716             JUNCTION     0.02     0.57    69.58     0  18:05        0.57
  R0019946             JUNCTION     0.05     0.81    69.43     0  18:05        0.80
  R0013935             JUNCTION     0.01     1.14    69.97     0  18:05        1.12
  R0019939             JUNCTION     0.01     1.22    69.79     0  18:05        1.19
  R0019944             JUNCTION     0.02     0.50    68.78     0  18:05        0.50
  R0043703             JUNCTION     0.03     0.62    69.22     0  18:05        0.62
  R0019945             JUNCTION     0.03     0.63    69.03     0  18:06        0.63
  R0039621             JUNCTION     0.00     0.24    69.81     0  18:05        0.24
  R0019838             JUNCTION     0.02     0.35    69.81     0  18:05        0.35
  R0039606             JUNCTION     0.02     0.48    70.07     0  18:05        0.48
  R0019204             JUNCTION     0.00     0.00    69.91     0  00:00        0.00
  R0019205             JUNCTION     0.00     0.00    69.62     0  00:00        0.00
  R0019849             JUNCTION     0.02     1.08    69.60     0  18:05        1.04
  R0019371             JUNCTION     0.00     0.00    70.41     0  00:00        0.00
  R0019718             JUNCTION     0.04     0.61    70.03     0  18:05        0.60
  R0021442             JUNCTION     0.02     2.05    72.10     0  18:04        2.05
  R0019247             JUNCTION     0.02     0.99    70.87     0  18:05        0.99
  R0019719             JUNCTION     0.02     0.44    70.12     0  18:05        0.43
  R0019767             JUNCTION     0.03     0.57    65.30     0  18:06        0.57
  R0019768             JUNCTION     0.02     0.48    64.25     0  18:07        0.48
  R0021453             JUNCTION     0.01     0.16    70.11     0  18:06        0.14
  R0019839             JUNCTION     0.01     0.32    69.71     0  18:05        0.32
  R0019717             JUNCTION     0.02     0.55    69.89     0  18:05        0.54
  R0019252             JUNCTION     0.01     1.55    71.74     0  18:05        1.50
  R0019721             JUNCTION     0.01     0.49    70.36     0  18:05        0.47
  R0019942             JUNCTION     0.01     1.10    69.75     0  18:05        1.07
  R0019206             JUNCTION     0.00     0.00    69.07     0  00:00        0.00
  R0019840             JUNCTION     0.01     0.33    69.30     0  18:05        0.31
  R0043702             JUNCTION     0.02     0.65    69.35     0  18:05        0.57
  R0019723             JUNCTION     0.01     0.32    70.40     0  18:05        0.31
  R0019724             JUNCTION     0.00     0.26    70.42     0  18:05        0.22
  R0021433             JUNCTION     0.01     2.15    72.54     0  18:03        2.15
  R0021435             JUNCTION     0.02     2.11    72.29     0  18:03        2.11
  R0019769             OUTFALL      0.02     0.48    63.86     0  18:07        0.48
  
  
  *******************
  Node Inflow Summary
  *******************
  
  -------------------------------------------------------------------------------------------------
                                  Maximum  Maximum                  Lateral       Total        Flow
                                  Lateral    Total  Time of Max      Inflow      Inflow     Balance
                                   Inflow   Inflow   Occurrence      Volume      Volume       Error
  Node                 Type           CMS      CMS  days hr:min    10^6 ltr    10^6 ltr     Percent
  -------------------------------------------------------------------------------------------------
  R0019466             JUNCTION     0.093    0.093     0  18:05       0.127        0.22       0.053
  R0019468             JUNCTION     0.059    0.134     0  18:05      0.0745       0.293      -0.024
  R0019831             JUNCTION     0.076    0.076     0  18:05         0.1         0.1       0.072
  R0019825             JUNCTION     0.076    0.152     0  18:05       0.101       0.201       0.113
  R0019843             JUNCTION     0.000    1.860     0  18:05           0        3.13       0.003
  R0019368             JUNCTION     0.000    1.886     0  18:06           0        3.13       0.008
  R0019369             JUNCTION     0.000    1.883     0  18:06           0        3.13      -0.010
  R0019370             JUNCTION     0.000    1.876     0  18:06           0        3.13       0.001
  R0019345             JUNCTION     0.000    0.138     0  18:05           0       0.196       0.016
  R0019346             JUNCTION     0.012    0.216     0  18:04      0.0128        0.33       0.000
  R0043600             JUNCTION     0.000    0.207     0  18:05           0       0.371      -0.049
  R0019203             JUNCTION     0.025    0.550     0  18:05       0.028       0.862      -0.006
  R0043594             JUNCTION     0.126    0.186     0  18:05       0.181       0.259      -0.005
  R0021458             JUNCTION     0.102    0.245     0  18:05       0.141       0.401       0.001
  R0019202             JUNCTION     0.036    0.330     0  18:05      0.0425       0.462      -0.239
  R0019373             JUNCTION     0.083    0.098     0  18:05       0.111       0.113       0.963
  R0019254             JUNCTION     0.069    0.141     0  18:05      0.0904       0.196       0.036
  R0019716             JUNCTION     0.101    1.104     0  18:05        0.14        1.76      -0.007
  R0019946             JUNCTION     0.000    1.105     0  18:05           0        1.76      -0.000
  R0013935             JUNCTION     0.067    0.067     0  18:05      0.0861      0.0861       0.059
  R0019939             JUNCTION     0.027    0.089     0  18:05      0.0313       0.117      -0.043
  R0019944             JUNCTION     0.062    1.392     0  18:06      0.0801        2.26       0.006
  R0043703             JUNCTION     0.074    1.164     0  18:05       0.098        1.86       0.007
  R0019945             JUNCTION     0.000    1.354     0  18:05           0        2.18      -0.007
  R0039621             JUNCTION     0.000    0.008     0  18:01           0     0.00156       0.622
  R0019838             JUNCTION     0.135    0.135     0  18:05       0.196       0.197      -0.005
  R0039606             JUNCTION     0.000    0.222     0  18:06           0       0.401       0.015
  R0019204             JUNCTION     0.000    0.000     0  00:00           0           0       0.000 ltr
  R0019205             JUNCTION     0.000    0.000     0  00:00           0           0       0.000 ltr
  R0019849             JUNCTION     0.000    0.198     0  18:05           0       0.316       0.004
  R0019371             JUNCTION     0.000    0.000     0  00:00           0           0       0.000 ltr
  R0019718             JUNCTION     0.089    0.622     0  18:05        0.12       0.983      -0.444
  R0021442             JUNCTION     0.098    0.173     0  18:03       0.137        0.31       0.029
  R0019247             JUNCTION     0.050    0.208     0  18:05      0.0623       0.371       0.058
  R0019719             JUNCTION     0.052    0.268     0  18:05      0.0655       0.396       0.331
  R0019767             JUNCTION     0.000    1.887     0  18:06           0        3.13      -0.003
  R0019768             JUNCTION     0.000    1.890     0  18:07           0        3.13       0.004
  R0021453             JUNCTION     0.061    0.061     0  18:05      0.0787      0.0787      -0.069
  R0019839             JUNCTION     0.133    0.255     0  18:05       0.193       0.389       0.004
  R0019717             JUNCTION     0.162    1.015     0  18:05       0.243        1.62       0.186
  R0019252             JUNCTION     0.080    0.080     0  18:05       0.106       0.106      -0.019
  R0019721             JUNCTION     0.024    0.091     0  18:04      0.0275       0.121       0.014
  R0019942             JUNCTION     0.000    0.121     0  18:04           0       0.198      -0.159
  R0019206             JUNCTION     0.000    0.000     0  00:00           0           0       0.000 ltr
  R0019840             JUNCTION     0.000    0.382     0  18:05           0       0.682      -0.000
  R0043702             JUNCTION     0.134    0.505     0  18:05       0.194       0.875       0.005
  R0019723             JUNCTION     0.058    0.073     0  18:04       0.074      0.0935      -0.077
  R0019724             JUNCTION     0.018    0.018     0  18:05      0.0195      0.0195      -0.038
  R0021433             JUNCTION     0.083    0.083     0  18:05        0.11        0.11      -0.079
  R0021435             JUNCTION     0.054    0.126     0  18:05      0.0682       0.178      -0.046
  R0019769             OUTFALL      0.000    1.897     0  18:07           0        3.13       0.000
  
  
  **********************
  Node Surcharge Summary
  **********************
  
  Surcharging occurs when water rises above the top of the highest conduit.
  ---------------------------------------------------------------------
                                               Max. Height   Min. Depth
                                   Hours       Above Crown    Below Rim
  Node                 Type      Surcharged         Meters       Meters
  ---------------------------------------------------------------------
  R0019466             JUNCTION        0.15          0.746        1.764
  R0019468             JUNCTION        0.14          0.625        1.805
  R0019831             JUNCTION        0.09          1.165        0.195
  R0019825             JUNCTION        0.13          1.200        0.000
  R0019368             JUNCTION        0.02          0.117        0.933
  R0019345             JUNCTION        0.09          0.407        1.343
  R0019346             JUNCTION        0.05          0.109        1.631
  R0043600             JUNCTION        0.06          0.115        2.465
  R0019373             JUNCTION        0.09          0.511        1.989
  R0019254             JUNCTION        0.11          1.094        0.736
  R0013935             JUNCTION        0.09          0.838        0.482
  R0019939             JUNCTION        0.15          0.915        0.705
  R0019849             JUNCTION        0.16          0.780        1.150
  R0021442             JUNCTION        0.17          1.750        0.000
  R0019247             JUNCTION        0.10          0.592        1.268
  R0019252             JUNCTION        0.09          1.251        0.389
  R0019721             JUNCTION        0.04          0.088        1.472
  R0019942             JUNCTION        0.13          0.797        0.853
  R0043702             JUNCTION        0.02          0.151        2.759
  R0021433             JUNCTION        0.12          1.850        0.000
  R0021435             JUNCTION        0.15          1.810        0.000
  
  
  *********************
  Node Flooding Summary
  *********************
  
  Flooding refers to all water that overflows a node, whether it ponds or not.
  --------------------------------------------------------------------------
                                                             Total   Maximum
                                 Maximum   Time of Max       Flood    Ponded
                        Hours       Rate    Occurrence      Volume     Depth
  Node                 Flooded       CMS   days hr:min    10^6 ltr    Meters
  --------------------------------------------------------------------------
  R0019825                0.03     0.037      0  18:05       0.002     0.000
  R0021442                0.02     0.012      0  18:05       0.001     0.000
  R0021433                0.02     0.015      0  18:03       0.001     0.000
  R0021435                0.04     0.054      0  18:05       0.005     0.000
  
  
  ***********************
  Outfall Loading Summary
  ***********************
  
  -----------------------------------------------------------
                         Flow       Avg       Max       Total
                         Freq      Flow      Flow      Volume
  Outfall Node           Pcnt       CMS       CMS    10^6 ltr
  -----------------------------------------------------------
  R0019769              63.13     0.018     1.897       3.131
  -----------------------------------------------------------
  System                63.13     0.018     1.897       3.131
  
  
  ********************
  Link Flow Summary
  ********************
  
  -----------------------------------------------------------------------------
                                 Maximum  Time of Max   Maximum    Max/    Max/
                                  |Flow|   Occurrence   |Veloc|    Full    Full
  Link                 Type          CMS  days hr:min     m/sec    Flow   Depth
  -----------------------------------------------------------------------------
  H0014431             CONDUIT     0.077     0  18:02      1.09    1.42    1.00
  H0014433             CONDUIT     0.076     0  18:04      1.08    0.97    1.00
  H0014352             CONDUIT     1.886     0  18:06      3.18    0.77    0.91
  H0014373             CONDUIT     1.876     0  18:06      4.23    0.87    0.66
  H0017981             CONDUIT     0.138     0  18:05      1.96    3.92    1.00
  H0017755             CONDUIT     0.207     0  18:04      1.65    1.68    1.00
  H0017791             CONDUIT     0.147     0  18:04      0.67    0.21    0.46
  H0017357             CONDUIT     0.097     0  18:05      1.37    1.55    1.00
  H0018216             CONDUIT     0.138     0  18:05      1.95    2.50    1.00
  H0016792             CONDUIT     1.105     0  18:05      2.12    0.63    0.77
  H0019507             CONDUIT     0.063     0  18:05      0.89    0.88    1.00
  H0019998             CONDUIT     1.395     0  18:06      3.43    0.56    0.63
  H0019576             CONDUIT     1.168     0  18:06      2.49    0.78    0.69
  H0020087             CONDUIT     0.008     0  18:06      0.17    0.04    0.59
  H0020211             CONDUIT     1.113     0  18:06      2.09    2.77    0.79
  H0018982             CONDUIT     0.222     0  18:06      0.83    0.36    0.52
  H0018753             CONDUIT     0.039     0  18:01      0.64    0.56    1.00
  H0018845             CONDUIT     0.000     0  00:00      0.00    0.00    0.00
  H0018863             CONDUIT     0.087     0  18:05      1.23    2.05    1.00
  H0019156             CONDUIT     0.000     0  00:00      0.00    0.00    0.00
  H0018929             CONDUIT     0.551     0  18:05      1.35    0.48    0.63
  H0018440             CONDUIT     0.161     0  18:04      2.28    2.89    1.00
  H0018456             CONDUIT     0.216     0  18:05      1.72    1.31    1.00
  H0018968             CONDUIT     1.890     0  18:07      4.91    0.73    0.59
  H0022036             CONDUIT     0.060     0  18:05      0.52    0.05    0.27
  H0021806             CONDUIT     0.207     0  18:05      1.65    1.84    1.00
  H0022111             CONDUIT     0.124     0  18:05      0.89    0.89    0.67
  H0021440             CONDUIT     1.023     0  18:05      2.50    0.66    0.62
  H0021704             CONDUIT     0.628     0  18:06      1.57    1.20    0.62
  H0020521             CONDUIT     0.074     0  18:05      1.04    1.49    1.00
  H0020755             CONDUIT     0.086     0  18:07      0.74    0.95    1.00
  H0020530             CONDUIT     1.883     0  18:06      3.22    1.61    0.92
  H0020618             CONDUIT     1.352     0  18:06      3.25    0.84    0.63
  H0021163             CONDUIT     0.121     0  18:04      1.71    2.02    1.00
  H0020497             CONDUIT     0.000     0  00:00      0.00    0.00    1.00
  H0024325             CONDUIT     0.250     0  18:05      1.88    0.75    0.65
  H0023585             CONDUIT     0.481     0  18:05      2.59    1.11    1.00
  H0024098             CONDUIT     0.196     0  18:05      2.77    2.29    1.00
  H0024235             CONDUIT     0.264     0  18:05      1.49    1.08    0.84
  H0024282             CONDUIT     0.000     0  00:00      0.00    0.00    0.00
  H0024308             CONDUIT     1.897     0  18:07      5.50    0.56    0.53
  H0024498             CONDUIT     0.133     0  18:05      1.88    2.06    1.00
  H0026990             CONDUIT     0.068     0  18:04      0.79    0.51    0.99
  H0041650             CONDUIT     0.331     0  18:05      0.91    0.39    0.56
  H0041011             CONDUIT     0.117     0  18:04      1.65    1.16    1.00
  H0045103             CONDUIT     0.243     0  18:06      0.85    0.30    0.54
  H0045104             CONDUIT     1.887     0  18:06      4.58    0.67    0.62
  H0045105             CONDUIT     0.018     0  18:05      0.43    0.31    0.93
  H0045106             CONDUIT     0.392     0  18:05      2.38    0.53    0.97
  H0045107             CONDUIT     0.072     0  18:05      1.01    1.18    1.00
  H0045108             CONDUIT     0.092     0  18:06      1.30    1.66    1.00
  
  
  ***************************
  Flow Classification Summary
  ***************************
  
  -------------------------------------------------------------------------------------
                      Adjusted    ---------- Fraction of Time in Flow Class ---------- 
                       /Actual         Up    Down  Sub   Sup   Up    Down  Norm  Inlet 
  Conduit               Length    Dry  Dry   Dry   Crit  Crit  Crit  Crit  Ltd   Ctrl  
  -------------------------------------------------------------------------------------
  H0014431                1.00   0.06  0.00  0.00  0.94  0.00  0.00  0.00  0.94  0.00
  H0014433                1.00   0.06  0.00  0.00  0.94  0.00  0.00  0.00  0.94  0.00
  H0014352                1.00   0.06  0.00  0.00  0.34  0.61  0.00  0.00  0.94  0.00
  H0014373                1.00   0.06  0.00  0.00  0.32  0.62  0.00  0.00  0.30  0.00
  H0017981                1.00   0.06  0.00  0.00  0.00  0.00  0.00  0.94  0.00  0.00
  H0017755                1.00   0.06  0.00  0.00  0.00  0.00  0.00  0.94  0.00  0.00
  H0017791                1.00   0.06  0.00  0.00  0.94  0.00  0.00  0.00  0.94  0.00
  H0017357                1.00   0.06  0.94  0.00  0.00  0.00  0.00  0.00  0.76  0.00
  H0018216                1.00   0.06  0.31  0.00  0.63  0.00  0.00  0.00  0.94  0.00
  H0016792                1.00   0.06  0.30  0.00  0.64  0.00  0.00  0.00  0.94  0.00
  H0019507                1.00   0.06  0.00  0.00  0.94  0.00  0.00  0.00  0.94  0.00
  H0019998                1.00   0.06  0.00  0.00  0.32  0.62  0.00  0.00  0.64  0.00
  H0019576                1.00   0.06  0.00  0.00  0.66  0.28  0.00  0.00  0.63  0.00
  H0020087                1.00   0.06  0.93  0.00  0.01  0.00  0.00  0.00  0.76  0.00
  H0020211                1.00   0.06  0.00  0.00  0.94  0.00  0.00  0.00  0.30  0.00
  H0018982                1.00   0.06  0.00  0.00  0.94  0.00  0.00  0.00  0.33  0.00
  H0018753                1.00   0.06  0.00  0.00  0.94  0.00  0.00  0.00  0.94  0.00
  H0018845                1.00   1.00  0.00  0.00  0.00  0.00  0.00  0.00  0.00  0.00
  H0018863                1.00   0.06  0.00  0.00  0.94  0.00  0.00  0.00  0.94  0.00
  H0019156                1.00   1.00  0.00  0.00  0.00  0.00  0.00  0.00  0.00  0.00
  H0018929                1.00   0.06  0.31  0.00  0.63  0.00  0.00  0.00  0.94  0.00
  H0018440                1.00   0.06  0.00  0.00  0.94  0.00  0.00  0.00  0.94  0.00
  H0018456                1.00   0.06  0.00  0.00  0.94  0.00  0.00  0.00  0.94  0.00
  H0018968                1.00   0.06  0.00  0.00  0.31  0.63  0.00  0.00  0.32  0.00
  H0022036                1.00   0.06  0.00  0.00  0.03  0.03  0.00  0.89  0.02  0.00
  H0021806                1.00   0.06  0.31  0.00  0.63  0.00  0.00  0.00  0.74  0.00
  H0022111                1.00   0.06  0.00  0.00  0.94  0.00  0.00  0.00  0.00  0.00
  H0021440                1.00   0.06  0.00  0.00  0.34  0.61  0.00  0.00  0.01  0.00
  H0021704                1.00   0.06  0.00  0.00  0.00  0.00  0.00  0.94  0.00  0.00
  H0020521                1.00   0.06  0.00  0.00  0.94  0.00  0.00  0.00  0.94  0.00
  H0020755                1.00   0.06  0.32  0.00  0.63  0.00  0.00  0.00  0.94  0.00
  H0020530                1.00   0.06  0.00  0.00  0.34  0.60  0.00  0.00  0.01  0.00
  H0020618                1.00   0.06  0.00  0.00  0.33  0.62  0.00  0.00  0.33  0.00
  H0021163                1.00   0.06  0.00  0.00  0.93  0.01  0.00  0.00  0.32  0.00
  H0020497                1.20   0.06  0.94  0.00  0.00  0.00  0.00  0.00  0.00  0.00
  H0024325                1.00   0.06  0.00  0.00  0.34  0.61  0.00  0.00  0.33  0.00
  H0023585                1.00   0.06  0.00  0.00  0.00  0.00  0.00  0.94  0.00  0.00
  H0024098                1.00   0.06  0.31  0.00  0.63  0.00  0.00  0.00  0.94  0.00
  H0024235                1.00   0.06  0.00  0.00  0.00  0.00  0.00  0.94  0.00  0.00
  H0024282                1.00   1.00  0.00  0.00  0.00  0.00  0.00  0.00  0.00  0.00
  H0024308                1.00   0.06  0.00  0.00  0.30  0.64  0.00  0.00  0.46  0.00
  H0024498                1.00   0.06  0.00  0.00  0.00  0.00  0.00  0.94  0.00  0.00
  H0026990                1.00   0.06  0.00  0.00  0.94  0.00  0.00  0.00  0.94  0.00
  H0041650                1.00   0.37  0.01  0.00  0.62  0.00  0.00  0.00  0.93  0.00
  H0041011                1.00   0.06  0.00  0.00  0.94  0.00  0.00  0.00  0.94  0.00
  H0045103                1.00   0.06  0.00  0.00  0.94  0.00  0.00  0.00  0.77  0.00
  H0045104                1.00   0.06  0.00  0.00  0.31  0.63  0.00  0.00  0.64  0.00
  H0045105                1.00   0.06  0.00  0.00  0.94  0.00  0.00  0.00  0.94  0.00
  H0045106                1.00   0.06  0.00  0.00  0.33  0.61  0.00  0.00  0.94  0.00
  H0045107                1.00   0.06  0.00  0.00  0.94  0.00  0.00  0.00  0.94  0.00
  H0045108                1.00   0.06  0.00  0.00  0.94  0.00  0.00  0.00  0.94  0.00
  
  
  *************************
  Conduit Surcharge Summary
  *************************
  
  ----------------------------------------------------------------------------
                                                           Hours        Hours 
                         --------- Hours Full --------   Above Full   Capacity
  Conduit                Both Ends  Upstream  Dnstream   Normal Flow   Limited
  ----------------------------------------------------------------------------
  H0014431                    0.14      0.15      0.14      0.16         0.14
  H0014433                    0.09      0.09      0.13      0.01         0.01
  H0014352                    0.01      0.01      0.02      0.01         0.01
  H0017981                    0.05      0.09      0.05      0.17         0.08
  H0017755                    0.04      0.06      0.04      0.11         0.05
  H0017357                    0.01      0.01      0.09      0.05         0.01
  H0018216                    0.09      0.11      0.09      0.13         0.10
  H0019507                    0.09      0.09      0.15      0.01         0.01
  H0020211                    0.01      0.01      0.01      0.15         0.01
  H0018753                    0.09      0.09      0.15      0.01         0.01
  H0018863                    0.15      0.15      0.16      0.09         0.08
  H0018440                    0.13      0.17      0.13      0.19         0.15
  H0018456                    0.03      0.05      0.03      0.07         0.04
  H0021806                    0.06      0.10      0.06      0.12         0.09
  H0021704                    0.01      0.01      0.01      0.05         0.01
  H0020521                    0.09      0.09      0.11      0.07         0.07
  H0020755                    0.04      0.04      0.05      0.01         0.01
  H0020530                    0.01      0.02      0.01      0.09         0.01
  H0021163                    0.12      0.13      0.13      0.13         0.11
  H0023585                    0.01      0.02      0.01      0.04         0.01
  H0024098                    0.16      0.16      0.19      0.13         0.13
  H0024235                    0.01      0.01      0.01      0.03         0.01
  H0024498                    0.01      0.14      0.01      0.17         0.11
  H0026990                    0.01      0.01      0.04      0.01         0.01
  H0041011                    0.13      0.13      0.16      0.05         0.05
  H0045105                    0.01      0.01      0.01      0.01         0.01
  H0045106                    0.01      0.01      0.02      0.01         0.01
  H0045107                    0.12      0.12      0.15      0.03         0.03
  H0045108                    0.15      0.15      0.17      0.11         0.11
  

  Analysis begun on:  Fri Mar 22 15:57:06 2024
  Analysis ended on:  Fri Mar 22 15:57:15 2024
  Total elapsed time: 00:00:09