
  EPA STORM WATER MANAGEMENT MODEL - VERSION 5.2 (Build 5.2.4)
  PYSWMM TOOLKIT API - VERSION v1.0 (2023-11-27)
  ------------------------------------------------------------

  Gievenbeck_e2_T20D1080 
  
  ****************
  Analysis Options
  ****************
  Flow Units ............... CMS
  Process Models:
    Rainfall/Runoff ........ YES
    RDII ................... NO
    Snowmelt ............... NO
    Groundwater ............ NO
    Flow Routing ........... YES
    Ponding Allowed ........ NO
    Water Quality .......... NO
  Infiltration Method ...... HORTON
  Flow Routing Method ...... DYNWAVE
  Surcharge Method ......... SLOT
  Starting Date ............ 01/01/2024 00:00:00
  Ending Date .............. 01/04/2024 04:00:00
  Antecedent Dry Days ...... 14.0
  Report Time Step ......... 00:01:00
  Wet Time Step ............ 00:01:00
  Dry Time Step ............ 00:01:00
  Routing Time Step ........ 1.00 sec
  Variable Time Step ....... YES
  Maximum Trials ........... 8
  Number of Threads ........ 1
  Head Tolerance ........... 0.001500 m
  
  
  **************************        Volume         Depth
  Runoff Quantity Continuity     hectare-m            mm
  **************************     ---------       -------
  Total Precipitation ......         0.692        68.340
  Evaporation Loss .........         0.010         0.948
  Infiltration Loss ........         0.314        31.049
  Surface Runoff ...........         0.368        36.401
  Final Storage ............         0.000         0.000
  Continuity Error (%) .....        -0.086
  
  
  **************************        Volume        Volume
  Flow Routing Continuity        hectare-m      10^6 ltr
  **************************     ---------     ---------
  Dry Weather Inflow .......         0.000         0.000
  Wet Weather Inflow .......         0.368         3.685
  Groundwater Inflow .......         0.000         0.000
  RDII Inflow ..............         0.000         0.000
  External Inflow ..........         0.000         0.000
  External Outflow .........         0.360         3.600
  Flooding Loss ............         0.009         0.086
  Evaporation Loss .........         0.000         0.000
  Exfiltration Loss ........         0.000         0.000
  Initial Stored Volume ....         0.000         0.000
  Final Stored Volume ......         0.000         0.000
  Continuity Error (%) .....        -0.031
  
  
  *************************
  Highest Continuity Errors
  *************************
  Node R0019206 (7.87%)
  
  
  ***************************
  Time-Step Critical Elements
  ***************************
  None
  
  
  ********************************
  Highest Flow Instability Indexes
  ********************************
  All links are stable.
  
  
  *********************************
  Most Frequent Nonconverging Nodes
  *********************************
  Convergence obtained at all time steps.
  
  
  *************************
  Routing Time Step Summary
  *************************
  Minimum Time Step           :     0.43 sec
  Average Time Step           :     1.00 sec
  Maximum Time Step           :     1.00 sec
  % of Time in Steady State   :     0.00
  Average Iterations per Step :     2.00
  % of Steps Not Converging   :     0.00
  Time Step Frequencies       :
      1.000 -  0.871 sec      :    99.99 %
      0.871 -  0.758 sec      :     0.01 %
      0.758 -  0.660 sec      :     0.00 %
      0.660 -  0.574 sec      :     0.00 %
      0.574 -  0.500 sec      :     0.00 %
  
  
  ***************************
  Subcatchment Runoff Summary
  ***************************
  
  ------------------------------------------------------------------------------------------------------------------------------
                            Total      Total      Total      Total     Imperv       Perv      Total       Total     Peak  Runoff
                           Precip      Runon       Evap      Infil     Runoff     Runoff     Runoff      Runoff   Runoff   Coeff
  Subcatchment                 mm         mm         mm         mm         mm         mm         mm    10^6 ltr      CMS
  ------------------------------------------------------------------------------------------------------------------------------
  EZG_368                   68.34       0.00       0.94      31.25      33.27       7.92      36.20        0.15     0.15   0.530
  EZG_392                   68.34       0.00       0.94      31.09      33.27       8.09      36.38        0.12     0.12   0.532
  EZG_352                   68.34       0.00       0.95      31.51      33.26       7.66      35.93        0.21     0.20   0.526
  EZG_372                   68.34       0.00       0.93      30.55      33.29       8.64      36.94        0.05     0.06   0.540
  EZG_416                   68.34       0.00       0.94      31.02      33.28       8.17      36.45        0.11     0.11   0.533
  EZG_388                   68.34       0.00       0.94      31.32      33.26       7.85      36.13        0.16     0.16   0.529
  EZG_394                   68.34       0.00       0.94      30.98      33.28       8.20      36.48        0.10     0.10   0.534
  EZG_400                   68.34       0.00       0.94      30.94      33.28       8.25      36.53        0.09     0.10   0.535
  EZG_390                   68.34       0.00       0.94      31.07      33.27       8.11      36.39        0.12     0.12   0.533
  EZG_350                   68.34       0.00       0.94      31.33      33.26       7.85      36.12        0.17     0.16   0.529
  EZG_370                   68.34       0.00       0.94      31.15      33.27       8.02      36.30        0.13     0.13   0.531
  EZG_398                   68.34       0.00       0.93      30.38      33.30       8.81      37.11        0.04     0.04   0.543
  EZG_382                   68.34       0.00       0.93      30.33      33.30       8.87      37.18        0.03     0.04   0.544
  EZG_374                   68.34       0.00       1.14      25.79      39.91       7.55      41.47        0.16     0.15   0.607
  EZG_412                   68.34       0.00       0.92      29.96      33.32       9.24      37.56        0.01     0.02   0.550
  EZG_344                   68.34       0.00       0.94      30.92      33.28       8.26      36.55        0.09     0.10   0.535
  EZG_376                   68.34       0.00       0.93      30.78      33.28       8.41      36.70        0.07     0.08   0.537
  EZG_356                   68.34       0.00       0.95      31.57      33.26       7.60      35.87        0.23     0.21   0.525
  EZG_386                   68.34       0.00       0.95      31.75      33.25       7.43      35.69        0.28     0.26   0.522
  EZG_380                   68.34       0.00       0.94      31.21      33.27       7.97      36.25        0.14     0.14   0.530
  EZG_378                   68.34       0.00       0.94      31.12      33.27       8.06      36.34        0.12     0.12   0.532
  EZG_414                   68.34       0.00       0.93      30.32      33.30       8.88      37.18        0.03     0.04   0.544
  EZG_402                   68.34       0.00       0.94      31.09      33.27       8.09      36.37        0.12     0.12   0.532
  EZG_358                   68.34       0.00       0.95      31.57      33.26       7.61      35.88        0.23     0.21   0.525
  EZG_364                   68.34       0.00       0.95      31.57      33.26       7.61      35.88        0.23     0.21   0.525
  EZG_410                   68.34       0.00       0.93      30.81      33.28       8.38      36.67        0.08     0.08   0.537
  EZG_366                   68.34       0.00       0.94      30.89      33.28       8.29      36.58        0.09     0.09   0.535
  EZG_18259                 68.34       0.00       0.94      30.88      33.28       8.30      36.59        0.09     0.09   0.535
  EZG_18258                 68.34       0.00       0.92      30.15      33.31       9.05      37.36        0.02     0.03   0.547
  EZG_346                   68.34       0.00       0.92      31.70      32.61       8.06      35.77        0.13     0.13   0.523
  EZG_348                   68.34       0.00       0.92      31.37      32.62       8.39      36.12        0.08     0.08   0.529
  
  
  ******************
  Node Depth Summary
  ******************
  
  ---------------------------------------------------------------------------------
                                 Average  Maximum  Maximum  Time of Max    Reported
                                   Depth    Depth      HGL   Occurrence   Max Depth
  Node                 Type       Meters   Meters   Meters  days hr:min      Meters
  ---------------------------------------------------------------------------------
  R0019466             JUNCTION     0.01     2.47    71.92     0  08:05        2.41
  R0019468             JUNCTION     0.01     2.44    71.75     0  08:05        2.38
  R0019831             JUNCTION     0.01     1.66    70.83     0  08:03        1.66
  R0019825             JUNCTION     0.01     1.50    70.34     0  08:02        1.50
  R0019843             JUNCTION     0.02     1.58    69.21     0  08:04        1.41
  R0019368             JUNCTION     0.03     1.73    68.52     0  08:04        1.44
  R0019369             JUNCTION     0.02     0.85    67.44     0  08:05        0.85
  R0019370             JUNCTION     0.02     0.64    66.54     0  08:05        0.63
  R0019345             JUNCTION     0.01     1.38    71.28     0  08:05        1.34
  R0019346             JUNCTION     0.01     1.20    71.00     0  08:05        1.15
  R0043600             JUNCTION     0.01     0.93    70.60     0  08:05        0.91
  R0019203             JUNCTION     0.01     0.92    70.46     0  08:05        0.85
  R0043594             JUNCTION     0.01     0.69    70.42     0  08:06        0.68
  R0021458             JUNCTION     0.01     0.78    70.43     0  08:06        0.75
  R0019202             JUNCTION     0.01     0.89    70.47     0  08:05        0.80
  R0019373             JUNCTION     0.01     2.04    71.71     0  08:05        1.97
  R0019254             JUNCTION     0.01     2.04    72.08     0  08:05        2.04
  R0019716             JUNCTION     0.02     1.17    70.18     0  08:05        0.99
  R0019946             JUNCTION     0.03     1.36    69.98     0  08:05        1.17
  R0013935             JUNCTION     0.01     1.62    70.45     0  08:03        1.62
  R0019939             JUNCTION     0.01     1.69    70.26     0  08:05        1.65
  R0019944             JUNCTION     0.01     1.15    69.43     0  08:05        1.08
  R0043703             JUNCTION     0.02     1.17    69.77     0  08:05        0.95
  R0019945             JUNCTION     0.02     1.12    69.52     0  08:05        1.02
  R0039621             JUNCTION     0.00     1.56    71.13     0  08:04        1.56
  R0019838             JUNCTION     0.01     1.80    71.26     0  08:04        1.63
  R0039606             JUNCTION     0.01     0.89    70.48     0  08:05        0.80
  R0019204             JUNCTION     0.00     0.00    69.91     0  00:00        0.00
  R0019205             JUNCTION     0.00     0.00    69.62     0  00:00        0.00
  R0019849             JUNCTION     0.01     1.49    70.01     0  08:05        1.41
  R0019371             JUNCTION     0.00     0.00    70.41     0  00:00        0.00
  R0019718             JUNCTION     0.02     1.00    70.42     0  08:05        0.97
  R0021442             JUNCTION     0.01     2.05    72.10     0  08:02        2.05
  R0019247             JUNCTION     0.01     1.27    71.15     0  08:05        1.25
  R0019719             JUNCTION     0.01     1.00    70.68     0  08:05        0.90
  R0019767             JUNCTION     0.02     0.68    65.41     0  08:05        0.68
  R0019768             JUNCTION     0.01     0.56    64.33     0  08:06        0.56
  R0021453             JUNCTION     0.00     0.56    70.51     0  08:06        0.55
  R0019839             JUNCTION     0.01     1.83    71.22     0  08:04        1.77
  R0019717             JUNCTION     0.02     0.98    70.32     0  08:05        0.94
  R0019252             JUNCTION     0.01     1.94    72.13     0  08:02        1.94
  R0019721             JUNCTION     0.01     1.28    71.15     0  08:05        1.24
  R0019942             JUNCTION     0.01     1.43    70.08     0  08:05        1.35
  R0019206             JUNCTION     0.00     0.04    69.11     0  08:04        0.01
  R0019840             JUNCTION     0.01     1.87    70.84     0  08:05        1.87
  R0043702             JUNCTION     0.01     2.05    70.75     0  08:05        2.04
  R0019723             JUNCTION     0.01     1.19    71.27     0  08:05        1.18
  R0019724             JUNCTION     0.00     1.13    71.29     0  08:05        1.11
  R0021433             JUNCTION     0.01     2.15    72.54     0  08:02        2.15
  R0021435             JUNCTION     0.01     2.11    72.29     0  08:02        2.11
  R0019769             OUTFALL      0.01     0.56    63.94     0  08:06        0.55
  
  
  *******************
  Node Inflow Summary
  *******************
  
  -------------------------------------------------------------------------------------------------
                                  Maximum  Maximum                  Lateral       Total        Flow
                                  Lateral    Total  Time of Max      Inflow      Inflow     Balance
                                   Inflow   Inflow   Occurrence      Volume      Volume       Error
  Node                 Type           CMS      CMS  days hr:min    10^6 ltr    10^6 ltr     Percent
  -------------------------------------------------------------------------------------------------
  R0019466             JUNCTION     0.146    0.146     0  08:05        0.15       0.241       0.030
  R0019468             JUNCTION     0.091    0.165     0  08:03      0.0876       0.314      -0.008
  R0019831             JUNCTION     0.118    0.118     0  08:05       0.118       0.118       0.070
  R0019825             JUNCTION     0.119    0.219     0  08:05       0.118       0.235       0.075
  R0019843             JUNCTION     0.000    2.414     0  08:04           0         3.6      -0.032
  R0019368             JUNCTION     0.000    2.396     0  08:05           0         3.6      -0.025
  R0019369             JUNCTION     0.000    2.403     0  08:05           0         3.6      -0.010
  R0019370             JUNCTION     0.000    2.409     0  08:05           0         3.6      -0.000
  R0019345             JUNCTION     0.000    0.161     0  08:03           0        0.22       0.014
  R0019346             JUNCTION     0.018    0.303     0  08:04       0.015       0.377       0.007
  R0043600             JUNCTION     0.000    0.218     0  08:05           0       0.399      -0.071
  R0019203             JUNCTION     0.038    0.762     0  08:07      0.0329        1.01      -0.018
  R0043594             JUNCTION     0.198    0.290     0  08:05       0.212       0.306      -0.023
  R0021458             JUNCTION     0.160    0.413     0  08:07       0.166       0.471      -0.012
  R0019202             JUNCTION     0.055    0.562     0  08:07        0.05       0.573      -0.218
  R0019373             JUNCTION     0.129    0.203     0  08:05        0.13       0.145       0.759
  R0019254             JUNCTION     0.108    0.168     0  08:03       0.106        0.22       0.024
  R0019716             JUNCTION     0.159    1.535     0  08:04       0.165        2.05      -0.003
  R0019946             JUNCTION     0.000    1.474     0  08:04           0        2.05      -0.004
  R0013935             JUNCTION     0.104    0.104     0  08:05       0.101       0.101       0.047
  R0019939             JUNCTION     0.042    0.124     0  08:03      0.0367       0.136      -0.040
  R0019944             JUNCTION     0.097    1.767     0  08:04      0.0941        2.61       0.015
  R0043703             JUNCTION     0.116    1.605     0  08:05       0.115        2.17      -0.006
  R0019945             JUNCTION     0.000    1.699     0  08:04           0        2.51      -0.002
  R0039621             JUNCTION     0.000    0.106     0  08:05           0     0.00897      -2.005
  R0019838             JUNCTION     0.212    0.213     0  08:04        0.23       0.234      -0.043
  R0039606             JUNCTION     0.000    0.472     0  08:07           0       0.471       0.042
  R0019204             JUNCTION     0.000    0.000     0  00:00           0           0       0.000 ltr
  R0019205             JUNCTION     0.000    0.000     0  00:00           0           0       0.000 ltr
  R0019849             JUNCTION     0.000    0.217     0  08:03           0       0.345       0.000
  R0019371             JUNCTION     0.000    0.000     0  00:00           0           0       0.000 ltr
  R0019718             JUNCTION     0.139    0.854     0  08:05       0.141        1.15      -0.335
  R0021442             JUNCTION     0.150    0.222     0  08:05       0.157       0.339       0.015
  R0019247             JUNCTION     0.078    0.219     0  08:04      0.0732       0.399       0.088
  R0019719             JUNCTION     0.081    0.380     0  08:04       0.077       0.454       0.426
  R0019767             JUNCTION     0.000    2.392     0  08:05           0         3.6      -0.002
  R0019768             JUNCTION     0.000    2.389     0  08:05           0         3.6       0.004
  R0021453             JUNCTION     0.096    0.127     0  08:06      0.0924      0.0939      -0.052
  R0019839             JUNCTION     0.210    0.378     0  08:04       0.227       0.452       0.037
  R0019717             JUNCTION     0.255    1.450     0  08:04       0.285        1.89       0.049
  R0019252             JUNCTION     0.124    0.124     0  08:05       0.125       0.125      -0.009
  R0019721             JUNCTION     0.037    0.147     0  08:05      0.0323       0.142       0.067
  R0019942             JUNCTION     0.000    0.124     0  08:02           0       0.209      -0.157
  R0019206             JUNCTION     0.000    0.031     0  08:04           0    0.000205       8.547
  R0019840             JUNCTION     0.000    0.494     0  08:04           0       0.766      -0.017
  R0043702             JUNCTION     0.210    0.684     0  08:04       0.227       0.993       0.285
  R0019723             JUNCTION     0.091    0.115     0  08:05      0.0869        0.11      -0.101
  R0019724             JUNCTION     0.027    0.037     0  08:03      0.0229       0.023      -0.265
  R0021433             JUNCTION     0.130    0.130     0  08:05        0.13        0.13      -0.104
  R0021435             JUNCTION     0.085    0.156     0  08:05      0.0803       0.201      -0.024
  R0019769             OUTFALL      0.000    2.394     0  08:06           0         3.6       0.000
  
  
  **********************
  Node Surcharge Summary
  **********************
  
  Surcharging occurs when water rises above the top of the highest conduit.
  ---------------------------------------------------------------------
                                               Max. Height   Min. Depth
                                   Hours       Above Crown    Below Rim
  Node                 Type      Surcharged         Meters       Meters
  ---------------------------------------------------------------------
  R0019466             JUNCTION        0.21          2.165        0.345
  R0019468             JUNCTION        0.20          2.142        0.288
  R0019831             JUNCTION        0.14          1.360        0.000
  R0019825             JUNCTION        0.18          1.200        0.000
  R0019843             JUNCTION        0.08          0.677        1.943
  R0019368             JUNCTION        0.11          0.834        0.216
  R0019345             JUNCTION        0.14          1.076        0.674
  R0019346             JUNCTION        0.11          0.799        0.941
  R0043600             JUNCTION        0.13          0.528        2.052
  R0019203             JUNCTION        0.01          0.024        1.956
  R0019373             JUNCTION        0.15          1.739        0.761
  R0019254             JUNCTION        0.16          1.740        0.090
  R0019716             JUNCTION        0.04          0.274        1.446
  R0019946             JUNCTION        0.09          0.459        1.061
  R0013935             JUNCTION        0.15          1.320        0.000
  R0019939             JUNCTION        0.21          1.392        0.228
  R0019944             JUNCTION        0.03          0.253        1.277
  R0043703             JUNCTION        0.03          0.269        1.051
  R0019945             JUNCTION        0.03          0.218        1.242
  R0039621             JUNCTION        0.05          1.060        0.000
  R0019838             JUNCTION        0.06          1.300        0.000
  R0019849             JUNCTION        0.22          1.188        0.742
  R0019718             JUNCTION        0.01          0.104        1.896
  R0021442             JUNCTION        0.22          1.750        0.000
  R0019247             JUNCTION        0.15          0.867        0.993
  R0019719             JUNCTION        0.08          0.499        1.301
  R0019839             JUNCTION        0.06          1.332        0.318
  R0019717             JUNCTION        0.01          0.043        1.807
  R0019252             JUNCTION        0.14          1.640        0.000
  R0019721             JUNCTION        0.10          0.882        0.678
  R0019942             JUNCTION        0.19          1.128        0.522
  R0019840             JUNCTION        0.09          1.373        1.197
  R0043702             JUNCTION        0.11          1.549        1.361
  R0019723             JUNCTION        0.07          0.794        0.526
  R0019724             JUNCTION        0.07          0.832        0.618
  R0021433             JUNCTION        0.17          1.850        0.000
  R0021435             JUNCTION        0.20          1.810        0.000
  
  
  *********************
  Node Flooding Summary
  *********************
  
  Flooding refers to all water that overflows a node, whether it ponds or not.
  --------------------------------------------------------------------------
                                                             Total   Maximum
                                 Maximum   Time of Max       Flood    Ponded
                        Hours       Rate    Occurrence      Volume     Depth
  Node                 Flooded       CMS   days hr:min    10^6 ltr    Meters
  --------------------------------------------------------------------------
  R0019831                0.03     0.018      0  08:05       0.001     0.000
  R0019825                0.09     0.130      0  08:05       0.025     0.000
  R0013935                0.03     0.028      0  08:05       0.002     0.000
  R0039621                0.02     0.106      0  08:05       0.005     0.000
  R0019838                0.01     0.036      0  08:04       0.000     0.000
  R0021442                0.08     0.080      0  08:05       0.013     0.000
  R0019252                0.06     0.088      0  08:05       0.011     0.000
  R0021433                0.07     0.058      0  08:05       0.009     0.000
  R0021435                0.09     0.084      0  08:05       0.019     0.000
  
  
  ***********************
  Outfall Loading Summary
  ***********************
  
  -----------------------------------------------------------
                         Flow       Avg       Max       Total
                         Freq      Flow      Flow      Volume
  Outfall Node           Pcnt       CMS       CMS    10^6 ltr
  -----------------------------------------------------------
  R0019769              25.79     0.051     2.394       3.600
  -----------------------------------------------------------
  System                25.79     0.051     2.394       3.600
  
  
  ********************
  Link Flow Summary
  ********************
  
  -----------------------------------------------------------------------------
                                 Maximum  Time of Max   Maximum    Max/    Max/
                                  |Flow|   Occurrence   |Veloc|    Full    Full
  Link                 Type          CMS  days hr:min     m/sec    Flow   Depth
  -----------------------------------------------------------------------------
  H0014431             CONDUIT     0.084     0  08:03      1.19    1.55    1.00
  H0014433             CONDUIT     0.100     0  08:05      1.42    1.28    1.00
  H0014352             CONDUIT     2.396     0  08:05      3.77    0.98    1.00
  H0014373             CONDUIT     2.409     0  08:05      4.30    1.11    0.83
  H0017981             CONDUIT     0.159     0  08:03      2.25    4.49    1.00
  H0017755             CONDUIT     0.217     0  08:04      1.72    1.75    1.00
  H0017791             CONDUIT     0.342     0  08:07      0.72    0.50    0.79
  H0017357             CONDUIT     0.195     0  08:05      2.76    3.12    1.00
  H0018216             CONDUIT     0.161     0  08:03      2.27    2.92    1.00
  H0016792             CONDUIT     1.474     0  08:04      2.32    0.85    1.00
  H0019507             CONDUIT     0.086     0  08:03      1.21    1.19    1.00
  H0019998             CONDUIT     1.816     0  08:04      3.45    0.73    1.00
  H0019576             CONDUIT     1.500     0  08:04      2.62    1.01    1.00
  H0020087             CONDUIT     0.106     0  08:05      0.54    0.47    1.00
  H0020211             CONDUIT     1.489     0  08:05      2.34    3.71    1.00
  H0018982             CONDUIT     0.472     0  08:07      0.97    0.76    0.87
  H0018753             CONDUIT     0.074     0  08:05      1.05    1.05    1.00
  H0018845             CONDUIT     0.000     0  00:00      0.00    0.00    0.00
  H0018863             CONDUIT     0.120     0  08:03      1.70    2.83    1.00
  H0019156             CONDUIT     0.000     0  00:00      0.00    0.00    0.00
  H0018929             CONDUIT     0.776     0  08:08      1.47    0.67    1.00
  H0018440             CONDUIT     0.159     0  08:02      2.25    2.85    1.00
  H0018456             CONDUIT     0.299     0  08:04      2.38    1.82    1.00
  H0018968             CONDUIT     2.389     0  08:05      5.13    0.92    0.69
  H0022036             CONDUIT     0.169     0  08:07      0.56    0.13    0.67
  H0021806             CONDUIT     0.218     0  08:05      1.73    1.93    1.00
  H0022111             CONDUIT     0.177     0  08:04      0.91    1.27    1.00
  H0021440             CONDUIT     1.381     0  08:04      2.53    0.89    1.00
  H0021704             CONDUIT     0.852     0  08:08      1.74    1.62    1.00
  H0020521             CONDUIT     0.082     0  08:02      1.15    1.65    1.00
  H0020755             CONDUIT     0.144     0  08:04      1.15    1.59    1.00
  H0020530             CONDUIT     2.403     0  08:05      3.78    2.06    1.00
  H0020618             CONDUIT     1.686     0  08:07      3.35    1.05    1.00
  H0021163             CONDUIT     0.124     0  08:02      1.75    2.07    1.00
  H0020497             CONDUIT     0.031     0  08:04      0.43    0.07    1.00
  H0024325             CONDUIT     0.347     0  08:04      1.86    1.03    1.00
  H0023585             CONDUIT     0.673     0  08:04      3.43    1.55    1.00
  H0024098             CONDUIT     0.213     0  08:03      3.02    2.49    1.00
  H0024235             CONDUIT     0.376     0  08:04      1.92    1.54    1.00
  H0024282             CONDUIT     0.000     0  00:00      0.00    0.00    0.06
  H0024308             CONDUIT     2.394     0  08:06      5.80    0.70    0.62
  H0024498             CONDUIT     0.159     0  08:03      2.25    2.46    1.00
  H0026990             CONDUIT     0.111     0  08:05      0.88    0.84    1.00
  H0041650             CONDUIT     0.572     0  08:07      1.15    0.67    0.99
  H0041011             CONDUIT     0.116     0  08:02      1.64    1.15    1.00
  H0045103             CONDUIT     0.500     0  08:07      1.03    0.63    0.98
  H0045104             CONDUIT     2.392     0  08:05      4.81    0.85    0.73
  H0045105             CONDUIT     0.026     0  08:05      0.46    0.45    1.00
  H0045106             CONDUIT     0.479     0  08:04      2.44    0.64    1.00
  H0045107             CONDUIT     0.072     0  08:06      1.01    1.18    1.00
  H0045108             CONDUIT     0.090     0  08:07      1.27    1.62    1.00
  
  
  ***************************
  Flow Classification Summary
  ***************************
  
  -------------------------------------------------------------------------------------
                      Adjusted    ---------- Fraction of Time in Flow Class ---------- 
                       /Actual         Up    Down  Sub   Sup   Up    Down  Norm  Inlet 
  Conduit               Length    Dry  Dry   Dry   Crit  Crit  Crit  Crit  Ltd   Ctrl  
  -------------------------------------------------------------------------------------
  H0014431                1.00   0.04  0.00  0.00  0.96  0.00  0.00  0.00  0.96  0.00
  H0014433                1.00   0.04  0.00  0.00  0.96  0.00  0.00  0.00  0.96  0.00
  H0014352                1.00   0.04  0.00  0.00  0.73  0.23  0.00  0.00  0.96  0.00
  H0014373                1.00   0.04  0.00  0.00  0.71  0.25  0.00  0.00  0.70  0.00
  H0017981                1.00   0.04  0.00  0.00  0.00  0.00  0.00  0.96  0.00  0.00
  H0017755                1.00   0.04  0.00  0.00  0.00  0.00  0.00  0.96  0.00  0.00
  H0017791                1.00   0.04  0.00  0.00  0.96  0.00  0.00  0.00  0.96  0.00
  H0017357                1.00   0.04  0.96  0.00  0.00  0.00  0.00  0.00  0.89  0.00
  H0018216                1.00   0.04  0.70  0.00  0.26  0.00  0.00  0.00  0.96  0.00
  H0016792                1.00   0.04  0.70  0.00  0.27  0.00  0.00  0.00  0.96  0.00
  H0019507                1.00   0.04  0.00  0.00  0.96  0.00  0.00  0.00  0.96  0.00
  H0019998                1.00   0.04  0.00  0.00  0.71  0.25  0.00  0.00  0.26  0.00
  H0019576                1.00   0.04  0.00  0.00  0.74  0.23  0.00  0.00  0.25  0.00
  H0020087                1.00   0.04  0.95  0.00  0.02  0.00  0.00  0.00  0.89  0.00
  H0020211                1.00   0.04  0.00  0.00  0.96  0.00  0.00  0.00  0.69  0.00
  H0018982                1.00   0.04  0.00  0.00  0.96  0.00  0.00  0.00  0.72  0.00
  H0018753                1.00   0.04  0.00  0.00  0.96  0.00  0.00  0.00  0.96  0.00
  H0018845                1.00   1.00  0.00  0.00  0.00  0.00  0.00  0.00  0.00  0.00
  H0018863                1.00   0.04  0.00  0.00  0.96  0.00  0.00  0.00  0.95  0.00
  H0019156                1.00   1.00  0.00  0.00  0.00  0.00  0.00  0.00  0.00  0.00
  H0018929                1.00   0.04  0.70  0.00  0.26  0.00  0.00  0.00  0.96  0.00
  H0018440                1.00   0.04  0.00  0.00  0.96  0.00  0.00  0.00  0.95  0.00
  H0018456                1.00   0.04  0.00  0.00  0.96  0.00  0.00  0.00  0.95  0.00
  H0018968                1.00   0.04  0.69  0.00  0.02  0.26  0.00  0.00  0.71  0.00
  H0022036                1.00   0.04  0.00  0.00  0.05  0.03  0.00  0.89  0.03  0.00
  H0021806                1.00   0.04  0.70  0.00  0.26  0.00  0.00  0.00  0.74  0.00
  H0022111                1.00   0.04  0.00  0.00  0.96  0.00  0.00  0.00  0.00  0.00
  H0021440                1.00   0.04  0.00  0.00  0.73  0.23  0.00  0.00  0.02  0.00
  H0021704                1.00   0.04  0.00  0.00  0.00  0.00  0.00  0.96  0.00  0.00
  H0020521                1.00   0.04  0.00  0.00  0.96  0.00  0.00  0.00  0.96  0.00
  H0020755                1.00   0.04  0.71  0.00  0.25  0.00  0.00  0.00  0.96  0.00
  H0020530                1.00   0.04  0.00  0.00  0.73  0.23  0.00  0.00  0.01  0.00
  H0020618                1.00   0.04  0.00  0.00  0.72  0.24  0.00  0.00  0.73  0.00
  H0021163                1.00   0.04  0.00  0.00  0.95  0.01  0.00  0.00  0.72  0.00
  H0020497                1.20   0.04  0.96  0.00  0.00  0.00  0.00  0.00  0.89  0.00
  H0024325                1.00   0.04  0.00  0.00  0.73  0.23  0.00  0.00  0.72  0.00
  H0023585                1.00   0.04  0.00  0.00  0.00  0.00  0.00  0.96  0.00  0.00
  H0024098                1.00   0.04  0.71  0.00  0.26  0.00  0.00  0.00  0.96  0.00
  H0024235                1.00   0.04  0.00  0.00  0.00  0.00  0.00  0.96  0.00  0.00
  H0024282                1.00   1.00  0.00  0.00  0.00  0.00  0.00  0.00  0.00  0.00
  H0024308                1.00   0.04  0.00  0.00  0.69  0.27  0.00  0.00  0.14  0.00
  H0024498                1.00   0.04  0.00  0.00  0.00  0.00  0.00  0.96  0.00  0.00
  H0026990                1.00   0.04  0.00  0.00  0.96  0.00  0.00  0.00  0.96  0.00
  H0041650                1.00   0.74  0.01  0.00  0.25  0.00  0.00  0.00  0.95  0.00
  H0041011                1.00   0.04  0.00  0.00  0.96  0.00  0.00  0.00  0.96  0.00
  H0045103                1.00   0.04  0.00  0.00  0.96  0.00  0.00  0.00  0.73  0.00
  H0045104                1.00   0.04  0.00  0.00  0.71  0.26  0.00  0.00  0.26  0.00
  H0045105                1.00   0.04  0.00  0.00  0.96  0.00  0.00  0.00  0.96  0.00
  H0045106                1.00   0.04  0.70  0.00  0.02  0.24  0.00  0.00  0.96  0.00
  H0045107                1.00   0.04  0.00  0.00  0.96  0.00  0.00  0.00  0.96  0.00
  H0045108                1.00   0.04  0.00  0.00  0.96  0.00  0.00  0.00  0.96  0.00
  
  
  *************************
  Conduit Surcharge Summary
  *************************
  
  ----------------------------------------------------------------------------
                                                           Hours        Hours 
                         --------- Hours Full --------   Above Full   Capacity
  Conduit                Both Ends  Upstream  Dnstream   Normal Flow   Limited
  ----------------------------------------------------------------------------
  H0014431                    0.20      0.21      0.20      0.21         0.19
  H0014433                    0.14      0.14      0.18      0.06         0.06
  H0014352                    0.08      0.08      0.11      0.01         0.01
  H0014373                    0.01      0.01      0.01      0.06         0.01
  H0017981                    0.11      0.14      0.11      0.26         0.13
  H0017755                    0.11      0.13      0.11      0.16         0.12
  H0017357                    0.09      0.09      0.15      0.10         0.01
  H0018216                    0.14      0.16      0.14      0.18         0.15
  H0016792                    0.04      0.04      0.09      0.01         0.01
  H0019507                    0.15      0.15      0.21      0.04         0.04
  H0019998                    0.03      0.03      0.08      0.01         0.01
  H0019576                    0.03      0.03      0.03      0.01         0.01
  H0020087                    0.05      0.05      0.06      0.01         0.01
  H0020211                    0.03      0.09      0.03      0.22         0.04
  H0018753                    0.15      0.15      0.21      0.01         0.01
  H0018863                    0.21      0.21      0.22      0.14         0.13
  H0018929                    0.01      0.01      0.01      0.01         0.01
  H0018440                    0.18      0.22      0.18      0.27         0.20
  H0018456                    0.10      0.11      0.10      0.13         0.10
  H0021806                    0.13      0.15      0.13      0.17         0.14
  H0022111                    0.06      0.06      0.06      0.04         0.03
  H0021440                    0.01      0.01      0.04      0.01         0.01
  H0021704                    0.01      0.01      0.01      0.13         0.01
  H0020521                    0.14      0.14      0.16      0.09         0.08
  H0020755                    0.10      0.10      0.11      0.06         0.06
  H0020530                    0.01      0.11      0.01      0.15         0.10
  H0020618                    0.03      0.03      0.03      0.05         0.02
  H0021163                    0.18      0.18      0.19      0.17         0.15
  H0020497                    0.01      0.01     67.93      0.01         0.01
  H0024325                    0.06      0.06      0.09      0.01         0.01
  H0023585                    0.09      0.11      0.09      0.12         0.10
  H0024098                    0.22      0.22      0.27      0.18         0.18
  H0024235                    0.06      0.08      0.07      0.08         0.07
  H0024498                    0.10      0.20      0.10      0.24         0.17
  H0026990                    0.07      0.07      0.10      0.01         0.01
  H0041650                    0.01      0.01      0.01      0.01         0.01
  H0041011                    0.19      0.19      0.22      0.04         0.03
  H0045105                    0.07      0.07      0.08      0.01         0.01
  H0045106                    0.09      0.09      0.11      0.01         0.01
  H0045107                    0.17      0.17      0.20      0.08         0.08
  H0045108                    0.20      0.20      0.22      0.16         0.16
  

  Analysis begun on:  Fri Mar 22 15:55:50 2024
  Analysis ended on:  Fri Mar 22 15:56:00 2024
  Total elapsed time: 00:00:10