
  EPA STORM WATER MANAGEMENT MODEL - VERSION 5.2 (Build 5.2.4)
  PYSWMM TOOLKIT API - VERSION v1.0 (2023-11-27)
  ------------------------------------------------------------

  Gievenbeck_e2_T2D360 
  
  ****************
  Analysis Options
  ****************
  Flow Units ............... CMS
  Process Models:
    Rainfall/Runoff ........ YES
    RDII ................... NO
    Snowmelt ............... NO
    Groundwater ............ NO
    Flow Routing ........... YES
    Ponding Allowed ........ NO
    Water Quality .......... NO
  Infiltration Method ...... HORTON
  Flow Routing Method ...... DYNWAVE
  Surcharge Method ......... SLOT
  Starting Date ............ 01/01/2024 00:00:00
  Ending Date .............. 01/04/2024 04:00:00
  Antecedent Dry Days ...... 14.0
  Report Time Step ......... 00:01:00
  Wet Time Step ............ 00:01:00
  Dry Time Step ............ 00:01:00
  Routing Time Step ........ 1.00 sec
  Variable Time Step ....... YES
  Maximum Trials ........... 8
  Number of Threads ........ 1
  Head Tolerance ........... 0.001500 m
  
  
  **************************        Volume         Depth
  Runoff Quantity Continuity     hectare-m            mm
  **************************     ---------       -------
  Total Precipitation ......         0.297        29.310
  Evaporation Loss .........         0.010         0.950
  Infiltration Loss ........         0.164        16.168
  Surface Runoff ...........         0.124        12.217
  Final Storage ............         0.000         0.000
  Continuity Error (%) .....        -0.085
  
  
  **************************        Volume        Volume
  Flow Routing Continuity        hectare-m      10^6 ltr
  **************************     ---------     ---------
  Dry Weather Inflow .......         0.000         0.000
  Wet Weather Inflow .......         0.124         1.237
  Groundwater Inflow .......         0.000         0.000
  RDII Inflow ..............         0.000         0.000
  External Inflow ..........         0.000         0.000
  External Outflow .........         0.124         1.237
  Flooding Loss ............         0.000         0.000
  Evaporation Loss .........         0.000         0.000
  Exfiltration Loss ........         0.000         0.000
  Initial Stored Volume ....         0.000         0.000
  Final Stored Volume ......         0.000         0.000
  Continuity Error (%) .....        -0.065
  
  
  ***************************
  Time-Step Critical Elements
  ***************************
  None
  
  
  ********************************
  Highest Flow Instability Indexes
  ********************************
  All links are stable.
  
  
  *********************************
  Most Frequent Nonconverging Nodes
  *********************************
  Convergence obtained at all time steps.
  
  
  *************************
  Routing Time Step Summary
  *************************
  Minimum Time Step           :     0.57 sec
  Average Time Step           :     1.00 sec
  Maximum Time Step           :     1.00 sec
  % of Time in Steady State   :     0.00
  Average Iterations per Step :     2.00
  % of Steps Not Converging   :     0.00
  Time Step Frequencies       :
      1.000 -  0.871 sec      :   100.00 %
      0.871 -  0.758 sec      :     0.00 %
      0.758 -  0.660 sec      :     0.00 %
      0.660 -  0.574 sec      :     0.00 %
      0.574 -  0.500 sec      :     0.00 %
  
  
  ***************************
  Subcatchment Runoff Summary
  ***************************
  
  ------------------------------------------------------------------------------------------------------------------------------
                            Total      Total      Total      Total     Imperv       Perv      Total       Total     Peak  Runoff
                           Precip      Runon       Evap      Infil     Runoff     Runoff     Runoff      Runoff   Runoff   Coeff
  Subcatchment                 mm         mm         mm         mm         mm         mm         mm    10^6 ltr      CMS
  ------------------------------------------------------------------------------------------------------------------------------
  EZG_368                   29.31       0.00       0.94      16.27      13.73       0.45      12.12        0.05     0.05   0.413
  EZG_392                   29.31       0.00       0.94      16.23      13.73       0.49      12.17        0.04     0.04   0.415
  EZG_352                   29.31       0.00       0.95      16.33      13.72       0.39      12.05        0.07     0.07   0.411
  EZG_372                   29.31       0.00       0.93      16.06      13.75       0.67      12.36        0.02     0.02   0.422
  EZG_416                   29.31       0.00       0.94      16.21      13.74       0.51      12.19        0.04     0.04   0.416
  EZG_388                   29.31       0.00       0.95      16.29      13.73       0.43      12.10        0.06     0.06   0.413
  EZG_394                   29.31       0.00       0.94      16.20      13.74       0.52      12.20        0.03     0.04   0.416
  EZG_400                   29.31       0.00       0.94      16.19      13.74       0.54      12.21        0.03     0.03   0.417
  EZG_390                   29.31       0.00       0.94      16.22      13.73       0.50      12.17        0.04     0.04   0.415
  EZG_350                   29.31       0.00       0.95      16.29      13.73       0.43      12.10        0.06     0.06   0.413
  EZG_370                   29.31       0.00       0.94      16.25      13.73       0.47      12.15        0.04     0.05   0.414
  EZG_398                   29.31       0.00       0.93      15.99      13.75       0.74      12.43        0.01     0.01   0.424
  EZG_382                   29.31       0.00       0.93      15.96      13.75       0.77      12.46        0.01     0.01   0.425
  EZG_374                   29.31       0.00       1.14      13.57      16.47       0.63      14.63        0.06     0.06   0.499
  EZG_412                   29.31       0.00       0.92      15.79      13.77       0.95      12.65        0.01     0.01   0.432
  EZG_344                   29.31       0.00       0.94      16.18      13.74       0.54      12.22        0.03     0.03   0.417
  EZG_376                   29.31       0.00       0.94      16.14      13.74       0.59      12.27        0.02     0.03   0.419
  EZG_356                   29.31       0.00       0.95      16.34      13.72       0.38      12.04        0.08     0.08   0.411
  EZG_386                   29.31       0.00       0.95      16.37      13.72       0.34      12.00        0.10     0.10   0.409
  EZG_380                   29.31       0.00       0.94      16.26      13.73       0.46      12.13        0.05     0.05   0.414
  EZG_378                   29.31       0.00       0.94      16.24      13.73       0.48      12.16        0.04     0.05   0.415
  EZG_414                   29.31       0.00       0.93      15.96      13.75       0.77      12.46        0.01     0.01   0.425
  EZG_402                   29.31       0.00       0.94      16.23      13.73       0.49      12.17        0.04     0.04   0.415
  EZG_358                   29.31       0.00       0.95      16.34      13.72       0.38      12.04        0.08     0.08   0.411
  EZG_364                   29.31       0.00       0.95      16.34      13.72       0.38      12.04        0.08     0.08   0.411
  EZG_410                   29.31       0.00       0.94      16.15      13.74       0.58      12.26        0.03     0.03   0.418
  EZG_366                   29.31       0.00       0.94      16.17      13.74       0.55      12.23        0.03     0.03   0.417
  EZG_18259                 29.31       0.00       0.94      16.17      13.74       0.55      12.23        0.03     0.03   0.417
  EZG_18258                 29.31       0.00       0.92      15.88      13.76       0.85      12.55        0.01     0.01   0.428
  EZG_346                   29.31       0.00       0.92      16.51      13.46       0.46      11.90        0.04     0.05   0.406
  EZG_348                   29.31       0.00       0.92      16.42      13.47       0.55      12.00        0.03     0.03   0.409
  
  
  ******************
  Node Depth Summary
  ******************
  
  ---------------------------------------------------------------------------------
                                 Average  Maximum  Maximum  Time of Max    Reported
                                   Depth    Depth      HGL   Occurrence   Max Depth
  Node                 Type       Meters   Meters   Meters  days hr:min      Meters
  ---------------------------------------------------------------------------------
  R0019466             JUNCTION     0.00     0.55    70.00     0  04:05        0.54
  R0019468             JUNCTION     0.00     0.49    69.80     0  04:05        0.49
  R0019831             JUNCTION     0.00     0.20    69.37     0  04:05        0.16
  R0019825             JUNCTION     0.00     0.51    69.35     0  04:05        0.46
  R0019843             JUNCTION     0.01     0.41    68.04     0  04:05        0.41
  R0019368             JUNCTION     0.01     0.62    67.41     0  04:06        0.61
  R0019369             JUNCTION     0.01     0.44    67.03     0  04:06        0.43
  R0019370             JUNCTION     0.01     0.38    66.28     0  04:06        0.37
  R0019345             JUNCTION     0.00     0.31    70.21     0  04:05        0.28
  R0019346             JUNCTION     0.00     0.27    70.07     0  04:05        0.26
  R0043600             JUNCTION     0.00     0.31    69.98     0  04:05        0.31
  R0019203             JUNCTION     0.00     0.36    69.90     0  04:05        0.36
  R0043594             JUNCTION     0.00     0.25    69.98     0  04:05        0.24
  R0021458             JUNCTION     0.00     0.30    69.95     0  04:05        0.29
  R0019202             JUNCTION     0.00     0.33    69.91     0  04:05        0.33
  R0019373             JUNCTION     0.00     0.35    70.02     0  04:05        0.33
  R0019254             JUNCTION     0.00     0.42    70.46     0  04:05        0.38
  R0019716             JUNCTION     0.01     0.39    69.40     0  04:06        0.38
  R0019946             JUNCTION     0.01     0.54    69.16     0  04:06        0.54
  R0013935             JUNCTION     0.00     0.25    69.08     0  04:05        0.22
  R0019939             JUNCTION     0.00     0.48    69.05     0  04:05        0.46
  R0019944             JUNCTION     0.01     0.34    68.62     0  04:06        0.34
  R0043703             JUNCTION     0.01     0.42    69.02     0  04:06        0.41
  R0019945             JUNCTION     0.01     0.43    68.83     0  04:06        0.42
  R0039621             JUNCTION     0.00     0.15    69.72     0  04:05        0.14
  R0019838             JUNCTION     0.00     0.25    69.71     0  04:05        0.25
  R0039606             JUNCTION     0.00     0.32    69.91     0  04:05        0.32
  R0019204             JUNCTION     0.00     0.00    69.91     0  00:00        0.00
  R0019205             JUNCTION     0.00     0.00    69.62     0  00:00        0.00
  R0019849             JUNCTION     0.00     0.47    68.99     0  04:06        0.47
  R0019371             JUNCTION     0.00     0.00    70.41     0  00:00        0.00
  R0019718             JUNCTION     0.01     0.44    69.86     0  04:06        0.44
  R0021442             JUNCTION     0.00     1.01    71.06     0  04:05        0.96
  R0019247             JUNCTION     0.00     0.42    70.30     0  04:05        0.39
  R0019719             JUNCTION     0.00     0.28    69.96     0  04:05        0.28
  R0019767             JUNCTION     0.01     0.40    65.13     0  04:06        0.40
  R0019768             JUNCTION     0.01     0.34    64.11     0  04:06        0.34
  R0021453             JUNCTION     0.00     0.10    70.05     0  04:05        0.10
  R0019839             JUNCTION     0.00     0.23    69.62     0  04:05        0.23
  R0019717             JUNCTION     0.01     0.38    69.72     0  04:06        0.38
  R0019252             JUNCTION     0.00     0.39    70.58     0  04:05        0.31
  R0019721             JUNCTION     0.00     0.23    70.10     0  04:05        0.22
  R0019942             JUNCTION     0.00     0.41    69.06     0  04:05        0.40
  R0019206             JUNCTION     0.00     0.00    69.07     0  00:00        0.00
  R0019840             JUNCTION     0.00     0.21    69.18     0  04:05        0.20
  R0043702             JUNCTION     0.00     0.31    69.01     0  04:05        0.31
  R0019723             JUNCTION     0.00     0.15    70.23     0  04:05        0.15
  R0019724             JUNCTION     0.00     0.08    70.24     0  04:05        0.08
  R0021433             JUNCTION     0.00     0.95    71.34     0  04:05        0.90
  R0021435             JUNCTION     0.00     1.07    71.25     0  04:05        1.01
  R0019769             OUTFALL      0.01     0.34    63.72     0  04:06        0.34
  
  
  *******************
  Node Inflow Summary
  *******************
  
  -------------------------------------------------------------------------------------------------
                                  Maximum  Maximum                  Lateral       Total        Flow
                                  Lateral    Total  Time of Max      Inflow      Inflow     Balance
                                   Inflow   Inflow   Occurrence      Volume      Volume       Error
  Node                 Type           CMS      CMS  days hr:min    10^6 ltr    10^6 ltr     Percent
  -------------------------------------------------------------------------------------------------
  R0019466             JUNCTION     0.053    0.078     0  04:03      0.0501      0.0907       0.119
  R0019468             JUNCTION     0.033    0.097     0  04:05      0.0293        0.12      -0.030
  R0019831             JUNCTION     0.043    0.043     0  04:05      0.0394      0.0394       0.095
  R0019825             JUNCTION     0.043    0.084     0  04:04      0.0395      0.0789       0.171
  R0019843             JUNCTION     0.000    1.026     0  04:06           0        1.24      -0.003
  R0019368             JUNCTION     0.000    1.029     0  04:06           0        1.24      -0.000
  R0019369             JUNCTION     0.000    1.074     0  04:06           0        1.24       0.001
  R0019370             JUNCTION     0.000    1.035     0  04:06           0        1.24       0.002
  R0019345             JUNCTION     0.000    0.076     0  04:05           0      0.0772      -0.018
  R0019346             JUNCTION     0.007    0.128     0  04:05     0.00505        0.13       0.014
  R0043600             JUNCTION     0.000    0.142     0  04:05           0        0.15      -0.027
  R0019203             JUNCTION     0.013    0.320     0  04:05       0.011       0.338       0.002
  R0043594             JUNCTION     0.073    0.107     0  04:05      0.0712       0.102      -0.036
  R0021458             JUNCTION     0.059    0.154     0  04:05      0.0555       0.158      -0.012
  R0019202             JUNCTION     0.020    0.174     0  04:05      0.0167       0.177      -0.129
  R0019373             JUNCTION     0.047    0.047     0  04:05      0.0436      0.0436       0.504
  R0019254             JUNCTION     0.039    0.077     0  04:05      0.0355      0.0772       0.052
  R0019716             JUNCTION     0.058    0.603     0  04:06      0.0552       0.693      -0.012
  R0019946             JUNCTION     0.000    0.602     0  04:06           0       0.693       0.001
  R0013935             JUNCTION     0.037    0.037     0  04:05      0.0338      0.0338       0.037
  R0019939             JUNCTION     0.015    0.048     0  04:04      0.0123      0.0461      -0.033
  R0019944             JUNCTION     0.035    0.748     0  04:06      0.0315       0.888       0.008
  R0043703             JUNCTION     0.042    0.632     0  04:06      0.0385       0.731       0.013
  R0019945             JUNCTION     0.000    0.732     0  04:06           0       0.856      -0.010
  R0039621             JUNCTION     0.000    0.004     0  04:01           0     0.00084       1.116
  R0019838             JUNCTION     0.079    0.079     0  04:05      0.0771       0.078      -0.012
  R0039606             JUNCTION     0.000    0.142     0  04:05           0       0.158       0.050
  R0019204             JUNCTION     0.000    0.000     0  00:00           0           0       0.000 ltr
  R0019205             JUNCTION     0.000    0.000     0  00:00           0           0       0.000 ltr
  R0019849             JUNCTION     0.000    0.112     0  04:05           0       0.125       0.019
  R0019371             JUNCTION     0.000    0.000     0  00:00           0           0       0.000 ltr
  R0019718             JUNCTION     0.051    0.353     0  04:05      0.0472       0.385      -0.961
  R0021442             JUNCTION     0.058    0.123     0  04:05      0.0554       0.125       0.052
  R0019247             JUNCTION     0.028    0.145     0  04:05      0.0245        0.15      -0.002
  R0019719             JUNCTION     0.029    0.147     0  04:05      0.0257       0.156      -0.010
  R0019767             JUNCTION     0.000    1.028     0  04:06           0        1.24      -0.006
  R0019768             JUNCTION     0.000    1.031     0  04:06           0        1.24       0.010
  R0021453             JUNCTION     0.034    0.034     0  04:05      0.0309      0.0309      -0.089
  R0019839             JUNCTION     0.078    0.149     0  04:05      0.0762       0.153      -0.002
  R0019717             JUNCTION     0.096    0.565     0  04:06      0.0958       0.641       0.451
  R0019252             JUNCTION     0.045    0.045     0  04:05      0.0417      0.0417      -0.068
  R0019721             JUNCTION     0.013    0.053     0  04:05      0.0108      0.0476       0.027
  R0019942             JUNCTION     0.000    0.075     0  04:05           0      0.0788      -0.208
  R0019206             JUNCTION     0.000    0.000     0  00:00           0           0       0.000 ltr
  R0019840             JUNCTION     0.000    0.242     0  04:05           0       0.273       0.004
  R0043702             JUNCTION     0.078    0.312     0  04:05      0.0763        0.35      -0.004
  R0019723             JUNCTION     0.033    0.042     0  04:05      0.0291      0.0367      -0.060
  R0019724             JUNCTION     0.010    0.010     0  04:05     0.00768     0.00768      -0.058
  R0021433             JUNCTION     0.047    0.047     0  04:05      0.0433      0.0433      -0.226
  R0021435             JUNCTION     0.030    0.071     0  04:05      0.0267      0.0701       0.037
  R0019769             OUTFALL      0.000    1.032     0  04:06           0        1.24       0.000
  
  
  **********************
  Node Surcharge Summary
  **********************
  
  Surcharging occurs when water rises above the top of the highest conduit.
  ---------------------------------------------------------------------
                                               Max. Height   Min. Depth
                                   Hours       Above Crown    Below Rim
  Node                 Type      Surcharged         Meters       Meters
  ---------------------------------------------------------------------
  R0019466             JUNCTION        0.08          0.253        2.257
  R0019468             JUNCTION        0.07          0.193        2.237
  R0019825             JUNCTION        0.04          0.214        0.986
  R0019345             JUNCTION        0.01          0.006        1.744
  R0019373             JUNCTION        0.02          0.047        2.453
  R0019254             JUNCTION        0.04          0.122        1.708
  R0019939             JUNCTION        0.07          0.177        1.443
  R0019849             JUNCTION        0.09          0.172        1.758
  R0021442             JUNCTION        0.10          0.708        1.042
  R0019247             JUNCTION        0.01          0.019        1.841
  R0019252             JUNCTION        0.01          0.088        1.552
  R0019942             JUNCTION        0.05          0.109        1.541
  R0021433             JUNCTION        0.05          0.647        1.203
  R0021435             JUNCTION        0.08          0.765        1.045
  
  
  *********************
  Node Flooding Summary
  *********************
  
  No nodes were flooded.
  
  
  ***********************
  Outfall Loading Summary
  ***********************
  
  -----------------------------------------------------------
                         Flow       Avg       Max       Total
                         Freq      Flow      Flow      Volume
  Outfall Node           Pcnt       CMS       CMS    10^6 ltr
  -----------------------------------------------------------
  R0019769              10.30     0.044     1.032       1.237
  -----------------------------------------------------------
  System                10.30     0.044     1.032       1.237
  
  
  ********************
  Link Flow Summary
  ********************
  
  -----------------------------------------------------------------------------
                                 Maximum  Time of Max   Maximum    Max/    Max/
                                  |Flow|   Occurrence   |Veloc|    Full    Full
  Link                 Type          CMS  days hr:min     m/sec    Flow   Depth
  -----------------------------------------------------------------------------
  H0014431             CONDUIT     0.068     0  04:03      0.96    1.26    1.00
  H0014433             CONDUIT     0.042     0  04:04      0.70    0.53    1.00
  H0014352             CONDUIT     1.029     0  04:06      2.78    0.42    0.57
  H0014373             CONDUIT     1.035     0  04:06      3.70    0.48    0.45
  H0017981             CONDUIT     0.075     0  04:05      1.16    2.13    0.87
  H0017755             CONDUIT     0.140     0  04:05      1.43    1.13    0.74
  H0017791             CONDUIT     0.098     0  04:05      0.61    0.14    0.30
  H0017357             CONDUIT     0.028     0  04:05      0.48    0.46    0.79
  H0018216             CONDUIT     0.076     0  04:05      1.08    1.39    1.00
  H0016792             CONDUIT     0.602     0  04:06      1.84    0.35    0.51
  H0019507             CONDUIT     0.034     0  04:04      0.68    0.47    1.00
  H0019998             CONDUIT     0.748     0  04:06      3.03    0.30    0.41
  H0019576             CONDUIT     0.635     0  04:06      2.19    0.43    0.47
  H0020087             CONDUIT     0.006     0  04:06      0.13    0.03    0.40
  H0020211             CONDUIT     0.610     0  04:06      1.81    1.52    0.53
  H0018982             CONDUIT     0.142     0  04:05      0.79    0.23    0.34
  H0018753             CONDUIT     0.036     0  04:07      0.61    0.51    1.00
  H0018845             CONDUIT     0.000     0  00:00      0.00    0.00    0.00
  H0018863             CONDUIT     0.045     0  04:04      0.63    1.05    1.00
  H0019156             CONDUIT     0.000     0  00:00      0.00    0.00    0.00
  H0018929             CONDUIT     0.322     0  04:06      1.19    0.28    0.44
  H0018440             CONDUIT     0.120     0  04:05      1.70    2.15    1.00
  H0018456             CONDUIT     0.127     0  04:05      1.40    0.77    0.68
  H0018968             CONDUIT     1.031     0  04:06      4.20    0.40    0.41
  H0022036             CONDUIT     0.034     0  04:05      0.47    0.03    0.17
  H0021806             CONDUIT     0.142     0  04:05      1.19    1.26    0.91
  H0022111             CONDUIT     0.073     0  04:05      0.77    0.52    0.49
  H0021440             CONDUIT     0.568     0  04:06      2.21    0.37    0.42
  H0021704             CONDUIT     0.358     0  04:06      1.36    0.68    0.43
  H0020521             CONDUIT     0.043     0  04:05      0.62    0.87    1.00
  H0020755             CONDUIT     0.048     0  04:05      0.59    0.53    0.62
  H0020530             CONDUIT     1.074     0  04:06      2.77    0.92    0.59
  H0020618             CONDUIT     0.731     0  04:06      2.85    0.45    0.42
  H0021163             CONDUIT     0.075     0  04:05      1.15    1.26    1.00
  H0020497             CONDUIT     0.000     0  00:00      0.00    0.00    0.68
  H0024325             CONDUIT     0.146     0  04:05      1.76    0.44    0.44
  H0023585             CONDUIT     0.312     0  04:05      2.42    0.72    0.63
  H0024098             CONDUIT     0.111     0  04:05      1.57    1.30    1.00
  H0024235             CONDUIT     0.147     0  04:06      1.37    0.60    0.54
  H0024282             CONDUIT     0.000     0  00:00      0.00    0.00    0.00
  H0024308             CONDUIT     1.032     0  04:06      4.70    0.30    0.38
  H0024498             CONDUIT     0.096     0  04:05      1.36    1.49    1.00
  H0026990             CONDUIT     0.040     0  04:05      0.70    0.30    0.47
  H0041650             CONDUIT     0.172     0  04:05      0.78    0.20    0.38
  H0041011             CONDUIT     0.076     0  04:05      1.07    0.75    1.00
  H0045103             CONDUIT     0.140     0  04:06      0.73    0.18    0.36
  H0045104             CONDUIT     1.028     0  04:06      3.93    0.36    0.43
  H0045105             CONDUIT     0.009     0  04:05      0.37    0.16    0.39
  H0045106             CONDUIT     0.243     0  04:05      2.34    0.33    0.52
  H0045107             CONDUIT     0.041     0  04:05      0.71    0.68    1.00
  H0045108             CONDUIT     0.068     0  04:05      0.97    1.23    1.00
  
  
  ***************************
  Flow Classification Summary
  ***************************
  
  -------------------------------------------------------------------------------------
                      Adjusted    ---------- Fraction of Time in Flow Class ---------- 
                       /Actual         Up    Down  Sub   Sup   Up    Down  Norm  Inlet 
  Conduit               Length    Dry  Dry   Dry   Crit  Crit  Crit  Crit  Ltd   Ctrl  
  -------------------------------------------------------------------------------------
  H0014431                1.00   0.03  0.00  0.00  0.97  0.00  0.00  0.00  0.96  0.00
  H0014433                1.00   0.03  0.00  0.00  0.97  0.00  0.00  0.00  0.96  0.00
  H0014352                1.00   0.03  0.00  0.00  0.88  0.08  0.00  0.00  0.96  0.00
  H0014373                1.00   0.04  0.00  0.00  0.87  0.10  0.00  0.00  0.85  0.00
  H0017981                1.00   0.03  0.00  0.00  0.00  0.00  0.00  0.97  0.00  0.00
  H0017755                1.00   0.03  0.00  0.00  0.00  0.00  0.00  0.96  0.00  0.00
  H0017791                1.00   0.03  0.00  0.00  0.97  0.00  0.00  0.00  0.96  0.00
  H0017357                1.00   0.03  0.96  0.00  0.00  0.00  0.00  0.00  0.95  0.00
  H0018216                1.00   0.03  0.86  0.00  0.10  0.00  0.00  0.00  0.96  0.00
  H0016792                1.00   0.03  0.85  0.00  0.11  0.00  0.00  0.00  0.96  0.00
  H0019507                1.00   0.03  0.00  0.00  0.97  0.00  0.00  0.00  0.96  0.00
  H0019998                1.00   0.03  0.00  0.00  0.87  0.10  0.00  0.00  0.11  0.00
  H0019576                1.00   0.03  0.00  0.00  0.89  0.07  0.00  0.00  0.10  0.00
  H0020087                1.00   0.03  0.95  0.00  0.01  0.00  0.00  0.00  0.95  0.00
  H0020211                1.00   0.03  0.00  0.00  0.97  0.00  0.00  0.00  0.85  0.00
  H0018982                1.00   0.03  0.00  0.00  0.97  0.00  0.00  0.00  0.88  0.00
  H0018753                1.00   0.03  0.00  0.00  0.97  0.00  0.00  0.00  0.96  0.00
  H0018845                1.00   1.00  0.00  0.00  0.00  0.00  0.00  0.00  0.00  0.00
  H0018863                1.00   0.03  0.00  0.00  0.97  0.00  0.00  0.00  0.96  0.00
  H0019156                1.00   1.00  0.00  0.00  0.00  0.00  0.00  0.00  0.00  0.00
  H0018929                1.00   0.03  0.86  0.00  0.11  0.00  0.00  0.00  0.96  0.00
  H0018440                1.00   0.03  0.00  0.00  0.97  0.00  0.00  0.00  0.96  0.00
  H0018456                1.00   0.03  0.00  0.00  0.97  0.00  0.00  0.00  0.96  0.00
  H0018968                1.00   0.04  0.00  0.00  0.86  0.10  0.00  0.00  0.87  0.00
  H0022036                1.00   0.03  0.00  0.00  0.02  0.02  0.00  0.93  0.02  0.00
  H0021806                1.00   0.03  0.86  0.00  0.10  0.00  0.00  0.00  0.90  0.00
  H0022111                1.00   0.03  0.00  0.00  0.97  0.00  0.00  0.00  0.00  0.00
  H0021440                1.00   0.03  0.00  0.00  0.89  0.08  0.00  0.00  0.01  0.00
  H0021704                1.00   0.03  0.00  0.00  0.00  0.00  0.00  0.96  0.00  0.00
  H0020521                1.00   0.03  0.00  0.00  0.97  0.00  0.00  0.00  0.96  0.00
  H0020755                1.00   0.03  0.87  0.00  0.10  0.00  0.00  0.00  0.96  0.00
  H0020530                1.00   0.03  0.00  0.00  0.89  0.08  0.00  0.00  0.01  0.00
  H0020618                1.00   0.03  0.00  0.00  0.88  0.09  0.00  0.00  0.87  0.00
  H0021163                1.00   0.03  0.00  0.00  0.96  0.01  0.00  0.00  0.87  0.00
  H0020497                1.20   0.03  0.97  0.00  0.00  0.00  0.00  0.00  0.00  0.00
  H0024325                1.00   0.03  0.00  0.00  0.88  0.08  0.00  0.00  0.87  0.00
  H0023585                1.00   0.03  0.00  0.00  0.00  0.00  0.00  0.97  0.00  0.00
  H0024098                1.00   0.03  0.86  0.00  0.10  0.00  0.00  0.00  0.96  0.00
  H0024235                1.00   0.03  0.00  0.00  0.00  0.00  0.00  0.97  0.00  0.00
  H0024282                1.00   1.00  0.00  0.00  0.00  0.00  0.00  0.00  0.00  0.00
  H0024308                1.00   0.04  0.00  0.00  0.85  0.11  0.00  0.00  0.05  0.00
  H0024498                1.00   0.03  0.00  0.00  0.00  0.00  0.00  0.97  0.00  0.00
  H0026990                1.00   0.03  0.00  0.00  0.97  0.00  0.00  0.00  0.96  0.00
  H0041650                1.00   0.89  0.01  0.00  0.10  0.00  0.00  0.00  0.96  0.00
  H0041011                1.00   0.03  0.00  0.00  0.96  0.00  0.00  0.00  0.96  0.00
  H0045103                1.00   0.03  0.00  0.00  0.97  0.00  0.00  0.00  0.89  0.00
  H0045104                1.00   0.04  0.00  0.00  0.86  0.10  0.00  0.00  0.11  0.00
  H0045105                1.00   0.03  0.00  0.00  0.97  0.00  0.00  0.00  0.97  0.00
  H0045106                1.00   0.03  0.00  0.00  0.88  0.08  0.00  0.00  0.96  0.00
  H0045107                1.00   0.03  0.00  0.00  0.97  0.00  0.00  0.00  0.96  0.00
  H0045108                1.00   0.03  0.00  0.00  0.97  0.00  0.00  0.00  0.96  0.00
  
  
  *************************
  Conduit Surcharge Summary
  *************************
  
  ----------------------------------------------------------------------------
                                                           Hours        Hours 
                         --------- Hours Full --------   Above Full   Capacity
  Conduit                Both Ends  Upstream  Dnstream   Normal Flow   Limited
  ----------------------------------------------------------------------------
  H0014431                    0.07      0.08      0.07      0.10         0.07
  H0014433                    0.01      0.01      0.04      0.01         0.01
  H0017981                    0.01      0.01      0.01      0.11         0.01
  H0017755                    0.01      0.01      0.01      0.03         0.01
  H0017357                    0.01      0.01      0.02      0.01         0.01
  H0018216                    0.01      0.04      0.01      0.07         0.03
  H0019507                    0.01      0.01      0.07      0.01         0.01
  H0020211                    0.01      0.01      0.01      0.08         0.01
  H0018753                    0.02      0.02      0.08      0.01         0.01
  H0018863                    0.07      0.07      0.09      0.01         0.01
  H0018440                    0.06      0.10      0.06      0.13         0.09
  H0021806                    0.01      0.01      0.01      0.04         0.01
  H0020521                    0.01      0.01      0.04      0.01         0.01
  H0021163                    0.04      0.04      0.05      0.06         0.03
  H0024098                    0.09      0.09      0.12      0.05         0.05
  H0024498                    0.01      0.07      0.01      0.10         0.05
  H0041011                    0.05      0.05      0.09      0.01         0.01
  H0045107                    0.05      0.05      0.08      0.01         0.01
  H0045108                    0.08      0.08      0.10      0.04         0.04
  

  Analysis begun on:  Fri Mar 22 15:56:04 2024
  Analysis ended on:  Fri Mar 22 15:56:16 2024
  Total elapsed time: 00:00:12