
  EPA STORM WATER MANAGEMENT MODEL - VERSION 5.2 (Build 5.2.4)
  PYSWMM TOOLKIT API - VERSION v1.0 (2023-11-27)
  ------------------------------------------------------------

  Gievenbeck_e2_T50D180 
  
  ****************
  Analysis Options
  ****************
  Flow Units ............... CMS
  Process Models:
    Rainfall/Runoff ........ YES
    RDII ................... NO
    Snowmelt ............... NO
    Groundwater ............ NO
    Flow Routing ........... YES
    Ponding Allowed ........ NO
    Water Quality .......... NO
  Infiltration Method ...... HORTON
  Flow Routing Method ...... DYNWAVE
  Surcharge Method ......... SLOT
  Starting Date ............ 01/01/2024 00:00:00
  Ending Date .............. 01/04/2024 04:00:00
  Antecedent Dry Days ...... 14.0
  Report Time Step ......... 00:01:00
  Wet Time Step ............ 00:01:00
  Dry Time Step ............ 00:01:00
  Routing Time Step ........ 1.00 sec
  Variable Time Step ....... YES
  Maximum Trials ........... 8
  Number of Threads ........ 1
  Head Tolerance ........... 0.001500 m
  
  
  **************************        Volume         Depth
  Runoff Quantity Continuity     hectare-m            mm
  **************************     ---------       -------
  Total Precipitation ......         0.530        52.380
  Evaporation Loss .........         0.010         0.955
  Infiltration Loss ........         0.217        21.407
  Surface Runoff ...........         0.305        30.095
  Final Storage ............         0.000         0.000
  Continuity Error (%) .....        -0.147
  
  
  **************************        Volume        Volume
  Flow Routing Continuity        hectare-m      10^6 ltr
  **************************     ---------     ---------
  Dry Weather Inflow .......         0.000         0.000
  Wet Weather Inflow .......         0.305         3.046
  Groundwater Inflow .......         0.000         0.000
  RDII Inflow ..............         0.000         0.000
  External Inflow ..........         0.000         0.000
  External Outflow .........         0.291         2.907
  Flooding Loss ............         0.015         0.146
  Evaporation Loss .........         0.000         0.000
  Exfiltration Loss ........         0.000         0.000
  Initial Stored Volume ....         0.000         0.000
  Final Stored Volume ......         0.000         0.000
  Continuity Error (%) .....        -0.200
  
  
  *************************
  Highest Continuity Errors
  *************************
  Node R0019206 (3.53%)
  
  
  ***************************
  Time-Step Critical Elements
  ***************************
  None
  
  
  ********************************
  Highest Flow Instability Indexes
  ********************************
  All links are stable.
  
  
  *********************************
  Most Frequent Nonconverging Nodes
  *********************************
  Convergence obtained at all time steps.
  
  
  *************************
  Routing Time Step Summary
  *************************
  Minimum Time Step           :     0.45 sec
  Average Time Step           :     1.00 sec
  Maximum Time Step           :     1.00 sec
  % of Time in Steady State   :     0.00
  Average Iterations per Step :     2.00
  % of Steps Not Converging   :     0.00
  Time Step Frequencies       :
      1.000 -  0.871 sec      :    99.98 %
      0.871 -  0.758 sec      :     0.01 %
      0.758 -  0.660 sec      :     0.00 %
      0.660 -  0.574 sec      :     0.00 %
      0.574 -  0.500 sec      :     0.00 %
  
  
  ***************************
  Subcatchment Runoff Summary
  ***************************
  
  ------------------------------------------------------------------------------------------------------------------------------
                            Total      Total      Total      Total     Imperv       Perv      Total       Total     Peak  Runoff
                           Precip      Runon       Evap      Infil     Runoff     Runoff     Runoff      Runoff   Runoff   Coeff
  Subcatchment                 mm         mm         mm         mm         mm         mm         mm    10^6 ltr      CMS
  ------------------------------------------------------------------------------------------------------------------------------
  EZG_368                   52.38       0.00       0.95      21.55      25.29       8.45      29.95        0.12     0.17   0.572
  EZG_392                   52.38       0.00       0.95      21.43      25.30       8.58      30.09        0.10     0.14   0.574
  EZG_352                   52.38       0.00       0.95      21.75      25.28       8.25      29.74        0.18     0.23   0.568
  EZG_372                   52.38       0.00       0.93      21.04      25.32       8.99      30.51        0.04     0.06   0.583
  EZG_416                   52.38       0.00       0.94      21.38      25.30       8.64      30.14        0.09     0.12   0.575
  EZG_388                   52.38       0.00       0.95      21.61      25.29       8.40      29.89        0.14     0.18   0.571
  EZG_394                   52.38       0.00       0.94      21.35      25.30       8.66      30.17        0.08     0.12   0.576
  EZG_400                   52.38       0.00       0.94      21.32      25.30       8.70      30.21        0.08     0.11   0.577
  EZG_390                   52.38       0.00       0.95      21.42      25.30       8.60      30.10        0.10     0.13   0.575
  EZG_350                   52.38       0.00       0.95      21.61      25.29       8.39      29.89        0.14     0.18   0.571
  EZG_370                   52.38       0.00       0.95      21.48      25.30       8.53      30.03        0.11     0.15   0.573
  EZG_398                   52.38       0.00       0.93      20.92      25.33       9.11      30.64        0.03     0.05   0.585
  EZG_382                   52.38       0.00       0.93      20.88      25.33       9.16      30.69        0.03     0.04   0.586
  EZG_374                   52.38       0.00       1.14      17.51      30.34       8.02      33.81        0.13     0.18   0.645
  EZG_412                   52.38       0.00       0.92      20.61      25.35       9.44      30.98        0.01     0.02   0.591
  EZG_344                   52.38       0.00       0.94      21.31      25.30       8.71      30.22        0.08     0.11   0.577
  EZG_376                   52.38       0.00       0.94      21.20      25.31       8.82      30.33        0.06     0.09   0.579
  EZG_356                   52.38       0.00       0.96      21.80      25.28       8.20      29.69        0.19     0.25   0.567
  EZG_386                   52.38       0.00       0.96      21.94      25.27       8.06      29.54        0.24     0.30   0.564
  EZG_380                   52.38       0.00       0.95      21.52      25.29       8.49      29.98        0.12     0.16   0.572
  EZG_378                   52.38       0.00       0.95      21.46      25.30       8.55      30.06        0.10     0.14   0.574
  EZG_414                   52.38       0.00       0.93      20.87      25.33       9.16      30.69        0.03     0.04   0.586
  EZG_402                   52.38       0.00       0.95      21.43      25.30       8.58      30.08        0.10     0.14   0.574
  EZG_358                   52.38       0.00       0.96      21.80      25.28       8.21      29.69        0.19     0.24   0.567
  EZG_364                   52.38       0.00       0.96      21.80      25.28       8.21      29.69        0.19     0.24   0.567
  EZG_410                   52.38       0.00       0.94      21.22      25.31       8.80      30.31        0.06     0.09   0.579
  EZG_366                   52.38       0.00       0.94      21.28      25.31       8.73      30.24        0.07     0.11   0.577
  EZG_18259                 52.38       0.00       0.94      21.28      25.31       8.74      30.25        0.07     0.10   0.577
  EZG_18258                 52.38       0.00       0.93      20.75      25.34       9.29      30.83        0.02     0.03   0.589
  EZG_346                   52.38       0.00       0.93      21.89      24.79       8.57      29.64        0.11     0.15   0.566
  EZG_348                   52.38       0.00       0.92      21.64      24.80       8.82      29.90        0.07     0.10   0.571
  
  
  ******************
  Node Depth Summary
  ******************
  
  ---------------------------------------------------------------------------------
                                 Average  Maximum  Maximum  Time of Max    Reported
                                   Depth    Depth      HGL   Occurrence   Max Depth
  Node                 Type       Meters   Meters   Meters  days hr:min      Meters
  ---------------------------------------------------------------------------------
  R0019466             JUNCTION     0.01     2.81    72.26     0  03:04        2.81
  R0019468             JUNCTION     0.01     2.73    72.04     0  03:04        2.73
  R0019831             JUNCTION     0.00     1.66    70.83     0  03:02        1.66
  R0019825             JUNCTION     0.01     1.50    70.34     0  03:02        1.50
  R0019843             JUNCTION     0.01     1.83    69.46     0  03:04        1.56
  R0019368             JUNCTION     0.01     1.81    68.60     0  03:04        1.57
  R0019369             JUNCTION     0.01     0.87    67.46     0  03:05        0.86
  R0019370             JUNCTION     0.01     0.67    66.57     0  03:05        0.66
  R0019345             JUNCTION     0.01     1.68    71.58     0  03:05        1.65
  R0019346             JUNCTION     0.01     1.59    71.39     0  03:05        1.54
  R0043600             JUNCTION     0.01     1.68    71.35     0  03:06        1.64
  R0019203             JUNCTION     0.01     1.56    71.10     0  03:05        1.55
  R0043594             JUNCTION     0.00     1.98    71.71     0  03:05        1.33
  R0021458             JUNCTION     0.01     1.97    71.62     0  03:05        1.52
  R0019202             JUNCTION     0.01     1.59    71.17     0  03:05        1.44
  R0019373             JUNCTION     0.00     2.51    72.18     0  03:05        2.49
  R0019254             JUNCTION     0.01     2.13    72.17     0  03:04        2.13
  R0019716             JUNCTION     0.01     1.62    70.63     0  03:06        1.30
  R0019946             JUNCTION     0.01     1.64    70.26     0  03:06        1.46
  R0013935             JUNCTION     0.00     1.62    70.45     0  03:03        1.62
  R0019939             JUNCTION     0.01     1.77    70.34     0  03:04        1.76
  R0019944             JUNCTION     0.01     1.31    69.59     0  03:06        1.22
  R0043703             JUNCTION     0.01     1.35    69.95     0  03:06        1.26
  R0019945             JUNCTION     0.01     1.30    69.70     0  03:06        1.24
  R0039621             JUNCTION     0.00     1.56    71.13     0  03:03        1.56
  R0019838             JUNCTION     0.01     1.80    71.26     0  03:03        1.80
  R0039606             JUNCTION     0.01     1.57    71.16     0  03:05        1.42
  R0019204             JUNCTION     0.00     0.00    69.91     0  00:00        0.00
  R0019205             JUNCTION     0.00     0.00    69.62     0  00:00        0.00
  R0019849             JUNCTION     0.01     1.57    70.09     0  03:04        1.55
  R0019371             JUNCTION     0.00     0.00    70.41     0  00:00        0.00
  R0019718             JUNCTION     0.01     1.71    71.13     0  03:05        1.60
  R0021442             JUNCTION     0.01     2.05    72.10     0  03:01        2.05
  R0019247             JUNCTION     0.01     1.76    71.64     0  03:06        1.45
  R0019719             JUNCTION     0.01     1.40    71.08     0  03:06        1.30
  R0019767             JUNCTION     0.01     0.70    65.43     0  03:05        0.70
  R0019768             JUNCTION     0.01     0.57    64.34     0  03:05        0.57
  R0021453             JUNCTION     0.00     1.75    71.70     0  03:05        1.12
  R0019839             JUNCTION     0.01     1.94    71.33     0  03:04        1.85
  R0019717             JUNCTION     0.01     1.58    70.92     0  03:06        1.32
  R0019252             JUNCTION     0.01     1.94    72.13     0  03:02        1.94
  R0019721             JUNCTION     0.00     1.71    71.58     0  03:05        1.65
  R0019942             JUNCTION     0.01     1.49    70.14     0  03:05        1.48
  R0019206             JUNCTION     0.00     0.13    69.20     0  03:05        0.10
  R0019840             JUNCTION     0.00     2.04    71.01     0  03:05        2.04
  R0043702             JUNCTION     0.01     2.22    70.92     0  03:05        2.22
  R0019723             JUNCTION     0.00     1.66    71.74     0  03:05        1.56
  R0019724             JUNCTION     0.00     1.62    71.78     0  03:05        1.48
  R0021433             JUNCTION     0.01     2.15    72.54     0  03:01        2.15
  R0021435             JUNCTION     0.01     2.11    72.29     0  03:01        2.11
  R0019769             OUTFALL      0.01     0.57    63.95     0  03:05        0.57
  
  
  *******************
  Node Inflow Summary
  *******************
  
  -------------------------------------------------------------------------------------------------
                                  Maximum  Maximum                  Lateral       Total        Flow
                                  Lateral    Total  Time of Max      Inflow      Inflow     Balance
                                   Inflow   Inflow   Occurrence      Volume      Volume       Error
  Node                 Type           CMS      CMS  days hr:min    10^6 ltr    10^6 ltr     Percent
  -------------------------------------------------------------------------------------------------
  R0019466             JUNCTION     0.169    0.169     0  03:05       0.124       0.185       0.029
  R0019468             JUNCTION     0.105    0.180     0  03:05      0.0724       0.239      -0.011
  R0019831             JUNCTION     0.137    0.137     0  03:05      0.0974      0.0974       0.087
  R0019825             JUNCTION     0.137    0.238     0  03:05      0.0977       0.191       0.074
  R0019843             JUNCTION     0.000    2.561     0  03:03           0        2.91      -0.064
  R0019368             JUNCTION     0.000    2.481     0  03:05           0        2.91      -0.033
  R0019369             JUNCTION     0.000    2.486     0  03:05           0        2.91      -0.011
  R0019370             JUNCTION     0.000    2.508     0  03:05           0        2.91      -0.003
  R0019345             JUNCTION     0.000    0.162     0  03:03           0        0.17       0.022
  R0019346             JUNCTION     0.021    0.313     0  03:04      0.0124         0.3       0.013
  R0043600             JUNCTION     0.000    0.222     0  03:04           0       0.302      -0.106
  R0019203             JUNCTION     0.044    0.913     0  03:06      0.0271       0.826      -0.060
  R0043594             JUNCTION     0.229    0.552     0  03:05       0.176       0.263      -0.391
  R0021458             JUNCTION     0.185    0.528     0  03:05       0.137       0.399      -0.042
  R0019202             JUNCTION     0.064    0.725     0  03:05      0.0413       0.497      -0.267
  R0019373             JUNCTION     0.149    0.226     0  03:04       0.108       0.125       0.857
  R0019254             JUNCTION     0.125    0.173     0  03:02      0.0878        0.17       0.020
  R0019716             JUNCTION     0.184    1.599     0  03:06       0.136        1.68      -0.021
  R0019946             JUNCTION     0.000    1.586     0  03:06           0        1.68      -0.006
  R0013935             JUNCTION     0.120    0.120     0  03:05      0.0837      0.0837       0.054
  R0019939             JUNCTION     0.048    0.128     0  03:03      0.0303       0.108      -0.056
  R0019944             JUNCTION     0.112    1.897     0  03:06      0.0778        2.12       0.012
  R0043703             JUNCTION     0.134    1.686     0  03:06      0.0952        1.78      -0.016
  R0019945             JUNCTION     0.000    1.856     0  03:06           0        2.04      -0.022
  R0039621             JUNCTION     0.000    0.213     0  03:05           0      0.0224      -1.211
  R0019838             JUNCTION     0.245    0.245     0  03:05        0.19       0.195      -0.079
  R0039606             JUNCTION     0.000    0.551     0  03:05           0       0.396       0.093
  R0019204             JUNCTION     0.000    0.000     0  00:00           0           0       0.000 ltr
  R0019205             JUNCTION     0.000    0.000     0  00:00           0           0       0.000 ltr
  R0019849             JUNCTION     0.000    0.222     0  03:03           0       0.265       0.000
  R0019371             JUNCTION     0.000    0.000     0  00:00           0           0       0.000 ltr
  R0019718             JUNCTION     0.160    0.983     0  03:06       0.117       0.943      -0.385
  R0021442             JUNCTION     0.175    0.248     0  03:05       0.128       0.265       0.016
  R0019247             JUNCTION     0.090    0.224     0  03:04      0.0605       0.303       0.118
  R0019719             JUNCTION     0.094    0.396     0  03:04      0.0636       0.364       0.505
  R0019767             JUNCTION     0.000    2.497     0  03:05           0        2.91      -0.003
  R0019768             JUNCTION     0.000    2.483     0  03:05           0        2.91       0.004
  R0021453             JUNCTION     0.111    0.495     0  03:05      0.0764      0.0804      -1.153
  R0019839             JUNCTION     0.243    0.406     0  03:04       0.188        0.36       0.050
  R0019717             JUNCTION     0.296    1.551     0  03:06       0.236        1.54       0.008
  R0019252             JUNCTION     0.144    0.144     0  03:05       0.103       0.103      -0.019
  R0019721             JUNCTION     0.043    0.162     0  03:04      0.0267       0.118       0.050
  R0019942             JUNCTION     0.000    0.125     0  03:02           0       0.156      -0.212
  R0019206             JUNCTION     0.000    0.074     0  03:04           0     0.00158       3.657
  R0019840             JUNCTION     0.000    0.527     0  03:03           0       0.599      -0.042
  R0043702             JUNCTION     0.243    0.711     0  03:04       0.188       0.787       0.378
  R0019723             JUNCTION     0.105    0.127     0  03:04      0.0719       0.091      -0.125
  R0019724             JUNCTION     0.031    0.051     0  03:02      0.0189      0.0191      -0.370
  R0021433             JUNCTION     0.150    0.150     0  03:05       0.108       0.108      -0.105
  R0021435             JUNCTION     0.098    0.169     0  03:05      0.0665       0.161      -0.040
  R0019769             OUTFALL      0.000    2.491     0  03:05           0        2.91       0.000
  
  
  **********************
  Node Surcharge Summary
  **********************
  
  Surcharging occurs when water rises above the top of the highest conduit.
  ---------------------------------------------------------------------
                                               Max. Height   Min. Depth
                                   Hours       Above Crown    Below Rim
  Node                 Type      Surcharged         Meters       Meters
  ---------------------------------------------------------------------
  R0019466             JUNCTION        0.22          2.510        0.000
  R0019468             JUNCTION        0.22          2.430        0.000
  R0019831             JUNCTION        0.16          1.360        0.000
  R0019825             JUNCTION        0.20          1.200        0.000
  R0019843             JUNCTION        0.10          0.932        1.688
  R0019368             JUNCTION        0.13          0.909        0.141
  R0019345             JUNCTION        0.15          1.380        0.370
  R0019346             JUNCTION        0.12          1.191        0.549
  R0043600             JUNCTION        0.14          1.280        1.300
  R0019203             JUNCTION        0.04          0.662        1.318
  R0043594             JUNCTION        0.02          1.049        0.771
  R0021458             JUNCTION        0.03          1.075        1.005
  R0019202             JUNCTION        0.04          0.686        1.314
  R0019373             JUNCTION        0.17          2.208        0.292
  R0019254             JUNCTION        0.17          1.830        0.000
  R0019716             JUNCTION        0.07          0.716        1.004
  R0019946             JUNCTION        0.11          0.740        0.780
  R0013935             JUNCTION        0.17          1.320        0.000
  R0019939             JUNCTION        0.23          1.469        0.151
  R0019944             JUNCTION        0.06          0.409        1.121
  R0043703             JUNCTION        0.06          0.450        0.870
  R0019945             JUNCTION        0.06          0.399        1.061
  R0039621             JUNCTION        0.07          1.060        0.000
  R0019838             JUNCTION        0.08          1.300        0.000
  R0039606             JUNCTION        0.04          0.665        1.335
  R0019849             JUNCTION        0.24          1.268        0.662
  R0019718             JUNCTION        0.06          0.811        1.189
  R0021442             JUNCTION        0.25          1.750        0.000
  R0019247             JUNCTION        0.16          1.361        0.499
  R0019719             JUNCTION        0.10          0.901        0.899
  R0021453             JUNCTION        0.01          0.846        0.654
  R0019839             JUNCTION        0.08          1.444        0.206
  R0019717             JUNCTION        0.05          0.643        1.207
  R0019252             JUNCTION        0.15          1.640        0.000
  R0019721             JUNCTION        0.12          1.310        0.250
  R0019942             JUNCTION        0.21          1.191        0.459
  R0019840             JUNCTION        0.11          1.542        1.028
  R0043702             JUNCTION        0.13          1.721        1.189
  R0019723             JUNCTION        0.09          1.261        0.059
  R0019724             JUNCTION        0.09          1.325        0.125
  R0021433             JUNCTION        0.19          1.850        0.000
  R0021435             JUNCTION        0.22          1.810        0.000
  
  
  *********************
  Node Flooding Summary
  *********************
  
  Flooding refers to all water that overflows a node, whether it ponds or not.
  --------------------------------------------------------------------------
                                                             Total   Maximum
                                 Maximum   Time of Max       Flood    Ponded
                        Hours       Rate    Occurrence      Volume     Depth
  Node                 Flooded       CMS   days hr:min    10^6 ltr    Meters
  --------------------------------------------------------------------------
  R0019466                0.01     0.031      0  03:05       0.001     0.000
  R0019468                0.01     0.019      0  03:05       0.001     0.000
  R0019831                0.06     0.036      0  03:05       0.004     0.000
  R0019825                0.10     0.168      0  03:05       0.035     0.000
  R0019254                0.01     0.005      0  03:05       0.000     0.000
  R0013935                0.05     0.065      0  03:05       0.006     0.000
  R0039621                0.04     0.213      0  03:05       0.018     0.000
  R0019838                0.01     0.024      0  03:04       0.000     0.000
  R0021442                0.09     0.120      0  03:05       0.022     0.000
  R0019252                0.07     0.137      0  03:05       0.020     0.000
  R0021433                0.08     0.078      0  03:05       0.014     0.000
  R0021435                0.10     0.097      0  03:05       0.024     0.000
  
  
  ***********************
  Outfall Loading Summary
  ***********************
  
  -----------------------------------------------------------
                         Flow       Avg       Max       Total
                         Freq      Flow      Flow      Volume
  Outfall Node           Pcnt       CMS       CMS    10^6 ltr
  -----------------------------------------------------------
  R0019769               7.11     0.152     2.491       2.907
  -----------------------------------------------------------
  System                 7.11     0.152     2.491       2.907
  
  
  ********************
  Link Flow Summary
  ********************
  
  -----------------------------------------------------------------------------
                                 Maximum  Time of Max   Maximum    Max/    Max/
                                  |Flow|   Occurrence   |Veloc|    Full    Full
  Link                 Type          CMS  days hr:min     m/sec    Flow   Depth
  -----------------------------------------------------------------------------
  H0014431             CONDUIT     0.087     0  03:02      1.23    1.60    1.00
  H0014433             CONDUIT     0.100     0  03:05      1.42    1.28    1.00
  H0014352             CONDUIT     2.481     0  03:05      3.90    1.02    1.00
  H0014373             CONDUIT     2.508     0  03:05      4.38    1.16    0.85
  H0017981             CONDUIT     0.163     0  03:02      2.31    4.62    1.00
  H0017755             CONDUIT     0.230     0  03:05      1.83    1.86    1.00
  H0017791             CONDUIT     0.404     0  03:05      0.74    0.59    1.00
  H0017357             CONDUIT     0.215     0  03:04      3.05    3.44    1.00
  H0018216             CONDUIT     0.162     0  03:03      2.29    2.95    1.00
  H0016792             CONDUIT     1.586     0  03:06      2.49    0.91    1.00
  H0019507             CONDUIT     0.087     0  03:03      1.23    1.21    1.00
  H0019998             CONDUIT     1.879     0  03:03      3.48    0.75    1.00
  H0019576             CONDUIT     1.688     0  03:06      2.65    1.13    1.00
  H0020087             CONDUIT     0.213     0  03:05      1.08    0.93    1.00
  H0020211             CONDUIT     1.605     0  03:06      2.52    4.00    1.00
  H0018982             CONDUIT     0.551     0  03:05      0.90    0.89    1.00
  H0018753             CONDUIT     0.083     0  03:04      1.17    1.17    1.00
  H0018845             CONDUIT     0.000     0  00:00      0.00    0.00    0.00
  H0018863             CONDUIT     0.124     0  03:03      1.76    2.92    1.00
  H0019156             CONDUIT     0.000     0  00:00      0.00    0.00    0.00
  H0018929             CONDUIT     0.883     0  03:06      1.45    0.77    1.00
  H0018440             CONDUIT     0.158     0  03:01      2.23    2.82    1.00
  H0018456             CONDUIT     0.308     0  03:04      2.45    1.87    1.00
  H0018968             CONDUIT     2.483     0  03:05      5.17    0.95    0.71
  H0022036             CONDUIT     0.409     0  03:05      0.64    0.32    1.00
  H0021806             CONDUIT     0.222     0  03:04      1.77    1.97    1.00
  H0022111             CONDUIT     0.189     0  03:04      0.96    1.35    1.00
  H0021440             CONDUIT     1.480     0  03:06      2.51    0.96    1.00
  H0021704             CONDUIT     1.004     0  03:06      1.71    1.91    1.00
  H0020521             CONDUIT     0.083     0  03:02      1.17    1.68    1.00
  H0020755             CONDUIT     0.162     0  03:05      1.29    1.79    1.00
  H0020530             CONDUIT     2.486     0  03:05      3.91    2.13    1.00
  H0020618             CONDUIT     1.832     0  03:06      3.35    1.14    1.00
  H0021163             CONDUIT     0.125     0  03:02      1.77    2.09    1.00
  H0020497             CONDUIT     0.074     0  03:04      1.04    0.16    1.00
  H0024325             CONDUIT     0.376     0  03:03      1.92    1.12    1.00
  H0023585             CONDUIT     0.702     0  03:04      3.57    1.61    1.00
  H0024098             CONDUIT     0.219     0  03:03      3.10    2.55    1.00
  H0024235             CONDUIT     0.390     0  03:04      1.98    1.60    1.00
  H0024282             CONDUIT     0.000     0  00:00      0.00    0.00    0.22
  H0024308             CONDUIT     2.491     0  03:05      5.86    0.73    0.63
  H0024498             CONDUIT     0.170     0  03:05      2.40    2.63    1.00
  H0026990             CONDUIT     0.121     0  03:04      0.96    0.91    1.00
  H0041650             CONDUIT     0.739     0  03:05      1.16    0.86    1.00
  H0041011             CONDUIT     0.116     0  03:02      1.64    1.14    1.00
  H0045103             CONDUIT     0.519     0  03:05      1.01    0.65    1.00
  H0045104             CONDUIT     2.497     0  03:05      4.84    0.89    0.76
  H0045105             CONDUIT     0.035     0  03:05      0.49    0.60    1.00
  H0045106             CONDUIT     0.494     0  03:03      2.51    0.66    1.00
  H0045107             CONDUIT     0.072     0  03:06      1.01    1.18    1.00
  H0045108             CONDUIT     0.088     0  03:08      1.24    1.58    1.00
  
  
  ***************************
  Flow Classification Summary
  ***************************
  
  -------------------------------------------------------------------------------------
                      Adjusted    ---------- Fraction of Time in Flow Class ---------- 
                       /Actual         Up    Down  Sub   Sup   Up    Down  Norm  Inlet 
  Conduit               Length    Dry  Dry   Dry   Crit  Crit  Crit  Crit  Ltd   Ctrl  
  -------------------------------------------------------------------------------------
  H0014431                1.00   0.03  0.00  0.00  0.97  0.00  0.00  0.00  0.96  0.00
  H0014433                1.00   0.03  0.00  0.00  0.97  0.00  0.00  0.00  0.97  0.00
  H0014352                1.00   0.03  0.00  0.00  0.92  0.05  0.00  0.00  0.97  0.00
  H0014373                1.00   0.03  0.00  0.00  0.91  0.06  0.00  0.00  0.89  0.00
  H0017981                1.00   0.03  0.00  0.00  0.00  0.00  0.00  0.97  0.00  0.00
  H0017755                1.00   0.03  0.00  0.00  0.00  0.00  0.00  0.97  0.00  0.00
  H0017791                1.00   0.03  0.00  0.00  0.97  0.00  0.00  0.00  0.96  0.00
  H0017357                1.00   0.03  0.97  0.00  0.00  0.00  0.00  0.00  0.96  0.00
  H0018216                1.00   0.03  0.90  0.00  0.07  0.00  0.00  0.00  0.97  0.00
  H0016792                1.00   0.03  0.89  0.00  0.08  0.00  0.00  0.00  0.96  0.00
  H0019507                1.00   0.03  0.00  0.00  0.97  0.00  0.00  0.00  0.97  0.00
  H0019998                1.00   0.03  0.00  0.00  0.91  0.06  0.00  0.00  0.08  0.00
  H0019576                1.00   0.03  0.00  0.00  0.93  0.04  0.00  0.00  0.07  0.00
  H0020087                1.00   0.03  0.95  0.00  0.02  0.00  0.00  0.00  0.96  0.00
  H0020211                1.00   0.03  0.00  0.00  0.97  0.00  0.00  0.00  0.89  0.00
  H0018982                1.00   0.03  0.00  0.00  0.97  0.00  0.00  0.00  0.91  0.00
  H0018753                1.00   0.03  0.00  0.00  0.97  0.00  0.00  0.00  0.97  0.00
  H0018845                1.00   1.00  0.00  0.00  0.00  0.00  0.00  0.00  0.00  0.00
  H0018863                1.00   0.03  0.00  0.00  0.97  0.00  0.00  0.00  0.96  0.00
  H0019156                1.00   1.00  0.00  0.00  0.00  0.00  0.00  0.00  0.00  0.00
  H0018929                1.00   0.03  0.90  0.00  0.07  0.00  0.00  0.00  0.97  0.00
  H0018440                1.00   0.03  0.00  0.00  0.97  0.00  0.00  0.00  0.96  0.00
  H0018456                1.00   0.03  0.00  0.00  0.97  0.00  0.00  0.00  0.96  0.00
  H0018968                1.00   0.03  0.00  0.00  0.90  0.07  0.00  0.00  0.91  0.00
  H0022036                1.00   0.03  0.00  0.00  0.04  0.00  0.00  0.93  0.03  0.00
  H0021806                1.00   0.03  0.90  0.00  0.07  0.00  0.00  0.00  0.93  0.00
  H0022111                1.00   0.03  0.00  0.00  0.97  0.00  0.00  0.00  0.00  0.00
  H0021440                1.00   0.03  0.00  0.00  0.92  0.05  0.00  0.00  0.02  0.00
  H0021704                1.00   0.03  0.00  0.00  0.00  0.00  0.00  0.97  0.00  0.00
  H0020521                1.00   0.03  0.00  0.00  0.97  0.00  0.00  0.00  0.97  0.00
  H0020755                1.00   0.03  0.90  0.00  0.07  0.00  0.00  0.00  0.96  0.00
  H0020530                1.00   0.03  0.00  0.00  0.93  0.04  0.00  0.00  0.01  0.00
  H0020618                1.00   0.03  0.00  0.00  0.92  0.06  0.00  0.00  0.93  0.00
  H0021163                1.00   0.03  0.00  0.00  0.96  0.01  0.00  0.00  0.91  0.00
  H0020497                1.20   0.03  0.97  0.00  0.00  0.00  0.00  0.00  0.96  0.00
  H0024325                1.00   0.03  0.00  0.00  0.92  0.05  0.00  0.00  0.91  0.00
  H0023585                1.00   0.03  0.00  0.00  0.00  0.00  0.00  0.97  0.00  0.00
  H0024098                1.00   0.03  0.90  0.00  0.07  0.00  0.00  0.00  0.96  0.00
  H0024235                1.00   0.03  0.00  0.00  0.00  0.00  0.00  0.97  0.00  0.00
  H0024282                1.00   1.00  0.00  0.00  0.00  0.00  0.00  0.00  0.00  0.00
  H0024308                1.00   0.03  0.00  0.00  0.89  0.08  0.00  0.00  0.01  0.00
  H0024498                1.00   0.03  0.00  0.00  0.00  0.00  0.00  0.97  0.00  0.00
  H0026990                1.00   0.03  0.00  0.00  0.97  0.00  0.00  0.00  0.97  0.00
  H0041650                1.00   0.93  0.01  0.00  0.06  0.00  0.00  0.00  0.95  0.00
  H0041011                1.00   0.03  0.00  0.00  0.97  0.00  0.00  0.00  0.96  0.00
  H0045103                1.00   0.03  0.00  0.00  0.97  0.00  0.00  0.00  0.92  0.00
  H0045104                1.00   0.03  0.00  0.00  0.90  0.07  0.00  0.00  0.08  0.00
  H0045105                1.00   0.03  0.00  0.00  0.97  0.00  0.00  0.00  0.97  0.00
  H0045106                1.00   0.03  0.00  0.00  0.92  0.05  0.00  0.00  0.97  0.00
  H0045107                1.00   0.03  0.00  0.00  0.97  0.00  0.00  0.00  0.97  0.00
  H0045108                1.00   0.03  0.00  0.00  0.97  0.00  0.00  0.00  0.97  0.00
  
  
  *************************
  Conduit Surcharge Summary
  *************************
  
  ----------------------------------------------------------------------------
                                                           Hours        Hours 
                         --------- Hours Full --------   Above Full   Capacity
  Conduit                Both Ends  Upstream  Dnstream   Normal Flow   Limited
  ----------------------------------------------------------------------------
  H0014431                    0.22      0.22      0.22      0.24         0.21
  H0014433                    0.16      0.16      0.20      0.07         0.07
  H0014352                    0.10      0.10      0.13      0.02         0.02
  H0014373                    0.01      0.01      0.01      0.08         0.01
  H0017981                    0.13      0.15      0.13      0.29         0.14
  H0017755                    0.14      0.14      0.14      0.17         0.14
  H0017791                    0.02      0.03      0.03      0.01         0.01
  H0017357                    0.11      0.11      0.17      0.11         0.01
  H0018216                    0.15      0.17      0.15      0.19         0.16
  H0016792                    0.07      0.07      0.11      0.01         0.01
  H0019507                    0.17      0.17      0.23      0.03         0.02
  H0019998                    0.06      0.06      0.10      0.01         0.01
  H0019576                    0.05      0.06      0.06      0.07         0.03
  H0020087                    0.07      0.07      0.08      0.01         0.01
  H0020211                    0.06      0.11      0.06      0.24         0.07
  H0018982                    0.03      0.03      0.04      0.01         0.01
  H0018753                    0.17      0.17      0.22      0.01         0.01
  H0018863                    0.23      0.23      0.24      0.15         0.14
  H0018929                    0.04      0.04      0.06      0.01         0.01
  H0018440                    0.19      0.25      0.19      0.31         0.22
  H0018456                    0.12      0.12      0.12      0.14         0.12
  H0022036                    0.01      0.01      0.02      0.01         0.01
  H0021806                    0.14      0.16      0.14      0.18         0.15
  H0022111                    0.08      0.08      0.08      0.04         0.03
  H0021440                    0.05      0.05      0.07      0.01         0.01
  H0021704                    0.05      0.06      0.05      0.14         0.04
  H0020521                    0.15      0.15      0.17      0.08         0.07
  H0020755                    0.12      0.12      0.12      0.07         0.07
  H0020530                    0.01      0.13      0.01      0.17         0.12
  H0020618                    0.06      0.06      0.06      0.08         0.05
  H0021163                    0.19      0.20      0.21      0.19         0.17
  H0020497                    0.01      0.01     72.93      0.01         0.01
  H0024325                    0.08      0.08      0.11      0.01         0.01
  H0023585                    0.11      0.13      0.11      0.13         0.11
  H0024098                    0.24      0.24      0.30      0.20         0.19
  H0024235                    0.09      0.10      0.10      0.10         0.08
  H0024498                    0.11      0.22      0.11      0.27         0.18
  H0026990                    0.09      0.09      0.12      0.01         0.01
  H0041650                    0.04      0.04      0.04      0.01         0.01
  H0041011                    0.21      0.21      0.24      0.04         0.03
  H0045103                    0.04      0.04      0.04      0.01         0.01
  H0045105                    0.09      0.09      0.10      0.01         0.01
  H0045106                    0.11      0.11      0.13      0.01         0.01
  H0045107                    0.19      0.19      0.22      0.09         0.09
  H0045108                    0.22      0.22      0.25      0.17         0.17
  

  Analysis begun on:  Fri Mar 22 15:56:36 2024
  Analysis ended on:  Fri Mar 22 15:56:45 2024
  Total elapsed time: 00:00:09