
  EPA STORM WATER MANAGEMENT MODEL - VERSION 5.2 (Build 5.2.4)
  PYSWMM TOOLKIT API - VERSION v1.0 (2023-11-27)
  ------------------------------------------------------------

  Gievenbeck_2019-09-29 02 25 00_hN26 72 
  
  ****************
  Analysis Options
  ****************
  Flow Units ............... CMS
  Process Models:
    Rainfall/Runoff ........ YES
    RDII ................... NO
    Snowmelt ............... NO
    Groundwater ............ NO
    Flow Routing ........... YES
    Ponding Allowed ........ NO
    Water Quality .......... NO
  Infiltration Method ...... HORTON
  Flow Routing Method ...... DYNWAVE
  Surcharge Method ......... SLOT
  Starting Date ............ 01/01/2024 00:00:00
  Ending Date .............. 01/04/2024 04:00:00
  Antecedent Dry Days ...... 14.0
  Report Time Step ......... 00:01:00
  Wet Time Step ............ 00:01:00
  Dry Time Step ............ 00:01:00
  Routing Time Step ........ 1.00 sec
  Variable Time Step ....... YES
  Maximum Trials ........... 8
  Number of Threads ........ 1
  Head Tolerance ........... 0.001500 m
  
  
  **************************        Volume         Depth
  Runoff Quantity Continuity     hectare-m            mm
  **************************     ---------       -------
  Total Precipitation ......         0.270        26.720
  Evaporation Loss .........         0.014         1.396
  Infiltration Loss ........         0.153        15.084
  Surface Runoff ...........         0.104        10.248
  Final Storage ............         0.000         0.000
  Continuity Error (%) .....        -0.029
  
  
  **************************        Volume        Volume
  Flow Routing Continuity        hectare-m      10^6 ltr
  **************************     ---------     ---------
  Dry Weather Inflow .......         0.000         0.000
  Wet Weather Inflow .......         0.104         1.037
  Groundwater Inflow .......         0.000         0.000
  RDII Inflow ..............         0.000         0.000
  External Inflow ..........         0.000         0.000
  External Outflow .........         0.104         1.037
  Flooding Loss ............         0.000         0.000
  Evaporation Loss .........         0.000         0.000
  Exfiltration Loss ........         0.000         0.000
  Initial Stored Volume ....         0.000         0.000
  Final Stored Volume ......         0.000         0.000
  Continuity Error (%) .....         0.010
  
  
  ***************************
  Time-Step Critical Elements
  ***************************
  None
  
  
  ********************************
  Highest Flow Instability Indexes
  ********************************
  All links are stable.
  
  
  *********************************
  Most Frequent Nonconverging Nodes
  *********************************
  Convergence obtained at all time steps.
  
  
  *************************
  Routing Time Step Summary
  *************************
  Minimum Time Step           :     0.50 sec
  Average Time Step           :     1.00 sec
  Maximum Time Step           :     1.00 sec
  % of Time in Steady State   :     0.00
  Average Iterations per Step :     2.00
  % of Steps Not Converging   :     0.00
  Time Step Frequencies       :
      1.000 -  0.871 sec      :   100.00 %
      0.871 -  0.758 sec      :     0.00 %
      0.758 -  0.660 sec      :     0.00 %
      0.660 -  0.574 sec      :     0.00 %
      0.574 -  0.500 sec      :     0.00 %
  
  
  ***************************
  Subcatchment Runoff Summary
  ***************************
  
  ------------------------------------------------------------------------------------------------------------------------------
                            Total      Total      Total      Total     Imperv       Perv      Total       Total     Peak  Runoff
                           Precip      Runon       Evap      Infil     Runoff     Runoff     Runoff      Runoff   Runoff   Coeff
  Subcatchment                 mm         mm         mm         mm         mm         mm         mm    10^6 ltr      CMS
  ------------------------------------------------------------------------------------------------------------------------------
  EZG_368                   26.72       0.00       1.39      15.16      11.98       0.00      10.18        0.04     0.01   0.381
  EZG_392                   26.72       0.00       1.39      15.16      11.98       0.00      10.19        0.03     0.01   0.381
  EZG_352                   26.72       0.00       1.39      15.16      11.97       0.00      10.18        0.06     0.01   0.381
  EZG_372                   26.72       0.00       1.38      15.16      11.99       0.00      10.20        0.01     0.00   0.382
  EZG_416                   26.72       0.00       1.38      15.16      11.98       0.00      10.19        0.03     0.01   0.381
  EZG_388                   26.72       0.00       1.39      15.16      11.98       0.00      10.18        0.05     0.01   0.381
  EZG_394                   26.72       0.00       1.38      15.16      11.99       0.00      10.19        0.03     0.01   0.381
  EZG_400                   26.72       0.00       1.38      15.16      11.99       0.00      10.19        0.03     0.01   0.381
  EZG_390                   26.72       0.00       1.38      15.16      11.98       0.00      10.19        0.03     0.01   0.381
  EZG_350                   26.72       0.00       1.39      15.16      11.98       0.00      10.18        0.05     0.01   0.381
  EZG_370                   26.72       0.00       1.39      15.16      11.98       0.00      10.18        0.04     0.01   0.381
  EZG_398                   26.72       0.00       1.37      15.16      12.00       0.00      10.20        0.01     0.00   0.382
  EZG_382                   26.72       0.00       1.37      15.16      12.00       0.00      10.20        0.01     0.00   0.382
  EZG_374                   26.72       0.00       1.67      12.84      14.37       0.00      12.22        0.05     0.01   0.457
  EZG_412                   26.72       0.00       1.37      15.16      12.01       0.00      10.21        0.00     0.00   0.382
  EZG_344                   26.72       0.00       1.38      15.16      11.99       0.00      10.19        0.03     0.00   0.381
  EZG_376                   26.72       0.00       1.38      15.16      11.99       0.00      10.19        0.02     0.00   0.381
  EZG_356                   26.72       0.00       1.39      15.16      11.97       0.00      10.18        0.07     0.01   0.381
  EZG_386                   26.72       0.00       1.40      15.16      11.97       0.00      10.17        0.08     0.01   0.381
  EZG_380                   26.72       0.00       1.39      15.16      11.98       0.00      10.18        0.04     0.01   0.381
  EZG_378                   26.72       0.00       1.39      15.16      11.98       0.00      10.18        0.03     0.01   0.381
  EZG_414                   26.72       0.00       1.37      15.16      12.00       0.00      10.20        0.01     0.00   0.382
  EZG_402                   26.72       0.00       1.39      15.16      11.98       0.00      10.19        0.03     0.01   0.381
  EZG_358                   26.72       0.00       1.39      15.16      11.97       0.00      10.18        0.06     0.01   0.381
  EZG_364                   26.72       0.00       1.39      15.16      11.97       0.00      10.18        0.06     0.01   0.381
  EZG_410                   26.72       0.00       1.38      15.16      11.99       0.00      10.19        0.02     0.00   0.381
  EZG_366                   26.72       0.00       1.38      15.16      11.99       0.00      10.19        0.02     0.00   0.381
  EZG_18259                 26.72       0.00       1.38      15.16      11.99       0.00      10.19        0.02     0.00   0.381
  EZG_18258                 26.72       0.00       1.37      15.16      12.00       0.00      10.20        0.01     0.00   0.382
  EZG_346                   26.72       0.00       1.36      15.39      11.74       0.00       9.98        0.04     0.01   0.374
  EZG_348                   26.72       0.00       1.35      15.39      11.75       0.00       9.99        0.02     0.00   0.374
  
  
  ******************
  Node Depth Summary
  ******************
  
  ---------------------------------------------------------------------------------
                                 Average  Maximum  Maximum  Time of Max    Reported
                                   Depth    Depth      HGL   Occurrence   Max Depth
  Node                 Type       Meters   Meters   Meters  days hr:min      Meters
  ---------------------------------------------------------------------------------
  R0019466             JUNCTION     0.01     0.10    69.55     0  20:05        0.10
  R0019468             JUNCTION     0.01     0.10    69.41     0  20:07        0.10
  R0019831             JUNCTION     0.00     0.06    69.23     0  20:05        0.05
  R0019825             JUNCTION     0.01     0.09    68.93     0  20:05        0.09
  R0019843             JUNCTION     0.01     0.14    67.77     0  20:10        0.14
  R0019368             JUNCTION     0.01     0.21    67.00     0  20:11        0.21
  R0019369             JUNCTION     0.01     0.15    66.74     0  20:11        0.15
  R0019370             JUNCTION     0.01     0.13    66.03     0  20:11        0.13
  R0019345             JUNCTION     0.01     0.10    70.00     0  20:07        0.10
  R0019346             JUNCTION     0.01     0.09    69.89     0  20:07        0.09
  R0043600             JUNCTION     0.01     0.10    69.77     0  20:08        0.10
  R0019203             JUNCTION     0.01     0.12    69.66     0  20:09        0.12
  R0043594             JUNCTION     0.01     0.09    69.82     0  20:06        0.09
  R0021458             JUNCTION     0.01     0.11    69.76     0  20:07        0.11
  R0019202             JUNCTION     0.01     0.10    69.68     0  20:08        0.10
  R0019373             JUNCTION     0.00     0.06    69.73     0  20:05        0.06
  R0019254             JUNCTION     0.00     0.09    70.13     0  20:06        0.09
  R0019716             JUNCTION     0.01     0.13    69.14     0  20:10        0.13
  R0019946             JUNCTION     0.02     0.22    68.84     0  20:10        0.21
  R0013935             JUNCTION     0.00     0.05    68.88     0  20:05        0.05
  R0019939             JUNCTION     0.00     0.08    68.65     0  20:06        0.08
  R0019944             JUNCTION     0.01     0.12    68.40     0  20:11        0.12
  R0043703             JUNCTION     0.01     0.14    68.74     0  20:10        0.14
  R0019945             JUNCTION     0.01     0.15    68.55     0  20:11        0.15
  R0039621             JUNCTION     0.00     0.00    69.57     0  00:00        0.00
  R0019838             JUNCTION     0.01     0.09    69.55     0  20:06        0.09
  R0039606             JUNCTION     0.01     0.10    69.69     0  20:08        0.10
  R0019204             JUNCTION     0.00     0.00    69.91     0  00:00        0.00
  R0019205             JUNCTION     0.00     0.00    69.62     0  00:00        0.00
  R0019849             JUNCTION     0.01     0.09    68.61     0  20:06        0.09
  R0019371             JUNCTION     0.00     0.00    70.41     0  00:00        0.00
  R0019718             JUNCTION     0.01     0.17    69.59     0  20:10        0.17
  R0021442             JUNCTION     0.01     0.11    70.16     0  20:06        0.11
  R0019247             JUNCTION     0.01     0.11    69.99     0  20:07        0.11
  R0019719             JUNCTION     0.01     0.10    69.78     0  20:08        0.10
  R0019767             JUNCTION     0.01     0.14    64.87     0  20:12        0.14
  R0019768             JUNCTION     0.01     0.12    63.89     0  20:12        0.12
  R0021453             JUNCTION     0.00     0.04    69.99     0  20:05        0.04
  R0019839             JUNCTION     0.01     0.08    69.47     0  20:06        0.08
  R0019717             JUNCTION     0.01     0.13    69.47     0  20:09        0.13
  R0019252             JUNCTION     0.00     0.07    70.26     0  20:05        0.07
  R0019721             JUNCTION     0.00     0.07    69.94     0  20:06        0.07
  R0019942             JUNCTION     0.00     0.07    68.72     0  20:06        0.07
  R0019206             JUNCTION     0.00     0.00    69.07     0  00:00        0.00
  R0019840             JUNCTION     0.00     0.07    69.04     0  20:07        0.07
  R0043702             JUNCTION     0.01     0.11    68.81     0  20:07        0.11
  R0019723             JUNCTION     0.00     0.06    70.14     0  20:05        0.06
  R0019724             JUNCTION     0.00     0.03    70.19     0  20:05        0.03
  R0021433             JUNCTION     0.00     0.06    70.45     0  20:05        0.06
  R0021435             JUNCTION     0.00     0.08    70.26     0  20:06        0.08
  R0019769             OUTFALL      0.01     0.12    63.50     0  20:12        0.12
  
  
  *******************
  Node Inflow Summary
  *******************
  
  -------------------------------------------------------------------------------------------------
                                  Maximum  Maximum                  Lateral       Total        Flow
                                  Lateral    Total  Time of Max      Inflow      Inflow     Balance
                                   Inflow   Inflow   Occurrence      Volume      Volume       Error
  Node                 Type           CMS      CMS  days hr:min    10^6 ltr    10^6 ltr     Percent
  -------------------------------------------------------------------------------------------------
  R0019466             JUNCTION     0.007    0.013     0  20:05      0.0421      0.0786      -0.039
  R0019468             JUNCTION     0.005    0.017     0  20:05      0.0244       0.103       0.039
  R0019831             JUNCTION     0.006    0.006     0  20:05       0.033       0.033      -0.096
  R0019825             JUNCTION     0.006    0.012     0  20:05      0.0331      0.0661       0.000
  R0019843             JUNCTION     0.000    0.135     0  20:10           0        1.04      -0.012
  R0019368             JUNCTION     0.000    0.134     0  20:10           0        1.04       0.001
  R0019369             JUNCTION     0.000    0.134     0  20:11           0        1.04       0.002
  R0019370             JUNCTION     0.000    0.134     0  20:11           0        1.04       0.004
  R0019345             JUNCTION     0.000    0.010     0  20:06           0      0.0646       0.099
  R0019346             JUNCTION     0.001    0.017     0  20:07     0.00407       0.108       0.037
  R0043600             JUNCTION     0.000    0.019     0  20:07           0       0.125       0.127
  R0019203             JUNCTION     0.002    0.041     0  20:08     0.00902       0.281      -0.023
  R0043594             JUNCTION     0.010    0.014     0  20:05      0.0601      0.0858      -0.162
  R0021458             JUNCTION     0.008    0.020     0  20:05      0.0467       0.133      -0.035
  R0019202             JUNCTION     0.003    0.021     0  20:08      0.0138       0.146      -0.016
  R0019373             JUNCTION     0.007    0.007     0  20:05      0.0365      0.0365      -0.046
  R0019254             JUNCTION     0.006    0.011     0  20:05      0.0297      0.0646      -0.043
  R0019716             JUNCTION     0.008    0.078     0  20:10      0.0464       0.577      -0.027
  R0019946             JUNCTION     0.000    0.078     0  20:10           0       0.577       0.026
  R0013935             JUNCTION     0.005    0.005     0  20:05      0.0283      0.0283      -0.100
  R0019939             JUNCTION     0.002    0.007     0  20:05      0.0101      0.0384      -0.011
  R0019944             JUNCTION     0.005    0.097     0  20:11      0.0262        0.74       0.002
  R0043703             JUNCTION     0.006    0.081     0  20:10      0.0322       0.609       0.008
  R0019945             JUNCTION     0.000    0.095     0  20:10           0       0.714       0.001
  R0039621             JUNCTION     0.000    0.000     0  00:00           0           0       0.000 ltr
  R0019838             JUNCTION     0.010    0.010     0  20:05      0.0652      0.0652      -0.005
  R0039606             JUNCTION     0.000    0.019     0  20:07           0       0.133       0.131
  R0019204             JUNCTION     0.000    0.000     0  00:00           0           0       0.000 ltr
  R0019205             JUNCTION     0.000    0.000     0  00:00           0           0       0.000 ltr
  R0019849             JUNCTION     0.000    0.018     0  20:06           0       0.104      -0.000
  R0019371             JUNCTION     0.000    0.000     0  00:00           0           0       0.000 ltr
  R0019718             JUNCTION     0.007    0.046     0  20:08      0.0396        0.32       0.019
  R0021442             JUNCTION     0.008    0.017     0  20:05      0.0463       0.105      -0.032
  R0019247             JUNCTION     0.004    0.020     0  20:06      0.0203       0.125      -0.091
  R0019719             JUNCTION     0.004    0.020     0  20:07      0.0214       0.129      -0.006
  R0019767             JUNCTION     0.000    0.134     0  20:11           0        1.04      -0.001
  R0019768             JUNCTION     0.000    0.134     0  20:12           0        1.04       0.007
  R0021453             JUNCTION     0.005    0.005     0  20:05      0.0258      0.0258       0.547
  R0019839             JUNCTION     0.010    0.019     0  20:05      0.0644        0.13      -0.027
  R0019717             JUNCTION     0.012    0.073     0  20:09      0.0812       0.531       0.001
  R0019252             JUNCTION     0.006    0.006     0  20:05      0.0349      0.0349      -0.106
  R0019721             JUNCTION     0.002    0.007     0  20:05     0.00887      0.0394       0.022
  R0019942             JUNCTION     0.000    0.011     0  20:06           0      0.0661       0.043
  R0019206             JUNCTION     0.000    0.000     0  00:00           0           0       0.000 ltr
  R0019840             JUNCTION     0.000    0.034     0  20:06           0       0.233       0.016
  R0043702             JUNCTION     0.010    0.043     0  20:06      0.0645       0.297      -0.003
  R0019723             JUNCTION     0.005    0.006     0  20:05      0.0242      0.0305      -0.134
  R0019724             JUNCTION     0.001    0.001     0  20:05     0.00625     0.00625      -0.146
  R0021433             JUNCTION     0.007    0.007     0  20:05      0.0363      0.0363      -0.099
  R0021435             JUNCTION     0.004    0.010     0  20:05      0.0222      0.0586       0.038
  R0019769             OUTFALL      0.000    0.134     0  20:12           0        1.04       0.000
  
  
  **********************
  Node Surcharge Summary
  **********************
  
  No nodes were surcharged.
  
  
  *********************
  Node Flooding Summary
  *********************
  
  No nodes were flooded.
  
  
  ***********************
  Outfall Loading Summary
  ***********************
  
  -----------------------------------------------------------
                         Flow       Avg       Max       Total
                         Freq      Flow      Flow      Volume
  Outfall Node           Pcnt       CMS       CMS    10^6 ltr
  -----------------------------------------------------------
  R0019769              21.71     0.017     0.134       1.037
  -----------------------------------------------------------
  System                21.71     0.017     0.134       1.037
  
  
  ********************
  Link Flow Summary
  ********************
  
  -----------------------------------------------------------------------------
                                 Maximum  Time of Max   Maximum    Max/    Max/
                                  |Flow|   Occurrence   |Veloc|    Full    Full
  Link                 Type          CMS  days hr:min     m/sec    Flow   Depth
  -----------------------------------------------------------------------------
  H0014431             CONDUIT     0.013     0  20:06      0.62    0.24    0.33
  H0014433             CONDUIT     0.006     0  20:05      0.45    0.07    0.24
  H0014352             CONDUIT     0.134     0  20:10      1.56    0.06    0.19
  H0014373             CONDUIT     0.134     0  20:11      2.04    0.06    0.16
  H0017981             CONDUIT     0.010     0  20:07      0.58    0.29    0.29
  H0017755             CONDUIT     0.019     0  20:08      0.77    0.15    0.25
  H0017791             CONDUIT     0.013     0  20:06      0.35    0.02    0.11
  H0017357             CONDUIT     0.000     0  00:00      0.00    0.00    0.10
  H0018216             CONDUIT     0.010     0  20:06      0.57    0.19    0.32
  H0016792             CONDUIT     0.078     0  20:10      0.91    0.04    0.19
  H0019507             CONDUIT     0.005     0  20:05      0.44    0.07    0.22
  H0019998             CONDUIT     0.097     0  20:11      1.67    0.04    0.15
  H0019576             CONDUIT     0.081     0  20:11      1.22    0.05    0.16
  H0020087             CONDUIT     0.000     0  00:00      0.00    0.00    0.09
  H0020211             CONDUIT     0.078     0  20:10      0.87    0.19    0.20
  H0018982             CONDUIT     0.019     0  20:07      0.47    0.03    0.11
  H0018753             CONDUIT     0.006     0  20:05      0.41    0.09    0.26
  H0018845             CONDUIT     0.000     0  00:00      0.00    0.00    0.00
  H0018863             CONDUIT     0.007     0  20:06      0.41    0.16    0.29
  H0019156             CONDUIT     0.000     0  00:00      0.00    0.00    0.00
  H0018929             CONDUIT     0.040     0  20:09      0.65    0.04    0.16
  H0018440             CONDUIT     0.016     0  20:06      0.68    0.29    0.37
  H0018456             CONDUIT     0.017     0  20:07      0.80    0.11    0.23
  H0018968             CONDUIT     0.134     0  20:12      2.32    0.05    0.15
  H0022036             CONDUIT     0.005     0  20:05      0.46    0.00    0.05
  H0021806             CONDUIT     0.019     0  20:07      0.70    0.17    0.27
  H0022111             CONDUIT     0.009     0  20:06      0.42    0.07    0.17
  H0021440             CONDUIT     0.073     0  20:10      1.26    0.05    0.15
  H0021704             CONDUIT     0.044     0  20:10      0.68    0.08    0.16
  H0020521             CONDUIT     0.006     0  20:05      0.40    0.12    0.26
  H0020755             CONDUIT     0.007     0  20:06      0.38    0.07    0.20
  H0020530             CONDUIT     0.134     0  20:11      1.48    0.11    0.20
  H0020618             CONDUIT     0.095     0  20:11      1.59    0.06    0.15
  H0021163             CONDUIT     0.011     0  20:06      0.76    0.18    0.26
  H0020497             CONDUIT     0.000     0  00:00      0.00    0.00    0.24
  H0024325             CONDUIT     0.019     0  20:06      0.97    0.06    0.15
  H0023585             CONDUIT     0.043     0  20:07      1.41    0.10    0.21
  H0024098             CONDUIT     0.018     0  20:06      0.84    0.21    0.38
  H0024235             CONDUIT     0.020     0  20:08      0.77    0.08    0.19
  H0024282             CONDUIT     0.000     0  00:00      0.00    0.00    0.00
  H0024308             CONDUIT     0.134     0  20:12      2.60    0.04    0.14
  H0024498             CONDUIT     0.016     0  20:07      0.79    0.25    0.33
  H0026990             CONDUIT     0.006     0  20:05      0.44    0.04    0.16
  H0041650             CONDUIT     0.021     0  20:08      0.49    0.02    0.12
  H0041011             CONDUIT     0.011     0  20:06      0.73    0.11    0.26
  H0045103             CONDUIT     0.019     0  20:08      0.51    0.02    0.11
  H0045104             CONDUIT     0.134     0  20:11      2.18    0.05    0.15
  H0045105             CONDUIT     0.001     0  20:05      0.22    0.02    0.15
  H0045106             CONDUIT     0.034     0  20:07      1.44    0.05    0.18
  H0045107             CONDUIT     0.006     0  20:05      0.46    0.10    0.25
  H0045108             CONDUIT     0.010     0  20:06      0.48    0.17    0.33
  
  
  ***************************
  Flow Classification Summary
  ***************************
  
  -------------------------------------------------------------------------------------
                      Adjusted    ---------- Fraction of Time in Flow Class ---------- 
                       /Actual         Up    Down  Sub   Sup   Up    Down  Norm  Inlet 
  Conduit               Length    Dry  Dry   Dry   Crit  Crit  Crit  Crit  Ltd   Ctrl  
  -------------------------------------------------------------------------------------
  H0014431                1.00   0.16  0.61  0.00  0.23  0.00  0.00  0.00  0.81  0.00
  H0014433                1.00   0.16  0.00  0.00  0.84  0.00  0.00  0.00  0.83  0.00
  H0014352                1.00   0.17  0.00  0.00  0.66  0.17  0.00  0.00  0.83  0.00
  H0014373                1.00   0.17  0.00  0.00  0.63  0.20  0.00  0.00  0.60  0.00
  H0017981                1.00   0.17  0.00  0.00  0.00  0.00  0.00  0.83  0.00  0.00
  H0017755                1.00   0.17  0.00  0.00  0.00  0.00  0.00  0.83  0.00  0.00
  H0017791                1.00   0.16  0.00  0.00  0.84  0.00  0.00  0.00  0.83  0.00
  H0017357                1.00   0.16  0.84  0.00  0.00  0.00  0.00  0.00  0.00  0.00
  H0018216                1.00   0.16  0.61  0.00  0.22  0.00  0.00  0.00  0.83  0.00
  H0016792                1.00   0.16  0.60  0.00  0.23  0.00  0.00  0.00  0.83  0.00
  H0019507                1.00   0.16  0.00  0.00  0.84  0.00  0.00  0.00  0.83  0.00
  H0019998                1.00   0.16  0.00  0.00  0.63  0.20  0.00  0.00  0.23  0.00
  H0019576                1.00   0.16  0.00  0.00  0.71  0.12  0.00  0.00  0.21  0.00
  H0020087                1.00   0.16  0.84  0.00  0.00  0.00  0.00  0.00  0.00  0.00
  H0020211                1.00   0.16  0.00  0.00  0.83  0.00  0.00  0.00  0.60  0.00
  H0018982                1.00   0.16  0.00  0.00  0.84  0.00  0.00  0.00  0.64  0.00
  H0018753                1.00   0.16  0.00  0.00  0.84  0.00  0.00  0.00  0.83  0.00
  H0018845                1.00   1.00  0.00  0.00  0.00  0.00  0.00  0.00  0.00  0.00
  H0018863                1.00   0.16  0.00  0.00  0.84  0.00  0.00  0.00  0.82  0.00
  H0019156                1.00   1.00  0.00  0.00  0.00  0.00  0.00  0.00  0.00  0.00
  H0018929                1.00   0.16  0.61  0.00  0.23  0.00  0.00  0.00  0.83  0.00
  H0018440                1.00   0.16  0.00  0.00  0.84  0.00  0.00  0.00  0.81  0.00
  H0018456                1.00   0.16  0.00  0.00  0.83  0.00  0.00  0.00  0.83  0.00
  H0018968                1.00   0.17  0.00  0.00  0.62  0.21  0.00  0.00  0.63  0.00
  H0022036                1.00   0.16  0.00  0.00  0.03  0.03  0.00  0.78  0.01  0.00
  H0021806                1.00   0.16  0.61  0.00  0.22  0.00  0.00  0.00  0.76  0.00
  H0022111                1.00   0.16  0.00  0.00  0.84  0.00  0.00  0.00  0.01  0.00
  H0021440                1.00   0.16  0.00  0.00  0.67  0.17  0.00  0.00  0.07  0.00
  H0021704                1.00   0.16  0.00  0.00  0.00  0.00  0.00  0.84  0.00  0.00
  H0020521                1.00   0.16  0.00  0.00  0.84  0.00  0.00  0.00  0.83  0.00
  H0020755                1.00   0.16  0.62  0.00  0.21  0.00  0.00  0.00  0.82  0.00
  H0020530                1.00   0.17  0.00  0.00  0.67  0.16  0.00  0.00  0.00  0.00
  H0020618                1.00   0.16  0.00  0.00  0.65  0.19  0.00  0.00  0.62  0.00
  H0021163                1.00   0.16  0.00  0.00  0.83  0.01  0.00  0.00  0.64  0.00
  H0020497                1.20   0.17  0.83  0.00  0.00  0.00  0.00  0.00  0.00  0.00
  H0024325                1.00   0.16  0.00  0.00  0.67  0.17  0.00  0.00  0.64  0.00
  H0023585                1.00   0.16  0.00  0.00  0.00  0.00  0.00  0.84  0.00  0.00
  H0024098                1.00   0.17  0.62  0.00  0.21  0.00  0.00  0.00  0.83  0.00
  H0024235                1.00   0.16  0.00  0.00  0.00  0.00  0.00  0.84  0.00  0.00
  H0024282                1.00   1.00  0.00  0.00  0.00  0.00  0.00  0.00  0.00  0.00
  H0024308                1.00   0.17  0.00  0.00  0.60  0.23  0.00  0.00  0.09  0.00
  H0024498                1.00   0.16  0.00  0.00  0.00  0.00  0.00  0.84  0.00  0.00
  H0026990                1.00   0.16  0.00  0.00  0.84  0.00  0.00  0.00  0.83  0.00
  H0041650                1.00   0.77  0.02  0.00  0.20  0.00  0.00  0.00  0.82  0.00
  H0041011                1.00   0.17  0.00  0.00  0.83  0.00  0.00  0.00  0.83  0.00
  H0045103                1.00   0.16  0.00  0.00  0.83  0.00  0.00  0.00  0.73  0.00
  H0045104                1.00   0.17  0.00  0.00  0.62  0.22  0.00  0.00  0.22  0.00
  H0045105                1.00   0.16  0.00  0.00  0.83  0.00  0.00  0.00  0.83  0.00
  H0045106                1.00   0.16  0.00  0.00  0.65  0.18  0.00  0.00  0.83  0.00
  H0045107                1.00   0.16  0.00  0.00  0.84  0.00  0.00  0.00  0.83  0.00
  H0045108                1.00   0.16  0.00  0.00  0.84  0.00  0.00  0.00  0.83  0.00
  
  
  *************************
  Conduit Surcharge Summary
  *************************
  
  No conduits were surcharged.
  

  Analysis begun on:  Fri Mar 22 15:54:46 2024
  Analysis ended on:  Fri Mar 22 15:54:56 2024
  Total elapsed time: 00:00:10