
  EPA STORM WATER MANAGEMENT MODEL - VERSION 5.2 (Build 5.2.4)
  PYSWMM TOOLKIT API - VERSION v1.0 (2023-11-27)
  ------------------------------------------------------------

  Gievenbeck_e2_T3D2880 
  
  ****************
  Analysis Options
  ****************
  Flow Units ............... CMS
  Process Models:
    Rainfall/Runoff ........ YES
    RDII ................... NO
    Snowmelt ............... NO
    Groundwater ............ NO
    Flow Routing ........... YES
    Ponding Allowed ........ NO
    Water Quality .......... NO
  Infiltration Method ...... HORTON
  Flow Routing Method ...... DYNWAVE
  Surcharge Method ......... SLOT
  Starting Date ............ 01/01/2024 00:00:00
  Ending Date .............. 01/04/2024 04:00:00
  Antecedent Dry Days ...... 14.0
  Report Time Step ......... 00:01:00
  Wet Time Step ............ 00:01:00
  Dry Time Step ............ 00:01:00
  Routing Time Step ........ 1.00 sec
  Variable Time Step ....... YES
  Maximum Trials ........... 8
  Number of Threads ........ 1
  Head Tolerance ........... 0.001500 m
  
  
  **************************        Volume         Depth
  Runoff Quantity Continuity     hectare-m            mm
  **************************     ---------       -------
  Total Precipitation ......         0.564        55.750
  Evaporation Loss .........         0.008         0.815
  Infiltration Loss ........         0.294        29.049
  Surface Runoff ...........         0.261        25.793
  Final Storage ............         0.001         0.127
  Continuity Error (%) .....        -0.061
  
  
  **************************        Volume        Volume
  Flow Routing Continuity        hectare-m      10^6 ltr
  **************************     ---------     ---------
  Dry Weather Inflow .......         0.000         0.000
  Wet Weather Inflow .......         0.261         2.611
  Groundwater Inflow .......         0.000         0.000
  RDII Inflow ..............         0.000         0.000
  External Inflow ..........         0.000         0.000
  External Outflow .........         0.261         2.611
  Flooding Loss ............         0.000         0.000
  Evaporation Loss .........         0.000         0.000
  Exfiltration Loss ........         0.000         0.000
  Initial Stored Volume ....         0.000         0.000
  Final Stored Volume ......         0.000         0.000
  Continuity Error (%) .....         0.000
  
  
  *************************
  Highest Continuity Errors
  *************************
  Node R0019373 (1.09%)
  
  
  ***************************
  Time-Step Critical Elements
  ***************************
  None
  
  
  ********************************
  Highest Flow Instability Indexes
  ********************************
  All links are stable.
  
  
  *********************************
  Most Frequent Nonconverging Nodes
  *********************************
  Convergence obtained at all time steps.
  
  
  *************************
  Routing Time Step Summary
  *************************
  Minimum Time Step           :     0.50 sec
  Average Time Step           :     1.00 sec
  Maximum Time Step           :     1.00 sec
  % of Time in Steady State   :     0.00
  Average Iterations per Step :     2.00
  % of Steps Not Converging   :     0.00
  Time Step Frequencies       :
      1.000 -  0.871 sec      :   100.00 %
      0.871 -  0.758 sec      :     0.00 %
      0.758 -  0.660 sec      :     0.00 %
      0.660 -  0.574 sec      :     0.00 %
      0.574 -  0.500 sec      :     0.00 %
  
  
  ***************************
  Subcatchment Runoff Summary
  ***************************
  
  ------------------------------------------------------------------------------------------------------------------------------
                            Total      Total      Total      Total     Imperv       Perv      Total       Total     Peak  Runoff
                           Precip      Runon       Evap      Infil     Runoff     Runoff     Runoff      Runoff   Runoff   Coeff
  Subcatchment                 mm         mm         mm         mm         mm         mm         mm    10^6 ltr      CMS
  ------------------------------------------------------------------------------------------------------------------------------
  EZG_368                   55.75       0.00       0.81      29.23      26.96       2.70      25.62        0.11     0.08   0.459
  EZG_392                   55.75       0.00       0.81      29.11      26.96       2.82      25.74        0.08     0.06   0.462
  EZG_352                   55.75       0.00       0.81      29.41      26.95       2.52      25.43        0.15     0.10   0.456
  EZG_372                   55.75       0.00       0.81      28.71      26.98       3.23      26.16        0.04     0.03   0.469
  EZG_416                   55.75       0.00       0.81      29.06      26.97       2.87      25.79        0.08     0.06   0.463
  EZG_388                   55.75       0.00       0.81      29.28      26.96       2.65      25.57        0.12     0.08   0.459
  EZG_394                   55.75       0.00       0.81      29.04      26.97       2.89      25.82        0.07     0.05   0.463
  EZG_400                   55.75       0.00       0.81      29.01      26.97       2.93      25.85        0.07     0.05   0.464
  EZG_390                   55.75       0.00       0.81      29.10      26.97       2.83      25.75        0.08     0.06   0.462
  EZG_350                   55.75       0.00       0.81      29.28      26.96       2.65      25.56        0.12     0.08   0.459
  EZG_370                   55.75       0.00       0.81      29.16      26.96       2.77      25.69        0.09     0.07   0.461
  EZG_398                   55.75       0.00       0.81      28.58      26.98       3.36      26.30        0.03     0.02   0.472
  EZG_382                   55.75       0.00       0.81      28.53      26.99       3.41      26.35        0.02     0.02   0.473
  EZG_374                   55.75       0.00       0.97      24.38      32.35       2.79      30.28        0.11     0.08   0.543
  EZG_412                   55.75       0.00       0.81      28.23      27.00       3.72      26.67        0.01     0.01   0.478
  EZG_344                   55.75       0.00       0.81      29.00      26.97       2.94      25.86        0.07     0.05   0.464
  EZG_376                   55.75       0.00       0.81      28.89      26.97       3.05      25.98        0.05     0.04   0.466
  EZG_356                   55.75       0.00       0.81      29.45      26.95       2.48      25.39        0.16     0.11   0.455
  EZG_386                   55.75       0.00       0.81      29.56      26.95       2.37      25.27        0.20     0.13   0.453
  EZG_380                   55.75       0.00       0.81      29.20      26.96       2.73      25.65        0.10     0.07   0.460
  EZG_378                   55.75       0.00       0.81      29.14      26.96       2.79      25.71        0.09     0.06   0.461
  EZG_414                   55.75       0.00       0.81      28.53      26.99       3.42      26.35        0.02     0.02   0.473
  EZG_402                   55.75       0.00       0.81      29.12      26.96       2.82      25.74        0.08     0.06   0.462
  EZG_358                   55.75       0.00       0.81      29.44      26.95       2.48      25.40        0.16     0.11   0.456
  EZG_364                   55.75       0.00       0.81      29.44      26.95       2.48      25.39        0.16     0.11   0.456
  EZG_410                   55.75       0.00       0.81      28.91      26.97       3.03      25.95        0.05     0.04   0.465
  EZG_366                   55.75       0.00       0.81      28.97      26.97       2.96      25.89        0.06     0.05   0.464
  EZG_18259                 55.75       0.00       0.81      28.97      26.97       2.97      25.89        0.06     0.05   0.464
  EZG_18258                 55.75       0.00       0.81      28.39      26.99       3.56      26.50        0.02     0.01   0.475
  EZG_346                   55.75       0.00       0.79      29.65      26.42       2.76      25.22        0.09     0.07   0.452
  EZG_348                   55.75       0.00       0.79      29.41      26.43       3.00      25.46        0.06     0.04   0.457
  
  
  ******************
  Node Depth Summary
  ******************
  
  ---------------------------------------------------------------------------------
                                 Average  Maximum  Maximum  Time of Max    Reported
                                   Depth    Depth      HGL   Occurrence   Max Depth
  Node                 Type       Meters   Meters   Meters  days hr:min      Meters
  ---------------------------------------------------------------------------------
  R0019466             JUNCTION     0.02     0.81    70.26     0  18:05        0.80
  R0019468             JUNCTION     0.02     0.72    70.03     0  18:05        0.72
  R0019831             JUNCTION     0.01     1.08    70.25     0  18:05        1.01
  R0019825             JUNCTION     0.01     1.26    70.10     0  18:05        1.19
  R0019843             JUNCTION     0.02     0.53    68.16     0  18:06        0.53
  R0019368             JUNCTION     0.04     0.75    67.54     0  18:06        0.73
  R0019369             JUNCTION     0.03     0.56    67.15     0  18:06        0.56
  R0019370             JUNCTION     0.02     0.47    66.37     0  18:06        0.47
  R0019345             JUNCTION     0.02     0.48    70.38     0  18:05        0.46
  R0019346             JUNCTION     0.01     0.38    70.18     0  18:05        0.37
  R0043600             JUNCTION     0.02     0.46    70.13     0  18:05        0.44
  R0019203             JUNCTION     0.02     0.46    70.00     0  18:05        0.45
  R0043594             JUNCTION     0.01     0.31    70.04     0  18:05        0.30
  R0021458             JUNCTION     0.02     0.38    70.03     0  18:05        0.38
  R0019202             JUNCTION     0.02     0.43    70.01     0  18:05        0.42
  R0019373             JUNCTION     0.01     0.58    70.25     0  18:05        0.58
  R0019254             JUNCTION     0.01     0.92    70.96     0  18:05        0.90
  R0019716             JUNCTION     0.02     0.50    69.51     0  18:05        0.50
  R0019946             JUNCTION     0.05     0.70    69.32     0  18:06        0.70
  R0013935             JUNCTION     0.01     0.75    69.58     0  18:05        0.72
  R0019939             JUNCTION     0.01     0.91    69.48     0  18:05        0.86
  R0019944             JUNCTION     0.02     0.43    68.71     0  18:06        0.43
  R0043703             JUNCTION     0.02     0.54    69.14     0  18:06        0.54
  R0019945             JUNCTION     0.03     0.55    68.95     0  18:06        0.54
  R0039621             JUNCTION     0.00     0.20    69.77     0  18:05        0.19
  R0019838             JUNCTION     0.02     0.30    69.76     0  18:05        0.30
  R0039606             JUNCTION     0.02     0.42    70.01     0  18:05        0.42
  R0019204             JUNCTION     0.00     0.00    69.91     0  00:00        0.00
  R0019205             JUNCTION     0.00     0.00    69.62     0  00:00        0.00
  R0019849             JUNCTION     0.01     0.86    69.38     0  18:05        0.83
  R0019371             JUNCTION     0.00     0.00    70.41     0  00:00        0.00
  R0019718             JUNCTION     0.04     0.54    69.96     0  18:05        0.54
  R0021442             JUNCTION     0.02     1.98    72.03     0  18:05        1.89
  R0019247             JUNCTION     0.02     0.88    70.76     0  18:05        0.83
  R0019719             JUNCTION     0.02     0.37    70.05     0  18:05        0.36
  R0019767             JUNCTION     0.02     0.51    65.24     0  18:06        0.50
  R0019768             JUNCTION     0.02     0.43    64.20     0  18:06        0.43
  R0021453             JUNCTION     0.01     0.12    70.07     0  18:05        0.12
  R0019839             JUNCTION     0.01     0.28    69.67     0  18:05        0.28
  R0019717             JUNCTION     0.02     0.48    69.82     0  18:05        0.48
  R0019252             JUNCTION     0.01     0.99    71.18     0  18:05        0.97
  R0019721             JUNCTION     0.01     0.35    70.22     0  18:05        0.34
  R0019942             JUNCTION     0.01     0.87    69.52     0  18:05        0.82
  R0019206             JUNCTION     0.00     0.00    69.07     0  00:00        0.00
  R0019840             JUNCTION     0.01     0.26    69.23     0  18:05        0.25
  R0043702             JUNCTION     0.02     0.39    69.09     0  18:05        0.38
  R0019723             JUNCTION     0.01     0.19    70.27     0  18:05        0.19
  R0019724             JUNCTION     0.00     0.12    70.28     0  18:05        0.12
  R0021433             JUNCTION     0.01     2.11    72.50     0  18:05        2.00
  R0021435             JUNCTION     0.01     2.11    72.29     0  18:05        2.05
  R0019769             OUTFALL      0.02     0.43    63.81     0  18:07        0.43
  
  
  *******************
  Node Inflow Summary
  *******************
  
  -------------------------------------------------------------------------------------------------
                                  Maximum  Maximum                  Lateral       Total        Flow
                                  Lateral    Total  Time of Max      Inflow      Inflow     Balance
                                   Inflow   Inflow   Occurrence      Volume      Volume       Error
  Node                 Type           CMS      CMS  days hr:min    10^6 ltr    10^6 ltr     Percent
  -------------------------------------------------------------------------------------------------
  R0019466             JUNCTION     0.075    0.088     0  18:02       0.106       0.187       0.065
  R0019468             JUNCTION     0.047    0.118     0  18:05       0.062       0.248      -0.024
  R0019831             JUNCTION     0.061    0.061     0  18:05      0.0833      0.0833       0.060
  R0019825             JUNCTION     0.062    0.114     0  18:05      0.0836       0.167       0.122
  R0019843             JUNCTION     0.000    1.519     0  18:06           0        2.61      -0.001
  R0019368             JUNCTION     0.000    1.525     0  18:06           0        2.61       0.009
  R0019369             JUNCTION     0.000    1.533     0  18:06           0        2.61      -0.009
  R0019370             JUNCTION     0.000    1.532     0  18:06           0        2.61       0.001
  R0019345             JUNCTION     0.000    0.114     0  18:05           0       0.163       0.021
  R0019346             JUNCTION     0.010    0.186     0  18:05      0.0106       0.274      -0.011
  R0043600             JUNCTION     0.000    0.197     0  18:05           0       0.315      -0.048
  R0019203             JUNCTION     0.020    0.463     0  18:05      0.0233       0.718      -0.003
  R0043594             JUNCTION     0.102    0.150     0  18:05        0.15       0.216      -0.009
  R0021458             JUNCTION     0.083    0.213     0  18:05       0.117       0.333      -0.001
  R0019202             JUNCTION     0.029    0.254     0  18:05      0.0354       0.379      -0.231
  R0019373             JUNCTION     0.067    0.070     0  18:05      0.0921      0.0925       1.099
  R0019254             JUNCTION     0.056    0.116     0  18:05      0.0751       0.163       0.040
  R0019716             JUNCTION     0.082    0.911     0  18:05       0.117        1.47      -0.007
  R0019946             JUNCTION     0.000    0.916     0  18:06           0        1.47      -0.001
  R0013935             JUNCTION     0.054    0.054     0  18:05      0.0716      0.0716       0.047
  R0019939             JUNCTION     0.022    0.071     0  18:05       0.026      0.0976      -0.031
  R0019944             JUNCTION     0.051    1.144     0  18:06      0.0666        1.88       0.006
  R0043703             JUNCTION     0.060    0.963     0  18:06      0.0815        1.55       0.008
  R0019945             JUNCTION     0.000    1.117     0  18:06           0        1.81      -0.007
  R0039621             JUNCTION     0.000    0.006     0  18:01           0     0.00123       0.750
  R0019838             JUNCTION     0.109    0.109     0  18:05       0.163       0.164      -0.006
  R0039606             JUNCTION     0.000    0.176     0  18:06           0       0.333       0.018
  R0019204             JUNCTION     0.000    0.000     0  00:00           0           0       0.000 ltr
  R0019205             JUNCTION     0.000    0.000     0  00:00           0           0       0.000 ltr
  R0019849             JUNCTION     0.000    0.173     0  18:05           0       0.265       0.006
  R0019371             JUNCTION     0.000    0.000     0  00:00           0           0       0.000 ltr
  R0019718             JUNCTION     0.072    0.520     0  18:05      0.0998       0.818      -0.542
  R0021442             JUNCTION     0.080    0.167     0  18:05       0.115       0.263       0.036
  R0019247             JUNCTION     0.041    0.197     0  18:05      0.0518       0.315       0.045
  R0019719             JUNCTION     0.042    0.220     0  18:05      0.0545       0.329       0.301
  R0019767             JUNCTION     0.000    1.539     0  18:06           0        2.61      -0.004
  R0019768             JUNCTION     0.000    1.547     0  18:07           0        2.61       0.006
  R0021453             JUNCTION     0.050    0.050     0  18:05      0.0654      0.0654      -0.067
  R0019839             JUNCTION     0.108    0.206     0  18:05       0.161       0.323       0.002
  R0019717             JUNCTION     0.131    0.841     0  18:05       0.202        1.35       0.243
  R0019252             JUNCTION     0.064    0.064     0  18:05      0.0881      0.0881      -0.032
  R0019721             JUNCTION     0.020    0.078     0  18:05      0.0229       0.101      -0.006
  R0019942             JUNCTION     0.000    0.109     0  18:05           0       0.167      -0.165
  R0019206             JUNCTION     0.000    0.000     0  00:00           0           0       0.000 ltr
  R0019840             JUNCTION     0.000    0.319     0  18:05           0       0.572       0.000
  R0043702             JUNCTION     0.108    0.416     0  18:05       0.161       0.733       0.001
  R0019723             JUNCTION     0.047    0.061     0  18:05      0.0615      0.0777      -0.013
  R0019724             JUNCTION     0.015    0.015     0  18:05      0.0162      0.0162      -0.036
  R0021433             JUNCTION     0.067    0.067     0  18:05      0.0918      0.0918      -0.090
  R0021435             JUNCTION     0.044    0.100     0  18:05      0.0566       0.148      -0.035
  R0019769             OUTFALL      0.000    1.552     0  18:07           0        2.61       0.000
  
  
  **********************
  Node Surcharge Summary
  **********************
  
  Surcharging occurs when water rises above the top of the highest conduit.
  ---------------------------------------------------------------------
                                               Max. Height   Min. Depth
                                   Hours       Above Crown    Below Rim
  Node                 Type      Surcharged         Meters       Meters
  ---------------------------------------------------------------------
  R0019466             JUNCTION        0.12          0.510        2.000
  R0019468             JUNCTION        0.12          0.421        2.009
  R0019831             JUNCTION        0.06          0.777        0.583
  R0019825             JUNCTION        0.10          0.955        0.245
  R0019345             JUNCTION        0.06          0.177        1.573
  R0043600             JUNCTION        0.03          0.062        2.518
  R0019373             JUNCTION        0.06          0.284        2.216
  R0019254             JUNCTION        0.08          0.616        1.214
  R0013935             JUNCTION        0.06          0.450        0.870
  R0019939             JUNCTION        0.12          0.609        1.011
  R0019849             JUNCTION        0.14          0.557        1.373
  R0021442             JUNCTION        0.14          1.680        0.070
  R0019247             JUNCTION        0.07          0.476        1.384
  R0019252             JUNCTION        0.06          0.688        0.952
  R0019942             JUNCTION        0.10          0.568        1.082
  R0021433             JUNCTION        0.10          1.809        0.041
  R0021435             JUNCTION        0.12          1.810        0.000
  
  
  *********************
  Node Flooding Summary
  *********************
  
  Flooding refers to all water that overflows a node, whether it ponds or not.
  --------------------------------------------------------------------------
                                                             Total   Maximum
                                 Maximum   Time of Max       Flood    Ponded
                        Hours       Rate    Occurrence      Volume     Depth
  Node                 Flooded       CMS   days hr:min    10^6 ltr    Meters
  --------------------------------------------------------------------------
  R0021435                0.01     0.014      0  18:05       0.000     0.000
  
  
  ***********************
  Outfall Loading Summary
  ***********************
  
  -----------------------------------------------------------
                         Flow       Avg       Max       Total
                         Freq      Flow      Flow      Volume
  Outfall Node           Pcnt       CMS       CMS    10^6 ltr
  -----------------------------------------------------------
  R0019769              62.56     0.015     1.552       2.610
  -----------------------------------------------------------
  System                62.56     0.015     1.552       2.610
  
  
  ********************
  Link Flow Summary
  ********************
  
  -----------------------------------------------------------------------------
                                 Maximum  Time of Max   Maximum    Max/    Max/
                                  |Flow|   Occurrence   |Veloc|    Full    Full
  Link                 Type          CMS  days hr:min     m/sec    Flow   Depth
  -----------------------------------------------------------------------------
  H0014431             CONDUIT     0.074     0  18:02      1.04    1.36    1.00
  H0014433             CONDUIT     0.055     0  18:05      0.78    0.70    1.00
  H0014352             CONDUIT     1.525     0  18:06      3.17    0.62    0.71
  H0014373             CONDUIT     1.532     0  18:06      4.06    0.71    0.57
  H0017981             CONDUIT     0.114     0  18:05      1.61    3.21    1.00
  H0017755             CONDUIT     0.196     0  18:05      1.56    1.59    1.00
  H0017791             CONDUIT     0.131     0  18:05      0.65    0.19    0.38
  H0017357             CONDUIT     0.070     0  18:05      0.99    1.12    1.00
  H0018216             CONDUIT     0.114     0  18:05      1.61    2.07    1.00
  H0016792             CONDUIT     0.916     0  18:06      2.04    0.53    0.67
  H0019507             CONDUIT     0.049     0  18:05      0.72    0.68    1.00
  H0019998             CONDUIT     1.149     0  18:06      3.38    0.46    0.54
  H0019576             CONDUIT     0.970     0  18:06      2.42    0.65    0.61
  H0020087             CONDUIT     0.007     0  18:06      0.16    0.03    0.51
  H0020211             CONDUIT     0.927     0  18:06      2.02    2.31    0.69
  H0018982             CONDUIT     0.176     0  18:06      0.82    0.28    0.45
  H0018753             CONDUIT     0.038     0  18:02      0.63    0.54    1.00
  H0018845             CONDUIT     0.000     0  00:00      0.00    0.00    0.00
  H0018863             CONDUIT     0.067     0  18:05      0.95    1.58    1.00
  H0019156             CONDUIT     0.000     0  00:00      0.00    0.00    0.00
  H0018929             CONDUIT     0.465     0  18:05      1.30    0.40    0.56
  H0018440             CONDUIT     0.160     0  18:05      2.26    2.87    1.00
  H0018456             CONDUIT     0.185     0  18:05      1.52    1.12    0.94
  H0018968             CONDUIT     1.547     0  18:07      4.69    0.59    0.52
  H0022036             CONDUIT     0.049     0  18:05      0.50    0.04    0.22
  H0021806             CONDUIT     0.197     0  18:05      1.56    1.74    1.00
  H0022111             CONDUIT     0.100     0  18:05      0.85    0.72    0.59
  H0021440             CONDUIT     0.851     0  18:05      2.42    0.55    0.55
  H0021704             CONDUIT     0.525     0  18:06      1.52    1.00    0.55
  H0020521             CONDUIT     0.061     0  18:05      0.87    1.24    1.00
  H0020755             CONDUIT     0.071     0  18:06      0.65    0.79    0.91
  H0020530             CONDUIT     1.533     0  18:06      3.11    1.31    0.73
  H0020618             CONDUIT     1.115     0  18:06      3.15    0.69    0.55
  H0021163             CONDUIT     0.109     0  18:05      1.54    1.82    1.00
  H0020497             CONDUIT     0.000     0  00:00      0.00    0.00    0.89
  H0024325             CONDUIT     0.203     0  18:05      1.88    0.60    0.54
  H0023585             CONDUIT     0.415     0  18:05      2.54    0.95    0.78
  H0024098             CONDUIT     0.172     0  18:05      2.43    2.01    1.00
  H0024235             CONDUIT     0.220     0  18:05      1.48    0.90    0.71
  H0024282             CONDUIT     0.000     0  00:00      0.00    0.00    0.00
  H0024308             CONDUIT     1.552     0  18:07      5.24    0.45    0.47
  H0024498             CONDUIT     0.117     0  18:05      1.65    1.81    1.00
  H0026990             CONDUIT     0.059     0  18:05      0.76    0.45    0.66
  H0041650             CONDUIT     0.252     0  18:06      0.84    0.29    0.49
  H0041011             CONDUIT     0.108     0  18:05      1.52    1.07    1.00
  H0045103             CONDUIT     0.194     0  18:06      0.79    0.24    0.47
  H0045104             CONDUIT     1.539     0  18:06      4.35    0.55    0.54
  H0045105             CONDUIT     0.014     0  18:05      0.41    0.24    0.50
  H0045106             CONDUIT     0.319     0  18:05      2.38    0.43    0.65
  H0045107             CONDUIT     0.062     0  18:05      0.88    1.02    1.00
  H0045108             CONDUIT     0.094     0  18:05      1.33    1.69    1.00
  
  
  ***************************
  Flow Classification Summary
  ***************************
  
  -------------------------------------------------------------------------------------
                      Adjusted    ---------- Fraction of Time in Flow Class ---------- 
                       /Actual         Up    Down  Sub   Sup   Up    Down  Norm  Inlet 
  Conduit               Length    Dry  Dry   Dry   Crit  Crit  Crit  Crit  Ltd   Ctrl  
  -------------------------------------------------------------------------------------
  H0014431                1.00   0.06  0.00  0.00  0.94  0.00  0.00  0.00  0.93  0.00
  H0014433                1.00   0.06  0.00  0.00  0.94  0.00  0.00  0.00  0.94  0.00
  H0014352                1.00   0.06  0.00  0.00  0.34  0.60  0.00  0.00  0.94  0.00
  H0014373                1.00   0.06  0.00  0.00  0.32  0.62  0.00  0.00  0.30  0.00
  H0017981                1.00   0.06  0.00  0.00  0.00  0.00  0.00  0.94  0.00  0.00
  H0017755                1.00   0.06  0.00  0.00  0.00  0.00  0.00  0.94  0.00  0.00
  H0017791                1.00   0.06  0.00  0.00  0.94  0.00  0.00  0.00  0.94  0.00
  H0017357                1.00   0.06  0.94  0.00  0.00  0.00  0.00  0.00  0.76  0.00
  H0018216                1.00   0.06  0.31  0.00  0.63  0.00  0.00  0.00  0.93  0.00
  H0016792                1.00   0.06  0.30  0.00  0.63  0.00  0.00  0.00  0.94  0.00
  H0019507                1.00   0.06  0.00  0.00  0.94  0.00  0.00  0.00  0.94  0.00
  H0019998                1.00   0.06  0.00  0.00  0.32  0.62  0.00  0.00  0.63  0.00
  H0019576                1.00   0.06  0.00  0.00  0.66  0.27  0.00  0.00  0.62  0.00
  H0020087                1.00   0.06  0.93  0.00  0.01  0.00  0.00  0.00  0.76  0.00
  H0020211                1.00   0.06  0.00  0.00  0.94  0.00  0.00  0.00  0.30  0.00
  H0018982                1.00   0.06  0.00  0.00  0.94  0.00  0.00  0.00  0.33  0.00
  H0018753                1.00   0.06  0.00  0.00  0.94  0.00  0.00  0.00  0.94  0.00
  H0018845                1.00   1.00  0.00  0.00  0.00  0.00  0.00  0.00  0.00  0.00
  H0018863                1.00   0.06  0.00  0.00  0.94  0.00  0.00  0.00  0.93  0.00
  H0019156                1.00   1.00  0.00  0.00  0.00  0.00  0.00  0.00  0.00  0.00
  H0018929                1.00   0.06  0.31  0.00  0.63  0.00  0.00  0.00  0.94  0.00
  H0018440                1.00   0.06  0.00  0.00  0.94  0.00  0.00  0.00  0.93  0.00
  H0018456                1.00   0.06  0.00  0.00  0.94  0.00  0.00  0.00  0.93  0.00
  H0018968                1.00   0.06  0.00  0.00  0.31  0.62  0.00  0.00  0.32  0.00
  H0022036                1.00   0.06  0.00  0.00  0.03  0.03  0.00  0.88  0.02  0.00
  H0021806                1.00   0.06  0.31  0.00  0.63  0.00  0.00  0.00  0.77  0.00
  H0022111                1.00   0.06  0.00  0.00  0.94  0.00  0.00  0.00  0.00  0.00
  H0021440                1.00   0.06  0.00  0.00  0.34  0.60  0.00  0.00  0.01  0.00
  H0021704                1.00   0.06  0.00  0.00  0.00  0.00  0.00  0.94  0.00  0.00
  H0020521                1.00   0.06  0.00  0.00  0.94  0.00  0.00  0.00  0.94  0.00
  H0020755                1.00   0.06  0.32  0.00  0.62  0.00  0.00  0.00  0.93  0.00
  H0020530                1.00   0.06  0.00  0.00  0.34  0.60  0.00  0.00  0.01  0.00
  H0020618                1.00   0.06  0.00  0.00  0.33  0.61  0.00  0.00  0.32  0.00
  H0021163                1.00   0.06  0.00  0.00  0.93  0.01  0.00  0.00  0.32  0.00
  H0020497                1.20   0.06  0.94  0.00  0.00  0.00  0.00  0.00  0.00  0.00
  H0024325                1.00   0.06  0.00  0.00  0.34  0.60  0.00  0.00  0.33  0.00
  H0023585                1.00   0.06  0.00  0.00  0.00  0.00  0.00  0.94  0.00  0.00
  H0024098                1.00   0.06  0.31  0.00  0.63  0.00  0.00  0.00  0.93  0.00
  H0024235                1.00   0.06  0.00  0.00  0.00  0.00  0.00  0.94  0.00  0.00
  H0024282                1.00   1.00  0.00  0.00  0.00  0.00  0.00  0.00  0.00  0.00
  H0024308                1.00   0.06  0.00  0.00  0.30  0.64  0.00  0.00  0.43  0.00
  H0024498                1.00   0.06  0.00  0.00  0.00  0.00  0.00  0.94  0.00  0.00
  H0026990                1.00   0.06  0.00  0.00  0.94  0.00  0.00  0.00  0.94  0.00
  H0041650                1.00   0.37  0.01  0.00  0.62  0.00  0.00  0.00  0.93  0.00
  H0041011                1.00   0.06  0.00  0.00  0.94  0.00  0.00  0.00  0.93  0.00
  H0045103                1.00   0.06  0.00  0.00  0.94  0.00  0.00  0.00  0.78  0.00
  H0045104                1.00   0.06  0.00  0.00  0.31  0.63  0.00  0.00  0.63  0.00
  H0045105                1.00   0.06  0.00  0.00  0.94  0.00  0.00  0.00  0.94  0.00
  H0045106                1.00   0.06  0.31  0.00  0.02  0.61  0.00  0.00  0.94  0.00
  H0045107                1.00   0.06  0.00  0.00  0.94  0.00  0.00  0.00  0.94  0.00
  H0045108                1.00   0.06  0.00  0.00  0.94  0.00  0.00  0.00  0.94  0.00
  
  
  *************************
  Conduit Surcharge Summary
  *************************
  
  ----------------------------------------------------------------------------
                                                           Hours        Hours 
                         --------- Hours Full --------   Above Full   Capacity
  Conduit                Both Ends  Upstream  Dnstream   Normal Flow   Limited
  ----------------------------------------------------------------------------
  H0014431                    0.12      0.12      0.12      0.14         0.12
  H0014433                    0.06      0.06      0.10      0.01         0.01
  H0017981                    0.01      0.06      0.01      0.15         0.05
  H0017755                    0.01      0.03      0.01      0.08         0.02
  H0017357                    0.01      0.01      0.06      0.02         0.01
  H0018216                    0.06      0.08      0.06      0.11         0.07
  H0019507                    0.06      0.06      0.12      0.01         0.01
  H0020211                    0.01      0.01      0.01      0.13         0.01
  H0018753                    0.06      0.06      0.12      0.01         0.01
  H0018863                    0.12      0.12      0.14      0.06         0.06
  H0018440                    0.10      0.14      0.10      0.17         0.13
  H0018456                    0.01      0.01      0.01      0.03         0.01
  H0021806                    0.03      0.07      0.03      0.09         0.06
  H0021704                    0.01      0.01      0.01      0.01         0.01
  H0020521                    0.06      0.06      0.08      0.04         0.04
  H0020530                    0.01      0.01      0.01      0.06         0.01
  H0021163                    0.09      0.10      0.10      0.10         0.08
  H0024098                    0.14      0.14      0.16      0.11         0.10
  H0024498                    0.01      0.12      0.01      0.15         0.09
  H0041011                    0.10      0.10      0.14      0.02         0.02
  H0045107                    0.10      0.10      0.12      0.01         0.01
  H0045108                    0.12      0.12      0.14      0.09         0.09
  

  Analysis begun on:  Fri Mar 22 15:56:59 2024
  Analysis ended on:  Fri Mar 22 15:57:10 2024
  Total elapsed time: 00:00:11