
  EPA STORM WATER MANAGEMENT MODEL - VERSION 5.2 (Build 5.2.4)
  PYSWMM TOOLKIT API - VERSION v1.0 (2023-11-27)
  ------------------------------------------------------------

  Gievenbeck_e2_T30D720 
  
  ****************
  Analysis Options
  ****************
  Flow Units ............... CMS
  Process Models:
    Rainfall/Runoff ........ YES
    RDII ................... NO
    Snowmelt ............... NO
    Groundwater ............ NO
    Flow Routing ........... YES
    Ponding Allowed ........ NO
    Water Quality .......... NO
  Infiltration Method ...... HORTON
  Flow Routing Method ...... DYNWAVE
  Surcharge Method ......... SLOT
  Starting Date ............ 01/01/2024 00:00:00
  Ending Date .............. 01/04/2024 04:00:00
  Antecedent Dry Days ...... 14.0
  Report Time Step ......... 00:01:00
  Wet Time Step ............ 00:01:00
  Dry Time Step ............ 00:01:00
  Routing Time Step ........ 1.00 sec
  Variable Time Step ....... YES
  Maximum Trials ........... 8
  Number of Threads ........ 1
  Head Tolerance ........... 0.001500 m
  
  
  **************************        Volume         Depth
  Runoff Quantity Continuity     hectare-m            mm
  **************************     ---------       -------
  Total Precipitation ......         0.680        67.210
  Evaporation Loss .........         0.010         0.950
  Infiltration Loss ........         0.295        29.186
  Surface Runoff ...........         0.376        37.139
  Final Storage ............         0.000         0.000
  Continuity Error (%) .....        -0.097
  
  
  **************************        Volume        Volume
  Flow Routing Continuity        hectare-m      10^6 ltr
  **************************     ---------     ---------
  Dry Weather Inflow .......         0.000         0.000
  Wet Weather Inflow .......         0.376         3.759
  Groundwater Inflow .......         0.000         0.000
  RDII Inflow ..............         0.000         0.000
  External Inflow ..........         0.000         0.000
  External Outflow .........         0.363         3.630
  Flooding Loss ............         0.013         0.134
  Evaporation Loss .........         0.000         0.000
  Exfiltration Loss ........         0.000         0.000
  Initial Stored Volume ....         0.000         0.000
  Final Stored Volume ......         0.000         0.000
  Continuity Error (%) .....        -0.128
  
  
  *************************
  Highest Continuity Errors
  *************************
  Node R0019206 (3.76%)
  
  
  ***************************
  Time-Step Critical Elements
  ***************************
  None
  
  
  ********************************
  Highest Flow Instability Indexes
  ********************************
  All links are stable.
  
  
  *********************************
  Most Frequent Nonconverging Nodes
  *********************************
  Convergence obtained at all time steps.
  
  
  *************************
  Routing Time Step Summary
  *************************
  Minimum Time Step           :     0.48 sec
  Average Time Step           :     1.00 sec
  Maximum Time Step           :     1.00 sec
  % of Time in Steady State   :     0.00
  Average Iterations per Step :     2.00
  % of Steps Not Converging   :     0.00
  Time Step Frequencies       :
      1.000 -  0.871 sec      :    99.98 %
      0.871 -  0.758 sec      :     0.01 %
      0.758 -  0.660 sec      :     0.00 %
      0.660 -  0.574 sec      :     0.00 %
      0.574 -  0.500 sec      :     0.00 %
  
  
  ***************************
  Subcatchment Runoff Summary
  ***************************
  
  ------------------------------------------------------------------------------------------------------------------------------
                            Total      Total      Total      Total     Imperv       Perv      Total       Total     Peak  Runoff
                           Precip      Runon       Evap      Infil     Runoff     Runoff     Runoff      Runoff   Runoff   Coeff
  Subcatchment                 mm         mm         mm         mm         mm         mm         mm    10^6 ltr      CMS
  ------------------------------------------------------------------------------------------------------------------------------
  EZG_368                   67.21       0.00       0.94      29.38      32.70       9.15      36.95        0.15     0.16   0.550
  EZG_392                   67.21       0.00       0.94      29.21      32.71       9.32      37.12        0.12     0.13   0.552
  EZG_352                   67.21       0.00       0.95      29.64      32.70       8.88      36.67        0.22     0.22   0.546
  EZG_372                   67.21       0.00       0.93      28.68      32.73       9.86      37.69        0.05     0.06   0.561
  EZG_416                   67.21       0.00       0.94      29.14      32.71       9.39      37.20        0.11     0.12   0.553
  EZG_388                   67.21       0.00       0.95      29.45      32.70       9.08      36.88        0.17     0.18   0.549
  EZG_394                   67.21       0.00       0.94      29.11      32.71       9.42      37.23        0.10     0.11   0.554
  EZG_400                   67.21       0.00       0.94      29.06      32.72       9.47      37.28        0.10     0.11   0.555
  EZG_390                   67.21       0.00       0.94      29.20      32.71       9.34      37.14        0.12     0.13   0.553
  EZG_350                   67.21       0.00       0.95      29.46      32.70       9.07      36.87        0.17     0.18   0.549
  EZG_370                   67.21       0.00       0.94      29.28      32.71       9.25      37.05        0.13     0.14   0.551
  EZG_398                   67.21       0.00       0.93      28.51      32.74      10.03      37.86        0.04     0.05   0.563
  EZG_382                   67.21       0.00       0.93      28.46      32.74      10.09      37.92        0.03     0.04   0.564
  EZG_374                   67.21       0.00       1.14      24.19      39.24       8.60      41.95        0.16     0.17   0.624
  EZG_412                   67.21       0.00       0.92      28.10      32.76      10.46      38.31        0.02     0.02   0.570
  EZG_344                   67.21       0.00       0.94      29.05      32.72       9.48      37.29        0.09     0.11   0.555
  EZG_376                   67.21       0.00       0.94      28.90      32.72       9.64      37.45        0.07     0.09   0.557
  EZG_356                   67.21       0.00       0.95      29.70      32.69       8.82      36.61        0.23     0.24   0.545
  EZG_386                   67.21       0.00       0.95      29.88      32.69       8.64      36.43        0.29     0.28   0.542
  EZG_380                   67.21       0.00       0.94      29.34      32.71       9.19      36.99        0.14     0.15   0.550
  EZG_378                   67.21       0.00       0.94      29.25      32.71       9.28      37.08        0.13     0.14   0.552
  EZG_414                   67.21       0.00       0.93      28.45      32.74      10.10      37.93        0.03     0.04   0.564
  EZG_402                   67.21       0.00       0.94      29.21      32.71       9.32      37.12        0.12     0.13   0.552
  EZG_358                   67.21       0.00       0.95      29.70      32.69       8.83      36.62        0.23     0.23   0.545
  EZG_364                   67.21       0.00       0.95      29.70      32.69       8.83      36.62        0.23     0.23   0.545
  EZG_410                   67.21       0.00       0.94      28.93      32.72       9.60      37.42        0.08     0.09   0.557
  EZG_366                   67.21       0.00       0.94      29.02      32.72       9.52      37.33        0.09     0.10   0.555
  EZG_18259                 67.21       0.00       0.94      29.01      32.72       9.53      37.34        0.09     0.10   0.556
  EZG_18258                 67.21       0.00       0.93      28.28      32.75      10.27      38.11        0.02     0.03   0.567
  EZG_346                   67.21       0.00       0.92      29.81      32.05       9.30      36.54        0.13     0.14   0.544
  EZG_348                   67.21       0.00       0.92      29.48      32.07       9.63      36.89        0.08     0.09   0.549
  
  
  ******************
  Node Depth Summary
  ******************
  
  ---------------------------------------------------------------------------------
                                 Average  Maximum  Maximum  Time of Max    Reported
                                   Depth    Depth      HGL   Occurrence   Max Depth
  Node                 Type       Meters   Meters   Meters  days hr:min      Meters
  ---------------------------------------------------------------------------------
  R0019466             JUNCTION     0.01     2.81    72.26     0  06:04        2.81
  R0019468             JUNCTION     0.01     2.73    72.04     0  06:04        2.73
  R0019831             JUNCTION     0.01     1.66    70.83     0  06:02        1.66
  R0019825             JUNCTION     0.01     1.50    70.34     0  06:01        1.50
  R0019843             JUNCTION     0.02     1.77    69.40     0  06:03        1.72
  R0019368             JUNCTION     0.02     1.81    68.60     0  06:04        1.57
  R0019369             JUNCTION     0.02     0.87    67.46     0  06:05        0.86
  R0019370             JUNCTION     0.01     0.66    66.56     0  06:05        0.65
  R0019345             JUNCTION     0.01     1.63    71.53     0  06:05        1.60
  R0019346             JUNCTION     0.01     1.52    71.32     0  06:05        1.48
  R0043600             JUNCTION     0.01     1.34    71.01     0  06:06        0.98
  R0019203             JUNCTION     0.01     1.34    70.88     0  06:06        1.04
  R0043594             JUNCTION     0.01     1.66    71.39     0  06:05        1.24
  R0021458             JUNCTION     0.01     1.52    71.17     0  06:06        1.51
  R0019202             JUNCTION     0.01     1.33    70.91     0  06:06        1.03
  R0019373             JUNCTION     0.01     2.48    72.15     0  06:05        2.44
  R0019254             JUNCTION     0.01     2.13    72.17     0  06:05        2.13
  R0019716             JUNCTION     0.01     1.39    70.40     0  06:06        1.24
  R0019946             JUNCTION     0.02     1.49    70.11     0  06:04        1.45
  R0013935             JUNCTION     0.01     1.62    70.45     0  06:03        1.62
  R0019939             JUNCTION     0.01     1.75    70.32     0  06:04        1.74
  R0019944             JUNCTION     0.01     1.24    69.52     0  06:05        1.21
  R0043703             JUNCTION     0.01     1.26    69.86     0  06:05        1.21
  R0019945             JUNCTION     0.02     1.25    69.65     0  06:05        1.22
  R0039621             JUNCTION     0.00     1.56    71.13     0  06:03        1.56
  R0019838             JUNCTION     0.01     1.80    71.26     0  06:03        1.80
  R0039606             JUNCTION     0.01     1.33    70.92     0  06:06        1.06
  R0019204             JUNCTION     0.00     0.00    69.91     0  00:00        0.00
  R0019205             JUNCTION     0.00     0.00    69.62     0  00:00        0.00
  R0019849             JUNCTION     0.01     1.54    70.06     0  06:04        1.54
  R0019371             JUNCTION     0.00     0.00    70.41     0  00:00        0.00
  R0019718             JUNCTION     0.02     1.43    70.85     0  06:06        1.08
  R0021442             JUNCTION     0.01     2.05    72.10     0  06:01        2.05
  R0019247             JUNCTION     0.01     1.53    71.41     0  06:06        1.43
  R0019719             JUNCTION     0.01     1.32    71.00     0  06:05        1.26
  R0019767             JUNCTION     0.01     0.70    65.43     0  06:05        0.69
  R0019768             JUNCTION     0.01     0.57    64.34     0  06:05        0.57
  R0021453             JUNCTION     0.00     1.52    71.47     0  06:05        1.08
  R0019839             JUNCTION     0.01     1.98    71.37     0  06:04        1.83
  R0019717             JUNCTION     0.01     1.29    70.63     0  06:06        1.12
  R0019252             JUNCTION     0.01     1.94    72.13     0  06:02        1.94
  R0019721             JUNCTION     0.01     1.62    71.49     0  06:05        1.56
  R0019942             JUNCTION     0.01     1.47    70.12     0  06:05        1.46
  R0019206             JUNCTION     0.00     0.11    69.18     0  06:05        0.08
  R0019840             JUNCTION     0.01     2.01    70.98     0  06:05        2.01
  R0043702             JUNCTION     0.01     2.19    70.89     0  06:04        2.19
  R0019723             JUNCTION     0.01     1.56    71.64     0  06:05        1.47
  R0019724             JUNCTION     0.00     1.52    71.68     0  06:05        1.40
  R0021433             JUNCTION     0.01     2.15    72.54     0  06:01        2.15
  R0021435             JUNCTION     0.01     2.11    72.29     0  06:01        2.11
  R0019769             OUTFALL      0.01     0.57    63.95     0  06:05        0.57
  
  
  *******************
  Node Inflow Summary
  *******************
  
  -------------------------------------------------------------------------------------------------
                                  Maximum  Maximum                  Lateral       Total        Flow
                                  Lateral    Total  Time of Max      Inflow      Inflow     Balance
                                   Inflow   Inflow   Occurrence      Volume      Volume       Error
  Node                 Type           CMS      CMS  days hr:min    10^6 ltr    10^6 ltr     Percent
  -------------------------------------------------------------------------------------------------
  R0019466             JUNCTION     0.162    0.162     0  06:05       0.153        0.24       0.031
  R0019468             JUNCTION     0.101    0.175     0  06:05      0.0894       0.312      -0.005
  R0019831             JUNCTION     0.132    0.132     0  06:05        0.12        0.12       0.069
  R0019825             JUNCTION     0.132    0.232     0  06:05       0.121       0.238       0.032
  R0019843             JUNCTION     0.000    2.505     0  06:03           0        3.63      -0.045
  R0019368             JUNCTION     0.000    2.468     0  06:05           0        3.63      -0.028
  R0019369             JUNCTION     0.000    2.471     0  06:05           0        3.63      -0.007
  R0019370             JUNCTION     0.000    2.495     0  06:05           0        3.63      -0.002
  R0019345             JUNCTION     0.000    0.162     0  06:02           0       0.217       0.019
  R0019346             JUNCTION     0.020    0.309     0  06:04      0.0153       0.377       0.009
  R0043600             JUNCTION     0.000    0.220     0  06:04           0       0.392      -0.078
  R0019203             JUNCTION     0.041    0.883     0  06:06      0.0335        1.02      -0.029
  R0043594             JUNCTION     0.221    0.489     0  06:05       0.217       0.321      -0.418
  R0021458             JUNCTION     0.178    0.479     0  06:06       0.169       0.489       0.008
  R0019202             JUNCTION     0.061    0.677     0  06:06       0.051       0.596      -0.226
  R0019373             JUNCTION     0.144    0.221     0  06:04       0.133       0.151       0.703
  R0019254             JUNCTION     0.120    0.171     0  06:02       0.108       0.217       0.020
  R0019716             JUNCTION     0.177    1.566     0  06:06       0.168        2.08      -0.011
  R0019946             JUNCTION     0.000    1.546     0  06:06           0        2.08      -0.009
  R0013935             JUNCTION     0.115    0.115     0  06:05       0.103       0.103       0.021
  R0019939             JUNCTION     0.046    0.126     0  06:03      0.0375       0.135      -0.019
  R0019944             JUNCTION     0.108    1.841     0  06:06       0.096        2.64       0.011
  R0043703             JUNCTION     0.129    1.641     0  06:04       0.118         2.2      -0.012
  R0019945             JUNCTION     0.000    1.806     0  06:06           0        2.54      -0.014
  R0039621             JUNCTION     0.000    0.193     0  06:05           0      0.0198      -1.128
  R0019838             JUNCTION     0.236    0.236     0  06:05       0.235       0.239      -0.051
  R0039606             JUNCTION     0.000    0.499     0  06:06           0       0.485       0.074
  R0019204             JUNCTION     0.000    0.000     0  00:00           0           0       0.000 ltr
  R0019205             JUNCTION     0.000    0.000     0  00:00           0           0       0.000 ltr
  R0019849             JUNCTION     0.000    0.221     0  06:03           0        0.34       0.002
  R0019371             JUNCTION     0.000    0.000     0  00:00           0           0       0.000 ltr
  R0019718             JUNCTION     0.154    0.971     0  06:06       0.144        1.17      -0.302
  R0021442             JUNCTION     0.165    0.238     0  06:05       0.159       0.337       0.006
  R0019247             JUNCTION     0.086    0.222     0  06:04      0.0747       0.392       0.095
  R0019719             JUNCTION     0.090    0.390     0  06:04      0.0786       0.456       0.414
  R0019767             JUNCTION     0.000    2.479     0  06:05           0        3.63      -0.003
  R0019768             JUNCTION     0.000    2.475     0  06:05           0        3.63       0.004
  R0021453             JUNCTION     0.106    0.446     0  06:05      0.0943      0.0987      -0.611
  R0019839             JUNCTION     0.234    0.409     0  06:04       0.232       0.451       0.045
  R0019717             JUNCTION     0.285    1.521     0  06:06       0.291        1.91       0.008
  R0019252             JUNCTION     0.138    0.138     0  06:05       0.127       0.127      -0.016
  R0019721             JUNCTION     0.041    0.156     0  06:04       0.033       0.145       0.040
  R0019942             JUNCTION     0.000    0.124     0  06:01           0       0.204      -0.118
  R0019206             JUNCTION     0.000    0.055     0  06:04           0    0.000932       3.908
  R0019840             JUNCTION     0.000    0.517     0  06:03           0       0.762      -0.036
  R0043702             JUNCTION     0.234    0.704     0  06:04       0.232       0.994       0.298
  R0019723             JUNCTION     0.100    0.122     0  06:04      0.0887       0.112      -0.102
  R0019724             JUNCTION     0.030    0.047     0  06:02      0.0233      0.0235      -0.287
  R0021433             JUNCTION     0.144    0.144     0  06:05       0.133       0.133      -0.098
  R0021435             JUNCTION     0.094    0.165     0  06:05       0.082       0.202       0.020
  R0019769             OUTFALL      0.000    2.485     0  06:05           0        3.63       0.000
  
  
  **********************
  Node Surcharge Summary
  **********************
  
  Surcharging occurs when water rises above the top of the highest conduit.
  ---------------------------------------------------------------------
                                               Max. Height   Min. Depth
                                   Hours       Above Crown    Below Rim
  Node                 Type      Surcharged         Meters       Meters
  ---------------------------------------------------------------------
  R0019466             JUNCTION        0.22          2.510        0.000
  R0019468             JUNCTION        0.22          2.430        0.000
  R0019831             JUNCTION        0.16          1.360        0.000
  R0019825             JUNCTION        0.19          1.200        0.000
  R0019843             JUNCTION        0.10          0.868        1.752
  R0019368             JUNCTION        0.13          0.907        0.143
  R0019345             JUNCTION        0.15          1.335        0.415
  R0019346             JUNCTION        0.12          1.119        0.621
  R0043600             JUNCTION        0.14          0.945        1.635
  R0019203             JUNCTION        0.04          0.436        1.544
  R0043594             JUNCTION        0.02          0.728        1.092
  R0021458             JUNCTION        0.03          0.620        1.460
  R0019202             JUNCTION        0.04          0.434        1.566
  R0019373             JUNCTION        0.17          2.184        0.316
  R0019254             JUNCTION        0.17          1.830        0.000
  R0019716             JUNCTION        0.07          0.493        1.227
  R0019946             JUNCTION        0.11          0.587        0.933
  R0013935             JUNCTION        0.17          1.320        0.000
  R0019939             JUNCTION        0.23          1.455        0.165
  R0019944             JUNCTION        0.05          0.343        1.187
  R0043703             JUNCTION        0.05          0.356        0.964
  R0019945             JUNCTION        0.05          0.345        1.115
  R0039621             JUNCTION        0.07          1.060        0.000
  R0019838             JUNCTION        0.08          1.300        0.000
  R0039606             JUNCTION        0.04          0.425        1.575
  R0019849             JUNCTION        0.24          1.243        0.687
  R0019718             JUNCTION        0.05          0.534        1.466
  R0021442             JUNCTION        0.25          1.750        0.000
  R0019247             JUNCTION        0.16          1.133        0.727
  R0019719             JUNCTION        0.10          0.821        0.979
  R0021453             JUNCTION        0.01          0.616        0.884
  R0019839             JUNCTION        0.08          1.478        0.172
  R0019717             JUNCTION        0.05          0.353        1.497
  R0019252             JUNCTION        0.15          1.640        0.000
  R0019721             JUNCTION        0.12          1.218        0.342
  R0019942             JUNCTION        0.21          1.168        0.482
  R0019840             JUNCTION        0.11          1.511        1.059
  R0043702             JUNCTION        0.13          1.690        1.220
  R0019723             JUNCTION        0.09          1.162        0.158
  R0019724             JUNCTION        0.09          1.224        0.226
  R0021433             JUNCTION        0.18          1.850        0.000
  R0021435             JUNCTION        0.22          1.810        0.000
  
  
  *********************
  Node Flooding Summary
  *********************
  
  Flooding refers to all water that overflows a node, whether it ponds or not.
  --------------------------------------------------------------------------
                                                             Total   Maximum
                                 Maximum   Time of Max       Flood    Ponded
                        Hours       Rate    Occurrence      Volume     Depth
  Node                 Flooded       CMS   days hr:min    10^6 ltr    Meters
  --------------------------------------------------------------------------
  R0019466                0.01     0.016      0  06:05       0.000     0.000
  R0019468                0.01     0.013      0  06:05       0.000     0.000
  R0019831                0.05     0.031      0  06:05       0.003     0.000
  R0019825                0.10     0.161      0  06:05       0.034     0.000
  R0019254                0.01     0.002      0  06:05       0.000     0.000
  R0013935                0.05     0.058      0  06:05       0.005     0.000
  R0039621                0.04     0.193      0  06:05       0.016     0.000
  R0019838                0.01     0.032      0  06:04       0.000     0.000
  R0021442                0.09     0.107      0  06:05       0.020     0.000
  R0019252                0.07     0.125      0  06:05       0.018     0.000
  R0021433                0.08     0.072      0  06:05       0.013     0.000
  R0021435                0.10     0.093      0  06:05       0.024     0.000
  
  
  ***********************
  Outfall Loading Summary
  ***********************
  
  -----------------------------------------------------------
                         Flow       Avg       Max       Total
                         Freq      Flow      Flow      Volume
  Outfall Node           Pcnt       CMS       CMS    10^6 ltr
  -----------------------------------------------------------
  R0019769              18.27     0.073     2.485       3.630
  -----------------------------------------------------------
  System                18.27     0.073     2.485       3.630
  
  
  ********************
  Link Flow Summary
  ********************
  
  -----------------------------------------------------------------------------
                                 Maximum  Time of Max   Maximum    Max/    Max/
                                  |Flow|   Occurrence   |Veloc|    Full    Full
  Link                 Type          CMS  days hr:min     m/sec    Flow   Depth
  -----------------------------------------------------------------------------
  H0014431             CONDUIT     0.086     0  06:02      1.21    1.59    1.00
  H0014433             CONDUIT     0.100     0  06:05      1.42    1.28    1.00
  H0014352             CONDUIT     2.468     0  06:05      3.88    1.01    1.00
  H0014373             CONDUIT     2.495     0  06:05      4.37    1.15    0.85
  H0017981             CONDUIT     0.162     0  06:02      2.29    4.58    1.00
  H0017755             CONDUIT     0.229     0  06:05      1.82    1.86    1.00
  H0017791             CONDUIT     0.369     0  06:06      0.73    0.53    1.00
  H0017357             CONDUIT     0.212     0  06:04      2.99    3.38    1.00
  H0018216             CONDUIT     0.162     0  06:02      2.29    2.94    1.00
  H0016792             CONDUIT     1.546     0  06:06      2.43    0.89    1.00
  H0019507             CONDUIT     0.087     0  06:03      1.23    1.21    1.00
  H0019998             CONDUIT     1.857     0  06:03      3.48    0.74    1.00
  H0019576             CONDUIT     1.633     0  06:06      2.64    1.10    1.00
  H0020087             CONDUIT     0.193     0  06:05      0.98    0.85    1.00
  H0020211             CONDUIT     1.568     0  06:06      2.46    3.91    1.00
  H0018982             CONDUIT     0.499     0  06:06      0.90    0.80    1.00
  H0018753             CONDUIT     0.080     0  06:04      1.14    1.14    1.00
  H0018845             CONDUIT     0.000     0  00:00      0.00    0.00    0.00
  H0018863             CONDUIT     0.123     0  06:03      1.74    2.89    1.00
  H0019156             CONDUIT     0.000     0  00:00      0.00    0.00    0.00
  H0018929             CONDUIT     0.873     0  06:06      1.45    0.76    1.00
  H0018440             CONDUIT     0.159     0  06:01      2.24    2.84    1.00
  H0018456             CONDUIT     0.305     0  06:04      2.43    1.85    1.00
  H0018968             CONDUIT     2.475     0  06:05      5.16    0.95    0.71
  H0022036             CONDUIT     0.367     0  06:05      0.59    0.28    1.00
  H0021806             CONDUIT     0.220     0  06:04      1.75    1.95    1.00
  H0022111             CONDUIT     0.197     0  06:04      1.00    1.41    1.00
  H0021440             CONDUIT     1.459     0  06:06      2.51    0.94    1.00
  H0021704             CONDUIT     1.007     0  06:06      1.70    1.92    1.00
  H0020521             CONDUIT     0.082     0  06:02      1.16    1.66    1.00
  H0020755             CONDUIT     0.156     0  06:05      1.24    1.72    1.00
  H0020530             CONDUIT     2.471     0  06:05      3.88    2.11    1.00
  H0020618             CONDUIT     1.784     0  06:06      3.35    1.11    1.00
  H0021163             CONDUIT     0.124     0  06:01      1.76    2.08    1.00
  H0020497             CONDUIT     0.055     0  06:04      0.78    0.12    1.00
  H0024325             CONDUIT     0.366     0  06:03      1.87    1.09    1.00
  H0023585             CONDUIT     0.695     0  06:04      3.54    1.60    1.00
  H0024098             CONDUIT     0.217     0  06:03      3.07    2.54    1.00
  H0024235             CONDUIT     0.385     0  06:04      1.96    1.58    1.00
  H0024282             CONDUIT     0.000     0  00:00      0.00    0.00    0.19
  H0024308             CONDUIT     2.485     0  06:05      5.85    0.73    0.63
  H0024498             CONDUIT     0.170     0  06:05      2.40    2.63    1.00
  H0026990             CONDUIT     0.117     0  06:04      0.93    0.89    1.00
  H0041650             CONDUIT     0.706     0  06:06      1.11    0.82    1.00
  H0041011             CONDUIT     0.116     0  06:02      1.64    1.15    1.00
  H0045103             CONDUIT     0.511     0  06:07      1.02    0.64    1.00
  H0045104             CONDUIT     2.479     0  06:05      4.82    0.88    0.75
  H0045105             CONDUIT     0.034     0  06:05      0.48    0.58    1.00
  H0045106             CONDUIT     0.487     0  06:04      2.48    0.65    1.00
  H0045107             CONDUIT     0.072     0  06:06      1.01    1.18    1.00
  H0045108             CONDUIT     0.088     0  06:08      1.25    1.59    1.00
  
  
  ***************************
  Flow Classification Summary
  ***************************
  
  -------------------------------------------------------------------------------------
                      Adjusted    ---------- Fraction of Time in Flow Class ---------- 
                       /Actual         Up    Down  Sub   Sup   Up    Down  Norm  Inlet 
  Conduit               Length    Dry  Dry   Dry   Crit  Crit  Crit  Crit  Ltd   Ctrl  
  -------------------------------------------------------------------------------------
  H0014431                1.00   0.03  0.00  0.00  0.97  0.00  0.00  0.00  0.96  0.00
  H0014433                1.00   0.03  0.00  0.00  0.97  0.00  0.00  0.00  0.96  0.00
  H0014352                1.00   0.03  0.00  0.00  0.81  0.16  0.00  0.00  0.96  0.00
  H0014373                1.00   0.03  0.00  0.00  0.79  0.18  0.00  0.00  0.78  0.00
  H0017981                1.00   0.03  0.00  0.00  0.00  0.00  0.00  0.96  0.00  0.00
  H0017755                1.00   0.03  0.00  0.00  0.00  0.00  0.00  0.96  0.00  0.00
  H0017791                1.00   0.03  0.00  0.00  0.97  0.00  0.00  0.00  0.96  0.00
  H0017357                1.00   0.03  0.96  0.00  0.00  0.00  0.00  0.00  0.92  0.00
  H0018216                1.00   0.03  0.78  0.00  0.18  0.00  0.00  0.00  0.96  0.00
  H0016792                1.00   0.03  0.77  0.00  0.19  0.00  0.00  0.00  0.96  0.00
  H0019507                1.00   0.03  0.00  0.00  0.97  0.00  0.00  0.00  0.96  0.00
  H0019998                1.00   0.03  0.00  0.00  0.79  0.18  0.00  0.00  0.19  0.00
  H0019576                1.00   0.03  0.00  0.00  0.81  0.15  0.00  0.00  0.17  0.00
  H0020087                1.00   0.03  0.95  0.00  0.02  0.00  0.00  0.00  0.92  0.00
  H0020211                1.00   0.03  0.00  0.00  0.97  0.00  0.00  0.00  0.77  0.00
  H0018982                1.00   0.03  0.00  0.00  0.97  0.00  0.00  0.00  0.80  0.00
  H0018753                1.00   0.03  0.00  0.00  0.97  0.00  0.00  0.00  0.96  0.00
  H0018845                1.00   1.00  0.00  0.00  0.00  0.00  0.00  0.00  0.00  0.00
  H0018863                1.00   0.03  0.00  0.00  0.97  0.00  0.00  0.00  0.96  0.00
  H0019156                1.00   1.00  0.00  0.00  0.00  0.00  0.00  0.00  0.00  0.00
  H0018929                1.00   0.03  0.78  0.00  0.19  0.00  0.00  0.00  0.96  0.00
  H0018440                1.00   0.03  0.00  0.00  0.97  0.00  0.00  0.00  0.96  0.00
  H0018456                1.00   0.03  0.00  0.00  0.97  0.00  0.00  0.00  0.96  0.00
  H0018968                1.00   0.03  0.00  0.00  0.78  0.18  0.00  0.00  0.79  0.00
  H0022036                1.00   0.03  0.00  0.00  0.05  0.06  0.00  0.86  0.04  0.00
  H0021806                1.00   0.03  0.78  0.00  0.18  0.00  0.00  0.00  0.81  0.00
  H0022111                1.00   0.03  0.00  0.00  0.97  0.00  0.00  0.00  0.00  0.00
  H0021440                1.00   0.03  0.00  0.00  0.81  0.16  0.00  0.00  0.02  0.00
  H0021704                1.00   0.03  0.00  0.00  0.00  0.00  0.00  0.96  0.00  0.00
  H0020521                1.00   0.03  0.00  0.00  0.97  0.00  0.00  0.00  0.96  0.00
  H0020755                1.00   0.03  0.79  0.00  0.18  0.00  0.00  0.00  0.96  0.00
  H0020530                1.00   0.03  0.00  0.00  0.81  0.16  0.00  0.00  0.02  0.00
  H0020618                1.00   0.03  0.00  0.00  0.80  0.17  0.00  0.00  0.81  0.00
  H0021163                1.00   0.03  0.00  0.00  0.95  0.02  0.00  0.00  0.79  0.00
  H0020497                1.20   0.03  0.96  0.00  0.00  0.00  0.00  0.00  0.92  0.00
  H0024325                1.00   0.03  0.00  0.00  0.81  0.16  0.00  0.00  0.80  0.00
  H0023585                1.00   0.03  0.00  0.00  0.00  0.00  0.00  0.96  0.00  0.00
  H0024098                1.00   0.03  0.78  0.00  0.18  0.00  0.00  0.00  0.96  0.00
  H0024235                1.00   0.03  0.00  0.00  0.00  0.00  0.00  0.96  0.00  0.00
  H0024282                1.00   1.00  0.00  0.00  0.00  0.00  0.00  0.00  0.00  0.00
  H0024308                1.00   0.03  0.00  0.00  0.77  0.19  0.00  0.00  0.07  0.00
  H0024498                1.00   0.03  0.00  0.00  0.00  0.00  0.00  0.96  0.00  0.00
  H0026990                1.00   0.03  0.00  0.00  0.97  0.00  0.00  0.00  0.96  0.00
  H0041650                1.00   0.81  0.01  0.00  0.18  0.00  0.00  0.00  0.95  0.00
  H0041011                1.00   0.03  0.00  0.00  0.96  0.00  0.00  0.00  0.96  0.00
  H0045103                1.00   0.03  0.00  0.00  0.97  0.00  0.00  0.00  0.81  0.00
  H0045104                1.00   0.03  0.00  0.00  0.78  0.18  0.00  0.00  0.19  0.00
  H0045105                1.00   0.03  0.00  0.00  0.97  0.00  0.00  0.00  0.96  0.00
  H0045106                1.00   0.03  0.78  0.00  0.02  0.16  0.00  0.00  0.96  0.00
  H0045107                1.00   0.03  0.00  0.00  0.97  0.00  0.00  0.00  0.96  0.00
  H0045108                1.00   0.03  0.00  0.00  0.97  0.00  0.00  0.00  0.96  0.00
  
  
  *************************
  Conduit Surcharge Summary
  *************************
  
  ----------------------------------------------------------------------------
                                                           Hours        Hours 
                         --------- Hours Full --------   Above Full   Capacity
  Conduit                Both Ends  Upstream  Dnstream   Normal Flow   Limited
  ----------------------------------------------------------------------------
  H0014431                    0.22      0.22      0.22      0.25         0.21
  H0014433                    0.16      0.16      0.19      0.07         0.07
  H0014352                    0.10      0.10      0.13      0.01         0.01
  H0014373                    0.01      0.01      0.01      0.08         0.01
  H0017981                    0.13      0.15      0.13      0.28         0.14
  H0017755                    0.13      0.14      0.13      0.17         0.14
  H0017791                    0.02      0.02      0.03      0.01         0.01
  H0017357                    0.11      0.11      0.17      0.11         0.01
  H0018216                    0.15      0.17      0.15      0.19         0.16
  H0016792                    0.07      0.07      0.11      0.01         0.01
  H0019507                    0.17      0.17      0.23      0.04         0.03
  H0019998                    0.05      0.05      0.10      0.01         0.01
  H0019576                    0.05      0.05      0.05      0.06         0.03
  H0020087                    0.07      0.07      0.08      0.01         0.01
  H0020211                    0.05      0.11      0.05      0.23         0.07
  H0018982                    0.03      0.03      0.04      0.01         0.01
  H0018753                    0.17      0.17      0.22      0.02         0.01
  H0018863                    0.23      0.23      0.24      0.15         0.14
  H0018929                    0.04      0.04      0.05      0.01         0.01
  H0018440                    0.19      0.25      0.19      0.30         0.23
  H0018456                    0.12      0.12      0.12      0.14         0.12
  H0022036                    0.01      0.01      0.02      0.01         0.01
  H0021806                    0.14      0.16      0.14      0.18         0.15
  H0022111                    0.08      0.08      0.08      0.04         0.03
  H0021440                    0.05      0.05      0.07      0.01         0.01
  H0021704                    0.05      0.05      0.05      0.14         0.03
  H0020521                    0.15      0.15      0.17      0.08         0.08
  H0020755                    0.12      0.12      0.12      0.06         0.07
  H0020530                    0.01      0.13      0.01      0.17         0.12
  H0020618                    0.05      0.05      0.05      0.08         0.04
  H0021163                    0.19      0.19      0.21      0.18         0.16
  H0020497                    0.01      0.01     69.93      0.01         0.01
  H0024325                    0.08      0.08      0.11      0.01         0.01
  H0023585                    0.11      0.13      0.11      0.13         0.11
  H0024098                    0.24      0.24      0.29      0.20         0.19
  H0024235                    0.09      0.10      0.10      0.10         0.08
  H0024498                    0.11      0.22      0.11      0.27         0.18
  H0026990                    0.09      0.09      0.12      0.01         0.01
  H0041650                    0.04      0.04      0.04      0.01         0.01
  H0041011                    0.21      0.21      0.24      0.04         0.03
  H0045103                    0.04      0.04      0.04      0.01         0.01
  H0045105                    0.09      0.09      0.10      0.01         0.01
  H0045106                    0.11      0.11      0.13      0.01         0.01
  H0045107                    0.18      0.18      0.22      0.10         0.09
  H0045108                    0.22      0.22      0.25      0.18         0.17
  

  Analysis begun on:  Fri Mar 22 15:56:48 2024
  Analysis ended on:  Fri Mar 22 15:56:58 2024
  Total elapsed time: 00:00:10