
  EPA STORM WATER MANAGEMENT MODEL - VERSION 5.2 (Build 5.2.4)
  PYSWMM TOOLKIT API - VERSION v1.0 (2023-11-27)
  ------------------------------------------------------------

  Gievenbeck_e2_T10D1440 
  
  ****************
  Analysis Options
  ****************
  Flow Units ............... CMS
  Process Models:
    Rainfall/Runoff ........ YES
    RDII ................... NO
    Snowmelt ............... NO
    Groundwater ............ NO
    Flow Routing ........... YES
    Ponding Allowed ........ NO
    Water Quality .......... NO
  Infiltration Method ...... HORTON
  Flow Routing Method ...... DYNWAVE
  Surcharge Method ......... SLOT
  Starting Date ............ 01/01/2024 00:00:00
  Ending Date .............. 01/04/2024 04:00:00
  Antecedent Dry Days ...... 14.0
  Report Time Step ......... 00:01:00
  Wet Time Step ............ 00:01:00
  Dry Time Step ............ 00:01:00
  Routing Time Step ........ 1.00 sec
  Variable Time Step ....... YES
  Maximum Trials ........... 8
  Number of Threads ........ 1
  Head Tolerance ........... 0.001500 m
  
  
  **************************        Volume         Depth
  Runoff Quantity Continuity     hectare-m            mm
  **************************     ---------       -------
  Total Precipitation ......         0.637        62.960
  Evaporation Loss .........         0.010         0.946
  Infiltration Loss ........         0.304        30.047
  Surface Runoff ...........         0.324        32.015
  Final Storage ............         0.000         0.000
  Continuity Error (%) .....        -0.077
  
  
  **************************        Volume        Volume
  Flow Routing Continuity        hectare-m      10^6 ltr
  **************************     ---------     ---------
  Dry Weather Inflow .......         0.000         0.000
  Wet Weather Inflow .......         0.324         3.241
  Groundwater Inflow .......         0.000         0.000
  RDII Inflow ..............         0.000         0.000
  External Inflow ..........         0.000         0.000
  External Outflow .........         0.321         3.205
  Flooding Loss ............         0.003         0.035
  Evaporation Loss .........         0.000         0.000
  Exfiltration Loss ........         0.000         0.000
  Initial Stored Volume ....         0.000         0.000
  Final Stored Volume ......         0.000         0.000
  Continuity Error (%) .....         0.019
  
  
  ***************************
  Time-Step Critical Elements
  ***************************
  None
  
  
  ********************************
  Highest Flow Instability Indexes
  ********************************
  All links are stable.
  
  
  *********************************
  Most Frequent Nonconverging Nodes
  *********************************
  Convergence obtained at all time steps.
  
  
  *************************
  Routing Time Step Summary
  *************************
  Minimum Time Step           :     0.50 sec
  Average Time Step           :     1.00 sec
  Maximum Time Step           :     1.00 sec
  % of Time in Steady State   :     0.00
  Average Iterations per Step :     2.00
  % of Steps Not Converging   :     0.00
  Time Step Frequencies       :
      1.000 -  0.871 sec      :   100.00 %
      0.871 -  0.758 sec      :     0.00 %
      0.758 -  0.660 sec      :     0.00 %
      0.660 -  0.574 sec      :     0.00 %
      0.574 -  0.500 sec      :     0.00 %
  
  
  ***************************
  Subcatchment Runoff Summary
  ***************************
  
  ------------------------------------------------------------------------------------------------------------------------------
                            Total      Total      Total      Total     Imperv       Perv      Total       Total     Peak  Runoff
                           Precip      Runon       Evap      Infil     Runoff     Runoff     Runoff      Runoff   Runoff   Coeff
  Subcatchment                 mm         mm         mm         mm         mm         mm         mm    10^6 ltr      CMS
  ------------------------------------------------------------------------------------------------------------------------------
  EZG_368                   62.96       0.00       0.94      30.24      30.57       5.84      31.82        0.13     0.12   0.505
  EZG_392                   62.96       0.00       0.94      30.09      30.58       6.00      31.99        0.10     0.10   0.508
  EZG_352                   62.96       0.00       0.95      30.48      30.56       5.60      31.58        0.19     0.16   0.502
  EZG_372                   62.96       0.00       0.93      29.58      30.59       6.51      32.51        0.04     0.05   0.516
  EZG_416                   62.96       0.00       0.94      30.02      30.58       6.06      32.06        0.09     0.09   0.509
  EZG_388                   62.96       0.00       0.94      30.31      30.57       5.77      31.76        0.14     0.13   0.504
  EZG_394                   62.96       0.00       0.94      29.99      30.58       6.09      32.09        0.09     0.08   0.510
  EZG_400                   62.96       0.00       0.94      29.95      30.58       6.14      32.13        0.08     0.08   0.510
  EZG_390                   62.96       0.00       0.94      30.07      30.58       6.01      32.00        0.10     0.09   0.508
  EZG_350                   62.96       0.00       0.94      30.31      30.57       5.77      31.75        0.15     0.13   0.504
  EZG_370                   62.96       0.00       0.94      30.15      30.58       5.93      31.92        0.11     0.11   0.507
  EZG_398                   62.96       0.00       0.93      29.42      30.60       6.67      32.68        0.03     0.03   0.519
  EZG_382                   62.96       0.00       0.93      29.37      30.60       6.73      32.74        0.03     0.03   0.520
  EZG_374                   62.96       0.00       1.13      25.05      36.68       5.65      36.83        0.14     0.12   0.585
  EZG_412                   62.96       0.00       0.92      29.01      30.62       7.09      33.12        0.01     0.02   0.526
  EZG_344                   62.96       0.00       0.93      29.94      30.58       6.15      32.14        0.08     0.08   0.511
  EZG_376                   62.96       0.00       0.93      29.80      30.59       6.29      32.29        0.06     0.06   0.513
  EZG_356                   62.96       0.00       0.95      30.54      30.56       5.54      31.52        0.20     0.17   0.501
  EZG_386                   62.96       0.00       0.95      30.69      30.56       5.38      31.36        0.25     0.21   0.498
  EZG_380                   62.96       0.00       0.94      30.20      30.57       5.88      31.87        0.12     0.11   0.506
  EZG_378                   62.96       0.00       0.94      30.12      30.58       5.96      31.95        0.11     0.10   0.507
  EZG_414                   62.96       0.00       0.93      29.36      30.60       6.74      32.75        0.03     0.03   0.520
  EZG_402                   62.96       0.00       0.94      30.09      30.58       5.99      31.98        0.10     0.10   0.508
  EZG_358                   62.96       0.00       0.95      30.53      30.56       5.55      31.53        0.20     0.17   0.501
  EZG_364                   62.96       0.00       0.95      30.53      30.56       5.55      31.53        0.20     0.17   0.501
  EZG_410                   62.96       0.00       0.93      29.83      30.59       6.26      32.26        0.07     0.07   0.512
  EZG_366                   62.96       0.00       0.93      29.90      30.58       6.18      32.18        0.08     0.07   0.511
  EZG_18259                 62.96       0.00       0.93      29.90      30.58       6.19      32.18        0.08     0.07   0.511
  EZG_18258                 62.96       0.00       0.92      29.20      30.61       6.91      32.92        0.02     0.02   0.523
  EZG_346                   62.96       0.00       0.92      30.68      29.96       5.94      31.41        0.11     0.11   0.499
  EZG_348                   62.96       0.00       0.91      30.37      29.97       6.26      31.73        0.07     0.07   0.504
  
  
  ******************
  Node Depth Summary
  ******************
  
  ---------------------------------------------------------------------------------
                                 Average  Maximum  Maximum  Time of Max    Reported
                                   Depth    Depth      HGL   Occurrence   Max Depth
  Node                 Type       Meters   Meters   Meters  days hr:min      Meters
  ---------------------------------------------------------------------------------
  R0019466             JUNCTION     0.01     1.51    70.96     0  10:05        1.50
  R0019468             JUNCTION     0.01     1.40    70.71     0  10:05        1.36
  R0019831             JUNCTION     0.01     1.62    70.79     0  10:05        1.62
  R0019825             JUNCTION     0.01     1.50    70.34     0  10:03        1.50
  R0019843             JUNCTION     0.02     1.33    68.96     0  10:05        1.14
  R0019368             JUNCTION     0.03     1.51    68.30     0  10:05        1.37
  R0019369             JUNCTION     0.02     0.75    67.34     0  10:06        0.74
  R0019370             JUNCTION     0.02     0.60    66.50     0  10:06        0.60
  R0019345             JUNCTION     0.01     1.13    71.03     0  10:05        1.11
  R0019346             JUNCTION     0.01     0.90    70.70     0  10:05        0.89
  R0043600             JUNCTION     0.01     0.61    70.28     0  10:05        0.59
  R0019203             JUNCTION     0.01     0.61    70.15     0  10:05        0.60
  R0043594             JUNCTION     0.01     0.47    70.20     0  10:05        0.47
  R0021458             JUNCTION     0.01     0.54    70.19     0  10:06        0.54
  R0019202             JUNCTION     0.01     0.58    70.16     0  10:05        0.57
  R0019373             JUNCTION     0.01     1.24    70.91     0  10:05        1.23
  R0019254             JUNCTION     0.01     1.91    71.95     0  10:05        1.90
  R0019716             JUNCTION     0.02     0.72    69.73     0  10:05        0.71
  R0019946             JUNCTION     0.03     0.97    69.59     0  10:05        0.97
  R0013935             JUNCTION     0.01     1.55    70.38     0  10:05        1.53
  R0019939             JUNCTION     0.01     1.52    70.09     0  10:05        1.50
  R0019944             JUNCTION     0.02     0.62    68.90     0  10:05        0.61
  R0043703             JUNCTION     0.02     0.72    69.32     0  10:05        0.72
  R0019945             JUNCTION     0.02     0.74    69.14     0  10:06        0.74
  R0039621             JUNCTION     0.00     0.64    70.21     0  10:06        0.59
  R0019838             JUNCTION     0.01     0.75    70.21     0  10:05        0.71
  R0039606             JUNCTION     0.01     0.57    70.16     0  10:05        0.57
  R0019204             JUNCTION     0.00     0.00    69.91     0  00:00        0.00
  R0019205             JUNCTION     0.00     0.00    69.62     0  00:00        0.00
  R0019849             JUNCTION     0.01     1.26    69.78     0  10:05        1.23
  R0019371             JUNCTION     0.00     0.00    70.41     0  00:00        0.00
  R0019718             JUNCTION     0.03     0.70    70.12     0  10:05        0.69
  R0021442             JUNCTION     0.02     2.05    72.10     0  10:02        2.05
  R0019247             JUNCTION     0.01     1.12    71.00     0  10:05        1.11
  R0019719             JUNCTION     0.01     0.69    70.37     0  10:05        0.68
  R0019767             JUNCTION     0.02     0.65    65.38     0  10:06        0.62
  R0019768             JUNCTION     0.02     0.53    64.30     0  10:06        0.52
  R0021453             JUNCTION     0.00     0.26    70.21     0  10:05        0.23
  R0019839             JUNCTION     0.01     0.81    70.20     0  10:05        0.65
  R0019717             JUNCTION     0.02     0.65    69.99     0  10:05        0.64
  R0019252             JUNCTION     0.01     1.94    72.13     0  10:04        1.94
  R0019721             JUNCTION     0.01     0.95    70.82     0  10:05        0.93
  R0019942             JUNCTION     0.01     1.24    69.89     0  10:05        1.21
  R0019206             JUNCTION     0.00     0.00    69.07     0  00:00        0.00
  R0019840             JUNCTION     0.01     0.95    69.92     0  10:05        0.87
  R0043702             JUNCTION     0.01     1.15    69.85     0  10:05        1.07
  R0019723             JUNCTION     0.01     0.85    70.93     0  10:05        0.80
  R0019724             JUNCTION     0.00     0.78    70.94     0  10:05        0.75
  R0021433             JUNCTION     0.01     2.15    72.54     0  10:02        2.15
  R0021435             JUNCTION     0.01     2.11    72.29     0  10:02        2.11
  R0019769             OUTFALL      0.02     0.53    63.91     0  10:06        0.52
  
  
  *******************
  Node Inflow Summary
  *******************
  
  -------------------------------------------------------------------------------------------------
                                  Maximum  Maximum                  Lateral       Total        Flow
                                  Lateral    Total  Time of Max      Inflow      Inflow     Balance
                                   Inflow   Inflow   Occurrence      Volume      Volume       Error
  Node                 Type           CMS      CMS  days hr:min    10^6 ltr    10^6 ltr     Percent
  -------------------------------------------------------------------------------------------------
  R0019466             JUNCTION     0.119    0.119     0  10:05       0.132       0.218       0.044
  R0019468             JUNCTION     0.074    0.153     0  10:05       0.077       0.288      -0.020
  R0019831             JUNCTION     0.096    0.096     0  10:05       0.104       0.104       0.080
  R0019825             JUNCTION     0.097    0.191     0  10:05       0.104       0.207       0.109
  R0019843             JUNCTION     0.000    2.254     0  10:06           0         3.2      -0.004
  R0019368             JUNCTION     0.000    2.207     0  10:06           0         3.2      -0.019
  R0019369             JUNCTION     0.000    2.224     0  10:06           0         3.2      -0.010
  R0019370             JUNCTION     0.000    2.201     0  10:06           0        3.21       0.000
  R0019345             JUNCTION     0.000    0.157     0  10:04           0       0.201       0.011
  R0019346             JUNCTION     0.015    0.280     0  10:05      0.0132       0.339       0.002
  R0043600             JUNCTION     0.000    0.213     0  10:05           0       0.368      -0.062
  R0019203             JUNCTION     0.031    0.661     0  10:05      0.0289        0.89      -0.007
  R0043594             JUNCTION     0.160    0.216     0  10:04       0.187       0.268      -0.003
  R0021458             JUNCTION     0.130    0.292     0  10:05       0.146       0.414       0.002
  R0019202             JUNCTION     0.045    0.432     0  10:05       0.044       0.492      -0.242
  R0019373             JUNCTION     0.105    0.142     0  10:05       0.114       0.121       0.916
  R0019254             JUNCTION     0.088    0.163     0  10:04      0.0934       0.201       0.033
  R0019716             JUNCTION     0.129    1.371     0  10:05       0.145        1.82      -0.006
  R0019946             JUNCTION     0.000    1.350     0  10:05           0        1.82      -0.001
  R0013935             JUNCTION     0.084    0.084     0  10:05       0.089       0.089       0.065
  R0019939             JUNCTION     0.034    0.114     0  10:05      0.0324       0.121      -0.054
  R0019944             JUNCTION     0.079    1.668     0  10:05      0.0828        2.32       0.014
  R0043703             JUNCTION     0.094    1.419     0  10:05       0.101        1.92       0.006
  R0019945             JUNCTION     0.000    1.619     0  10:05           0        2.23      -0.007
  R0039621             JUNCTION     0.000    0.053     0  10:05           0     0.00323      -1.775
  R0019838             JUNCTION     0.172    0.172     0  10:05       0.202       0.205      -0.085
  R0039606             JUNCTION     0.000    0.289     0  10:06           0       0.414       0.015
  R0019204             JUNCTION     0.000    0.000     0  00:00           0           0       0.000 ltr
  R0019205             JUNCTION     0.000    0.000     0  00:00           0           0       0.000 ltr
  R0019849             JUNCTION     0.000    0.209     0  10:05           0       0.317       0.001
  R0019371             JUNCTION     0.000    0.000     0  00:00           0           0       0.000 ltr
  R0019718             JUNCTION     0.113    0.750     0  10:05       0.124        1.01      -0.386
  R0021442             JUNCTION     0.123    0.195     0  10:05        0.14       0.309       0.025
  R0019247             JUNCTION     0.063    0.214     0  10:05      0.0644       0.368       0.077
  R0019719             JUNCTION     0.066    0.340     0  10:05      0.0677       0.407       0.408
  R0019767             JUNCTION     0.000    2.210     0  10:06           0        3.21      -0.003
  R0019768             JUNCTION     0.000    2.230     0  10:06           0        3.21       0.004
  R0021453             JUNCTION     0.078    0.078     0  10:05      0.0813      0.0813      -0.070
  R0019839             JUNCTION     0.170    0.314     0  10:04         0.2       0.402       0.040
  R0019717             JUNCTION     0.206    1.260     0  10:05        0.25        1.67       0.119
  R0019252             JUNCTION     0.101    0.101     0  10:05       0.109       0.109      -0.012
  R0019721             JUNCTION     0.031    0.118     0  10:05      0.0285       0.125       0.088
  R0019942             JUNCTION     0.000    0.123     0  10:03           0       0.196      -0.172
  R0019206             JUNCTION     0.000    0.000     0  00:00           0           0       0.000 ltr
  R0019840             JUNCTION     0.000    0.435     0  10:04           0       0.689      -0.005
  R0043702             JUNCTION     0.170    0.586     0  10:04         0.2       0.889       0.228
  R0019723             JUNCTION     0.074    0.095     0  10:04      0.0765      0.0967      -0.145
  R0019724             JUNCTION     0.022    0.026     0  10:04      0.0202      0.0202      -0.213
  R0021433             JUNCTION     0.105    0.105     0  10:05       0.114       0.114      -0.058
  R0021435             JUNCTION     0.069    0.141     0  10:05      0.0706       0.181      -0.065
  R0019769             OUTFALL      0.000    2.241     0  10:06           0        3.21       0.000
  
  
  **********************
  Node Surcharge Summary
  **********************
  
  Surcharging occurs when water rises above the top of the highest conduit.
  ---------------------------------------------------------------------
                                               Max. Height   Min. Depth
                                   Hours       Above Crown    Below Rim
  Node                 Type      Surcharged         Meters       Meters
  ---------------------------------------------------------------------
  R0019466             JUNCTION        0.18          1.211        1.299
  R0019468             JUNCTION        0.17          1.098        1.332
  R0019831             JUNCTION        0.12          1.319        0.041
  R0019825             JUNCTION        0.16          1.200        0.000
  R0019843             JUNCTION        0.04          0.432        2.188
  R0019368             JUNCTION        0.07          0.606        0.444
  R0019345             JUNCTION        0.11          0.834        0.916
  R0019346             JUNCTION        0.08          0.500        1.240
  R0043600             JUNCTION        0.10          0.207        2.373
  R0019373             JUNCTION        0.12          0.943        1.557
  R0019254             JUNCTION        0.13          1.606        0.224
  R0019946             JUNCTION        0.04          0.071        1.449
  R0013935             JUNCTION        0.12          1.253        0.067
  R0019939             JUNCTION        0.18          1.218        0.402
  R0039621             JUNCTION        0.01          0.139        0.921
  R0019838             JUNCTION        0.03          0.248        1.052
  R0019849             JUNCTION        0.19          0.956        0.974
  R0021442             JUNCTION        0.19          1.750        0.000
  R0019247             JUNCTION        0.12          0.715        1.145
  R0019719             JUNCTION        0.04          0.191        1.609
  R0019839             JUNCTION        0.03          0.313        1.337
  R0019252             JUNCTION        0.11          1.640        0.000
  R0019721             JUNCTION        0.07          0.555        1.005
  R0019942             JUNCTION        0.16          0.937        0.713
  R0019840             JUNCTION        0.05          0.453        2.117
  R0043702             JUNCTION        0.08          0.651        2.259
  R0019723             JUNCTION        0.04          0.446        0.874
  R0019724             JUNCTION        0.04          0.484        0.966
  R0021433             JUNCTION        0.15          1.850        0.000
  R0021435             JUNCTION        0.17          1.810        0.000
  
  
  *********************
  Node Flooding Summary
  *********************
  
  Flooding refers to all water that overflows a node, whether it ponds or not.
  --------------------------------------------------------------------------
                                                             Total   Maximum
                                 Maximum   Time of Max       Flood    Ponded
                        Hours       Rate    Occurrence      Volume     Depth
  Node                 Flooded       CMS   days hr:min    10^6 ltr    Meters
  --------------------------------------------------------------------------
  R0019825                0.06     0.091      0  10:05       0.012     0.000
  R0021442                0.05     0.045      0  10:05       0.005     0.000
  R0019252                0.03     0.038      0  10:05       0.002     0.000
  R0021433                0.05     0.034      0  10:05       0.004     0.000
  R0021435                0.07     0.068      0  10:05       0.012     0.000
  
  
  ***********************
  Outfall Loading Summary
  ***********************
  
  -----------------------------------------------------------
                         Flow       Avg       Max       Total
                         Freq      Flow      Flow      Volume
  Outfall Node           Pcnt       CMS       CMS    10^6 ltr
  -----------------------------------------------------------
  R0019769              32.99     0.036     2.241       3.205
  -----------------------------------------------------------
  System                32.99     0.036     2.241       3.205
  
  
  ********************
  Link Flow Summary
  ********************
  
  -----------------------------------------------------------------------------
                                 Maximum  Time of Max   Maximum    Max/    Max/
                                  |Flow|   Occurrence   |Veloc|    Full    Full
  Link                 Type          CMS  days hr:min     m/sec    Flow   Depth
  -----------------------------------------------------------------------------
  H0014431             CONDUIT     0.081     0  10:04      1.15    1.50    1.00
  H0014433             CONDUIT     0.095     0  10:05      1.35    1.22    1.00
  H0014352             CONDUIT     2.207     0  10:06      3.47    0.90    1.00
  H0014373             CONDUIT     2.201     0  10:06      4.32    1.02    0.75
  H0017981             CONDUIT     0.150     0  10:04      2.13    4.25    1.00
  H0017755             CONDUIT     0.212     0  10:05      1.69    1.72    1.00
  H0017791             CONDUIT     0.189     0  10:06      0.70    0.27    0.56
  H0017357             CONDUIT     0.139     0  10:05      1.97    2.22    1.00
  H0018216             CONDUIT     0.157     0  10:04      2.22    2.85    1.00
  H0016792             CONDUIT     1.350     0  10:05      2.18    0.77    0.94
  H0019507             CONDUIT     0.081     0  10:05      1.14    1.12    1.00
  H0019998             CONDUIT     1.748     0  10:06      3.41    0.70    1.00
  H0019576             CONDUIT     1.421     0  10:05      2.57    0.96    0.81
  H0020087             CONDUIT     0.053     0  10:05      0.27    0.23    1.00
  H0020211             CONDUIT     1.351     0  10:05      2.18    3.37    0.94
  H0018982             CONDUIT     0.289     0  10:06      0.83    0.46    0.61
  H0018753             CONDUIT     0.040     0  10:01      0.64    0.56    1.00
  H0018845             CONDUIT     0.000     0  00:00      0.00    0.00    0.00
  H0018863             CONDUIT     0.112     0  10:05      1.59    2.63    1.00
  H0019156             CONDUIT     0.000     0  00:00      0.00    0.00    0.00
  H0018929             CONDUIT     0.655     0  10:05      1.39    0.57    0.73
  H0018440             CONDUIT     0.161     0  10:02      2.27    2.88    1.00
  H0018456             CONDUIT     0.281     0  10:05      2.24    1.71    1.00
  H0018968             CONDUIT     2.230     0  10:06      5.07    0.86    0.65
  H0022036             CONDUIT     0.075     0  10:05      0.54    0.06    0.39
  H0021806             CONDUIT     0.213     0  10:05      1.69    1.89    1.00
  H0022111             CONDUIT     0.154     0  10:05      0.93    1.10    1.00
  H0021440             CONDUIT     1.260     0  10:05      2.52    0.81    0.76
  H0021704             CONDUIT     0.749     0  10:05      1.64    1.43    0.73
  H0020521             CONDUIT     0.081     0  10:04      1.15    1.65    1.00
  H0020755             CONDUIT     0.120     0  10:05      0.96    1.32    1.00
  H0020530             CONDUIT     2.224     0  10:06      3.50    1.90    1.00
  H0020618             CONDUIT     1.616     0  10:06      3.27    1.00    0.75
  H0021163             CONDUIT     0.123     0  10:03      1.73    2.05    1.00
  H0020497             CONDUIT     0.000     0  00:00      0.00    0.00    1.00
  H0024325             CONDUIT     0.292     0  10:04      1.87    0.87    1.00
  H0023585             CONDUIT     0.561     0  10:05      2.86    1.29    1.00
  H0024098             CONDUIT     0.208     0  10:05      2.94    2.43    1.00
  H0024235             CONDUIT     0.342     0  10:05      1.74    1.40    1.00
  H0024282             CONDUIT     0.000     0  00:00      0.00    0.00    0.00
  H0024308             CONDUIT     2.241     0  10:06      5.72    0.66    0.59
  H0024498             CONDUIT     0.150     0  10:04      2.12    2.32    1.00
  H0026990             CONDUIT     0.091     0  10:05      0.82    0.69    1.00
  H0041650             CONDUIT     0.426     0  10:05      1.01    0.50    0.66
  H0041011             CONDUIT     0.117     0  10:03      1.65    1.16    1.00
  H0045103             CONDUIT     0.314     0  10:06      0.90    0.39    0.64
  H0045104             CONDUIT     2.210     0  10:06      4.71    0.78    0.69
  H0045105             CONDUIT     0.024     0  10:05      0.45    0.42    1.00
  H0045106             CONDUIT     0.427     0  10:04      2.41    0.57    1.00
  H0045107             CONDUIT     0.072     0  10:05      1.01    1.18    1.00
  H0045108             CONDUIT     0.091     0  10:07      1.29    1.64    1.00
  
  
  ***************************
  Flow Classification Summary
  ***************************
  
  -------------------------------------------------------------------------------------
                      Adjusted    ---------- Fraction of Time in Flow Class ---------- 
                       /Actual         Up    Down  Sub   Sup   Up    Down  Norm  Inlet 
  Conduit               Length    Dry  Dry   Dry   Crit  Crit  Crit  Crit  Ltd   Ctrl  
  -------------------------------------------------------------------------------------
  H0014431                1.00   0.04  0.00  0.00  0.96  0.00  0.00  0.00  0.95  0.00
  H0014433                1.00   0.04  0.00  0.00  0.96  0.00  0.00  0.00  0.96  0.00
  H0014352                1.00   0.04  0.00  0.00  0.65  0.31  0.00  0.00  0.95  0.00
  H0014373                1.00   0.04  0.00  0.00  0.63  0.32  0.00  0.00  0.62  0.00
  H0017981                1.00   0.04  0.00  0.00  0.00  0.00  0.00  0.96  0.00  0.00
  H0017755                1.00   0.04  0.00  0.00  0.00  0.00  0.00  0.95  0.00  0.00
  H0017791                1.00   0.04  0.00  0.00  0.96  0.00  0.00  0.00  0.95  0.00
  H0017357                1.00   0.04  0.95  0.00  0.00  0.00  0.00  0.00  0.87  0.00
  H0018216                1.00   0.04  0.63  0.00  0.33  0.00  0.00  0.00  0.95  0.00
  H0016792                1.00   0.04  0.62  0.00  0.34  0.00  0.00  0.00  0.95  0.00
  H0019507                1.00   0.04  0.00  0.00  0.96  0.00  0.00  0.00  0.95  0.00
  H0019998                1.00   0.04  0.00  0.00  0.63  0.32  0.00  0.00  0.34  0.00
  H0019576                1.00   0.04  0.00  0.00  0.66  0.30  0.00  0.00  0.33  0.00
  H0020087                1.00   0.04  0.94  0.00  0.02  0.00  0.00  0.00  0.86  0.00
  H0020211                1.00   0.04  0.00  0.00  0.96  0.00  0.00  0.00  0.62  0.00
  H0018982                1.00   0.04  0.00  0.00  0.96  0.00  0.00  0.00  0.64  0.00
  H0018753                1.00   0.04  0.00  0.00  0.96  0.00  0.00  0.00  0.95  0.00
  H0018845                1.00   1.00  0.00  0.00  0.00  0.00  0.00  0.00  0.00  0.00
  H0018863                1.00   0.04  0.00  0.00  0.96  0.00  0.00  0.00  0.95  0.00
  H0019156                1.00   1.00  0.00  0.00  0.00  0.00  0.00  0.00  0.00  0.00
  H0018929                1.00   0.04  0.62  0.00  0.33  0.00  0.00  0.00  0.95  0.00
  H0018440                1.00   0.04  0.00  0.00  0.96  0.00  0.00  0.00  0.95  0.00
  H0018456                1.00   0.04  0.00  0.00  0.96  0.00  0.00  0.00  0.95  0.00
  H0018968                1.00   0.04  0.00  0.00  0.63  0.33  0.00  0.00  0.64  0.00
  H0022036                1.00   0.04  0.00  0.00  0.04  0.04  0.00  0.87  0.03  0.00
  H0021806                1.00   0.04  0.63  0.00  0.33  0.00  0.00  0.00  0.74  0.00
  H0022111                1.00   0.04  0.00  0.00  0.96  0.00  0.00  0.00  0.00  0.00
  H0021440                1.00   0.04  0.00  0.00  0.65  0.31  0.00  0.00  0.01  0.00
  H0021704                1.00   0.04  0.00  0.00  0.00  0.00  0.00  0.96  0.00  0.00
  H0020521                1.00   0.04  0.00  0.00  0.96  0.00  0.00  0.00  0.95  0.00
  H0020755                1.00   0.04  0.63  0.00  0.33  0.00  0.00  0.00  0.95  0.00
  H0020530                1.00   0.04  0.00  0.00  0.65  0.30  0.00  0.00  0.01  0.00
  H0020618                1.00   0.04  0.00  0.00  0.64  0.31  0.00  0.00  0.64  0.00
  H0021163                1.00   0.04  0.00  0.00  0.94  0.01  0.00  0.00  0.64  0.00
  H0020497                1.20   0.04  0.96  0.00  0.00  0.00  0.00  0.00  0.00  0.00
  H0024325                1.00   0.04  0.00  0.00  0.65  0.31  0.00  0.00  0.64  0.00
  H0023585                1.00   0.04  0.00  0.00  0.00  0.00  0.00  0.96  0.00  0.00
  H0024098                1.00   0.04  0.63  0.00  0.33  0.00  0.00  0.00  0.95  0.00
  H0024235                1.00   0.04  0.00  0.00  0.00  0.00  0.00  0.96  0.00  0.00
  H0024282                1.00   1.00  0.00  0.00  0.00  0.00  0.00  0.00  0.00  0.00
  H0024308                1.00   0.04  0.00  0.00  0.62  0.34  0.00  0.00  0.15  0.00
  H0024498                1.00   0.04  0.00  0.00  0.00  0.00  0.00  0.96  0.00  0.00
  H0026990                1.00   0.04  0.00  0.00  0.96  0.00  0.00  0.00  0.95  0.00
  H0041650                1.00   0.67  0.01  0.00  0.32  0.00  0.00  0.00  0.94  0.00
  H0041011                1.00   0.04  0.00  0.00  0.96  0.00  0.00  0.00  0.95  0.00
  H0045103                1.00   0.04  0.00  0.00  0.96  0.00  0.00  0.00  0.73  0.00
  H0045104                1.00   0.04  0.00  0.00  0.63  0.33  0.00  0.00  0.33  0.00
  H0045105                1.00   0.04  0.00  0.00  0.96  0.00  0.00  0.00  0.96  0.00
  H0045106                1.00   0.04  0.63  0.00  0.02  0.31  0.00  0.00  0.95  0.00
  H0045107                1.00   0.04  0.00  0.00  0.96  0.00  0.00  0.00  0.95  0.00
  H0045108                1.00   0.04  0.00  0.00  0.96  0.00  0.00  0.00  0.95  0.00
  
  
  *************************
  Conduit Surcharge Summary
  *************************
  
  ----------------------------------------------------------------------------
                                                           Hours        Hours 
                         --------- Hours Full --------   Above Full   Capacity
  Conduit                Both Ends  Upstream  Dnstream   Normal Flow   Limited
  ----------------------------------------------------------------------------
  H0014431                    0.17      0.18      0.17      0.19         0.17
  H0014433                    0.12      0.12      0.16      0.04         0.04
  H0014352                    0.04      0.04      0.07      0.01         0.01
  H0014373                    0.01      0.01      0.01      0.01         0.01
  H0017981                    0.08      0.11      0.08      0.21         0.10
  H0017755                    0.08      0.10      0.08      0.13         0.09
  H0017357                    0.03      0.03      0.12      0.08         0.01
  H0018216                    0.11      0.13      0.11      0.16         0.13
  H0016792                    0.01      0.01      0.04      0.01         0.01
  H0019507                    0.12      0.12      0.18      0.03         0.02
  H0019998                    0.01      0.01      0.04      0.01         0.01
  H0020087                    0.01      0.01      0.03      0.01         0.01
  H0020211                    0.01      0.04      0.01      0.19         0.01
  H0018753                    0.12      0.12      0.18      0.01         0.01
  H0018863                    0.18      0.18      0.19      0.12         0.11
  H0018440                    0.15      0.19      0.15      0.22         0.18
  H0018456                    0.07      0.08      0.07      0.10         0.08
  H0021806                    0.10      0.12      0.10      0.14         0.11
  H0022111                    0.02      0.03      0.03      0.02         0.01
  H0021704                    0.01      0.01      0.01      0.09         0.01
  H0020521                    0.11      0.11      0.13      0.09         0.09
  H0020755                    0.07      0.07      0.08      0.03         0.03
  H0020530                    0.01      0.07      0.01      0.12         0.07
  H0020618                    0.01      0.01      0.01      0.01         0.01
  H0021163                    0.15      0.16      0.16      0.15         0.13
  H0024325                    0.03      0.03      0.05      0.01         0.01
  H0023585                    0.05      0.08      0.05      0.09         0.07
  H0024098                    0.19      0.19      0.22      0.16         0.15
  H0024235                    0.01      0.04      0.01      0.06         0.03
  H0024498                    0.06      0.17      0.06      0.20         0.14
  H0026990                    0.04      0.04      0.07      0.01         0.01
  H0041011                    0.16      0.16      0.19      0.06         0.05
  H0045105                    0.04      0.04      0.05      0.01         0.01
  H0045106                    0.05      0.05      0.08      0.01         0.01
  H0045107                    0.15      0.15      0.17      0.06         0.06
  H0045108                    0.17      0.17      0.19      0.14         0.14
  

  Analysis begun on:  Fri Mar 22 15:55:31 2024
  Analysis ended on:  Fri Mar 22 15:55:45 2024
  Total elapsed time: 00:00:14