
  EPA STORM WATER MANAGEMENT MODEL - VERSION 5.2 (Build 5.2.4)
  PYSWMM TOOLKIT API - VERSION v1.0 (2023-11-27)
  ------------------------------------------------------------

  Gievenbeck_e2_T100D45 
  
  ****************
  Analysis Options
  ****************
  Flow Units ............... CMS
  Process Models:
    Rainfall/Runoff ........ YES
    RDII ................... NO
    Snowmelt ............... NO
    Groundwater ............ NO
    Flow Routing ........... YES
    Ponding Allowed ........ NO
    Water Quality .......... NO
  Infiltration Method ...... HORTON
  Flow Routing Method ...... DYNWAVE
  Surcharge Method ......... SLOT
  Starting Date ............ 01/01/2024 00:00:00
  Ending Date .............. 01/04/2024 04:00:00
  Antecedent Dry Days ...... 14.0
  Report Time Step ......... 00:01:00
  Wet Time Step ............ 00:01:00
  Dry Time Step ............ 00:01:00
  Routing Time Step ........ 1.00 sec
  Variable Time Step ....... YES
  Maximum Trials ........... 8
  Number of Threads ........ 1
  Head Tolerance ........... 0.001500 m
  
  
  **************************        Volume         Depth
  Runoff Quantity Continuity     hectare-m            mm
  **************************     ---------       -------
  Total Precipitation ......         0.421        41.590
  Evaporation Loss .........         0.010         0.970
  Infiltration Loss ........         0.151        14.883
  Surface Runoff ...........         0.262        25.837
  Final Storage ............         0.000         0.000
  Continuity Error (%) .....        -0.242
  
  
  **************************        Volume        Volume
  Flow Routing Continuity        hectare-m      10^6 ltr
  **************************     ---------     ---------
  Dry Weather Inflow .......         0.000         0.000
  Wet Weather Inflow .......         0.262         2.615
  Groundwater Inflow .......         0.000         0.000
  RDII Inflow ..............         0.000         0.000
  External Inflow ..........         0.000         0.000
  External Outflow .........         0.244         2.439
  Flooding Loss ............         0.018         0.184
  Evaporation Loss .........         0.000         0.000
  Exfiltration Loss ........         0.000         0.000
  Initial Stored Volume ....         0.000         0.000
  Final Stored Volume ......         0.000         0.000
  Continuity Error (%) .....        -0.301
  
  
  *************************
  Highest Continuity Errors
  *************************
  Node R0019206 (2.07%)
  Node R0019718 (-1.01%)
  
  
  ***************************
  Time-Step Critical Elements
  ***************************
  None
  
  
  ********************************
  Highest Flow Instability Indexes
  ********************************
  All links are stable.
  
  
  *********************************
  Most Frequent Nonconverging Nodes
  *********************************
  Convergence obtained at all time steps.
  
  
  *************************
  Routing Time Step Summary
  *************************
  Minimum Time Step           :     0.34 sec
  Average Time Step           :     1.00 sec
  Maximum Time Step           :     1.00 sec
  % of Time in Steady State   :     0.00
  Average Iterations per Step :     2.00
  % of Steps Not Converging   :     0.00
  Time Step Frequencies       :
      1.000 -  0.871 sec      :    99.98 %
      0.871 -  0.758 sec      :     0.01 %
      0.758 -  0.660 sec      :     0.01 %
      0.660 -  0.574 sec      :     0.00 %
      0.574 -  0.500 sec      :     0.00 %
  
  
  ***************************
  Subcatchment Runoff Summary
  ***************************
  
  ------------------------------------------------------------------------------------------------------------------------------
                            Total      Total      Total      Total     Imperv       Perv      Total       Total     Peak  Runoff
                           Precip      Runon       Evap      Infil     Runoff     Runoff     Runoff      Runoff   Runoff   Coeff
  Subcatchment                 mm         mm         mm         mm         mm         mm         mm    10^6 ltr      CMS
  ------------------------------------------------------------------------------------------------------------------------------
  EZG_368                   41.59       0.00       0.96      14.99      19.91       8.81      25.73        0.11     0.18   0.619
  EZG_392                   41.59       0.00       0.96      14.85      19.92       8.96      25.88        0.08     0.14   0.622
  EZG_352                   41.59       0.00       0.97      15.23      19.90       8.56      25.48        0.15     0.24   0.613
  EZG_372                   41.59       0.00       0.95      14.44      19.94       9.39      26.34        0.04     0.07   0.633
  EZG_416                   41.59       0.00       0.96      14.79      19.92       9.02      25.95        0.08     0.13   0.624
  EZG_388                   41.59       0.00       0.97      15.06      19.91       8.74      25.66        0.12     0.19   0.617
  EZG_394                   41.59       0.00       0.96      14.77      19.92       9.04      25.98        0.07     0.13   0.625
  EZG_400                   41.59       0.00       0.96      14.73      19.92       9.09      26.02        0.07     0.12   0.626
  EZG_390                   41.59       0.00       0.96      14.84      19.92       8.97      25.90        0.08     0.14   0.623
  EZG_350                   41.59       0.00       0.97      15.06      19.90       8.74      25.66        0.12     0.20   0.617
  EZG_370                   41.59       0.00       0.96      14.91      19.91       8.90      25.82        0.09     0.16   0.621
  EZG_398                   41.59       0.00       0.94      14.32      19.95       9.51      26.47        0.03     0.05   0.636
  EZG_382                   41.59       0.00       0.94      14.29      19.95       9.55      26.51        0.02     0.05   0.637
  EZG_374                   41.59       0.00       1.16      11.92      23.88       8.32      28.62        0.11     0.19   0.688
  EZG_412                   41.59       0.00       0.93      14.08      19.97       9.78      26.76        0.01     0.02   0.643
  EZG_344                   41.59       0.00       0.96      14.72      19.92       9.10      26.03        0.07     0.12   0.626
  EZG_376                   41.59       0.00       0.95      14.60      19.93       9.22      26.16        0.05     0.10   0.629
  EZG_356                   41.59       0.00       0.97      15.29      19.89       8.50      25.41        0.16     0.26   0.611
  EZG_386                   41.59       0.00       0.98      15.45      19.89       8.34      25.24        0.20     0.31   0.607
  EZG_380                   41.59       0.00       0.96      14.96      19.91       8.84      25.77        0.10     0.17   0.620
  EZG_378                   41.59       0.00       0.96      14.88      19.91       8.92      25.85        0.09     0.15   0.622
  EZG_414                   41.59       0.00       0.94      14.28      19.95       9.56      26.52        0.02     0.05   0.638
  EZG_402                   41.59       0.00       0.96      14.85      19.92       8.95      25.88        0.08     0.15   0.622
  EZG_358                   41.59       0.00       0.97      15.28      19.89       8.51      25.42        0.16     0.26   0.611
  EZG_364                   41.59       0.00       0.97      15.28      19.89       8.51      25.42        0.16     0.26   0.611
  EZG_410                   41.59       0.00       0.95      14.63      19.93       9.19      26.13        0.05     0.10   0.628
  EZG_366                   41.59       0.00       0.95      14.69      19.92       9.12      26.06        0.06     0.11   0.627
  EZG_18259                 41.59       0.00       0.95      14.69      19.92       9.13      26.06        0.06     0.11   0.627
  EZG_18258                 41.59       0.00       0.94      14.18      19.96       9.67      26.64        0.02     0.03   0.640
  EZG_346                   41.59       0.00       0.94      15.22      19.51       8.94      25.53        0.09     0.16   0.614
  EZG_348                   41.59       0.00       0.93      14.95      19.53       9.22      25.82        0.06     0.10   0.621
  
  
  ******************
  Node Depth Summary
  ******************
  
  ---------------------------------------------------------------------------------
                                 Average  Maximum  Maximum  Time of Max    Reported
                                   Depth    Depth      HGL   Occurrence   Max Depth
  Node                 Type       Meters   Meters   Meters  days hr:min      Meters
  ---------------------------------------------------------------------------------
  R0019466             JUNCTION     0.01     2.81    72.26     0  02:19        2.81
  R0019468             JUNCTION     0.01     2.73    72.04     0  02:19        2.73
  R0019831             JUNCTION     0.00     1.66    70.83     0  02:17        1.66
  R0019825             JUNCTION     0.01     1.50    70.34     0  02:17        1.50
  R0019843             JUNCTION     0.01     1.87    69.50     0  02:18        1.75
  R0019368             JUNCTION     0.01     1.79    68.58     0  02:18        1.72
  R0019369             JUNCTION     0.00     0.99    67.58     0  02:21        0.95
  R0019370             JUNCTION     0.00     0.68    66.58     0  02:21        0.67
  R0019345             JUNCTION     0.00     1.97    71.87     0  02:21        1.94
  R0019346             JUNCTION     0.00     1.91    71.71     0  02:21        1.90
  R0043600             JUNCTION     0.00     2.32    71.99     0  02:20        1.77
  R0019203             JUNCTION     0.00     2.14    71.68     0  02:20        1.66
  R0043594             JUNCTION     0.00     2.54    72.27     0  02:20        1.64
  R0021458             JUNCTION     0.00     2.40    72.05     0  02:20        1.60
  R0019202             JUNCTION     0.00     2.14    71.72     0  02:20        1.62
  R0019373             JUNCTION     0.00     2.73    72.40     0  02:20        2.56
  R0019254             JUNCTION     0.01     2.13    72.17     0  02:19        2.13
  R0019716             JUNCTION     0.00     2.06    71.07     0  02:20        1.95
  R0019946             JUNCTION     0.01     2.10    70.72     0  02:20        2.10
  R0013935             JUNCTION     0.00     1.62    70.45     0  02:18        1.62
  R0019939             JUNCTION     0.00     1.83    70.40     0  02:21        1.77
  R0019944             JUNCTION     0.00     1.64    69.92     0  02:20        1.53
  R0043703             JUNCTION     0.01     1.75    70.35     0  02:21        1.75
  R0019945             JUNCTION     0.00     1.68    70.08     0  02:20        1.60
  R0039621             JUNCTION     0.00     1.56    71.13     0  02:18        1.56
  R0019838             JUNCTION     0.00     1.80    71.26     0  02:19        1.80
  R0039606             JUNCTION     0.00     2.12    71.71     0  02:20        1.61
  R0019204             JUNCTION     0.00     0.00    69.91     0  00:00        0.00
  R0019205             JUNCTION     0.00     0.00    69.62     0  00:00        0.00
  R0019849             JUNCTION     0.00     1.72    70.24     0  02:21        1.70
  R0019371             JUNCTION     0.00     0.00    70.41     0  00:00        0.00
  R0019718             JUNCTION     0.01     2.18    71.60     0  02:20        1.71
  R0021442             JUNCTION     0.01     2.05    72.10     0  02:16        2.05
  R0019247             JUNCTION     0.00     2.26    72.14     0  02:20        2.14
  R0019719             JUNCTION     0.00     1.89    71.57     0  02:20        1.84
  R0019767             JUNCTION     0.00     0.72    65.45     0  02:21        0.71
  R0019768             JUNCTION     0.00     0.58    64.35     0  02:21        0.58
  R0021453             JUNCTION     0.00     2.32    72.27     0  02:20        1.44
  R0019839             JUNCTION     0.00     1.93    71.32     0  02:19        1.90
  R0019717             JUNCTION     0.00     2.06    71.40     0  02:20        1.78
  R0019252             JUNCTION     0.00     1.94    72.13     0  02:17        1.94
  R0019721             JUNCTION     0.00     1.93    71.80     0  02:21        1.91
  R0019942             JUNCTION     0.00     1.67    70.32     0  02:21        1.58
  R0019206             JUNCTION     0.00     0.34    69.41     0  02:21        0.17
  R0019840             JUNCTION     0.00     2.08    71.05     0  02:20        2.08
  R0043702             JUNCTION     0.01     2.27    70.97     0  02:20        2.26
  R0019723             JUNCTION     0.00     1.72    71.80     0  02:19        1.72
  R0019724             JUNCTION     0.00     1.72    71.88     0  02:20        1.69
  R0021433             JUNCTION     0.01     2.15    72.54     0  02:16        2.15
  R0021435             JUNCTION     0.01     2.11    72.29     0  02:16        2.11
  R0019769             OUTFALL      0.00     0.58    63.96     0  02:21        0.58
  
  
  *******************
  Node Inflow Summary
  *******************
  
  -------------------------------------------------------------------------------------------------
                                  Maximum  Maximum                  Lateral       Total        Flow
                                  Lateral    Total  Time of Max      Inflow      Inflow     Balance
                                   Inflow   Inflow   Occurrence      Volume      Volume       Error
  Node                 Type           CMS      CMS  days hr:min    10^6 ltr    10^6 ltr     Percent
  -------------------------------------------------------------------------------------------------
  R0019466             JUNCTION     0.179    0.179     0  02:20       0.106       0.145       0.029
  R0019468             JUNCTION     0.112    0.186     0  02:20      0.0624       0.187      -0.020
  R0019831             JUNCTION     0.145    0.145     0  02:20      0.0838      0.0838       0.085
  R0019825             JUNCTION     0.145    0.246     0  02:20      0.0841       0.163       0.113
  R0019843             JUNCTION     0.000    2.631     0  02:21           0        2.44      -0.073
  R0019368             JUNCTION     0.000    2.556     0  02:21           0        2.44      -0.032
  R0019369             JUNCTION     0.000    2.566     0  02:21           0        2.44      -0.022
  R0019370             JUNCTION     0.000    2.560     0  02:21           0        2.44       0.002
  R0019345             JUNCTION     0.000    0.162     0  02:17           0       0.138       0.034
  R0019346             JUNCTION     0.023    0.316     0  02:19      0.0107       0.249       0.023
  R0043600             JUNCTION     0.000    0.223     0  02:19           0       0.239      -0.099
  R0019203             JUNCTION     0.047    0.953     0  02:20      0.0234       0.706      -0.081
  R0043594             JUNCTION     0.243    0.651     0  02:20       0.151       0.228      -0.312
  R0021458             JUNCTION     0.196    0.664     0  02:20       0.118       0.346      -0.067
  R0019202             JUNCTION     0.068    0.831     0  02:20      0.0356       0.446      -0.305
  R0019373             JUNCTION     0.158    0.228     0  02:19      0.0926        0.11       0.991
  R0019254             JUNCTION     0.132    0.175     0  02:17      0.0756       0.139       0.005
  R0019716             JUNCTION     0.195    1.708     0  02:20       0.117        1.43      -0.024
  R0019946             JUNCTION     0.000    1.705     0  02:20           0        1.43      -0.001
  R0013935             JUNCTION     0.127    0.127     0  02:20      0.0721      0.0721       0.060
  R0019939             JUNCTION     0.051    0.128     0  02:18      0.0262      0.0894      -0.103
  R0019944             JUNCTION     0.119    2.027     0  02:21       0.067        1.79       0.017
  R0043703             JUNCTION     0.142    1.786     0  02:20      0.0819        1.52      -0.022
  R0019945             JUNCTION     0.000    1.945     0  02:21           0        1.73      -0.021
  R0039621             JUNCTION     0.000    0.248     0  02:20           0      0.0306      -0.923
  R0019838             JUNCTION     0.261    0.261     0  02:20       0.163       0.167      -0.101
  R0039606             JUNCTION     0.000    0.641     0  02:20           0       0.344       0.179
  R0019204             JUNCTION     0.000    0.000     0  00:00           0           0       0.000 ltr
  R0019205             JUNCTION     0.000    0.000     0  00:00           0           0       0.000 ltr
  R0019849             JUNCTION     0.000    0.223     0  02:18           0       0.212       0.009
  R0019371             JUNCTION     0.000    0.000     0  00:00           0           0       0.000 ltr
  R0019718             JUNCTION     0.170    1.082     0  02:20         0.1       0.807      -0.997
  R0021442             JUNCTION     0.188    0.260     0  02:20       0.109       0.216       0.010
  R0019247             JUNCTION     0.095    0.225     0  02:19      0.0522       0.239       0.091
  R0019719             JUNCTION     0.100    0.399     0  02:19      0.0549       0.304       0.526
  R0019767             JUNCTION     0.000    2.559     0  02:21           0        2.44      -0.006
  R0019768             JUNCTION     0.000    2.545     0  02:21           0        2.44       0.009
  R0021453             JUNCTION     0.117    0.590     0  02:20      0.0658      0.0695      -2.064
  R0019839             JUNCTION     0.258    0.398     0  02:18       0.161       0.298       0.025
  R0019717             JUNCTION     0.315    1.569     0  02:20       0.202        1.32       0.252
  R0019252             JUNCTION     0.152    0.156     0  02:20      0.0886      0.0889      -0.031
  R0019721             JUNCTION     0.046    0.166     0  02:19      0.0231       0.101       0.052
  R0019942             JUNCTION     0.000    0.125     0  02:17           0       0.122      -0.269
  R0019206             JUNCTION     0.000    0.086     0  02:18           0     0.00299       2.111
  R0019840             JUNCTION     0.000    0.540     0  02:18           0       0.483      -0.043
  R0043702             JUNCTION     0.258    0.724     0  02:18       0.161       0.644       0.411
  R0019723             JUNCTION     0.111    0.144     0  02:20      0.0619      0.0786      -0.194
  R0019724             JUNCTION     0.033    0.054     0  02:17      0.0163      0.0166      -0.449
  R0021433             JUNCTION     0.158    0.158     0  02:20      0.0929      0.0929      -0.138
  R0021435             JUNCTION     0.103    0.175     0  02:20      0.0574       0.135      -0.044
  R0019769             OUTFALL      0.000    2.551     0  02:21           0        2.44       0.000
  
  
  **********************
  Node Surcharge Summary
  **********************
  
  Surcharging occurs when water rises above the top of the highest conduit.
  ---------------------------------------------------------------------
                                               Max. Height   Min. Depth
                                   Hours       Above Crown    Below Rim
  Node                 Type      Surcharged         Meters       Meters
  ---------------------------------------------------------------------
  R0019466             JUNCTION        0.27          2.510        0.000
  R0019468             JUNCTION        0.27          2.430        0.000
  R0019831             JUNCTION        0.18          1.360        0.000
  R0019825             JUNCTION        0.23          1.200        0.000
  R0019843             JUNCTION        0.12          0.971        1.649
  R0019368             JUNCTION        0.15          0.887        0.163
  R0019369             JUNCTION        0.03          0.086        0.964
  R0019345             JUNCTION        0.17          1.674        0.076
  R0019346             JUNCTION        0.14          1.506        0.234
  R0043600             JUNCTION        0.16          1.921        0.659
  R0019203             JUNCTION        0.05          1.244        0.736
  R0043594             JUNCTION        0.04          1.612        0.208
  R0021458             JUNCTION        0.05          1.500        0.580
  R0019202             JUNCTION        0.05          1.239        0.761
  R0019373             JUNCTION        0.18          2.427        0.073
  R0019254             JUNCTION        0.20          1.830        0.000
  R0019716             JUNCTION        0.09          1.156        0.564
  R0019946             JUNCTION        0.12          1.204        0.316
  R0013935             JUNCTION        0.19          1.320        0.000
  R0019939             JUNCTION        0.27          1.530        0.090
  R0019944             JUNCTION        0.07          0.738        0.792
  R0043703             JUNCTION        0.06          0.854        0.466
  R0019945             JUNCTION        0.07          0.779        0.681
  R0039621             JUNCTION        0.08          1.060        0.000
  R0019838             JUNCTION        0.09          1.300        0.000
  R0039606             JUNCTION        0.05          1.216        0.784
  R0019849             JUNCTION        0.29          1.417        0.513
  R0019718             JUNCTION        0.07          1.281        0.719
  R0021442             JUNCTION        0.31          1.750        0.000
  R0019247             JUNCTION        0.19          1.860        0.000
  R0019719             JUNCTION        0.11          1.391        0.409
  R0021453             JUNCTION        0.02          1.423        0.077
  R0019839             JUNCTION        0.09          1.430        0.220
  R0019717             JUNCTION        0.06          1.121        0.729
  R0019252             JUNCTION        0.17          1.640        0.000
  R0019721             JUNCTION        0.13          1.530        0.030
  R0019942             JUNCTION        0.24          1.369        0.281
  R0019206             JUNCTION        0.01          0.044        1.666
  R0019840             JUNCTION        0.12          1.579        0.991
  R0043702             JUNCTION        0.15          1.766        1.144
  R0019723             JUNCTION        0.10          1.320        0.000
  R0019724             JUNCTION        0.10          1.421        0.029
  R0021433             JUNCTION        0.22          1.850        0.000
  R0021435             JUNCTION        0.27          1.810        0.000
  
  
  *********************
  Node Flooding Summary
  *********************
  
  Flooding refers to all water that overflows a node, whether it ponds or not.
  --------------------------------------------------------------------------
                                                             Total   Maximum
                                 Maximum   Time of Max       Flood    Ponded
                        Hours       Rate    Occurrence      Volume     Depth
  Node                 Flooded       CMS   days hr:min    10^6 ltr    Meters
  --------------------------------------------------------------------------
  R0019466                0.03     0.058      0  02:20       0.003     0.000
  R0019468                0.02     0.029      0  02:20       0.002     0.000
  R0019831                0.06     0.044      0  02:20       0.005     0.000
  R0019825                0.11     0.181      0  02:20       0.041     0.000
  R0019254                0.01     0.017      0  02:21       0.000     0.000
  R0013935                0.06     0.077      0  02:20       0.009     0.000
  R0039621                0.05     0.248      0  02:20       0.027     0.000
  R0019838                0.01     0.020      0  02:19       0.000     0.000
  R0021442                0.10     0.144      0  02:20       0.029     0.000
  R0019247                0.01     0.032      0  02:20       0.000     0.000
  R0019252                0.09     0.156      0  02:20       0.026     0.000
  R0019723                0.01     0.031      0  02:20       0.001     0.000
  R0021433                0.09     0.086      0  02:20       0.016     0.000
  R0021435                0.12     0.102      0  02:20       0.027     0.000
  
  
  ***********************
  Outfall Loading Summary
  ***********************
  
  -----------------------------------------------------------
                         Flow       Avg       Max       Total
                         Freq      Flow      Flow      Volume
  Outfall Node           Pcnt       CMS       CMS    10^6 ltr
  -----------------------------------------------------------
  R0019769               4.44     0.204     2.551       2.439
  -----------------------------------------------------------
  System                 4.44     0.204     2.551       2.439
  
  
  ********************
  Link Flow Summary
  ********************
  
  -----------------------------------------------------------------------------
                                 Maximum  Time of Max   Maximum    Max/    Max/
                                  |Flow|   Occurrence   |Veloc|    Full    Full
  Link                 Type          CMS  days hr:min     m/sec    Flow   Depth
  -----------------------------------------------------------------------------
  H0014431             CONDUIT     0.094     0  02:21      1.34    1.75    1.00
  H0014433             CONDUIT     0.100     0  02:20      1.42    1.28    1.00
  H0014352             CONDUIT     2.556     0  02:21      4.02    1.05    1.00
  H0014373             CONDUIT     2.560     0  02:21      4.36    1.18    0.92
  H0017981             CONDUIT     0.164     0  02:17      2.32    4.64    1.00
  H0017755             CONDUIT     0.252     0  02:20      2.00    2.04    1.00
  H0017791             CONDUIT     0.510     0  02:20      0.80    0.74    1.00
  H0017357             CONDUIT     0.218     0  02:19      3.08    3.48    1.00
  H0018216             CONDUIT     0.162     0  02:17      2.29    2.95    1.00
  H0016792             CONDUIT     1.705     0  02:20      2.68    0.98    1.00
  H0019507             CONDUIT     0.088     0  02:18      1.24    1.22    1.00
  H0019998             CONDUIT     2.032     0  02:21      3.47    0.81    1.00
  H0019576             CONDUIT     1.825     0  02:21      2.87    1.23    1.00
  H0020087             CONDUIT     0.248     0  02:20      1.26    1.09    1.00
  H0020211             CONDUIT     1.691     0  02:21      2.66    4.21    1.00
  H0018982             CONDUIT     0.641     0  02:20      1.01    1.03    1.00
  H0018753             CONDUIT     0.082     0  02:19      1.15    1.16    1.00
  H0018845             CONDUIT     0.000     0  00:00      0.00    0.00    0.00
  H0018863             CONDUIT     0.125     0  02:18      1.76    2.93    1.00
  H0019156             CONDUIT     0.000     0  00:00      0.00    0.00    0.00
  H0018929             CONDUIT     0.959     0  02:20      1.51    0.83    1.00
  H0018440             CONDUIT     0.158     0  02:16      2.23    2.82    1.00
  H0018456             CONDUIT     0.309     0  02:19      2.46    1.87    1.00
  H0018968             CONDUIT     2.545     0  02:21      5.17    0.98    0.72
  H0022036             CONDUIT     0.486     0  02:20      0.76    0.38    1.00
  H0021806             CONDUIT     0.223     0  02:19      1.77    1.98    1.00
  H0022111             CONDUIT     0.182     0  02:18      0.93    1.30    1.00
  H0021440             CONDUIT     1.572     0  02:20      2.51    1.01    1.00
  H0021704             CONDUIT     1.089     0  02:20      1.71    2.08    1.00
  H0020521             CONDUIT     0.083     0  02:17      1.18    1.69    1.00
  H0020755             CONDUIT     0.160     0  02:20      1.27    1.76    1.00
  H0020530             CONDUIT     2.566     0  02:21      4.03    2.19    1.00
  H0020618             CONDUIT     1.954     0  02:21      3.35    1.21    1.00
  H0021163             CONDUIT     0.125     0  02:17      1.77    2.10    1.00
  H0020497             CONDUIT     0.086     0  02:18      1.21    0.19    1.00
  H0024325             CONDUIT     0.390     0  02:18      1.98    1.16    1.00
  H0023585             CONDUIT     0.715     0  02:18      3.64    1.64    1.00
  H0024098             CONDUIT     0.220     0  02:18      3.11    2.56    1.00
  H0024235             CONDUIT     0.394     0  02:19      2.01    1.61    1.00
  H0024282             CONDUIT     0.000     0  00:00      0.00    0.00    0.57
  H0024308             CONDUIT     2.551     0  02:21      5.88    0.75    0.65
  H0024498             CONDUIT     0.169     0  02:20      2.38    2.61    1.00
  H0026990             CONDUIT     0.123     0  02:19      0.98    0.93    1.00
  H0041650             CONDUIT     0.824     0  02:20      1.29    0.96    1.00
  H0041011             CONDUIT     0.116     0  02:17      1.64    1.15    1.00
  H0045103             CONDUIT     0.627     0  02:20      0.98    0.79    1.00
  H0045104             CONDUIT     2.559     0  02:21      4.85    0.91    0.77
  H0045105             CONDUIT     0.041     0  02:20      0.58    0.71    1.00
  H0045106             CONDUIT     0.503     0  02:18      2.56    0.68    1.00
  H0045107             CONDUIT     0.072     0  02:22      1.01    1.18    1.00
  H0045108             CONDUIT     0.088     0  02:24      1.25    1.58    1.00
  
  
  ***************************
  Flow Classification Summary
  ***************************
  
  -------------------------------------------------------------------------------------
                      Adjusted    ---------- Fraction of Time in Flow Class ---------- 
                       /Actual         Up    Down  Sub   Sup   Up    Down  Norm  Inlet 
  Conduit               Length    Dry  Dry   Dry   Crit  Crit  Crit  Crit  Ltd   Ctrl  
  -------------------------------------------------------------------------------------
  H0014431                1.00   0.03  0.00  0.00  0.97  0.00  0.00  0.00  0.97  0.00
  H0014433                1.00   0.03  0.00  0.00  0.97  0.00  0.00  0.00  0.97  0.00
  H0014352                1.00   0.03  0.00  0.00  0.95  0.02  0.00  0.00  0.97  0.00
  H0014373                1.00   0.03  0.00  0.00  0.93  0.04  0.00  0.00  0.92  0.00
  H0017981                1.00   0.03  0.00  0.00  0.00  0.00  0.00  0.97  0.00  0.00
  H0017755                1.00   0.03  0.00  0.00  0.00  0.00  0.00  0.97  0.00  0.00
  H0017791                1.00   0.03  0.00  0.00  0.97  0.00  0.00  0.00  0.97  0.00
  H0017357                1.00   0.03  0.97  0.00  0.00  0.00  0.00  0.00  0.97  0.00
  H0018216                1.00   0.03  0.93  0.00  0.04  0.00  0.00  0.00  0.97  0.00
  H0016792                1.00   0.03  0.92  0.00  0.05  0.00  0.00  0.00  0.97  0.00
  H0019507                1.00   0.03  0.00  0.00  0.97  0.00  0.00  0.00  0.97  0.00
  H0019998                1.00   0.03  0.00  0.00  0.94  0.04  0.00  0.00  0.05  0.00
  H0019576                1.00   0.03  0.00  0.00  0.96  0.02  0.00  0.00  0.05  0.00
  H0020087                1.00   0.03  0.96  0.00  0.02  0.00  0.00  0.00  0.96  0.00
  H0020211                1.00   0.03  0.00  0.00  0.97  0.00  0.00  0.00  0.92  0.00
  H0018982                1.00   0.03  0.00  0.00  0.97  0.00  0.00  0.00  0.94  0.00
  H0018753                1.00   0.03  0.00  0.00  0.97  0.00  0.00  0.00  0.97  0.00
  H0018845                1.00   1.00  0.00  0.00  0.00  0.00  0.00  0.00  0.00  0.00
  H0018863                1.00   0.03  0.00  0.00  0.97  0.00  0.00  0.00  0.96  0.00
  H0019156                1.00   1.00  0.00  0.00  0.00  0.00  0.00  0.00  0.00  0.00
  H0018929                1.00   0.03  0.93  0.00  0.05  0.00  0.00  0.00  0.97  0.00
  H0018440                1.00   0.03  0.00  0.00  0.97  0.00  0.00  0.00  0.96  0.00
  H0018456                1.00   0.03  0.00  0.00  0.97  0.00  0.00  0.00  0.96  0.00
  H0018968                1.00   0.03  0.00  0.00  0.93  0.04  0.00  0.00  0.94  0.00
  H0022036                1.00   0.03  0.00  0.00  0.01  0.00  0.00  0.96  0.01  0.00
  H0021806                1.00   0.03  0.93  0.00  0.04  0.00  0.00  0.00  0.96  0.00
  H0022111                1.00   0.03  0.00  0.00  0.97  0.00  0.00  0.00  0.00  0.00
  H0021440                1.00   0.03  0.00  0.00  0.95  0.02  0.00  0.00  0.02  0.00
  H0021704                1.00   0.03  0.00  0.00  0.00  0.00  0.00  0.97  0.00  0.00
  H0020521                1.00   0.03  0.00  0.00  0.97  0.00  0.00  0.00  0.97  0.00
  H0020755                1.00   0.03  0.93  0.00  0.04  0.00  0.00  0.00  0.97  0.00
  H0020530                1.00   0.03  0.00  0.00  0.95  0.02  0.00  0.00  0.01  0.00
  H0020618                1.00   0.03  0.00  0.00  0.94  0.03  0.00  0.00  0.93  0.00
  H0021163                1.00   0.03  0.00  0.00  0.97  0.01  0.00  0.00  0.94  0.00
  H0020497                1.20   0.03  0.97  0.00  0.00  0.00  0.00  0.00  0.97  0.00
  H0024325                1.00   0.03  0.00  0.00  0.95  0.02  0.00  0.00  0.94  0.00
  H0023585                1.00   0.03  0.00  0.00  0.00  0.00  0.00  0.97  0.00  0.00
  H0024098                1.00   0.03  0.93  0.00  0.04  0.00  0.00  0.00  0.96  0.00
  H0024235                1.00   0.03  0.00  0.00  0.00  0.00  0.00  0.97  0.00  0.00
  H0024282                1.00   1.00  0.00  0.00  0.00  0.00  0.00  0.00  0.00  0.00
  H0024308                1.00   0.03  0.00  0.00  0.92  0.05  0.00  0.00  0.02  0.00
  H0024498                1.00   0.03  0.00  0.00  0.00  0.00  0.00  0.97  0.00  0.00
  H0026990                1.00   0.03  0.00  0.00  0.97  0.00  0.00  0.00  0.97  0.00
  H0041650                1.00   0.95  0.01  0.00  0.04  0.00  0.00  0.00  0.96  0.00
  H0041011                1.00   0.03  0.00  0.00  0.97  0.00  0.00  0.00  0.96  0.00
  H0045103                1.00   0.03  0.00  0.00  0.97  0.00  0.00  0.00  0.95  0.00
  H0045104                1.00   0.03  0.00  0.00  0.93  0.04  0.00  0.00  0.05  0.00
  H0045105                1.00   0.03  0.00  0.00  0.97  0.00  0.00  0.00  0.97  0.00
  H0045106                1.00   0.03  0.93  0.00  0.02  0.02  0.00  0.00  0.97  0.00
  H0045107                1.00   0.03  0.00  0.00  0.97  0.00  0.00  0.00  0.97  0.00
  H0045108                1.00   0.03  0.00  0.00  0.97  0.00  0.00  0.00  0.97  0.00
  
  
  *************************
  Conduit Surcharge Summary
  *************************
  
  ----------------------------------------------------------------------------
                                                           Hours        Hours 
                         --------- Hours Full --------   Above Full   Capacity
  Conduit                Both Ends  Upstream  Dnstream   Normal Flow   Limited
  ----------------------------------------------------------------------------
  H0014431                    0.27      0.27      0.27      0.29         0.26
  H0014433                    0.18      0.18      0.23      0.08         0.07
  H0014352                    0.12      0.12      0.15      0.04         0.03
  H0014373                    0.01      0.03      0.01      0.10         0.01
  H0017981                    0.14      0.17      0.14      0.36         0.16
  H0017755                    0.15      0.16      0.15      0.20         0.15
  H0017791                    0.04      0.04      0.05      0.01         0.01
  H0017357                    0.12      0.12      0.18      0.12         0.01
  H0018216                    0.17      0.20      0.17      0.23         0.19
  H0016792                    0.09      0.09      0.12      0.01         0.01
  H0019507                    0.19      0.19      0.27      0.03         0.02
  H0019998                    0.07      0.07      0.12      0.01         0.01
  H0019576                    0.06      0.06      0.07      0.08         0.05
  H0020087                    0.08      0.08      0.09      0.01         0.01
  H0020211                    0.06      0.12      0.06      0.28         0.08
  H0018982                    0.05      0.05      0.05      0.01         0.01
  H0018753                    0.18      0.18      0.27      0.01         0.01
  H0018863                    0.27      0.27      0.29      0.17         0.16
  H0018929                    0.05      0.05      0.07      0.01         0.01
  H0018440                    0.22      0.31      0.22      0.37         0.27
  H0018456                    0.13      0.14      0.13      0.16         0.13
  H0022036                    0.02      0.02      0.04      0.01         0.01
  H0021806                    0.16      0.19      0.16      0.21         0.17
  H0022111                    0.09      0.09      0.09      0.04         0.03
  H0021440                    0.06      0.06      0.09      0.01         0.01
  H0021704                    0.06      0.07      0.06      0.16         0.05
  H0020521                    0.17      0.17      0.20      0.08         0.08
  H0020755                    0.13      0.13      0.14      0.08         0.08
  H0020530                    0.03      0.15      0.03      0.19         0.14
  H0020618                    0.06      0.07      0.07      0.10         0.06
  H0021163                    0.22      0.23      0.24      0.22         0.20
  H0020497                    0.01      0.01     73.69      0.01         0.01
  H0024325                    0.09      0.09      0.12      0.01         0.01
  H0023585                    0.13      0.15      0.13      0.15         0.13
  H0024098                    0.29      0.29      0.36      0.25         0.23
  H0024235                    0.10      0.11      0.11      0.11         0.09
  H0024498                    0.13      0.27      0.13      0.33         0.22
  H0026990                    0.10      0.10      0.13      0.01         0.01
  H0041650                    0.05      0.05      0.05      0.01         0.01
  H0041011                    0.24      0.24      0.29      0.04         0.03
  H0045103                    0.05      0.05      0.05      0.01         0.01
  H0045105                    0.10      0.10      0.12      0.01         0.01
  H0045106                    0.12      0.12      0.15      0.01         0.01
  H0045107                    0.22      0.22      0.27      0.10         0.10
  H0045108                    0.27      0.27      0.31      0.20         0.20
  

  Analysis begun on:  Fri Mar 22 15:55:47 2024
  Analysis ended on:  Fri Mar 22 15:55:56 2024
  Total elapsed time: 00:00:09