
  EPA STORM WATER MANAGEMENT MODEL - VERSION 5.2 (Build 5.2.4)
  PYSWMM TOOLKIT API - VERSION v1.0 (2023-11-27)
  ------------------------------------------------------------

  Gievenbeck_e2_T30D1080 
  
  ****************
  Analysis Options
  ****************
  Flow Units ............... CMS
  Process Models:
    Rainfall/Runoff ........ YES
    RDII ................... NO
    Snowmelt ............... NO
    Groundwater ............ NO
    Flow Routing ........... YES
    Ponding Allowed ........ NO
    Water Quality .......... NO
  Infiltration Method ...... HORTON
  Flow Routing Method ...... DYNWAVE
  Surcharge Method ......... SLOT
  Starting Date ............ 01/01/2024 00:00:00
  Ending Date .............. 01/04/2024 04:00:00
  Antecedent Dry Days ...... 14.0
  Report Time Step ......... 00:01:00
  Wet Time Step ............ 00:01:00
  Dry Time Step ............ 00:01:00
  Routing Time Step ........ 1.00 sec
  Variable Time Step ....... YES
  Maximum Trials ........... 8
  Number of Threads ........ 1
  Head Tolerance ........... 0.001500 m
  
  
  **************************        Volume         Depth
  Runoff Quantity Continuity     hectare-m            mm
  **************************     ---------       -------
  Total Precipitation ......         0.753        74.410
  Evaporation Loss .........         0.010         0.949
  Infiltration Loss ........         0.333        32.917
  Surface Runoff ...........         0.411        40.609
  Final Storage ............         0.000         0.000
  Continuity Error (%) .....        -0.087
  
  
  **************************        Volume        Volume
  Flow Routing Continuity        hectare-m      10^6 ltr
  **************************     ---------     ---------
  Dry Weather Inflow .......         0.000         0.000
  Wet Weather Inflow .......         0.411         4.111
  Groundwater Inflow .......         0.000         0.000
  RDII Inflow ..............         0.000         0.000
  External Inflow ..........         0.000         0.000
  External Outflow .........         0.397         3.973
  Flooding Loss ............         0.014         0.142
  Evaporation Loss .........         0.000         0.000
  Exfiltration Loss ........         0.000         0.000
  Initial Stored Volume ....         0.000         0.000
  Final Stored Volume ......         0.000         0.000
  Continuity Error (%) .....        -0.126
  
  
  *************************
  Highest Continuity Errors
  *************************
  Node R0019206 (3.37%)
  
  
  ***************************
  Time-Step Critical Elements
  ***************************
  None
  
  
  ********************************
  Highest Flow Instability Indexes
  ********************************
  All links are stable.
  
  
  *********************************
  Most Frequent Nonconverging Nodes
  *********************************
  Convergence obtained at all time steps.
  
  
  *************************
  Routing Time Step Summary
  *************************
  Minimum Time Step           :     0.50 sec
  Average Time Step           :     1.00 sec
  Maximum Time Step           :     1.00 sec
  % of Time in Steady State   :     0.00
  Average Iterations per Step :     2.00
  % of Steps Not Converging   :     0.00
  Time Step Frequencies       :
      1.000 -  0.871 sec      :    99.98 %
      0.871 -  0.758 sec      :     0.01 %
      0.758 -  0.660 sec      :     0.01 %
      0.660 -  0.574 sec      :     0.00 %
      0.574 -  0.500 sec      :     0.01 %
  
  
  ***************************
  Subcatchment Runoff Summary
  ***************************
  
  ------------------------------------------------------------------------------------------------------------------------------
                            Total      Total      Total      Total     Imperv       Perv      Total       Total     Peak  Runoff
                           Precip      Runon       Evap      Infil     Runoff     Runoff     Runoff      Runoff   Runoff   Coeff
  Subcatchment                 mm         mm         mm         mm         mm         mm         mm    10^6 ltr      CMS
  ------------------------------------------------------------------------------------------------------------------------------
  EZG_368                   74.41       0.00       0.94      33.13      36.31       9.54      40.40        0.17     0.16   0.543
  EZG_392                   74.41       0.00       0.94      32.96      36.31       9.72      40.58        0.13     0.13   0.545
  EZG_352                   74.41       0.00       0.95      33.40      36.30       9.26      40.11        0.24     0.22   0.539
  EZG_372                   74.41       0.00       0.93      32.40      36.33      10.28      41.16        0.06     0.06   0.553
  EZG_416                   74.41       0.00       0.94      32.88      36.31       9.79      40.66        0.12     0.12   0.546
  EZG_388                   74.41       0.00       0.94      33.20      36.30       9.46      40.32        0.18     0.18   0.542
  EZG_394                   74.41       0.00       0.94      32.85      36.32       9.82      40.69        0.11     0.12   0.547
  EZG_400                   74.41       0.00       0.94      32.80      36.32       9.88      40.75        0.10     0.11   0.548
  EZG_390                   74.41       0.00       0.94      32.94      36.31       9.73      40.60        0.13     0.13   0.546
  EZG_350                   74.41       0.00       0.94      33.21      36.30       9.46      40.32        0.19     0.18   0.542
  EZG_370                   74.41       0.00       0.94      33.03      36.31       9.64      40.51        0.15     0.15   0.544
  EZG_398                   74.41       0.00       0.93      32.23      36.34      10.46      41.35        0.04     0.05   0.556
  EZG_382                   74.41       0.00       0.93      32.17      36.34      10.52      41.41        0.04     0.04   0.557
  EZG_374                   74.41       0.00       1.14      27.36      43.56       8.96      45.99        0.17     0.17   0.618
  EZG_412                   74.41       0.00       0.92      31.80      36.36      10.90      41.81        0.02     0.02   0.562
  EZG_344                   74.41       0.00       0.94      32.79      36.32       9.89      40.76        0.10     0.11   0.548
  EZG_376                   74.41       0.00       0.93      32.63      36.32      10.04      40.92        0.08     0.09   0.550
  EZG_356                   74.41       0.00       0.95      33.47      36.30       9.20      40.05        0.26     0.24   0.538
  EZG_386                   74.41       0.00       0.95      33.65      36.29       9.01      39.86        0.32     0.29   0.536
  EZG_380                   74.41       0.00       0.94      33.09      36.31       9.58      40.44        0.16     0.16   0.544
  EZG_378                   74.41       0.00       0.94      33.00      36.31       9.68      40.54        0.14     0.14   0.545
  EZG_414                   74.41       0.00       0.93      32.16      36.34      10.53      41.42        0.04     0.04   0.557
  EZG_402                   74.41       0.00       0.94      32.96      36.31       9.71      40.58        0.13     0.13   0.545
  EZG_358                   74.41       0.00       0.95      33.46      36.30       9.21      40.06        0.25     0.24   0.538
  EZG_364                   74.41       0.00       0.95      33.46      36.30       9.21      40.06        0.25     0.24   0.538
  EZG_410                   74.41       0.00       0.94      32.67      36.32      10.01      40.88        0.09     0.09   0.549
  EZG_366                   74.41       0.00       0.94      32.75      36.32       9.92      40.80        0.10     0.10   0.548
  EZG_18259                 74.41       0.00       0.94      32.75      36.32       9.93      40.80        0.10     0.10   0.548
  EZG_18258                 74.41       0.00       0.92      31.99      36.35      10.70      41.60        0.03     0.03   0.559
  EZG_346                   74.41       0.00       0.92      33.61      35.58       9.69      39.94        0.15     0.15   0.537
  EZG_348                   74.41       0.00       0.92      33.27      35.60      10.04      40.30        0.09     0.09   0.542
  
  
  ******************
  Node Depth Summary
  ******************
  
  ---------------------------------------------------------------------------------
                                 Average  Maximum  Maximum  Time of Max    Reported
                                   Depth    Depth      HGL   Occurrence   Max Depth
  Node                 Type       Meters   Meters   Meters  days hr:min      Meters
  ---------------------------------------------------------------------------------
  R0019466             JUNCTION     0.01     2.81    72.26     0  08:04        2.81
  R0019468             JUNCTION     0.01     2.73    72.04     0  08:04        2.73
  R0019831             JUNCTION     0.01     1.66    70.83     0  08:02        1.66
  R0019825             JUNCTION     0.01     1.50    70.34     0  08:01        1.50
  R0019843             JUNCTION     0.02     1.76    69.39     0  08:03        1.51
  R0019368             JUNCTION     0.03     1.80    68.59     0  08:03        1.62
  R0019369             JUNCTION     0.02     0.87    67.46     0  08:05        0.86
  R0019370             JUNCTION     0.02     0.66    66.56     0  08:05        0.66
  R0019345             JUNCTION     0.01     1.65    71.55     0  08:05        1.63
  R0019346             JUNCTION     0.01     1.56    71.36     0  08:05        1.49
  R0043600             JUNCTION     0.01     1.57    71.24     0  08:06        1.52
  R0019203             JUNCTION     0.01     1.48    71.02     0  08:06        1.48
  R0043594             JUNCTION     0.01     1.89    71.62     0  08:05        1.31
  R0021458             JUNCTION     0.01     1.84    71.49     0  08:05        1.40
  R0019202             JUNCTION     0.01     1.51    71.09     0  08:05        1.36
  R0019373             JUNCTION     0.01     2.51    72.18     0  08:05        2.49
  R0019254             JUNCTION     0.01     2.13    72.17     0  08:04        2.13
  R0019716             JUNCTION     0.02     1.55    70.56     0  08:06        1.29
  R0019946             JUNCTION     0.03     1.60    70.22     0  08:06        1.42
  R0013935             JUNCTION     0.01     1.62    70.45     0  08:03        1.62
  R0019939             JUNCTION     0.01     1.76    70.33     0  08:04        1.74
  R0019944             JUNCTION     0.02     1.28    69.56     0  08:06        1.20
  R0043703             JUNCTION     0.02     1.30    69.90     0  08:06        1.24
  R0019945             JUNCTION     0.02     1.27    69.67     0  08:05        1.22
  R0039621             JUNCTION     0.00     1.56    71.13     0  08:03        1.56
  R0019838             JUNCTION     0.01     1.80    71.26     0  08:03        1.74
  R0039606             JUNCTION     0.01     1.48    71.07     0  08:05        1.34
  R0019204             JUNCTION     0.00     0.00    69.91     0  00:00        0.00
  R0019205             JUNCTION     0.00     0.00    69.62     0  00:00        0.00
  R0019849             JUNCTION     0.01     1.54    70.06     0  08:05        1.53
  R0019371             JUNCTION     0.00     0.00    70.41     0  00:00        0.00
  R0019718             JUNCTION     0.02     1.64    71.06     0  08:05        1.58
  R0021442             JUNCTION     0.02     2.05    72.10     0  08:01        2.05
  R0019247             JUNCTION     0.01     1.68    71.56     0  08:06        1.46
  R0019719             JUNCTION     0.01     1.36    71.04     0  08:05        1.26
  R0019767             JUNCTION     0.02     0.70    65.43     0  08:05        0.70
  R0019768             JUNCTION     0.02     0.57    64.34     0  08:05        0.57
  R0021453             JUNCTION     0.01     1.65    71.60     0  08:05        1.10
  R0019839             JUNCTION     0.01     1.99    71.38     0  08:04        1.90
  R0019717             JUNCTION     0.02     1.51    70.85     0  08:06        1.20
  R0019252             JUNCTION     0.01     1.94    72.13     0  08:02        1.94
  R0019721             JUNCTION     0.01     1.67    71.54     0  08:05        1.61
  R0019942             JUNCTION     0.01     1.47    70.12     0  08:05        1.47
  R0019206             JUNCTION     0.00     0.12    69.19     0  08:05        0.09
  R0019840             JUNCTION     0.01     2.01    70.98     0  08:04        2.01
  R0043702             JUNCTION     0.01     2.20    70.90     0  08:05        2.20
  R0019723             JUNCTION     0.01     1.61    71.69     0  08:05        1.53
  R0019724             JUNCTION     0.00     1.57    71.73     0  08:05        1.44
  R0021433             JUNCTION     0.01     2.15    72.54     0  08:01        2.15
  R0021435             JUNCTION     0.01     2.11    72.29     0  08:01        2.11
  R0019769             OUTFALL      0.02     0.57    63.95     0  08:05        0.57
  
  
  *******************
  Node Inflow Summary
  *******************
  
  -------------------------------------------------------------------------------------------------
                                  Maximum  Maximum                  Lateral       Total        Flow
                                  Lateral    Total  Time of Max      Inflow      Inflow     Balance
                                   Inflow   Inflow   Occurrence      Volume      Volume       Error
  Node                 Type           CMS      CMS  days hr:min    10^6 ltr    10^6 ltr     Percent
  -------------------------------------------------------------------------------------------------
  R0019466             JUNCTION     0.164    0.164     0  08:05       0.167       0.265       0.028
  R0019468             JUNCTION     0.102    0.176     0  08:05      0.0977       0.345      -0.002
  R0019831             JUNCTION     0.133    0.133     0  08:05       0.131       0.131       0.055
  R0019825             JUNCTION     0.133    0.234     0  08:05       0.132        0.26       0.012
  R0019843             JUNCTION     0.000    2.521     0  08:03           0        3.97      -0.042
  R0019368             JUNCTION     0.000    2.478     0  08:05           0        3.97      -0.026
  R0019369             JUNCTION     0.000    2.478     0  08:05           0        3.97      -0.005
  R0019370             JUNCTION     0.000    2.506     0  08:05           0        3.97      -0.003
  R0019345             JUNCTION     0.000    0.162     0  08:02           0       0.237       0.019
  R0019346             JUNCTION     0.020    0.309     0  08:04      0.0167       0.413       0.009
  R0043600             JUNCTION     0.000    0.220     0  08:04           0       0.431      -0.068
  R0019203             JUNCTION     0.042    0.911     0  08:06      0.0366        1.12      -0.030
  R0043594             JUNCTION     0.224    0.521     0  08:05       0.237        0.35      -0.307
  R0021458             JUNCTION     0.180    0.509     0  08:05       0.185       0.534      -0.008
  R0019202             JUNCTION     0.061    0.700     0  08:05      0.0557       0.648      -0.205
  R0019373             JUNCTION     0.145    0.222     0  08:04       0.145       0.163       0.651
  R0019254             JUNCTION     0.121    0.172     0  08:02       0.118       0.238       0.020
  R0019716             JUNCTION     0.179    1.580     0  08:06       0.184        2.28      -0.012
  R0019946             JUNCTION     0.000    1.574     0  08:06           0        2.28      -0.008
  R0013935             JUNCTION     0.116    0.116     0  08:05       0.113       0.113       0.015
  R0019939             JUNCTION     0.046    0.127     0  08:03      0.0409       0.148      -0.013
  R0019944             JUNCTION     0.109    1.881     0  08:06       0.105        2.88       0.010
  R0043703             JUNCTION     0.130    1.672     0  08:06       0.128         2.4      -0.012
  R0019945             JUNCTION     0.000    1.846     0  08:06           0        2.78      -0.013
  R0039621             JUNCTION     0.000    0.198     0  08:05           0      0.0217      -1.136
  R0019838             JUNCTION     0.240    0.240     0  08:05       0.257       0.261      -0.066
  R0039606             JUNCTION     0.000    0.521     0  08:05           0       0.531       0.062
  R0019204             JUNCTION     0.000    0.000     0  00:00           0           0       0.000 ltr
  R0019205             JUNCTION     0.000    0.000     0  00:00           0           0       0.000 ltr
  R0019849             JUNCTION     0.000    0.221     0  08:03           0       0.373       0.002
  R0019371             JUNCTION     0.000    0.000     0  00:00           0           0       0.000 ltr
  R0019718             JUNCTION     0.156    0.972     0  08:06       0.157        1.27      -0.268
  R0021442             JUNCTION     0.167    0.239     0  08:05       0.174       0.371       0.004
  R0019247             JUNCTION     0.087    0.222     0  08:04      0.0816       0.432       0.087
  R0019719             JUNCTION     0.091    0.390     0  08:04      0.0859       0.498       0.367
  R0019767             JUNCTION     0.000    2.481     0  08:05           0        3.97      -0.002
  R0019768             JUNCTION     0.000    2.477     0  08:05           0        3.97       0.003
  R0021453             JUNCTION     0.107    0.476     0  08:05       0.103       0.107      -0.787
  R0019839             JUNCTION     0.237    0.408     0  08:03       0.254       0.493       0.040
  R0019717             JUNCTION     0.289    1.540     0  08:06       0.318        2.09       0.000
  R0019252             JUNCTION     0.140    0.140     0  08:05       0.139       0.139      -0.025
  R0019721             JUNCTION     0.041    0.157     0  08:04       0.036       0.159       0.043
  R0019942             JUNCTION     0.000    0.124     0  08:01           0       0.225      -0.076
  R0019206             JUNCTION     0.000    0.062     0  08:03           0     0.00134       3.493
  R0019840             JUNCTION     0.000    0.520     0  08:03           0       0.837      -0.032
  R0043702             JUNCTION     0.237    0.706     0  08:04       0.254        1.09       0.273
  R0019723             JUNCTION     0.101    0.123     0  08:04      0.0969       0.123      -0.093
  R0019724             JUNCTION     0.030    0.047     0  08:02      0.0255      0.0257      -0.267
  R0021433             JUNCTION     0.146    0.146     0  08:05       0.145       0.145      -0.068
  R0021435             JUNCTION     0.095    0.166     0  08:05      0.0896       0.221       0.013
  R0019769             OUTFALL      0.000    2.487     0  08:05           0        3.97       0.000
  
  
  **********************
  Node Surcharge Summary
  **********************
  
  Surcharging occurs when water rises above the top of the highest conduit.
  ---------------------------------------------------------------------
                                               Max. Height   Min. Depth
                                   Hours       Above Crown    Below Rim
  Node                 Type      Surcharged         Meters       Meters
  ---------------------------------------------------------------------
  R0019466             JUNCTION        0.23          2.510        0.000
  R0019468             JUNCTION        0.23          2.430        0.000
  R0019831             JUNCTION        0.16          1.360        0.000
  R0019825             JUNCTION        0.20          1.200        0.000
  R0019843             JUNCTION        0.11          0.855        1.765
  R0019368             JUNCTION        0.13          0.902        0.148
  R0019345             JUNCTION        0.15          1.355        0.395
  R0019346             JUNCTION        0.13          1.165        0.575
  R0043600             JUNCTION        0.15          1.165        1.415
  R0019203             JUNCTION        0.04          0.576        1.404
  R0043594             JUNCTION        0.02          0.960        0.860
  R0021458             JUNCTION        0.03          0.938        1.142
  R0019202             JUNCTION        0.04          0.607        1.393
  R0019373             JUNCTION        0.17          2.207        0.293
  R0019254             JUNCTION        0.17          1.830        0.000
  R0019716             JUNCTION        0.07          0.649        1.071
  R0019946             JUNCTION        0.11          0.703        0.817
  R0013935             JUNCTION        0.17          1.320        0.000
  R0019939             JUNCTION        0.23          1.455        0.165
  R0019944             JUNCTION        0.06          0.375        1.155
  R0043703             JUNCTION        0.06          0.401        0.919
  R0019945             JUNCTION        0.06          0.366        1.094
  R0039621             JUNCTION        0.07          1.060        0.000
  R0019838             JUNCTION        0.08          1.300        0.000
  R0039606             JUNCTION        0.04          0.584        1.416
  R0019849             JUNCTION        0.25          1.244        0.686
  R0019718             JUNCTION        0.06          0.736        1.264
  R0021442             JUNCTION        0.26          1.750        0.000
  R0019247             JUNCTION        0.16          1.282        0.578
  R0019719             JUNCTION        0.10          0.861        0.939
  R0021453             JUNCTION        0.01          0.753        0.747
  R0019839             JUNCTION        0.08          1.492        0.158
  R0019717             JUNCTION        0.05          0.567        1.283
  R0019252             JUNCTION        0.15          1.640        0.000
  R0019721             JUNCTION        0.12          1.273        0.287
  R0019942             JUNCTION        0.21          1.174        0.476
  R0019840             JUNCTION        0.11          1.514        1.056
  R0043702             JUNCTION        0.13          1.696        1.214
  R0019723             JUNCTION        0.09          1.211        0.109
  R0019724             JUNCTION        0.09          1.266        0.184
  R0021433             JUNCTION        0.19          1.850        0.000
  R0021435             JUNCTION        0.23          1.810        0.000
  
  
  *********************
  Node Flooding Summary
  *********************
  
  Flooding refers to all water that overflows a node, whether it ponds or not.
  --------------------------------------------------------------------------
                                                             Total   Maximum
                                 Maximum   Time of Max       Flood    Ponded
                        Hours       Rate    Occurrence      Volume     Depth
  Node                 Flooded       CMS   days hr:min    10^6 ltr    Meters
  --------------------------------------------------------------------------
  R0019466                0.01     0.025      0  08:05       0.001     0.000
  R0019468                0.01     0.015      0  08:05       0.000     0.000
  R0019831                0.05     0.033      0  08:05       0.003     0.000
  R0019825                0.10     0.164      0  08:05       0.035     0.000
  R0019254                0.01     0.003      0  08:05       0.000     0.000
  R0013935                0.05     0.059      0  08:05       0.006     0.000
  R0039621                0.04     0.198      0  08:05       0.018     0.000
  R0019838                0.01     0.034      0  08:03       0.000     0.000
  R0021442                0.09     0.111      0  08:05       0.021     0.000
  R0019252                0.08     0.130      0  08:05       0.020     0.000
  R0021433                0.09     0.074      0  08:05       0.014     0.000
  R0021435                0.11     0.094      0  08:05       0.025     0.000
  
  
  ***********************
  Outfall Loading Summary
  ***********************
  
  -----------------------------------------------------------
                         Flow       Avg       Max       Total
                         Freq      Flow      Flow      Volume
  Outfall Node           Pcnt       CMS       CMS    10^6 ltr
  -----------------------------------------------------------
  R0019769              25.90     0.057     2.487       3.973
  -----------------------------------------------------------
  System                25.90     0.057     2.487       3.973
  
  
  ********************
  Link Flow Summary
  ********************
  
  -----------------------------------------------------------------------------
                                 Maximum  Time of Max   Maximum    Max/    Max/
                                  |Flow|   Occurrence   |Veloc|    Full    Full
  Link                 Type          CMS  days hr:min     m/sec    Flow   Depth
  -----------------------------------------------------------------------------
  H0014431             CONDUIT     0.086     0  08:02      1.22    1.59    1.00
  H0014433             CONDUIT     0.100     0  08:05      1.42    1.28    1.00
  H0014352             CONDUIT     2.478     0  08:05      3.89    1.02    1.00
  H0014373             CONDUIT     2.506     0  08:05      4.38    1.16    0.85
  H0017981             CONDUIT     0.162     0  08:02      2.29    4.59    1.00
  H0017755             CONDUIT     0.223     0  08:05      1.78    1.81    1.00
  H0017791             CONDUIT     0.387     0  08:05      0.72    0.56    1.00
  H0017357             CONDUIT     0.212     0  08:04      3.00    3.39    1.00
  H0018216             CONDUIT     0.162     0  08:02      2.29    2.94    1.00
  H0016792             CONDUIT     1.574     0  08:06      2.47    0.90    1.00
  H0019507             CONDUIT     0.087     0  08:03      1.23    1.21    1.00
  H0019998             CONDUIT     1.868     0  08:03      3.47    0.75    1.00
  H0019576             CONDUIT     1.674     0  08:06      2.64    1.13    1.00
  H0020087             CONDUIT     0.198     0  08:05      1.01    0.87    1.00
  H0020211             CONDUIT     1.593     0  08:06      2.50    3.97    1.00
  H0018982             CONDUIT     0.521     0  08:05      0.90    0.84    1.00
  H0018753             CONDUIT     0.081     0  08:04      1.14    1.15    1.00
  H0018845             CONDUIT     0.000     0  00:00      0.00    0.00    0.00
  H0018863             CONDUIT     0.123     0  08:03      1.74    2.89    1.00
  H0019156             CONDUIT     0.000     0  00:00      0.00    0.00    0.00
  H0018929             CONDUIT     0.873     0  08:06      1.45    0.76    1.00
  H0018440             CONDUIT     0.159     0  08:01      2.25    2.84    1.00
  H0018456             CONDUIT     0.305     0  08:04      2.43    1.85    1.00
  H0018968             CONDUIT     2.477     0  08:05      5.16    0.95    0.71
  H0022036             CONDUIT     0.391     0  08:05      0.62    0.30    1.00
  H0021806             CONDUIT     0.220     0  08:04      1.75    1.95    1.00
  H0022111             CONDUIT     0.195     0  08:03      0.99    1.39    1.00
  H0021440             CONDUIT     1.463     0  08:06      2.51    0.94    1.00
  H0021704             CONDUIT     0.996     0  08:06      1.70    1.90    1.00
  H0020521             CONDUIT     0.082     0  08:02      1.16    1.66    1.00
  H0020755             CONDUIT     0.159     0  08:05      1.27    1.75    1.00
  H0020530             CONDUIT     2.478     0  08:05      3.89    2.12    1.00
  H0020618             CONDUIT     1.818     0  08:06      3.35    1.13    1.00
  H0021163             CONDUIT     0.124     0  08:01      1.75    2.07    1.00
  H0020497             CONDUIT     0.062     0  08:03      0.87    0.14    1.00
  H0024325             CONDUIT     0.369     0  08:03      1.88    1.10    1.00
  H0023585             CONDUIT     0.697     0  08:04      3.55    1.60    1.00
  H0024098             CONDUIT     0.217     0  08:03      3.08    2.54    1.00
  H0024235             CONDUIT     0.385     0  08:04      1.96    1.58    1.00
  H0024282             CONDUIT     0.000     0  00:00      0.00    0.00    0.20
  H0024308             CONDUIT     2.487     0  08:05      5.85    0.73    0.63
  H0024498             CONDUIT     0.169     0  08:05      2.39    2.62    1.00
  H0026990             CONDUIT     0.118     0  08:04      0.94    0.89    1.00
  H0041650             CONDUIT     0.713     0  08:05      1.12    0.83    1.00
  H0041011             CONDUIT     0.116     0  08:02      1.64    1.15    1.00
  H0045103             CONDUIT     0.501     0  08:08      1.03    0.63    1.00
  H0045104             CONDUIT     2.481     0  08:05      4.82    0.88    0.76
  H0045105             CONDUIT     0.034     0  08:05      0.48    0.59    1.00
  H0045106             CONDUIT     0.487     0  08:04      2.48    0.66    1.00
  H0045107             CONDUIT     0.072     0  08:06      1.01    1.18    1.00
  H0045108             CONDUIT     0.088     0  08:08      1.25    1.59    1.00
  
  
  ***************************
  Flow Classification Summary
  ***************************
  
  -------------------------------------------------------------------------------------
                      Adjusted    ---------- Fraction of Time in Flow Class ---------- 
                       /Actual         Up    Down  Sub   Sup   Up    Down  Norm  Inlet 
  Conduit               Length    Dry  Dry   Dry   Crit  Crit  Crit  Crit  Ltd   Ctrl  
  -------------------------------------------------------------------------------------
  H0014431                1.00   0.04  0.00  0.00  0.96  0.00  0.00  0.00  0.96  0.00
  H0014433                1.00   0.04  0.00  0.00  0.96  0.00  0.00  0.00  0.96  0.00
  H0014352                1.00   0.04  0.00  0.00  0.73  0.24  0.00  0.00  0.96  0.00
  H0014373                1.00   0.04  0.00  0.00  0.71  0.25  0.00  0.00  0.70  0.00
  H0017981                1.00   0.04  0.00  0.00  0.00  0.00  0.00  0.96  0.00  0.00
  H0017755                1.00   0.04  0.00  0.00  0.00  0.00  0.00  0.96  0.00  0.00
  H0017791                1.00   0.04  0.00  0.00  0.96  0.00  0.00  0.00  0.96  0.00
  H0017357                1.00   0.04  0.96  0.00  0.00  0.00  0.00  0.00  0.89  0.00
  H0018216                1.00   0.04  0.70  0.00  0.26  0.00  0.00  0.00  0.96  0.00
  H0016792                1.00   0.04  0.70  0.00  0.27  0.00  0.00  0.00  0.96  0.00
  H0019507                1.00   0.04  0.00  0.00  0.96  0.00  0.00  0.00  0.96  0.00
  H0019998                1.00   0.04  0.00  0.00  0.71  0.25  0.00  0.00  0.27  0.00
  H0019576                1.00   0.04  0.00  0.00  0.74  0.23  0.00  0.00  0.25  0.00
  H0020087                1.00   0.04  0.95  0.00  0.02  0.00  0.00  0.00  0.89  0.00
  H0020211                1.00   0.04  0.00  0.00  0.96  0.00  0.00  0.00  0.69  0.00
  H0018982                1.00   0.04  0.00  0.00  0.96  0.00  0.00  0.00  0.72  0.00
  H0018753                1.00   0.04  0.00  0.00  0.96  0.00  0.00  0.00  0.96  0.00
  H0018845                1.00   1.00  0.00  0.00  0.00  0.00  0.00  0.00  0.00  0.00
  H0018863                1.00   0.04  0.00  0.00  0.96  0.00  0.00  0.00  0.24  0.00
  H0019156                1.00   1.00  0.00  0.00  0.00  0.00  0.00  0.00  0.00  0.00
  H0018929                1.00   0.04  0.70  0.00  0.26  0.00  0.00  0.00  0.96  0.00
  H0018440                1.00   0.04  0.00  0.00  0.96  0.00  0.00  0.00  0.95  0.00
  H0018456                1.00   0.04  0.00  0.00  0.96  0.00  0.00  0.00  0.95  0.00
  H0018968                1.00   0.04  0.00  0.00  0.71  0.26  0.00  0.00  0.71  0.00
  H0022036                1.00   0.04  0.00  0.00  0.06  0.05  0.00  0.86  0.04  0.00
  H0021806                1.00   0.04  0.70  0.00  0.26  0.00  0.00  0.00  0.74  0.00
  H0022111                1.00   0.04  0.00  0.00  0.96  0.00  0.00  0.00  0.00  0.00
  H0021440                1.00   0.04  0.00  0.00  0.73  0.23  0.00  0.00  0.02  0.00
  H0021704                1.00   0.04  0.00  0.00  0.00  0.00  0.00  0.96  0.00  0.00
  H0020521                1.00   0.04  0.00  0.00  0.96  0.00  0.00  0.00  0.96  0.00
  H0020755                1.00   0.04  0.71  0.00  0.25  0.00  0.00  0.00  0.96  0.00
  H0020530                1.00   0.04  0.00  0.00  0.73  0.23  0.00  0.00  0.02  0.00
  H0020618                1.00   0.04  0.00  0.00  0.72  0.24  0.00  0.00  0.73  0.00
  H0021163                1.00   0.04  0.00  0.00  0.94  0.02  0.00  0.00  0.72  0.00
  H0020497                1.20   0.04  0.96  0.00  0.00  0.00  0.00  0.00  0.89  0.00
  H0024325                1.00   0.04  0.00  0.00  0.73  0.23  0.00  0.00  0.72  0.00
  H0023585                1.00   0.04  0.00  0.00  0.00  0.00  0.00  0.96  0.00  0.00
  H0024098                1.00   0.04  0.71  0.00  0.26  0.00  0.00  0.00  0.96  0.00
  H0024235                1.00   0.04  0.00  0.00  0.00  0.00  0.00  0.96  0.00  0.00
  H0024282                1.00   1.00  0.00  0.00  0.00  0.00  0.00  0.00  0.00  0.00
  H0024308                1.00   0.04  0.00  0.00  0.69  0.27  0.00  0.00  0.14  0.00
  H0024498                1.00   0.04  0.00  0.00  0.00  0.00  0.00  0.96  0.00  0.00
  H0026990                1.00   0.04  0.00  0.00  0.96  0.00  0.00  0.00  0.96  0.00
  H0041650                1.00   0.74  0.01  0.00  0.25  0.00  0.00  0.00  0.95  0.00
  H0041011                1.00   0.04  0.00  0.00  0.96  0.00  0.00  0.00  0.96  0.00
  H0045103                1.00   0.04  0.00  0.00  0.96  0.00  0.00  0.00  0.73  0.00
  H0045104                1.00   0.04  0.00  0.00  0.71  0.26  0.00  0.00  0.26  0.00
  H0045105                1.00   0.04  0.00  0.00  0.96  0.00  0.00  0.00  0.96  0.00
  H0045106                1.00   0.04  0.70  0.00  0.02  0.24  0.00  0.00  0.96  0.00
  H0045107                1.00   0.04  0.00  0.00  0.96  0.00  0.00  0.00  0.96  0.00
  H0045108                1.00   0.04  0.00  0.00  0.96  0.00  0.00  0.00  0.96  0.00
  
  
  *************************
  Conduit Surcharge Summary
  *************************
  
  ----------------------------------------------------------------------------
                                                           Hours        Hours 
                         --------- Hours Full --------   Above Full   Capacity
  Conduit                Both Ends  Upstream  Dnstream   Normal Flow   Limited
  ----------------------------------------------------------------------------
  H0014431                    0.23      0.23      0.23      0.26         0.22
  H0014433                    0.16      0.16      0.20      0.07         0.07
  H0014352                    0.11      0.11      0.13      0.02         0.01
  H0014373                    0.01      0.01      0.01      0.09         0.01
  H0017981                    0.13      0.15      0.13      0.29         0.14
  H0017755                    0.14      0.15      0.14      0.17         0.14
  H0017791                    0.02      0.03      0.03      0.01         0.01
  H0017357                    0.11      0.11      0.17      0.11         0.01
  H0018216                    0.15      0.17      0.15      0.20         0.16
  H0016792                    0.07      0.07      0.11      0.01         0.01
  H0019507                    0.17      0.17      0.23      0.04         0.03
  H0019998                    0.06      0.06      0.11      0.01         0.01
  H0019576                    0.06      0.06      0.06      0.07         0.03
  H0020087                    0.07      0.07      0.08      0.01         0.01
  H0020211                    0.06      0.11      0.06      0.24         0.07
  H0018982                    0.03      0.03      0.04      0.01         0.01
  H0018753                    0.17      0.17      0.23      0.01         0.01
  H0018863                    0.23      0.23      0.25      0.15         0.15
  H0018929                    0.04      0.04      0.06      0.01         0.01
  H0018440                    0.19      0.26      0.19      0.30         0.24
  H0018456                    0.12      0.13      0.12      0.14         0.12
  H0022036                    0.01      0.01      0.02      0.01         0.01
  H0021806                    0.15      0.16      0.15      0.18         0.15
  H0022111                    0.08      0.08      0.08      0.04         0.03
  H0021440                    0.05      0.05      0.07      0.01         0.01
  H0021704                    0.05      0.06      0.05      0.15         0.04
  H0020521                    0.15      0.15      0.17      0.08         0.08
  H0020755                    0.12      0.12      0.13      0.07         0.07
  H0020530                    0.01      0.13      0.01      0.17         0.12
  H0020618                    0.06      0.06      0.06      0.08         0.05
  H0021163                    0.19      0.20      0.21      0.18         0.17
  H0020497                    0.01      0.01     67.94      0.01         0.01
  H0024325                    0.08      0.08      0.11      0.01         0.01
  H0023585                    0.11      0.13      0.11      0.13         0.11
  H0024098                    0.25      0.25      0.30      0.20         0.19
  H0024235                    0.09      0.10      0.10      0.10         0.08
  H0024498                    0.11      0.23      0.11      0.28         0.19
  H0026990                    0.09      0.09      0.12      0.01         0.01
  H0041650                    0.04      0.04      0.04      0.01         0.01
  H0041011                    0.21      0.21      0.25      0.04         0.03
  H0045103                    0.04      0.04      0.04      0.01         0.01
  H0045105                    0.09      0.09      0.11      0.01         0.01
  H0045106                    0.11      0.11      0.13      0.01         0.01
  H0045107                    0.19      0.19      0.23      0.10         0.09
  H0045108                    0.23      0.23      0.26      0.18         0.18
  

  Analysis begun on:  Fri Mar 22 15:55:56 2024
  Analysis ended on:  Fri Mar 22 15:56:09 2024
  Total elapsed time: 00:00:13